<?xml version="1.0" encoding="UTF-8"?>
<testsuites name="Data Group - view" time="65.003" tests="1" failures="0" errors="0">
   <testsuite name="Data Group - view" tests="1" failures="0" errors="0" time="65.003" skipped="0" timestamp="2023-08-21 16:35:19" hostname="NEXSOFT - 10.10.18.38" id="Test Suites/Master Data/Data Group/Data Group - view">
      <properties>
         <property name="deviceName" value=""/>
         <property name="devicePlatform" value=""/>
         <property name="logFolder" value="C:\\Users\\NEXSOFT\\Documents\\Nexsoft\\Katalon\\Katalon_nexcare\\Reports\\20230821_163513\\Master Data\\Data Group\\Data Group - view\\20230821_163513"/>
         <property name="logFiles" value="C:\\Users\\NEXSOFT\\Documents\\Nexsoft\\Katalon\\Katalon_nexcare\\Reports\\20230821_163513\\Master Data\\Data Group\\Data Group - view\\20230821_163513\\execution0.log"/>
         <property name="attachments" value=""/>
         <property name="hostName" value="NEXSOFT - 10.10.18.38"/>
         <property name="os" value="Windows 11 64bit"/>
         <property name="katalonVersion" value="8.6.6.208"/>
         <property name="browser" value="Chrome 115.0.0.0"/>
         <property name="hostAddress" value="10.10.18.38"/>
         <property name="sessionId" value="5de3bdafdc9fdb9e804077954a1828e1"/>
         <property name="seleniumVersion" value="3.141.59"/>
         <property name="proxyInformation" value="ProxyInformation { proxyOption=NO_PROXY, proxyServerType=HTTP, username=, password=********, proxyServerAddress=, proxyServerPort=0, executionList=&quot;&quot;, isApplyToDesiredCapabilities=true }"/>
         <property name="platform" value="Windows 11"/>
      </properties>
      <testcase name="Test Cases/Master Data/Data Group/Data Group - View" time="61.076" classname="Test Cases/Master Data/Data Group/Data Group - View" status="PASSED">
         <system-out><![CDATA[2023-08-21 16:35:23 - [TEST_CASE][PASSED] - Test Cases/Master Data/Data Group/Data Group - View: Test Cases/Master Data/Data Group/Data Group - View

2023-08-21 16:35:23 - [TEST_STEP][PASSED] - Start listener action : beforeTestCase: null

2023-08-21 16:35:23 - [TEST_STEP][PASSED] - if (!(isSkipTestListener)): null

2023-08-21 16:35:23 - [TEST_STEP][PASSED] - if (!(isSkipReport)): null

2023-08-21 16:35:23 - [TEST_STEP][PASSED] - startTimeTC = simpleDateFormat.format(new java.util.Date()): null

2023-08-21 16:35:23 - [TEST_STEP][PASSED] - currentTestCaseId = testCaseContext.getTestCaseId(): null

2023-08-21 16:35:24 - [TEST_STEP][PASSED] - handleWebDriver = new care.katalon.HandleWebDriver(): null

2023-08-21 16:35:24 - [TEST_STEP][PASSED] - handleWebDriver.startAndOpenWebBrowser(baseUrl): Wait for page load successfully

2023-08-21 16:35:24 - [MESSAGE][INFO] - URL ENV = https://staging-care.nexcloud.id/

2023-08-21 16:35:24 - [MESSAGE][INFO] - Starting 'Chrome' driver

2023-08-21 16:35:24 - [MESSAGE][INFO] - Action delay is set to 0 milliseconds

2023-08-21 16:35:26 - [MESSAGE][PASSED] - Browser is opened with url: ''

2023-08-21 16:35:26 - [MESSAGE][PASSED] - Wait for page load successfully

2023-08-21 16:35:27 - [MESSAGE][PASSED] - Current window maximized

2023-08-21 16:35:31 - [MESSAGE][PASSED] - Navigate to 'https://staging-care.nexcloud.id/' successfully

2023-08-21 16:35:31 - [MESSAGE][PASSED] - Wait for page load successfully

2023-08-21 16:35:31 - [TEST_STEP][PASSED] - generalAction = new care.katalon.GeneralAction(): null

2023-08-21 16:35:31 - [TEST_STEP][PASSED] - handleTestData = new care.katalon.HandleTestData(): null

2023-08-21 16:35:31 - [TEST_STEP][PASSED] - dataGroup = new masterdata.care.DataGroup(): null

2023-08-21 16:35:31 - [TEST_STEP][PASSED] - generalAction.login(""): Wait for page load successfully

2023-08-21 16:35:32 - [MESSAGE][PASSED] - Object 'Object Repository/Login/username' is clickable

2023-08-21 16:35:32 - [MESSAGE][INFO] - Click Element = Object Repository/Login/username

2023-08-21 16:35:32 - [MESSAGE][PASSED] - Object: 'Object Repository/Login/username' is clicked on

2023-08-21 16:35:33 - [MESSAGE][PASSED] - Attribute 'value' of object 'Object Repository/Login/username' is: ''

2023-08-21 16:35:33 - [MESSAGE][PASSED] - Text 'admin' is set on object 'Object Repository/Login/username'

2023-08-21 16:35:34 - [MESSAGE][PASSED] - Object 'Object Repository/Login/password' is clickable

2023-08-21 16:35:34 - [MESSAGE][INFO] - Click Element = Object Repository/Login/password

2023-08-21 16:35:34 - [MESSAGE][PASSED] - Object: 'Object Repository/Login/password' is clicked on

2023-08-21 16:35:35 - [MESSAGE][PASSED] - Attribute 'value' of object 'Object Repository/Login/password' is: ''

2023-08-21 16:35:35 - [MESSAGE][PASSED] - Text 'Auth_server_2020' is set on object 'Object Repository/Login/password'

2023-08-21 16:35:36 - [MESSAGE][PASSED] - Object 'Object Repository/Login/masuk' is clickable

2023-08-21 16:35:36 - [MESSAGE][INFO] - Click Element = Object Repository/Login/masuk

2023-08-21 16:35:36 - [MESSAGE][PASSED] - Object: 'Object Repository/Login/masuk' is clicked on

2023-08-21 16:35:37 - [MESSAGE][PASSED] - Object 'Object Repository/Login/button_Tidak' is present

2023-08-21 16:35:37 - [MESSAGE][PASSED] - Object 'Object Repository/Login/button_Tidak' is clickable

2023-08-21 16:35:37 - [MESSAGE][INFO] - Click Element = Object Repository/Login/button_Tidak

2023-08-21 16:35:38 - [MESSAGE][PASSED] - Object: 'Object Repository/Login/button_Tidak' is clicked on

2023-08-21 16:35:38 - [MESSAGE][PASSED] - Wait for page load successfully

2023-08-21 16:35:38 - [TEST_STEP][PASSED] - dataGroup.menuDataGroup(): Object: 'Object Repository/Home Page(General)/btnDataGroup' is clicked on

2023-08-21 16:35:41 - [MESSAGE][PASSED] - Object 'Object Repository/Sidebar/Sidebar Master Data' is clickable

2023-08-21 16:35:41 - [MESSAGE][INFO] - Click Element = Object Repository/Sidebar/Sidebar Master Data

2023-08-21 16:35:42 - [MESSAGE][PASSED] - Object: 'Object Repository/Sidebar/Sidebar Master Data' is clicked on

2023-08-21 16:35:42 - [MESSAGE][PASSED] - Object 'Object Repository/Home Page(General)/btnDataGroup' is clickable

2023-08-21 16:35:42 - [MESSAGE][INFO] - Click Element = Object Repository/Home Page(General)/btnDataGroup

2023-08-21 16:35:43 - [MESSAGE][PASSED] - Object: 'Object Repository/Home Page(General)/btnDataGroup' is clicked on

2023-08-21 16:35:43 - [TEST_STEP][PASSED] - excelLocation = "Master Data\Data Group\dataGroup - view.xlsx": null

2023-08-21 16:35:43 - [TEST_STEP][PASSED] - sheetNameDataGroup = "DataGroup-view": null

2023-08-21 16:35:43 - [TEST_STEP][PASSED] - listHashMapDataGroup = handleTestData.readTestData(excelLocation, sheetNameDataGroup, true): listHashMap di Method readTestData class care.katalon.HandleTestData : [[TD:TDG220601, Action:Add, groupID:katalonlima, principalName:PVMI, deskripsi:Edit Data Group Oleh Katalon 01., category:POSITIVE, customerName:Pt Papa Samsu Sampit], [TD:TDG220602, Action:Add, groupID:katalonenam, principalName:All, deskripsi:Edit Data Group Oleh Katalon 02., category:POSITIVE, customerName:All], [TD:TDG220603, Action:Add, groupID:katalontujuh, principalName:ASW,Ina Food, deskripsi:Edit Data Group Oleh Katalon 03., category:POSITIVE, customerName:Pt Rukun Mitra Sejati Blitar,Pt Rukun Mitra Sejati Yogyakarta], [TD:TDG220604, Action:Add, groupID:katalondelapan, principalName:All, deskripsi:Edit Data Group Oleh Katalon 04., category:POSITIVE, customerName:Pt Rukun Mitra Sejati Yogyakarta]]

2023-08-21 16:35:44 - [MESSAGE][INFO] - listHashMap di Method readTestData class care.katalon.HandleTestData : [[TD:TDG220601, Action:Add, groupID:katalonlima, principalName:PVMI, deskripsi:Edit Data Group Oleh Katalon 01., category:POSITIVE, customerName:Pt Papa Samsu Sampit], [TD:TDG220602, Action:Add, groupID:katalonenam, principalName:All, deskripsi:Edit Data Group Oleh Katalon 02., category:POSITIVE, customerName:All], [TD:TDG220603, Action:Add, groupID:katalontujuh, principalName:ASW,Ina Food, deskripsi:Edit Data Group Oleh Katalon 03., category:POSITIVE, customerName:Pt Rukun Mitra Sejati Blitar,Pt Rukun Mitra Sejati Yogyakarta], [TD:TDG220604, Action:Add, groupID:katalondelapan, principalName:All, deskripsi:Edit Data Group Oleh Katalon 04., category:POSITIVE, customerName:Pt Rukun Mitra Sejati Yogyakarta]]

2023-08-21 16:35:44 - [TEST_STEP][PASSED] - for ([i = 0, i < listHashMapDataGroup.size(), (i++)]): Delayed 2 second(s)

2023-08-21 16:35:44 - [TEST_STEP][PASSED] - try: Delayed 2 second(s)

2023-08-21 16:35:44 - [TEST_STEP][PASSED] - getHashMapDataGroup = listHashMapDataGroup.get(i): null

2023-08-21 16:35:44 - [TEST_STEP][PASSED] - groupID = getHashMapDataGroup.get("groupID"): null

2023-08-21 16:35:44 - [TEST_STEP][PASSED] - dataGroup.viewDetail(groupID): Object: 'Object Repository/Master Data/Data Group/TambahEditDetail/pathdetailDataGroup' is clicked on

2023-08-21 16:35:44 - [MESSAGE][PASSED] - Wait for page load successfully

2023-08-21 16:35:45 - [MESSAGE][PASSED] - Object 'Object Repository/Master Data/Data Group/TambahEditDetail/SearchDataGroup' is clickable

2023-08-21 16:35:45 - [MESSAGE][INFO] - Click Element = Object Repository/Master Data/Data Group/TambahEditDetail/SearchDataGroup

2023-08-21 16:35:45 - [MESSAGE][PASSED] - Object: 'Object Repository/Master Data/Data Group/TambahEditDetail/SearchDataGroup' is clicked on

2023-08-21 16:35:45 - [MESSAGE][PASSED] - Attribute 'value' of object 'Object Repository/Master Data/Data Group/TambahEditDetail/SearchDataGroup' is: ''

2023-08-21 16:35:46 - [MESSAGE][PASSED] - Text 'katalonlima' is set on object 'Object Repository/Master Data/Data Group/TambahEditDetail/SearchDataGroup'

2023-08-21 16:35:47 - [MESSAGE][PASSED] - Keys 'ENTER + ' sent to object: 'Object Repository/Master Data/Data Group/TambahEditDetail/SearchDataGroup'

2023-08-21 16:35:47 - [MESSAGE][PASSED] - Object 'Object Repository/Master Data/Data Group/TambahEditDetail/pathdetailDataGroup' is clickable

2023-08-21 16:35:47 - [MESSAGE][INFO] - Click Element = Object Repository/Master Data/Data Group/TambahEditDetail/pathdetailDataGroup

2023-08-21 16:35:48 - [MESSAGE][PASSED] - Object: 'Object Repository/Master Data/Data Group/TambahEditDetail/pathdetailDataGroup' is clicked on

2023-08-21 16:35:48 - [TEST_STEP][PASSED] - dataGroup.verifyDataGroup(getHashMapDataGroup): Actual text 'PVMI' and expected text 'PVMI' are matched 

2023-08-21 16:35:48 - [MESSAGE][INFO] - Grup ID : katalonlima

2023-08-21 16:35:48 - [MESSAGE][INFO] - Deskripsi : Edit Data Group Oleh Katalon 01.

2023-08-21 16:35:48 - [MESSAGE][INFO] - Customer Name : Pt Papa Samsu Sampit

2023-08-21 16:35:48 - [MESSAGE][INFO] - Principal Name : PVMI

2023-08-21 16:35:48 - [MESSAGE][PASSED] - Wait for page load successfully

2023-08-21 16:35:48 - [MESSAGE][PASSED] - Attribute 'value' of object 'Object Repository/Master Data/Data Group/TambahEditDetail/VerifyDataGroupID' is: 'katalonlima'

2023-08-21 16:35:48 - [MESSAGE][PASSED] - Actual text 'katalonlima' and expected text 'katalonlima' are matched 

2023-08-21 16:35:49 - [MESSAGE][PASSED] - Text of object 'Object Repository/Master Data/Data Group/TambahEditDetail/VerifyDeskripsi' is: 'Edit Data Group Oleh Katalon 01.'

2023-08-21 16:35:49 - [MESSAGE][PASSED] - Actual text 'Edit Data Group Oleh Katalon 01.' and expected text 'Edit Data Group Oleh Katalon 01.' are matched 

2023-08-21 16:35:49 - [MESSAGE][PASSED] - Object 'Object Repository/Master Data/Data Group/TambahEditDetail/DataScopeView' is clickable

2023-08-21 16:35:49 - [MESSAGE][PASSED] - Object 'Object Repository/Master Data/Data Group/TambahEditDetail/DataScopeView' is clickable

2023-08-21 16:35:49 - [MESSAGE][INFO] - Click Element = Object Repository/Master Data/Data Group/TambahEditDetail/DataScopeView

2023-08-21 16:35:50 - [MESSAGE][PASSED] - Object: 'Object Repository/Master Data/Data Group/TambahEditDetail/DataScopeView' is clicked on

2023-08-21 16:35:51 - [MESSAGE][PASSED] - Text of object 'Object Repository/Master Data/Data Group/TambahEditDetail/VerifyNamaPelanggan' is: 'Pt Papa Samsu Sampit'

2023-08-21 16:35:51 - [MESSAGE][INFO] - NAMA DISTRIBUTOR = Pt Papa Samsu Sampit

2023-08-21 16:35:51 - [MESSAGE][PASSED] - Actual text 'Pt Papa Samsu Sampit' and expected text 'Pt Papa Samsu Sampit' are matched 

2023-08-21 16:35:51 - [MESSAGE][PASSED] - Text of object 'Object Repository/Master Data/Data Group/TambahEditDetail/VerifyNamaPrincipal' is: 'PVMI'

2023-08-21 16:35:51 - [MESSAGE][INFO] - NAMA PRINCIPAL = PVMI

2023-08-21 16:35:51 - [MESSAGE][PASSED] - Actual text 'PVMI' and expected text 'PVMI' are matched 

2023-08-21 16:35:51 - [TEST_STEP][PASSED] - dataGroup.closeViewDetail(): Delayed 2 second(s)

2023-08-21 16:35:52 - [MESSAGE][PASSED] - Object 'Object Repository/Master Data/Data Group/TambahEditDetail/Tutup' is clickable

2023-08-21 16:35:52 - [MESSAGE][INFO] - Click Element = Object Repository/Master Data/Data Group/TambahEditDetail/Tutup

2023-08-21 16:35:52 - [MESSAGE][PASSED] - Object: 'Object Repository/Master Data/Data Group/TambahEditDetail/Tutup' is clicked on

2023-08-21 16:35:54 - [MESSAGE][PASSED] - Delayed 2 second(s)

2023-08-21 16:35:54 - [TEST_STEP][PASSED] - try: Delayed 2 second(s)

2023-08-21 16:35:54 - [TEST_STEP][PASSED] - getHashMapDataGroup = listHashMapDataGroup.get(i): null

2023-08-21 16:35:54 - [TEST_STEP][PASSED] - groupID = getHashMapDataGroup.get("groupID"): null

2023-08-21 16:35:54 - [TEST_STEP][PASSED] - dataGroup.viewDetail(groupID): Object: 'Object Repository/Master Data/Data Group/TambahEditDetail/pathdetailDataGroup' is clicked on

2023-08-21 16:35:54 - [MESSAGE][PASSED] - Wait for page load successfully

2023-08-21 16:35:54 - [MESSAGE][PASSED] - Object 'Object Repository/Master Data/Data Group/TambahEditDetail/SearchDataGroup' is clickable

2023-08-21 16:35:54 - [MESSAGE][INFO] - Click Element = Object Repository/Master Data/Data Group/TambahEditDetail/SearchDataGroup

2023-08-21 16:35:55 - [MESSAGE][PASSED] - Object: 'Object Repository/Master Data/Data Group/TambahEditDetail/SearchDataGroup' is clicked on

2023-08-21 16:35:55 - [MESSAGE][PASSED] - Attribute 'value' of object 'Object Repository/Master Data/Data Group/TambahEditDetail/SearchDataGroup' is: ''

2023-08-21 16:35:56 - [MESSAGE][PASSED] - Text 'katalonenam' is set on object 'Object Repository/Master Data/Data Group/TambahEditDetail/SearchDataGroup'

2023-08-21 16:35:57 - [MESSAGE][PASSED] - Keys 'ENTER + ' sent to object: 'Object Repository/Master Data/Data Group/TambahEditDetail/SearchDataGroup'

2023-08-21 16:35:57 - [MESSAGE][PASSED] - Object 'Object Repository/Master Data/Data Group/TambahEditDetail/pathdetailDataGroup' is clickable

2023-08-21 16:35:57 - [MESSAGE][INFO] - Click Element = Object Repository/Master Data/Data Group/TambahEditDetail/pathdetailDataGroup

2023-08-21 16:35:58 - [MESSAGE][PASSED] - Object: 'Object Repository/Master Data/Data Group/TambahEditDetail/pathdetailDataGroup' is clicked on

2023-08-21 16:35:58 - [TEST_STEP][PASSED] - dataGroup.verifyDataGroup(getHashMapDataGroup): ELEMENT CHECKED = true

2023-08-21 16:35:58 - [MESSAGE][INFO] - Grup ID : katalonenam

2023-08-21 16:35:58 - [MESSAGE][INFO] - Deskripsi : Edit Data Group Oleh Katalon 02.

2023-08-21 16:35:58 - [MESSAGE][INFO] - Customer Name : All

2023-08-21 16:35:58 - [MESSAGE][INFO] - Principal Name : All

2023-08-21 16:35:58 - [MESSAGE][PASSED] - Wait for page load successfully

2023-08-21 16:35:58 - [MESSAGE][PASSED] - Attribute 'value' of object 'Object Repository/Master Data/Data Group/TambahEditDetail/VerifyDataGroupID' is: 'katalonenam'

2023-08-21 16:35:58 - [MESSAGE][PASSED] - Actual text 'katalonenam' and expected text 'katalonenam' are matched 

2023-08-21 16:35:59 - [MESSAGE][PASSED] - Text of object 'Object Repository/Master Data/Data Group/TambahEditDetail/VerifyDeskripsi' is: 'Edit Data Group Oleh Katalon 02.'

2023-08-21 16:35:59 - [MESSAGE][PASSED] - Actual text 'Edit Data Group Oleh Katalon 02.' and expected text 'Edit Data Group Oleh Katalon 02.' are matched 

2023-08-21 16:35:59 - [MESSAGE][PASSED] - Object 'Object Repository/Master Data/Data Group/TambahEditDetail/DataScopeView' is clickable

2023-08-21 16:35:59 - [MESSAGE][PASSED] - Object 'Object Repository/Master Data/Data Group/TambahEditDetail/DataScopeView' is clickable

2023-08-21 16:35:59 - [MESSAGE][INFO] - Click Element = Object Repository/Master Data/Data Group/TambahEditDetail/DataScopeView

2023-08-21 16:36:00 - [MESSAGE][PASSED] - Object: 'Object Repository/Master Data/Data Group/TambahEditDetail/DataScopeView' is clicked on

2023-08-21 16:36:01 - [MESSAGE][PASSED] - Object 'Object Repository/Master Data/Data Group/TambahEditDetail/TerapkanDiSemuaNamaPelanggan' is checked

2023-08-21 16:36:01 - [MESSAGE][INFO] - ELEMENT CHECKED = true

2023-08-21 16:36:01 - [MESSAGE][PASSED] - Object 'Object Repository/Master Data/Data Group/TambahEditDetail/TerapkanDiSemuaNamaPrincipal' is checked

2023-08-21 16:36:01 - [MESSAGE][INFO] - ELEMENT CHECKED = true

2023-08-21 16:36:01 - [TEST_STEP][PASSED] - dataGroup.closeViewDetail(): Delayed 2 second(s)

2023-08-21 16:36:01 - [MESSAGE][PASSED] - Object 'Object Repository/Master Data/Data Group/TambahEditDetail/Tutup' is clickable

2023-08-21 16:36:01 - [MESSAGE][INFO] - Click Element = Object Repository/Master Data/Data Group/TambahEditDetail/Tutup

2023-08-21 16:36:02 - [MESSAGE][PASSED] - Object: 'Object Repository/Master Data/Data Group/TambahEditDetail/Tutup' is clicked on

2023-08-21 16:36:04 - [MESSAGE][PASSED] - Delayed 2 second(s)

2023-08-21 16:36:04 - [TEST_STEP][PASSED] - try: Delayed 2 second(s)

2023-08-21 16:36:04 - [TEST_STEP][PASSED] - getHashMapDataGroup = listHashMapDataGroup.get(i): null

2023-08-21 16:36:04 - [TEST_STEP][PASSED] - groupID = getHashMapDataGroup.get("groupID"): null

2023-08-21 16:36:04 - [TEST_STEP][PASSED] - dataGroup.viewDetail(groupID): Object: 'Object Repository/Master Data/Data Group/TambahEditDetail/pathdetailDataGroup' is clicked on

2023-08-21 16:36:04 - [MESSAGE][PASSED] - Wait for page load successfully

2023-08-21 16:36:04 - [MESSAGE][PASSED] - Object 'Object Repository/Master Data/Data Group/TambahEditDetail/SearchDataGroup' is clickable

2023-08-21 16:36:04 - [MESSAGE][INFO] - Click Element = Object Repository/Master Data/Data Group/TambahEditDetail/SearchDataGroup

2023-08-21 16:36:05 - [MESSAGE][PASSED] - Object: 'Object Repository/Master Data/Data Group/TambahEditDetail/SearchDataGroup' is clicked on

2023-08-21 16:36:05 - [MESSAGE][PASSED] - Attribute 'value' of object 'Object Repository/Master Data/Data Group/TambahEditDetail/SearchDataGroup' is: ''

2023-08-21 16:36:06 - [MESSAGE][PASSED] - Text 'katalontujuh' is set on object 'Object Repository/Master Data/Data Group/TambahEditDetail/SearchDataGroup'

2023-08-21 16:36:06 - [MESSAGE][PASSED] - Keys 'ENTER + ' sent to object: 'Object Repository/Master Data/Data Group/TambahEditDetail/SearchDataGroup'

2023-08-21 16:36:07 - [MESSAGE][PASSED] - Object 'Object Repository/Master Data/Data Group/TambahEditDetail/pathdetailDataGroup' is clickable

2023-08-21 16:36:07 - [MESSAGE][INFO] - Click Element = Object Repository/Master Data/Data Group/TambahEditDetail/pathdetailDataGroup

2023-08-21 16:36:07 - [MESSAGE][PASSED] - Object: 'Object Repository/Master Data/Data Group/TambahEditDetail/pathdetailDataGroup' is clicked on

2023-08-21 16:36:07 - [TEST_STEP][PASSED] - dataGroup.verifyDataGroup(getHashMapDataGroup): Actual text 'Ina Food' and expected text 'Ina Food' are matched 

2023-08-21 16:36:07 - [MESSAGE][INFO] - Grup ID : katalontujuh

2023-08-21 16:36:07 - [MESSAGE][INFO] - Deskripsi : Edit Data Group Oleh Katalon 03.

2023-08-21 16:36:07 - [MESSAGE][INFO] - Customer Name : Pt Rukun Mitra Sejati Blitar,Pt Rukun Mitra Sejati Yogyakarta

2023-08-21 16:36:07 - [MESSAGE][INFO] - Principal Name : ASW,Ina Food

2023-08-21 16:36:07 - [MESSAGE][PASSED] - Wait for page load successfully

2023-08-21 16:36:08 - [MESSAGE][PASSED] - Attribute 'value' of object 'Object Repository/Master Data/Data Group/TambahEditDetail/VerifyDataGroupID' is: 'katalontujuh'

2023-08-21 16:36:08 - [MESSAGE][PASSED] - Actual text 'katalontujuh' and expected text 'katalontujuh' are matched 

2023-08-21 16:36:08 - [MESSAGE][PASSED] - Text of object 'Object Repository/Master Data/Data Group/TambahEditDetail/VerifyDeskripsi' is: 'Edit Data Group Oleh Katalon 03.'

2023-08-21 16:36:08 - [MESSAGE][PASSED] - Actual text 'Edit Data Group Oleh Katalon 03.' and expected text 'Edit Data Group Oleh Katalon 03.' are matched 

2023-08-21 16:36:08 - [MESSAGE][PASSED] - Object 'Object Repository/Master Data/Data Group/TambahEditDetail/DataScopeView' is clickable

2023-08-21 16:36:09 - [MESSAGE][PASSED] - Object 'Object Repository/Master Data/Data Group/TambahEditDetail/DataScopeView' is clickable

2023-08-21 16:36:09 - [MESSAGE][INFO] - Click Element = Object Repository/Master Data/Data Group/TambahEditDetail/DataScopeView

2023-08-21 16:36:09 - [MESSAGE][PASSED] - Object: 'Object Repository/Master Data/Data Group/TambahEditDetail/DataScopeView' is clicked on

2023-08-21 16:36:10 - [MESSAGE][PASSED] - Text of object 'Object Repository/Master Data/Data Group/TambahEditDetail/VerifyNamaPelanggan' is: 'Pt Rukun Mitra Sejati Blitar'

2023-08-21 16:36:10 - [MESSAGE][INFO] - NAMA DISTRIBUTOR = Pt Rukun Mitra Sejati Blitar

2023-08-21 16:36:10 - [MESSAGE][PASSED] - Actual text 'Pt Rukun Mitra Sejati Blitar' and expected text 'Pt Rukun Mitra Sejati Blitar' are matched 

2023-08-21 16:36:11 - [MESSAGE][PASSED] - Text of object 'Object Repository/Master Data/Data Group/TambahEditDetail/VerifyNamaPelanggan' is: 'Pt Rukun Mitra Sejati Yogyakarta'

2023-08-21 16:36:11 - [MESSAGE][INFO] - NAMA DISTRIBUTOR = Pt Rukun Mitra Sejati Yogyakarta

2023-08-21 16:36:11 - [MESSAGE][PASSED] - Actual text 'Pt Rukun Mitra Sejati Yogyakarta' and expected text 'Pt Rukun Mitra Sejati Yogyakarta' are matched 

2023-08-21 16:36:11 - [MESSAGE][PASSED] - Text of object 'Object Repository/Master Data/Data Group/TambahEditDetail/VerifyNamaPrincipal' is: 'ASW'

2023-08-21 16:36:11 - [MESSAGE][INFO] - NAMA PRINCIPAL = ASW

2023-08-21 16:36:11 - [MESSAGE][PASSED] - Actual text 'ASW' and expected text 'ASW' are matched 

2023-08-21 16:36:11 - [MESSAGE][PASSED] - Text of object 'Object Repository/Master Data/Data Group/TambahEditDetail/VerifyNamaPrincipal' is: 'Ina Food'

2023-08-21 16:36:11 - [MESSAGE][INFO] - NAMA PRINCIPAL = Ina Food

2023-08-21 16:36:11 - [MESSAGE][PASSED] - Actual text 'Ina Food' and expected text 'Ina Food' are matched 

2023-08-21 16:36:11 - [TEST_STEP][PASSED] - dataGroup.closeViewDetail(): Delayed 2 second(s)

2023-08-21 16:36:12 - [MESSAGE][PASSED] - Object 'Object Repository/Master Data/Data Group/TambahEditDetail/Tutup' is clickable

2023-08-21 16:36:12 - [MESSAGE][INFO] - Click Element = Object Repository/Master Data/Data Group/TambahEditDetail/Tutup

2023-08-21 16:36:12 - [MESSAGE][PASSED] - Object: 'Object Repository/Master Data/Data Group/TambahEditDetail/Tutup' is clicked on

2023-08-21 16:36:14 - [MESSAGE][PASSED] - Delayed 2 second(s)

2023-08-21 16:36:14 - [TEST_STEP][PASSED] - try: Delayed 2 second(s)

2023-08-21 16:36:14 - [TEST_STEP][PASSED] - getHashMapDataGroup = listHashMapDataGroup.get(i): null

2023-08-21 16:36:14 - [TEST_STEP][PASSED] - groupID = getHashMapDataGroup.get("groupID"): null

2023-08-21 16:36:14 - [TEST_STEP][PASSED] - dataGroup.viewDetail(groupID): Object: 'Object Repository/Master Data/Data Group/TambahEditDetail/pathdetailDataGroup' is clicked on

2023-08-21 16:36:14 - [MESSAGE][PASSED] - Wait for page load successfully

2023-08-21 16:36:15 - [MESSAGE][PASSED] - Object 'Object Repository/Master Data/Data Group/TambahEditDetail/SearchDataGroup' is clickable

2023-08-21 16:36:15 - [MESSAGE][INFO] - Click Element = Object Repository/Master Data/Data Group/TambahEditDetail/SearchDataGroup

2023-08-21 16:36:15 - [MESSAGE][PASSED] - Object: 'Object Repository/Master Data/Data Group/TambahEditDetail/SearchDataGroup' is clicked on

2023-08-21 16:36:15 - [MESSAGE][PASSED] - Attribute 'value' of object 'Object Repository/Master Data/Data Group/TambahEditDetail/SearchDataGroup' is: ''

2023-08-21 16:36:16 - [MESSAGE][PASSED] - Text 'katalondelapan' is set on object 'Object Repository/Master Data/Data Group/TambahEditDetail/SearchDataGroup'

2023-08-21 16:36:17 - [MESSAGE][PASSED] - Keys 'ENTER + ' sent to object: 'Object Repository/Master Data/Data Group/TambahEditDetail/SearchDataGroup'

2023-08-21 16:36:17 - [MESSAGE][PASSED] - Object 'Object Repository/Master Data/Data Group/TambahEditDetail/pathdetailDataGroup' is clickable

2023-08-21 16:36:17 - [MESSAGE][INFO] - Click Element = Object Repository/Master Data/Data Group/TambahEditDetail/pathdetailDataGroup

2023-08-21 16:36:18 - [MESSAGE][PASSED] - Object: 'Object Repository/Master Data/Data Group/TambahEditDetail/pathdetailDataGroup' is clicked on

2023-08-21 16:36:18 - [TEST_STEP][PASSED] - dataGroup.verifyDataGroup(getHashMapDataGroup): ELEMENT CHECKED = true

2023-08-21 16:36:18 - [MESSAGE][INFO] - Grup ID : katalondelapan

2023-08-21 16:36:18 - [MESSAGE][INFO] - Deskripsi : Edit Data Group Oleh Katalon 04.

2023-08-21 16:36:18 - [MESSAGE][INFO] - Customer Name : Pt Rukun Mitra Sejati Yogyakarta

2023-08-21 16:36:18 - [MESSAGE][INFO] - Principal Name : All

2023-08-21 16:36:18 - [MESSAGE][PASSED] - Wait for page load successfully

2023-08-21 16:36:18 - [MESSAGE][PASSED] - Attribute 'value' of object 'Object Repository/Master Data/Data Group/TambahEditDetail/VerifyDataGroupID' is: 'katalondelapan'

2023-08-21 16:36:18 - [MESSAGE][PASSED] - Actual text 'katalondelapan' and expected text 'katalondelapan' are matched 

2023-08-21 16:36:19 - [MESSAGE][PASSED] - Text of object 'Object Repository/Master Data/Data Group/TambahEditDetail/VerifyDeskripsi' is: 'Edit Data Group Oleh Katalon 04.'

2023-08-21 16:36:19 - [MESSAGE][PASSED] - Actual text 'Edit Data Group Oleh Katalon 04.' and expected text 'Edit Data Group Oleh Katalon 04.' are matched 

2023-08-21 16:36:19 - [MESSAGE][PASSED] - Object 'Object Repository/Master Data/Data Group/TambahEditDetail/DataScopeView' is clickable

2023-08-21 16:36:20 - [MESSAGE][PASSED] - Object 'Object Repository/Master Data/Data Group/TambahEditDetail/DataScopeView' is clickable

2023-08-21 16:36:20 - [MESSAGE][INFO] - Click Element = Object Repository/Master Data/Data Group/TambahEditDetail/DataScopeView

2023-08-21 16:36:20 - [MESSAGE][PASSED] - Object: 'Object Repository/Master Data/Data Group/TambahEditDetail/DataScopeView' is clicked on

2023-08-21 16:36:21 - [MESSAGE][PASSED] - Text of object 'Object Repository/Master Data/Data Group/TambahEditDetail/VerifyNamaPelanggan' is: 'Pt Rukun Mitra Sejati Yogyakarta'

2023-08-21 16:36:21 - [MESSAGE][INFO] - NAMA DISTRIBUTOR = Pt Rukun Mitra Sejati Yogyakarta

2023-08-21 16:36:21 - [MESSAGE][PASSED] - Actual text 'Pt Rukun Mitra Sejati Yogyakarta' and expected text 'Pt Rukun Mitra Sejati Yogyakarta' are matched 

2023-08-21 16:36:21 - [MESSAGE][PASSED] - Object 'Object Repository/Master Data/Data Group/TambahEditDetail/TerapkanDiSemuaNamaPrincipal' is checked

2023-08-21 16:36:21 - [MESSAGE][INFO] - ELEMENT CHECKED = true

2023-08-21 16:36:21 - [TEST_STEP][PASSED] - dataGroup.closeViewDetail(): Delayed 2 second(s)

2023-08-21 16:36:21 - [MESSAGE][PASSED] - Object 'Object Repository/Master Data/Data Group/TambahEditDetail/Tutup' is clickable

2023-08-21 16:36:21 - [MESSAGE][INFO] - Click Element = Object Repository/Master Data/Data Group/TambahEditDetail/Tutup

2023-08-21 16:36:22 - [MESSAGE][PASSED] - Object: 'Object Repository/Master Data/Data Group/TambahEditDetail/Tutup' is clicked on

2023-08-21 16:36:24 - [MESSAGE][PASSED] - Delayed 2 second(s)

2023-08-21 16:36:24 - [TEST_STEP][PASSED] - Start listener action : afterTestCase: message: 

2023-08-21 16:36:24 - [TEST_STEP][PASSED] - if (!(isSkipTestListener)): message: 

2023-08-21 16:36:24 - [TEST_STEP][PASSED] - if (!(isSkipReport)): message: 

2023-08-21 16:36:24 - [TEST_STEP][PASSED] - driver = getWebDriver(): null

2023-08-21 16:36:24 - [TEST_STEP][PASSED] - endTimeTC = simpleDateFormat.format(new java.util.Date()): null

2023-08-21 16:36:24 - [TEST_STEP][PASSED] - projectId = projectID: null

2023-08-21 16:36:24 - [TEST_STEP][PASSED] - testCase = currentTestCaseId: null

2023-08-21 16:36:24 - [TEST_STEP][PASSED] - tc = findTestCase(testCase): null

2023-08-21 16:36:24 - [TEST_STEP][PASSED] - subject = name: null

2023-08-21 16:36:24 - [TEST_STEP][PASSED] - tag = tc.getTag(): null

2023-08-21 16:36:24 - [TEST_STEP][PASSED] - desc = tc.getDescription(): null

2023-08-21 16:36:24 - [TEST_STEP][PASSED] - status = testCaseContext.getTestCaseStatus(): null

2023-08-21 16:36:24 - [TEST_STEP][PASSED] - caps = getWrappedDriver().getCapabilities(): null

2023-08-21 16:36:24 - [TEST_STEP][PASSED] - platform = getBrowserName().capitalize(): null

2023-08-21 16:36:24 - [TEST_STEP][PASSED] - platformVersion = caps.getVersion(): null

2023-08-21 16:36:24 - [TEST_STEP][PASSED] - appVersion = appVersion: null

2023-08-21 16:36:24 - [TEST_STEP][PASSED] - profile = getExecutionProfile(): null

2023-08-21 16:36:24 - [TEST_STEP][PASSED] - startExecutionTime = startTimeTC: null

2023-08-21 16:36:24 - [TEST_STEP][PASSED] - endExecutionTime = endTimeTC: null

2023-08-21 16:36:24 - [TEST_STEP][PASSED] - addProperties = testCaseContext.getMessage(): null

2023-08-21 16:36:24 - [TEST_STEP][PASSED] - hostName = getHostName(): null

2023-08-21 16:36:24 - [TEST_STEP][PASSED] - os = getOS(): null

2023-08-21 16:36:24 - [TEST_STEP][PASSED] - hostAddress = getHostAddress(): null

2023-08-21 16:36:24 - [TEST_STEP][PASSED] - katalonVersion = getAppVersion(): null

2023-08-21 16:36:24 - [TEST_STEP][PASSED] - lstKeyOfAddValues = new java.util.ArrayList(): null

2023-08-21 16:36:24 - [TEST_STEP][PASSED] - lstKeyOfAddValues.add("Host Name"): null

2023-08-21 16:36:24 - [TEST_STEP][PASSED] - lstKeyOfAddValues.add("OS"): null

2023-08-21 16:36:24 - [TEST_STEP][PASSED] - lstKeyOfAddValues.add("Host Address"): null

2023-08-21 16:36:24 - [TEST_STEP][PASSED] - lstKeyOfAddValues.add("Katalon Version"): null

2023-08-21 16:36:24 - [TEST_STEP][PASSED] - lstValueOfAddValues = new java.util.ArrayList(): null

2023-08-21 16:36:24 - [TEST_STEP][PASSED] - lstValueOfAddValues.add(hostName): null

2023-08-21 16:36:24 - [TEST_STEP][PASSED] - lstValueOfAddValues.add(os): null

2023-08-21 16:36:24 - [TEST_STEP][PASSED] - lstValueOfAddValues.add(hostAddress): null

2023-08-21 16:36:24 - [TEST_STEP][PASSED] - lstValueOfAddValues.add(katalonVersion): null

2023-08-21 16:36:24 - [TEST_STEP][PASSED] - addValues = [lstKeyOfAddValues.toArray(), lstValueOfAddValues.toArray()]: null

2023-08-21 16:36:24 - [TEST_STEP][PASSED] - body = QMARequestResponseObject.convertToJSON(projectId, testCase, subject, tag, desc, status, platform, platformVersion, appVersion, profile, startExecutionTime, endExecutionTime, addProperties, addValues): null

2023-08-21 16:36:24 - [TEST_STEP][PASSED] - logInfo("Body: " + body): Body: {"project_id":13,"test_case":"Test Cases/Master Data/Data Group/Data Group - View","subject":"Data Group - View","tag":"","description":"","status":"PASSED","platform":"Chrome","platform_version":"115.0.5790.173","app_version":"5.0.0","profile":"default","start_execution_time":"2023-08-21T16:35:23Z","end_execution_time":"2023-08-21T16:36:24Z","additional_properties":"","additional_values":[["Host Name","OS","Host Address","Katalon Version"],["NEXSOFT - 10.10.18.38","Windows 11 64bit","10.10.18.38","8.6.6.208"]]}

2023-08-21 16:36:24 - [MESSAGE][INFO] - Body: {"project_id":13,"test_case":"Test Cases/Master Data/Data Group/Data Group - View","subject":"Data Group - View","tag":"","description":"","status":"PASSED","platform":"Chrome","platform_version":"115.0.5790.173","app_version":"5.0.0","profile":"default","start_execution_time":"2023-08-21T16:35:23Z","end_execution_time":"2023-08-21T16:36:24Z","additional_properties":"","additional_values":[["Host Name","OS","Host Address","Katalon Version"],["NEXSOFT - 10.10.18.38","Windows 11 64bit","10.10.18.38","8.6.6.208"]]}

2023-08-21 16:36:24 - [TEST_STEP][PASSED] - resp = QMARequestResponseObject.automationLogRequest(token, body): Send request successfully

2023-08-21 16:36:24 - [MESSAGE][INFO] - HAR: C:\Users\NEXSOFT\Documents\Nexsoft\Katalon\Katalon_nexcare\Reports\20230821_163513\Master Data\Data Group\Data Group - view\20230821_163513\requests\main\1.har

2023-08-21 16:36:24 - [MESSAGE][PASSED] - Send request successfully

2023-08-21 16:36:24 - [TEST_STEP][PASSED] - if (QMARequestResponseObject.getStatusCode(resp) != 201 || QMARequestResponseObject.getWaitingTime(resp) > 5000): null

2023-08-21 16:36:24 - [TEST_STEP][PASSED] - else: message: 

2023-08-21 16:36:24 - [TEST_STEP][PASSED] - resText = QMARequestResponseObject.getResponseText(resp): null

2023-08-21 16:36:24 - [TEST_STEP][PASSED] - logInfo("Text: " + resText): Text: {"code":200,"message":"","internalmessage":"Log Success"}

2023-08-21 16:36:24 - [MESSAGE][INFO] - Text: {"code":200,"message":"","internalmessage":"Log Success"}

2023-08-21 16:36:24 - [TEST_STEP][PASSED] - object = js.parseText(resText): null

2023-08-21 16:36:24 - [TEST_STEP][PASSED] - code = code: null

2023-08-21 16:36:24 - [TEST_STEP][PASSED] - message = message: null

2023-08-21 16:36:24 - [TEST_STEP][PASSED] - logInfo("code: " + code): code: 200

2023-08-21 16:36:24 - [MESSAGE][INFO] - code: 200

2023-08-21 16:36:24 - [TEST_STEP][PASSED] - logInfo("message: " + message): message: 

2023-08-21 16:36:24 - [MESSAGE][INFO] - message:]]></system-out>
         <system-err><![CDATA[]]></system-err>
      </testcase>
      <system-out><![CDATA[2023-08-21 16:35:19 - [TEST_SUITE][PASSED] - Data Group - view: Test Cases/Master Data/Data Group/Data Group - View]]></system-out>
      <system-err><![CDATA[]]></system-err>
   </testsuite>
</testsuites>
