<?xml version="1.0" encoding="UTF-8"?>
<testsuites name="Data Group" time="380.446" tests="3" failures="0" errors="0">
   <testsuite name="Data Group" tests="3" failures="0" errors="0" time="380.446" skipped="0" timestamp="2023-08-23 14:36:53" hostname="NEXSOFT - DESKTOP-C56VD1H" id="Test Suites/Master Data/Data Group/Data Group">
      <properties>
         <property name="deviceName" value=""/>
         <property name="devicePlatform" value=""/>
         <property name="logFolder" value="C:\\Users\\NEXSOFT\\Documents\\Nexsoft\\Katalon\\Katalon_nexcare\\Reports\\20230823_143650\\Master Data\\Data Group\\Data Group\\20230823_143650"/>
         <property name="logFiles" value="C:\\Users\\NEXSOFT\\Documents\\Nexsoft\\Katalon\\Katalon_nexcare\\Reports\\20230823_143650\\Master Data\\Data Group\\Data Group\\20230823_143650\\execution0.log"/>
         <property name="attachments" value=""/>
         <property name="hostName" value="NEXSOFT - DESKTOP-C56VD1H"/>
         <property name="os" value="Windows 11 64bit"/>
         <property name="katalonVersion" value="8.6.6.208"/>
         <property name="browser" value="Chrome 116.0.0.0"/>
         <property name="hostAddress" value="10.10.18.38"/>
         <property name="sessionId" value="0ca022042e1ac8a604f4fdc2aa7a4c37"/>
         <property name="seleniumVersion" value="3.141.59"/>
         <property name="proxyInformation" value="ProxyInformation { proxyOption=NO_PROXY, proxyServerType=HTTP, username=, password=********, proxyServerAddress=, proxyServerPort=0, executionList=&quot;&quot;, isApplyToDesiredCapabilities=true }"/>
         <property name="platform" value="Windows 11"/>
      </properties>
      <testcase name="Test Cases/Master Data/Data Group/Data Group - Add" time="176.615" classname="Test Cases/Master Data/Data Group/Data Group - Add" status="PASSED">
         <system-out><![CDATA[2023-08-23 14:36:56 - [TEST_CASE][PASSED] - Test Cases/Master Data/Data Group/Data Group - Add: Test Cases/Master Data/Data Group/Data Group - Add

2023-08-23 14:36:56 - [TEST_STEP][PASSED] - Start listener action : beforeTestCase: null

2023-08-23 14:36:56 - [TEST_STEP][PASSED] - if (!(isSkipTestListener)): null

2023-08-23 14:36:56 - [TEST_STEP][PASSED] - if (!(isSkipReport)): null

2023-08-23 14:36:56 - [TEST_STEP][PASSED] - startTimeTC = simpleDateFormat.format(new java.util.Date()): null

2023-08-23 14:36:56 - [TEST_STEP][PASSED] - currentTestCaseId = testCaseContext.getTestCaseId(): null

2023-08-23 14:36:56 - [TEST_STEP][PASSED] - handleWebDriver = new care.katalon.HandleWebDriver(): null

2023-08-23 14:36:56 - [TEST_STEP][PASSED] - handleWebDriver.startAndOpenWebBrowser(baseUrl): Wait for page load successfully

2023-08-23 14:36:56 - [MESSAGE][INFO] - URL ENV = https://staging-care.nexcloud.id/

2023-08-23 14:36:57 - [MESSAGE][INFO] - Starting 'Chrome' driver

2023-08-23 14:36:57 - [MESSAGE][INFO] - Action delay is set to 0 milliseconds

2023-08-23 14:36:58 - [MESSAGE][PASSED] - Browser is opened with url: ''

2023-08-23 14:36:58 - [MESSAGE][PASSED] - Wait for page load successfully

2023-08-23 14:36:59 - [MESSAGE][PASSED] - Current window maximized

2023-08-23 14:37:01 - [MESSAGE][PASSED] - Navigate to 'https://staging-care.nexcloud.id/' successfully

2023-08-23 14:37:01 - [MESSAGE][PASSED] - Wait for page load successfully

2023-08-23 14:37:01 - [TEST_STEP][PASSED] - generalAction = new care.katalon.GeneralAction(): null

2023-08-23 14:37:01 - [TEST_STEP][PASSED] - handleTestData = new care.katalon.HandleTestData(): null

2023-08-23 14:37:01 - [TEST_STEP][PASSED] - dataGroup = new masterdata.care.DataGroup(): null

2023-08-23 14:37:01 - [TEST_STEP][PASSED] - try: Browser is closed

2023-08-23 14:37:01 - [TEST_STEP][PASSED] - generalAction.login(""): Wait for page load successfully

2023-08-23 14:37:02 - [MESSAGE][PASSED] - Object 'Object Repository/Login/username' is clickable

2023-08-23 14:37:02 - [MESSAGE][INFO] - Click Element = Object Repository/Login/username

2023-08-23 14:37:02 - [MESSAGE][PASSED] - Object: 'Object Repository/Login/username' is clicked on

2023-08-23 14:37:03 - [MESSAGE][PASSED] - Attribute 'value' of object 'Object Repository/Login/username' is: ''

2023-08-23 14:37:04 - [MESSAGE][PASSED] - Text 'admin' is set on object 'Object Repository/Login/username'

2023-08-23 14:37:04 - [MESSAGE][PASSED] - Object 'Object Repository/Login/password' is clickable

2023-08-23 14:37:04 - [MESSAGE][INFO] - Click Element = Object Repository/Login/password

2023-08-23 14:37:04 - [MESSAGE][PASSED] - Object: 'Object Repository/Login/password' is clicked on

2023-08-23 14:37:05 - [MESSAGE][PASSED] - Attribute 'value' of object 'Object Repository/Login/password' is: ''

2023-08-23 14:37:05 - [MESSAGE][PASSED] - Text 'Auth_server_2020' is set on object 'Object Repository/Login/password'

2023-08-23 14:37:06 - [MESSAGE][PASSED] - Object 'Object Repository/Login/masuk' is clickable

2023-08-23 14:37:06 - [MESSAGE][INFO] - Click Element = Object Repository/Login/masuk

2023-08-23 14:37:06 - [MESSAGE][PASSED] - Object: 'Object Repository/Login/masuk' is clicked on

2023-08-23 14:37:07 - [MESSAGE][PASSED] - Object 'Object Repository/Login/button_Tidak' is present

2023-08-23 14:37:07 - [MESSAGE][PASSED] - Object 'Object Repository/Login/button_Tidak' is clickable

2023-08-23 14:37:07 - [MESSAGE][INFO] - Click Element = Object Repository/Login/button_Tidak

2023-08-23 14:37:08 - [MESSAGE][PASSED] - Object: 'Object Repository/Login/button_Tidak' is clicked on

2023-08-23 14:37:08 - [MESSAGE][PASSED] - Wait for page load successfully

2023-08-23 14:37:08 - [TEST_STEP][PASSED] - dataGroup.menuDataGroup(): Object: 'Object Repository/Home Page(General)/btnDataGroup' is clicked on

2023-08-23 14:37:11 - [MESSAGE][PASSED] - Object 'Object Repository/Sidebar/Sidebar Master Data' is clickable

2023-08-23 14:37:11 - [MESSAGE][INFO] - Click Element = Object Repository/Sidebar/Sidebar Master Data

2023-08-23 14:37:11 - [MESSAGE][PASSED] - Object: 'Object Repository/Sidebar/Sidebar Master Data' is clicked on

2023-08-23 14:37:12 - [MESSAGE][PASSED] - Object 'Object Repository/Home Page(General)/btnDataGroup' is clickable

2023-08-23 14:37:12 - [MESSAGE][INFO] - Click Element = Object Repository/Home Page(General)/btnDataGroup

2023-08-23 14:37:12 - [MESSAGE][PASSED] - Object: 'Object Repository/Home Page(General)/btnDataGroup' is clicked on

2023-08-23 14:37:12 - [TEST_STEP][PASSED] - excelLocation = "Master Data\Data Group\dataGroup - add.xlsx": null

2023-08-23 14:37:12 - [TEST_STEP][PASSED] - sheetNameDataGroup = "DataGroup-add": null

2023-08-23 14:37:12 - [TEST_STEP][PASSED] - listHashMapDataGroup = handleTestData.readTestData(excelLocation, sheetNameDataGroup, true): listHashMap di Method readTestData class care.katalon.HandleTestData : [[TD:TDG220601, Action:Add, groupID:katalonlima, principalName:Nestle, deskripsi:Penambahan Data Group Oleh Katalon 05., category:POSITIVE, customerName:PT CAHAYA AGUNG CEMERLANG GROBOGAN], [TD:TDG220602, Action:Add, groupID:katalonenam, principalName:ASW,Nestle, deskripsi:Penambahan Data Group Oleh Katalon 06., category:POSITIVE, customerName:Pt Rukun Mitra Sejati Blitar,Pt Rukun Mitra Sejati Yogyakarta], [TD:TDG220603, Action:Add, groupID:katalontujuh, principalName:ASW, deskripsi:Penambahan Data Group Oleh Katalon 07., category:POSITIVE, customerName:All], [TD:TDG220604, Action:Add, groupID:katalondelapan, principalName:All, deskripsi:Penambahan Data Group Oleh Katalon 08., category:POSITIVE, customerName:Pt Rukun Mitra Sejati Yogyakarta], [TD:TDG220605, Action:Add, groupID:cs, principalName:All, deskripsi:Penambahan Data Group yang sudah ada, category:NEGATIVE, customerName:All], [TD:TDG220606, Action:Add, groupID:katalonsembilan, principalName:, deskripsi:Penambahan Data Group tanpa mengisi data scope, category:NEGATIVE, customerName:], [TD:, Action:Add, groupID:katalonsepuluh, principalName:All, deskripsi:, category:NEGATIVE, customerName:All]]

2023-08-23 14:37:13 - [MESSAGE][INFO] - listHashMap di Method readTestData class care.katalon.HandleTestData : [[TD:TDG220601, Action:Add, groupID:katalonlima, principalName:Nestle, deskripsi:Penambahan Data Group Oleh Katalon 05., category:POSITIVE, customerName:PT CAHAYA AGUNG CEMERLANG GROBOGAN], [TD:TDG220602, Action:Add, groupID:katalonenam, principalName:ASW,Nestle, deskripsi:Penambahan Data Group Oleh Katalon 06., category:POSITIVE, customerName:Pt Rukun Mitra Sejati Blitar,Pt Rukun Mitra Sejati Yogyakarta], [TD:TDG220603, Action:Add, groupID:katalontujuh, principalName:ASW, deskripsi:Penambahan Data Group Oleh Katalon 07., category:POSITIVE, customerName:All], [TD:TDG220604, Action:Add, groupID:katalondelapan, principalName:All, deskripsi:Penambahan Data Group Oleh Katalon 08., category:POSITIVE, customerName:Pt Rukun Mitra Sejati Yogyakarta], [TD:TDG220605, Action:Add, groupID:cs, principalName:All, deskripsi:Penambahan Data Group yang sudah ada, category:NEGATIVE, customerName:All], [TD:TDG220606, Action:Add, groupID:katalonsembilan, principalName:, deskripsi:Penambahan Data Group tanpa mengisi data scope, category:NEGATIVE, customerName:], [TD:, Action:Add, groupID:katalonsepuluh, principalName:All, deskripsi:, category:NEGATIVE, customerName:All]]

2023-08-23 14:37:13 - [TEST_STEP][PASSED] - for ([i = 0, i < listHashMapDataGroup.size(), (i++)]): null

2023-08-23 14:37:13 - [TEST_STEP][PASSED] - try: Delayed 2 second(s)

2023-08-23 14:37:13 - [TEST_STEP][PASSED] - getHashMapDataGroup = listHashMapDataGroup.get(i): null

2023-08-23 14:37:13 - [TEST_STEP][PASSED] - groupID = getHashMapDataGroup.get("groupID"): null

2023-08-23 14:37:13 - [TEST_STEP][PASSED] - category = getHashMapDataGroup.get("category"): null

2023-08-23 14:37:13 - [TEST_STEP][PASSED] - logInfo(getHashMapDataGroup.toString()): [TD:TDG220601, Action:Add, groupID:katalonlima, principalName:Nestle, deskripsi:Penambahan Data Group Oleh Katalon 05., category:POSITIVE, customerName:PT CAHAYA AGUNG CEMERLANG GROBOGAN]

2023-08-23 14:37:13 - [MESSAGE][INFO] - [TD:TDG220601, Action:Add, groupID:katalonlima, principalName:Nestle, deskripsi:Penambahan Data Group Oleh Katalon 05., category:POSITIVE, customerName:PT CAHAYA AGUNG CEMERLANG GROBOGAN]

2023-08-23 14:37:13 - [TEST_STEP][PASSED] - testDataNumber = getHashMapDataGroup.get("TD"): null

2023-08-23 14:37:13 - [TEST_STEP][PASSED] - logInfo("TD: " + testDataNumber): TD: TDG220601

2023-08-23 14:37:13 - [MESSAGE][INFO] - TD: TDG220601

2023-08-23 14:37:13 - [TEST_STEP][PASSED] - dataGroup.addDataGroup(): Refresh successfully

2023-08-23 14:37:13 - [MESSAGE][PASSED] - Object 'Object Repository/Master Data/Data Group/Tambah' is clickable

2023-08-23 14:37:14 - [MESSAGE][PASSED] - Object 'Object Repository/Master Data/Data Group/Tambah' is clickable

2023-08-23 14:37:14 - [MESSAGE][INFO] - Click Element = Object Repository/Master Data/Data Group/Tambah

2023-08-23 14:37:14 - [MESSAGE][PASSED] - Object: 'Object Repository/Master Data/Data Group/Tambah' is clicked on

2023-08-23 14:37:14 - [MESSAGE][PASSED] - Refresh successfully

2023-08-23 14:37:14 - [TEST_STEP][PASSED] - dataGroup.setDataGroup(getHashMapDataGroup): Object: 'Object Repository/Master Data/Data Group/TambahEditDetail/CloseDropDown' is clicked on

2023-08-23 14:37:15 - [MESSAGE][PASSED] - Object 'Object Repository/Master Data/Data Group/TambahEditDetail/GrupID' is clickable

2023-08-23 14:37:15 - [MESSAGE][PASSED] - Object 'Object Repository/Master Data/Data Group/TambahEditDetail/GrupID' is clickable

2023-08-23 14:37:15 - [MESSAGE][INFO] - Click Element = Object Repository/Master Data/Data Group/TambahEditDetail/GrupID

2023-08-23 14:37:16 - [MESSAGE][PASSED] - Object: 'Object Repository/Master Data/Data Group/TambahEditDetail/GrupID' is clicked on

2023-08-23 14:37:16 - [MESSAGE][PASSED] - Attribute 'value' of object 'Object Repository/Master Data/Data Group/TambahEditDetail/GrupID' is: ''

2023-08-23 14:37:17 - [MESSAGE][PASSED] - Text 'katalonlima' is set on object 'Object Repository/Master Data/Data Group/TambahEditDetail/GrupID'

2023-08-23 14:37:17 - [MESSAGE][PASSED] - Object 'Object Repository/Master Data/Data Group/TambahEditDetail/Deskripsi' is clickable

2023-08-23 14:37:17 - [MESSAGE][INFO] - Click Element = Object Repository/Master Data/Data Group/TambahEditDetail/Deskripsi

2023-08-23 14:37:18 - [MESSAGE][PASSED] - Object: 'Object Repository/Master Data/Data Group/TambahEditDetail/Deskripsi' is clicked on

2023-08-23 14:37:18 - [MESSAGE][PASSED] - Attribute 'value' of object 'Object Repository/Master Data/Data Group/TambahEditDetail/Deskripsi' is: ''

2023-08-23 14:37:19 - [MESSAGE][PASSED] - Text 'Penambahan Data Group Oleh Katalon 05.' is set on object 'Object Repository/Master Data/Data Group/TambahEditDetail/Deskripsi'

2023-08-23 14:37:19 - [MESSAGE][PASSED] - Object 'Object Repository/Master Data/Data Group/TambahEditDetail/DataCangkupan' is clickable

2023-08-23 14:37:19 - [MESSAGE][PASSED] - Object 'Object Repository/Master Data/Data Group/TambahEditDetail/DataCangkupan' is clickable

2023-08-23 14:37:19 - [MESSAGE][INFO] - Click Element = Object Repository/Master Data/Data Group/TambahEditDetail/DataCangkupan

2023-08-23 14:37:20 - [MESSAGE][PASSED] - Object: 'Object Repository/Master Data/Data Group/TambahEditDetail/DataCangkupan' is clicked on

2023-08-23 14:37:20 - [MESSAGE][PASSED] - Object 'Object Repository/Master Data/Data Group/TambahEditDetail/NamaPelanggan' is clickable

2023-08-23 14:37:20 - [MESSAGE][INFO] - Click Element = Object Repository/Master Data/Data Group/TambahEditDetail/NamaPelanggan

2023-08-23 14:37:21 - [MESSAGE][PASSED] - Object: 'Object Repository/Master Data/Data Group/TambahEditDetail/NamaPelanggan' is clicked on

2023-08-23 14:37:21 - [MESSAGE][PASSED] - Keys 'PT CAHAYA AGUNG CEMERLANG GROBOGAN' sent to object: 'Object Repository/Master Data/Data Group/TambahEditDetail/SelectPelanggan'

2023-08-23 14:37:22 - [MESSAGE][PASSED] - Object 'Object Repository/Master Data/Data Group/TambahEditDetail/SelectPelanggan' is present

2023-08-23 14:37:22 - [MESSAGE][PASSED] - Keys 'ENTER + ' sent to object: 'Object Repository/Master Data/Data Group/TambahEditDetail/SelectPelanggan'

2023-08-23 14:37:23 - [MESSAGE][PASSED] - Object 'Object Repository/Master Data/Data Group/TambahEditDetail/CloseDropDown' is clickable

2023-08-23 14:37:23 - [MESSAGE][INFO] - Click Element = Object Repository/Master Data/Data Group/TambahEditDetail/CloseDropDown

2023-08-23 14:37:23 - [MESSAGE][PASSED] - Object: 'Object Repository/Master Data/Data Group/TambahEditDetail/CloseDropDown' is clicked on

2023-08-23 14:37:24 - [MESSAGE][PASSED] - Object 'Object Repository/Master Data/Data Group/TambahEditDetail/NamaPrincipal' is clickable

2023-08-23 14:37:24 - [MESSAGE][INFO] - Click Element = Object Repository/Master Data/Data Group/TambahEditDetail/NamaPrincipal

2023-08-23 14:37:24 - [MESSAGE][PASSED] - Object: 'Object Repository/Master Data/Data Group/TambahEditDetail/NamaPrincipal' is clicked on

2023-08-23 14:37:24 - [MESSAGE][PASSED] - Keys 'Nestle' sent to object: 'Object Repository/Master Data/Data Group/TambahEditDetail/SelectPrincipal'

2023-08-23 14:37:25 - [MESSAGE][PASSED] - Object 'Object Repository/Master Data/Data Group/TambahEditDetail/SelectPrincipal' is present

2023-08-23 14:37:26 - [MESSAGE][PASSED] - Keys 'ENTER + ' sent to object: 'Object Repository/Master Data/Data Group/TambahEditDetail/SelectPrincipal'

2023-08-23 14:37:26 - [MESSAGE][PASSED] - Object 'Object Repository/Master Data/Data Group/TambahEditDetail/CloseDropDown' is clickable

2023-08-23 14:37:26 - [MESSAGE][INFO] - Click Element = Object Repository/Master Data/Data Group/TambahEditDetail/CloseDropDown

2023-08-23 14:37:26 - [MESSAGE][PASSED] - Object: 'Object Repository/Master Data/Data Group/TambahEditDetail/CloseDropDown' is clicked on

2023-08-23 14:37:26 - [TEST_STEP][PASSED] - dataGroup.saveDataGroup(testDataNumber): Delayed 3 second(s)

2023-08-23 14:37:27 - [MESSAGE][PASSED] - Object 'Object Repository/Master Data/Data Group/TambahEditDetail/Simpan' is clickable

2023-08-23 14:37:27 - [MESSAGE][INFO] - Click Element = Object Repository/Master Data/Data Group/TambahEditDetail/Simpan

2023-08-23 14:37:27 - [MESSAGE][PASSED] - Object: 'Object Repository/Master Data/Data Group/TambahEditDetail/Simpan' is clicked on

2023-08-23 14:37:28 - [MESSAGE][PASSED] - Text of object 'Object Repository/Master Data/Data Group/TambahEditDetail/VerifySaveNotif' is: 'Berhasil Membuat Data Group Baru!'

2023-08-23 14:37:28 - [MESSAGE][PASSED] - Wait for page load successfully

2023-08-23 14:37:31 - [MESSAGE][PASSED] - Delayed 3 second(s)

2023-08-23 14:37:31 - [TEST_STEP][PASSED] - if (category.equalsIgnoreCase("Positive")): Delayed 2 second(s)

2023-08-23 14:37:31 - [TEST_STEP][PASSED] - dataGroup.viewDetail(groupID): Object: 'Object Repository/Master Data/Data Group/TambahEditDetail/pathdetailDataGroup' is clicked on

2023-08-23 14:37:31 - [MESSAGE][PASSED] - Wait for page load successfully

2023-08-23 14:37:31 - [MESSAGE][PASSED] - Object 'Object Repository/Master Data/Data Group/TambahEditDetail/SearchDataGroup' is clickable

2023-08-23 14:37:31 - [MESSAGE][INFO] - Click Element = Object Repository/Master Data/Data Group/TambahEditDetail/SearchDataGroup

2023-08-23 14:37:32 - [MESSAGE][PASSED] - Object: 'Object Repository/Master Data/Data Group/TambahEditDetail/SearchDataGroup' is clicked on

2023-08-23 14:37:32 - [MESSAGE][PASSED] - Attribute 'value' of object 'Object Repository/Master Data/Data Group/TambahEditDetail/SearchDataGroup' is: ''

2023-08-23 14:37:33 - [MESSAGE][PASSED] - Text 'katalonlima' is set on object 'Object Repository/Master Data/Data Group/TambahEditDetail/SearchDataGroup'

2023-08-23 14:37:33 - [MESSAGE][PASSED] - Keys 'ENTER + ' sent to object: 'Object Repository/Master Data/Data Group/TambahEditDetail/SearchDataGroup'

2023-08-23 14:37:34 - [MESSAGE][PASSED] - Object 'Object Repository/Master Data/Data Group/TambahEditDetail/pathdetailDataGroup' is clickable

2023-08-23 14:37:34 - [MESSAGE][INFO] - Click Element = Object Repository/Master Data/Data Group/TambahEditDetail/pathdetailDataGroup

2023-08-23 14:37:34 - [MESSAGE][PASSED] - Object: 'Object Repository/Master Data/Data Group/TambahEditDetail/pathdetailDataGroup' is clicked on

2023-08-23 14:37:34 - [TEST_STEP][PASSED] - dataGroup.verifyDataGroup(getHashMapDataGroup): Actual text 'Nestle' and expected text 'Nestle' are matched 

2023-08-23 14:37:34 - [MESSAGE][INFO] - Grup ID : katalonlima

2023-08-23 14:37:34 - [MESSAGE][INFO] - Deskripsi : Penambahan Data Group Oleh Katalon 05.

2023-08-23 14:37:34 - [MESSAGE][INFO] - Customer Name : PT CAHAYA AGUNG CEMERLANG GROBOGAN

2023-08-23 14:37:34 - [MESSAGE][INFO] - Principal Name : Nestle

2023-08-23 14:37:34 - [MESSAGE][PASSED] - Wait for page load successfully

2023-08-23 14:37:34 - [MESSAGE][PASSED] - Attribute 'value' of object 'Object Repository/Master Data/Data Group/TambahEditDetail/VerifyDataGroupID' is: 'katalonlima'

2023-08-23 14:37:34 - [MESSAGE][PASSED] - Actual text 'katalonlima' and expected text 'katalonlima' are matched 

2023-08-23 14:37:35 - [MESSAGE][PASSED] - Text of object 'Object Repository/Master Data/Data Group/TambahEditDetail/VerifyDeskripsi' is: 'Penambahan Data Group Oleh Katalon 05.'

2023-08-23 14:37:35 - [MESSAGE][PASSED] - Actual text 'Penambahan Data Group Oleh Katalon 05.' and expected text 'Penambahan Data Group Oleh Katalon 05.' are matched 

2023-08-23 14:37:35 - [MESSAGE][PASSED] - Object 'Object Repository/Master Data/Data Group/TambahEditDetail/DataScopeView' is clickable

2023-08-23 14:37:36 - [MESSAGE][PASSED] - Object 'Object Repository/Master Data/Data Group/TambahEditDetail/DataScopeView' is clickable

2023-08-23 14:37:36 - [MESSAGE][INFO] - Click Element = Object Repository/Master Data/Data Group/TambahEditDetail/DataScopeView

2023-08-23 14:37:36 - [MESSAGE][PASSED] - Object: 'Object Repository/Master Data/Data Group/TambahEditDetail/DataScopeView' is clicked on

2023-08-23 14:37:37 - [MESSAGE][PASSED] - Text of object 'Object Repository/Master Data/Data Group/TambahEditDetail/VerifyNamaPelanggan' is: 'PT CAHAYA AGUNG CEMERLANG GROBOGAN'

2023-08-23 14:37:37 - [MESSAGE][INFO] - NAMA DISTRIBUTOR = PT CAHAYA AGUNG CEMERLANG GROBOGAN

2023-08-23 14:37:37 - [MESSAGE][PASSED] - Actual text 'PT CAHAYA AGUNG CEMERLANG GROBOGAN' and expected text 'PT CAHAYA AGUNG CEMERLANG GROBOGAN' are matched 

2023-08-23 14:37:37 - [MESSAGE][PASSED] - Text of object 'Object Repository/Master Data/Data Group/TambahEditDetail/VerifyNamaPrincipal' is: 'Nestle'

2023-08-23 14:37:37 - [MESSAGE][INFO] - NAMA PRINCIPAL = Nestle

2023-08-23 14:37:37 - [MESSAGE][PASSED] - Actual text 'Nestle' and expected text 'Nestle' are matched 

2023-08-23 14:37:37 - [TEST_STEP][PASSED] - dataGroup.closeViewDetail(): Delayed 2 second(s)

2023-08-23 14:37:38 - [MESSAGE][PASSED] - Object 'Object Repository/Master Data/Data Group/TambahEditDetail/Tutup' is clickable

2023-08-23 14:37:38 - [MESSAGE][INFO] - Click Element = Object Repository/Master Data/Data Group/TambahEditDetail/Tutup

2023-08-23 14:37:38 - [MESSAGE][PASSED] - Object: 'Object Repository/Master Data/Data Group/TambahEditDetail/Tutup' is clicked on

2023-08-23 14:37:40 - [MESSAGE][PASSED] - Delayed 2 second(s)

2023-08-23 14:37:40 - [TEST_STEP][PASSED] - try: Delayed 2 second(s)

2023-08-23 14:37:40 - [TEST_STEP][PASSED] - getHashMapDataGroup = listHashMapDataGroup.get(i): null

2023-08-23 14:37:40 - [TEST_STEP][PASSED] - groupID = getHashMapDataGroup.get("groupID"): null

2023-08-23 14:37:40 - [TEST_STEP][PASSED] - category = getHashMapDataGroup.get("category"): null

2023-08-23 14:37:40 - [TEST_STEP][PASSED] - logInfo(getHashMapDataGroup.toString()): [TD:TDG220602, Action:Add, groupID:katalonenam, principalName:ASW,Nestle, deskripsi:Penambahan Data Group Oleh Katalon 06., category:POSITIVE, customerName:Pt Rukun Mitra Sejati Blitar,Pt Rukun Mitra Sejati Yogyakarta]

2023-08-23 14:37:40 - [MESSAGE][INFO] - [TD:TDG220602, Action:Add, groupID:katalonenam, principalName:ASW,Nestle, deskripsi:Penambahan Data Group Oleh Katalon 06., category:POSITIVE, customerName:Pt Rukun Mitra Sejati Blitar,Pt Rukun Mitra Sejati Yogyakarta]

2023-08-23 14:37:40 - [TEST_STEP][PASSED] - testDataNumber = getHashMapDataGroup.get("TD"): null

2023-08-23 14:37:40 - [TEST_STEP][PASSED] - logInfo("TD: " + testDataNumber): TD: TDG220602

2023-08-23 14:37:40 - [MESSAGE][INFO] - TD: TDG220602

2023-08-23 14:37:40 - [TEST_STEP][PASSED] - dataGroup.addDataGroup(): Refresh successfully

2023-08-23 14:37:40 - [MESSAGE][PASSED] - Object 'Object Repository/Master Data/Data Group/Tambah' is clickable

2023-08-23 14:37:41 - [MESSAGE][PASSED] - Object 'Object Repository/Master Data/Data Group/Tambah' is clickable

2023-08-23 14:37:41 - [MESSAGE][INFO] - Click Element = Object Repository/Master Data/Data Group/Tambah

2023-08-23 14:37:41 - [MESSAGE][PASSED] - Object: 'Object Repository/Master Data/Data Group/Tambah' is clicked on

2023-08-23 14:37:41 - [MESSAGE][PASSED] - Refresh successfully

2023-08-23 14:37:41 - [TEST_STEP][PASSED] - dataGroup.setDataGroup(getHashMapDataGroup): Object: 'Object Repository/Master Data/Data Group/TambahEditDetail/CloseDropDown' is clicked on

2023-08-23 14:37:42 - [MESSAGE][PASSED] - Object 'Object Repository/Master Data/Data Group/TambahEditDetail/GrupID' is clickable

2023-08-23 14:37:42 - [MESSAGE][PASSED] - Object 'Object Repository/Master Data/Data Group/TambahEditDetail/GrupID' is clickable

2023-08-23 14:37:42 - [MESSAGE][INFO] - Click Element = Object Repository/Master Data/Data Group/TambahEditDetail/GrupID

2023-08-23 14:37:43 - [MESSAGE][PASSED] - Object: 'Object Repository/Master Data/Data Group/TambahEditDetail/GrupID' is clicked on

2023-08-23 14:37:43 - [MESSAGE][PASSED] - Attribute 'value' of object 'Object Repository/Master Data/Data Group/TambahEditDetail/GrupID' is: ''

2023-08-23 14:37:44 - [MESSAGE][PASSED] - Text 'katalonenam' is set on object 'Object Repository/Master Data/Data Group/TambahEditDetail/GrupID'

2023-08-23 14:37:44 - [MESSAGE][PASSED] - Object 'Object Repository/Master Data/Data Group/TambahEditDetail/Deskripsi' is clickable

2023-08-23 14:37:44 - [MESSAGE][INFO] - Click Element = Object Repository/Master Data/Data Group/TambahEditDetail/Deskripsi

2023-08-23 14:37:45 - [MESSAGE][PASSED] - Object: 'Object Repository/Master Data/Data Group/TambahEditDetail/Deskripsi' is clicked on

2023-08-23 14:37:45 - [MESSAGE][PASSED] - Attribute 'value' of object 'Object Repository/Master Data/Data Group/TambahEditDetail/Deskripsi' is: ''

2023-08-23 14:37:46 - [MESSAGE][PASSED] - Text 'Penambahan Data Group Oleh Katalon 06.' is set on object 'Object Repository/Master Data/Data Group/TambahEditDetail/Deskripsi'

2023-08-23 14:37:46 - [MESSAGE][PASSED] - Object 'Object Repository/Master Data/Data Group/TambahEditDetail/DataCangkupan' is clickable

2023-08-23 14:37:46 - [MESSAGE][PASSED] - Object 'Object Repository/Master Data/Data Group/TambahEditDetail/DataCangkupan' is clickable

2023-08-23 14:37:46 - [MESSAGE][INFO] - Click Element = Object Repository/Master Data/Data Group/TambahEditDetail/DataCangkupan

2023-08-23 14:37:47 - [MESSAGE][PASSED] - Object: 'Object Repository/Master Data/Data Group/TambahEditDetail/DataCangkupan' is clicked on

2023-08-23 14:37:47 - [MESSAGE][PASSED] - Object 'Object Repository/Master Data/Data Group/TambahEditDetail/NamaPelanggan' is clickable

2023-08-23 14:37:47 - [MESSAGE][INFO] - Click Element = Object Repository/Master Data/Data Group/TambahEditDetail/NamaPelanggan

2023-08-23 14:37:48 - [MESSAGE][PASSED] - Object: 'Object Repository/Master Data/Data Group/TambahEditDetail/NamaPelanggan' is clicked on

2023-08-23 14:37:48 - [MESSAGE][PASSED] - Keys 'Pt Rukun Mitra Sejati Blitar' sent to object: 'Object Repository/Master Data/Data Group/TambahEditDetail/SelectPelanggan'

2023-08-23 14:37:49 - [MESSAGE][PASSED] - Object 'Object Repository/Master Data/Data Group/TambahEditDetail/SelectPelanggan' is present

2023-08-23 14:37:50 - [MESSAGE][PASSED] - Keys 'ENTER + ' sent to object: 'Object Repository/Master Data/Data Group/TambahEditDetail/SelectPelanggan'

2023-08-23 14:37:50 - [MESSAGE][PASSED] - Object 'Object Repository/Master Data/Data Group/TambahEditDetail/NamaPelanggan' is clickable

2023-08-23 14:37:50 - [MESSAGE][INFO] - Click Element = Object Repository/Master Data/Data Group/TambahEditDetail/NamaPelanggan

2023-08-23 14:37:50 - [MESSAGE][PASSED] - Object: 'Object Repository/Master Data/Data Group/TambahEditDetail/NamaPelanggan' is clicked on

2023-08-23 14:37:51 - [MESSAGE][PASSED] - Keys 'Pt Rukun Mitra Sejati Yogyakarta' sent to object: 'Object Repository/Master Data/Data Group/TambahEditDetail/SelectPelanggan'

2023-08-23 14:37:52 - [MESSAGE][PASSED] - Object 'Object Repository/Master Data/Data Group/TambahEditDetail/SelectPelanggan' is present

2023-08-23 14:37:52 - [MESSAGE][PASSED] - Keys 'ENTER + ' sent to object: 'Object Repository/Master Data/Data Group/TambahEditDetail/SelectPelanggan'

2023-08-23 14:37:53 - [MESSAGE][PASSED] - Object 'Object Repository/Master Data/Data Group/TambahEditDetail/CloseDropDown' is clickable

2023-08-23 14:37:53 - [MESSAGE][INFO] - Click Element = Object Repository/Master Data/Data Group/TambahEditDetail/CloseDropDown

2023-08-23 14:37:53 - [MESSAGE][PASSED] - Object: 'Object Repository/Master Data/Data Group/TambahEditDetail/CloseDropDown' is clicked on

2023-08-23 14:37:54 - [MESSAGE][PASSED] - Object 'Object Repository/Master Data/Data Group/TambahEditDetail/NamaPrincipal' is clickable

2023-08-23 14:37:54 - [MESSAGE][INFO] - Click Element = Object Repository/Master Data/Data Group/TambahEditDetail/NamaPrincipal

2023-08-23 14:37:54 - [MESSAGE][PASSED] - Object: 'Object Repository/Master Data/Data Group/TambahEditDetail/NamaPrincipal' is clicked on

2023-08-23 14:37:55 - [MESSAGE][PASSED] - Keys 'ASW' sent to object: 'Object Repository/Master Data/Data Group/TambahEditDetail/SelectPrincipal'

2023-08-23 14:37:55 - [MESSAGE][PASSED] - Object 'Object Repository/Master Data/Data Group/TambahEditDetail/SelectPrincipal' is present

2023-08-23 14:37:56 - [MESSAGE][PASSED] - Keys 'ENTER + ' sent to object: 'Object Repository/Master Data/Data Group/TambahEditDetail/SelectPrincipal'

2023-08-23 14:37:56 - [MESSAGE][PASSED] - Object 'Object Repository/Master Data/Data Group/TambahEditDetail/NamaPrincipal' is clickable

2023-08-23 14:37:56 - [MESSAGE][INFO] - Click Element = Object Repository/Master Data/Data Group/TambahEditDetail/NamaPrincipal

2023-08-23 14:37:56 - [MESSAGE][PASSED] - Object: 'Object Repository/Master Data/Data Group/TambahEditDetail/NamaPrincipal' is clicked on

2023-08-23 14:37:57 - [MESSAGE][PASSED] - Keys 'Nestle' sent to object: 'Object Repository/Master Data/Data Group/TambahEditDetail/SelectPrincipal'

2023-08-23 14:37:58 - [MESSAGE][PASSED] - Object 'Object Repository/Master Data/Data Group/TambahEditDetail/SelectPrincipal' is present

2023-08-23 14:37:58 - [MESSAGE][PASSED] - Keys 'ENTER + ' sent to object: 'Object Repository/Master Data/Data Group/TambahEditDetail/SelectPrincipal'

2023-08-23 14:37:58 - [MESSAGE][PASSED] - Object 'Object Repository/Master Data/Data Group/TambahEditDetail/CloseDropDown' is clickable

2023-08-23 14:37:58 - [MESSAGE][INFO] - Click Element = Object Repository/Master Data/Data Group/TambahEditDetail/CloseDropDown

2023-08-23 14:37:59 - [MESSAGE][PASSED] - Object: 'Object Repository/Master Data/Data Group/TambahEditDetail/CloseDropDown' is clicked on

2023-08-23 14:37:59 - [TEST_STEP][PASSED] - dataGroup.saveDataGroup(testDataNumber): Delayed 3 second(s)

2023-08-23 14:37:59 - [MESSAGE][PASSED] - Object 'Object Repository/Master Data/Data Group/TambahEditDetail/Simpan' is clickable

2023-08-23 14:37:59 - [MESSAGE][INFO] - Click Element = Object Repository/Master Data/Data Group/TambahEditDetail/Simpan

2023-08-23 14:38:00 - [MESSAGE][PASSED] - Object: 'Object Repository/Master Data/Data Group/TambahEditDetail/Simpan' is clicked on

2023-08-23 14:38:00 - [MESSAGE][PASSED] - Text of object 'Object Repository/Master Data/Data Group/TambahEditDetail/VerifySaveNotif' is: 'Berhasil Membuat Data Group Baru!'

2023-08-23 14:38:00 - [MESSAGE][PASSED] - Wait for page load successfully

2023-08-23 14:38:03 - [MESSAGE][PASSED] - Delayed 3 second(s)

2023-08-23 14:38:03 - [TEST_STEP][PASSED] - if (category.equalsIgnoreCase("Positive")): Delayed 2 second(s)

2023-08-23 14:38:03 - [TEST_STEP][PASSED] - dataGroup.viewDetail(groupID): Object: 'Object Repository/Master Data/Data Group/TambahEditDetail/pathdetailDataGroup' is clicked on

2023-08-23 14:38:03 - [MESSAGE][PASSED] - Wait for page load successfully

2023-08-23 14:38:04 - [MESSAGE][PASSED] - Object 'Object Repository/Master Data/Data Group/TambahEditDetail/SearchDataGroup' is clickable

2023-08-23 14:38:04 - [MESSAGE][INFO] - Click Element = Object Repository/Master Data/Data Group/TambahEditDetail/SearchDataGroup

2023-08-23 14:38:04 - [MESSAGE][PASSED] - Object: 'Object Repository/Master Data/Data Group/TambahEditDetail/SearchDataGroup' is clicked on

2023-08-23 14:38:04 - [MESSAGE][PASSED] - Attribute 'value' of object 'Object Repository/Master Data/Data Group/TambahEditDetail/SearchDataGroup' is: ''

2023-08-23 14:38:05 - [MESSAGE][PASSED] - Text 'katalonenam' is set on object 'Object Repository/Master Data/Data Group/TambahEditDetail/SearchDataGroup'

2023-08-23 14:38:05 - [MESSAGE][PASSED] - Keys 'ENTER + ' sent to object: 'Object Repository/Master Data/Data Group/TambahEditDetail/SearchDataGroup'

2023-08-23 14:38:06 - [MESSAGE][PASSED] - Object 'Object Repository/Master Data/Data Group/TambahEditDetail/pathdetailDataGroup' is clickable

2023-08-23 14:38:06 - [MESSAGE][INFO] - Click Element = Object Repository/Master Data/Data Group/TambahEditDetail/pathdetailDataGroup

2023-08-23 14:38:06 - [MESSAGE][PASSED] - Object: 'Object Repository/Master Data/Data Group/TambahEditDetail/pathdetailDataGroup' is clicked on

2023-08-23 14:38:06 - [TEST_STEP][PASSED] - dataGroup.verifyDataGroup(getHashMapDataGroup): Actual text 'Nestle' and expected text 'Nestle' are matched 

2023-08-23 14:38:06 - [MESSAGE][INFO] - Grup ID : katalonenam

2023-08-23 14:38:06 - [MESSAGE][INFO] - Deskripsi : Penambahan Data Group Oleh Katalon 06.

2023-08-23 14:38:06 - [MESSAGE][INFO] - Customer Name : Pt Rukun Mitra Sejati Blitar,Pt Rukun Mitra Sejati Yogyakarta

2023-08-23 14:38:06 - [MESSAGE][INFO] - Principal Name : ASW,Nestle

2023-08-23 14:38:06 - [MESSAGE][PASSED] - Wait for page load successfully

2023-08-23 14:38:06 - [MESSAGE][PASSED] - Attribute 'value' of object 'Object Repository/Master Data/Data Group/TambahEditDetail/VerifyDataGroupID' is: 'katalonenam'

2023-08-23 14:38:06 - [MESSAGE][PASSED] - Actual text 'katalonenam' and expected text 'katalonenam' are matched 

2023-08-23 14:38:07 - [MESSAGE][PASSED] - Text of object 'Object Repository/Master Data/Data Group/TambahEditDetail/VerifyDeskripsi' is: 'Penambahan Data Group Oleh Katalon 06.'

2023-08-23 14:38:07 - [MESSAGE][PASSED] - Actual text 'Penambahan Data Group Oleh Katalon 06.' and expected text 'Penambahan Data Group Oleh Katalon 06.' are matched 

2023-08-23 14:38:07 - [MESSAGE][PASSED] - Object 'Object Repository/Master Data/Data Group/TambahEditDetail/DataScopeView' is clickable

2023-08-23 14:38:07 - [MESSAGE][PASSED] - Object 'Object Repository/Master Data/Data Group/TambahEditDetail/DataScopeView' is clickable

2023-08-23 14:38:07 - [MESSAGE][INFO] - Click Element = Object Repository/Master Data/Data Group/TambahEditDetail/DataScopeView

2023-08-23 14:38:08 - [MESSAGE][PASSED] - Object: 'Object Repository/Master Data/Data Group/TambahEditDetail/DataScopeView' is clicked on

2023-08-23 14:38:09 - [MESSAGE][PASSED] - Text of object 'Object Repository/Master Data/Data Group/TambahEditDetail/VerifyNamaPelanggan' is: 'Pt Rukun Mitra Sejati Blitar'

2023-08-23 14:38:09 - [MESSAGE][INFO] - NAMA DISTRIBUTOR = Pt Rukun Mitra Sejati Blitar

2023-08-23 14:38:09 - [MESSAGE][PASSED] - Actual text 'Pt Rukun Mitra Sejati Blitar' and expected text 'Pt Rukun Mitra Sejati Blitar' are matched 

2023-08-23 14:38:09 - [MESSAGE][PASSED] - Text of object 'Object Repository/Master Data/Data Group/TambahEditDetail/VerifyNamaPelanggan' is: 'Pt Rukun Mitra Sejati Yogyakarta'

2023-08-23 14:38:09 - [MESSAGE][INFO] - NAMA DISTRIBUTOR = Pt Rukun Mitra Sejati Yogyakarta

2023-08-23 14:38:09 - [MESSAGE][PASSED] - Actual text 'Pt Rukun Mitra Sejati Yogyakarta' and expected text 'Pt Rukun Mitra Sejati Yogyakarta' are matched 

2023-08-23 14:38:09 - [MESSAGE][PASSED] - Text of object 'Object Repository/Master Data/Data Group/TambahEditDetail/VerifyNamaPrincipal' is: 'ASW'

2023-08-23 14:38:09 - [MESSAGE][INFO] - NAMA PRINCIPAL = ASW

2023-08-23 14:38:09 - [MESSAGE][PASSED] - Actual text 'ASW' and expected text 'ASW' are matched 

2023-08-23 14:38:10 - [MESSAGE][PASSED] - Text of object 'Object Repository/Master Data/Data Group/TambahEditDetail/VerifyNamaPrincipal' is: 'Nestle'

2023-08-23 14:38:10 - [MESSAGE][INFO] - NAMA PRINCIPAL = Nestle

2023-08-23 14:38:10 - [MESSAGE][PASSED] - Actual text 'Nestle' and expected text 'Nestle' are matched 

2023-08-23 14:38:10 - [TEST_STEP][PASSED] - dataGroup.closeViewDetail(): Delayed 2 second(s)

2023-08-23 14:38:10 - [MESSAGE][PASSED] - Object 'Object Repository/Master Data/Data Group/TambahEditDetail/Tutup' is clickable

2023-08-23 14:38:10 - [MESSAGE][INFO] - Click Element = Object Repository/Master Data/Data Group/TambahEditDetail/Tutup

2023-08-23 14:38:10 - [MESSAGE][PASSED] - Object: 'Object Repository/Master Data/Data Group/TambahEditDetail/Tutup' is clicked on

2023-08-23 14:38:12 - [MESSAGE][PASSED] - Delayed 2 second(s)

2023-08-23 14:38:12 - [TEST_STEP][PASSED] - try: Delayed 2 second(s)

2023-08-23 14:38:12 - [TEST_STEP][PASSED] - getHashMapDataGroup = listHashMapDataGroup.get(i): null

2023-08-23 14:38:12 - [TEST_STEP][PASSED] - groupID = getHashMapDataGroup.get("groupID"): null

2023-08-23 14:38:12 - [TEST_STEP][PASSED] - category = getHashMapDataGroup.get("category"): null

2023-08-23 14:38:12 - [TEST_STEP][PASSED] - logInfo(getHashMapDataGroup.toString()): [TD:TDG220603, Action:Add, groupID:katalontujuh, principalName:ASW, deskripsi:Penambahan Data Group Oleh Katalon 07., category:POSITIVE, customerName:All]

2023-08-23 14:38:12 - [MESSAGE][INFO] - [TD:TDG220603, Action:Add, groupID:katalontujuh, principalName:ASW, deskripsi:Penambahan Data Group Oleh Katalon 07., category:POSITIVE, customerName:All]

2023-08-23 14:38:12 - [TEST_STEP][PASSED] - testDataNumber = getHashMapDataGroup.get("TD"): null

2023-08-23 14:38:12 - [TEST_STEP][PASSED] - logInfo("TD: " + testDataNumber): TD: TDG220603

2023-08-23 14:38:12 - [MESSAGE][INFO] - TD: TDG220603

2023-08-23 14:38:12 - [TEST_STEP][PASSED] - dataGroup.addDataGroup(): Refresh successfully

2023-08-23 14:38:13 - [MESSAGE][PASSED] - Object 'Object Repository/Master Data/Data Group/Tambah' is clickable

2023-08-23 14:38:13 - [MESSAGE][PASSED] - Object 'Object Repository/Master Data/Data Group/Tambah' is clickable

2023-08-23 14:38:13 - [MESSAGE][INFO] - Click Element = Object Repository/Master Data/Data Group/Tambah

2023-08-23 14:38:14 - [MESSAGE][PASSED] - Object: 'Object Repository/Master Data/Data Group/Tambah' is clicked on

2023-08-23 14:38:14 - [MESSAGE][PASSED] - Refresh successfully

2023-08-23 14:38:14 - [TEST_STEP][PASSED] - dataGroup.setDataGroup(getHashMapDataGroup): Object: 'Object Repository/Master Data/Data Group/TambahEditDetail/CloseDropDown' is clicked on

2023-08-23 14:38:14 - [MESSAGE][PASSED] - Object 'Object Repository/Master Data/Data Group/TambahEditDetail/GrupID' is clickable

2023-08-23 14:38:14 - [MESSAGE][PASSED] - Object 'Object Repository/Master Data/Data Group/TambahEditDetail/GrupID' is clickable

2023-08-23 14:38:14 - [MESSAGE][INFO] - Click Element = Object Repository/Master Data/Data Group/TambahEditDetail/GrupID

2023-08-23 14:38:15 - [MESSAGE][PASSED] - Object: 'Object Repository/Master Data/Data Group/TambahEditDetail/GrupID' is clicked on

2023-08-23 14:38:15 - [MESSAGE][PASSED] - Attribute 'value' of object 'Object Repository/Master Data/Data Group/TambahEditDetail/GrupID' is: ''

2023-08-23 14:38:16 - [MESSAGE][PASSED] - Text 'katalontujuh' is set on object 'Object Repository/Master Data/Data Group/TambahEditDetail/GrupID'

2023-08-23 14:38:16 - [MESSAGE][PASSED] - Object 'Object Repository/Master Data/Data Group/TambahEditDetail/Deskripsi' is clickable

2023-08-23 14:38:16 - [MESSAGE][INFO] - Click Element = Object Repository/Master Data/Data Group/TambahEditDetail/Deskripsi

2023-08-23 14:38:17 - [MESSAGE][PASSED] - Object: 'Object Repository/Master Data/Data Group/TambahEditDetail/Deskripsi' is clicked on

2023-08-23 14:38:17 - [MESSAGE][PASSED] - Attribute 'value' of object 'Object Repository/Master Data/Data Group/TambahEditDetail/Deskripsi' is: ''

2023-08-23 14:38:18 - [MESSAGE][PASSED] - Text 'Penambahan Data Group Oleh Katalon 07.' is set on object 'Object Repository/Master Data/Data Group/TambahEditDetail/Deskripsi'

2023-08-23 14:38:18 - [MESSAGE][PASSED] - Object 'Object Repository/Master Data/Data Group/TambahEditDetail/DataCangkupan' is clickable

2023-08-23 14:38:18 - [MESSAGE][PASSED] - Object 'Object Repository/Master Data/Data Group/TambahEditDetail/DataCangkupan' is clickable

2023-08-23 14:38:18 - [MESSAGE][INFO] - Click Element = Object Repository/Master Data/Data Group/TambahEditDetail/DataCangkupan

2023-08-23 14:38:19 - [MESSAGE][PASSED] - Object: 'Object Repository/Master Data/Data Group/TambahEditDetail/DataCangkupan' is clicked on

2023-08-23 14:38:19 - [MESSAGE][PASSED] - Object 'Object Repository/Master Data/Data Group/TambahEditDetail/TerapkanDiSemuaNamaPelanggan' is not checked

2023-08-23 14:38:20 - [MESSAGE][PASSED] - Object 'Object Repository/Master Data/Data Group/TambahEditDetail/TerapkanDiSemuaNamaPelanggan' is clickable

2023-08-23 14:38:20 - [MESSAGE][INFO] - Click Element = Object Repository/Master Data/Data Group/TambahEditDetail/TerapkanDiSemuaNamaPelanggan

2023-08-23 14:38:20 - [MESSAGE][PASSED] - Object: 'Object Repository/Master Data/Data Group/TambahEditDetail/TerapkanDiSemuaNamaPelanggan' is clicked on

2023-08-23 14:38:20 - [MESSAGE][PASSED] - Object 'Object Repository/Master Data/Data Group/TambahEditDetail/NamaPrincipal' is clickable

2023-08-23 14:38:20 - [MESSAGE][INFO] - Click Element = Object Repository/Master Data/Data Group/TambahEditDetail/NamaPrincipal

2023-08-23 14:38:21 - [MESSAGE][PASSED] - Object: 'Object Repository/Master Data/Data Group/TambahEditDetail/NamaPrincipal' is clicked on

2023-08-23 14:38:21 - [MESSAGE][PASSED] - Keys 'ASW' sent to object: 'Object Repository/Master Data/Data Group/TambahEditDetail/SelectPrincipal'

2023-08-23 14:38:22 - [MESSAGE][PASSED] - Object 'Object Repository/Master Data/Data Group/TambahEditDetail/SelectPrincipal' is present

2023-08-23 14:38:23 - [MESSAGE][PASSED] - Keys 'ENTER + ' sent to object: 'Object Repository/Master Data/Data Group/TambahEditDetail/SelectPrincipal'

2023-08-23 14:38:23 - [MESSAGE][PASSED] - Object 'Object Repository/Master Data/Data Group/TambahEditDetail/CloseDropDown' is clickable

2023-08-23 14:38:23 - [MESSAGE][INFO] - Click Element = Object Repository/Master Data/Data Group/TambahEditDetail/CloseDropDown

2023-08-23 14:38:23 - [MESSAGE][PASSED] - Object: 'Object Repository/Master Data/Data Group/TambahEditDetail/CloseDropDown' is clicked on

2023-08-23 14:38:23 - [TEST_STEP][PASSED] - dataGroup.saveDataGroup(testDataNumber): Delayed 3 second(s)

2023-08-23 14:38:24 - [MESSAGE][PASSED] - Object 'Object Repository/Master Data/Data Group/TambahEditDetail/Simpan' is clickable

2023-08-23 14:38:24 - [MESSAGE][INFO] - Click Element = Object Repository/Master Data/Data Group/TambahEditDetail/Simpan

2023-08-23 14:38:24 - [MESSAGE][PASSED] - Object: 'Object Repository/Master Data/Data Group/TambahEditDetail/Simpan' is clicked on

2023-08-23 14:38:25 - [MESSAGE][PASSED] - Text of object 'Object Repository/Master Data/Data Group/TambahEditDetail/VerifySaveNotif' is: 'Berhasil Membuat Data Group Baru!'

2023-08-23 14:38:25 - [MESSAGE][PASSED] - Wait for page load successfully

2023-08-23 14:38:28 - [MESSAGE][PASSED] - Delayed 3 second(s)

2023-08-23 14:38:28 - [TEST_STEP][PASSED] - if (category.equalsIgnoreCase("Positive")): Delayed 2 second(s)

2023-08-23 14:38:28 - [TEST_STEP][PASSED] - dataGroup.viewDetail(groupID): Object: 'Object Repository/Master Data/Data Group/TambahEditDetail/pathdetailDataGroup' is clicked on

2023-08-23 14:38:28 - [MESSAGE][PASSED] - Wait for page load successfully

2023-08-23 14:38:28 - [MESSAGE][PASSED] - Object 'Object Repository/Master Data/Data Group/TambahEditDetail/SearchDataGroup' is clickable

2023-08-23 14:38:28 - [MESSAGE][INFO] - Click Element = Object Repository/Master Data/Data Group/TambahEditDetail/SearchDataGroup

2023-08-23 14:38:29 - [MESSAGE][PASSED] - Object: 'Object Repository/Master Data/Data Group/TambahEditDetail/SearchDataGroup' is clicked on

2023-08-23 14:38:29 - [MESSAGE][PASSED] - Attribute 'value' of object 'Object Repository/Master Data/Data Group/TambahEditDetail/SearchDataGroup' is: ''

2023-08-23 14:38:30 - [MESSAGE][PASSED] - Text 'katalontujuh' is set on object 'Object Repository/Master Data/Data Group/TambahEditDetail/SearchDataGroup'

2023-08-23 14:38:30 - [MESSAGE][PASSED] - Keys 'ENTER + ' sent to object: 'Object Repository/Master Data/Data Group/TambahEditDetail/SearchDataGroup'

2023-08-23 14:38:31 - [MESSAGE][PASSED] - Object 'Object Repository/Master Data/Data Group/TambahEditDetail/pathdetailDataGroup' is clickable

2023-08-23 14:38:31 - [MESSAGE][INFO] - Click Element = Object Repository/Master Data/Data Group/TambahEditDetail/pathdetailDataGroup

2023-08-23 14:38:31 - [MESSAGE][PASSED] - Object: 'Object Repository/Master Data/Data Group/TambahEditDetail/pathdetailDataGroup' is clicked on

2023-08-23 14:38:31 - [TEST_STEP][PASSED] - dataGroup.verifyDataGroup(getHashMapDataGroup): Actual text 'ASW' and expected text 'ASW' are matched 

2023-08-23 14:38:31 - [MESSAGE][INFO] - Grup ID : katalontujuh

2023-08-23 14:38:31 - [MESSAGE][INFO] - Deskripsi : Penambahan Data Group Oleh Katalon 07.

2023-08-23 14:38:31 - [MESSAGE][INFO] - Customer Name : All

2023-08-23 14:38:31 - [MESSAGE][INFO] - Principal Name : ASW

2023-08-23 14:38:31 - [MESSAGE][PASSED] - Wait for page load successfully

2023-08-23 14:38:31 - [MESSAGE][PASSED] - Attribute 'value' of object 'Object Repository/Master Data/Data Group/TambahEditDetail/VerifyDataGroupID' is: 'katalontujuh'

2023-08-23 14:38:31 - [MESSAGE][PASSED] - Actual text 'katalontujuh' and expected text 'katalontujuh' are matched 

2023-08-23 14:38:32 - [MESSAGE][PASSED] - Text of object 'Object Repository/Master Data/Data Group/TambahEditDetail/VerifyDeskripsi' is: 'Penambahan Data Group Oleh Katalon 07.'

2023-08-23 14:38:32 - [MESSAGE][PASSED] - Actual text 'Penambahan Data Group Oleh Katalon 07.' and expected text 'Penambahan Data Group Oleh Katalon 07.' are matched 

2023-08-23 14:38:32 - [MESSAGE][PASSED] - Object 'Object Repository/Master Data/Data Group/TambahEditDetail/DataScopeView' is clickable

2023-08-23 14:38:33 - [MESSAGE][PASSED] - Object 'Object Repository/Master Data/Data Group/TambahEditDetail/DataScopeView' is clickable

2023-08-23 14:38:33 - [MESSAGE][INFO] - Click Element = Object Repository/Master Data/Data Group/TambahEditDetail/DataScopeView

2023-08-23 14:38:33 - [MESSAGE][PASSED] - Object: 'Object Repository/Master Data/Data Group/TambahEditDetail/DataScopeView' is clicked on

2023-08-23 14:38:34 - [MESSAGE][PASSED] - Object 'Object Repository/Master Data/Data Group/TambahEditDetail/TerapkanDiSemuaNamaPelanggan' is checked

2023-08-23 14:38:34 - [MESSAGE][INFO] - ELEMENT CHECKED = true

2023-08-23 14:38:34 - [MESSAGE][PASSED] - Text of object 'Object Repository/Master Data/Data Group/TambahEditDetail/VerifyNamaPrincipal' is: 'ASW'

2023-08-23 14:38:34 - [MESSAGE][INFO] - NAMA PRINCIPAL = ASW

2023-08-23 14:38:34 - [MESSAGE][PASSED] - Actual text 'ASW' and expected text 'ASW' are matched 

2023-08-23 14:38:34 - [TEST_STEP][PASSED] - dataGroup.closeViewDetail(): Delayed 2 second(s)

2023-08-23 14:38:34 - [MESSAGE][PASSED] - Object 'Object Repository/Master Data/Data Group/TambahEditDetail/Tutup' is clickable

2023-08-23 14:38:34 - [MESSAGE][INFO] - Click Element = Object Repository/Master Data/Data Group/TambahEditDetail/Tutup

2023-08-23 14:38:35 - [MESSAGE][PASSED] - Object: 'Object Repository/Master Data/Data Group/TambahEditDetail/Tutup' is clicked on

2023-08-23 14:38:37 - [MESSAGE][PASSED] - Delayed 2 second(s)

2023-08-23 14:38:37 - [TEST_STEP][PASSED] - try: Delayed 2 second(s)

2023-08-23 14:38:37 - [TEST_STEP][PASSED] - getHashMapDataGroup = listHashMapDataGroup.get(i): null

2023-08-23 14:38:37 - [TEST_STEP][PASSED] - groupID = getHashMapDataGroup.get("groupID"): null

2023-08-23 14:38:37 - [TEST_STEP][PASSED] - category = getHashMapDataGroup.get("category"): null

2023-08-23 14:38:37 - [TEST_STEP][PASSED] - logInfo(getHashMapDataGroup.toString()): [TD:TDG220604, Action:Add, groupID:katalondelapan, principalName:All, deskripsi:Penambahan Data Group Oleh Katalon 08., category:POSITIVE, customerName:Pt Rukun Mitra Sejati Yogyakarta]

2023-08-23 14:38:37 - [MESSAGE][INFO] - [TD:TDG220604, Action:Add, groupID:katalondelapan, principalName:All, deskripsi:Penambahan Data Group Oleh Katalon 08., category:POSITIVE, customerName:Pt Rukun Mitra Sejati Yogyakarta]

2023-08-23 14:38:37 - [TEST_STEP][PASSED] - testDataNumber = getHashMapDataGroup.get("TD"): null

2023-08-23 14:38:37 - [TEST_STEP][PASSED] - logInfo("TD: " + testDataNumber): TD: TDG220604

2023-08-23 14:38:37 - [MESSAGE][INFO] - TD: TDG220604

2023-08-23 14:38:37 - [TEST_STEP][PASSED] - dataGroup.addDataGroup(): Refresh successfully

2023-08-23 14:38:37 - [MESSAGE][PASSED] - Object 'Object Repository/Master Data/Data Group/Tambah' is clickable

2023-08-23 14:38:38 - [MESSAGE][PASSED] - Object 'Object Repository/Master Data/Data Group/Tambah' is clickable

2023-08-23 14:38:38 - [MESSAGE][INFO] - Click Element = Object Repository/Master Data/Data Group/Tambah

2023-08-23 14:38:38 - [MESSAGE][PASSED] - Object: 'Object Repository/Master Data/Data Group/Tambah' is clicked on

2023-08-23 14:38:38 - [MESSAGE][PASSED] - Refresh successfully

2023-08-23 14:38:38 - [TEST_STEP][PASSED] - dataGroup.setDataGroup(getHashMapDataGroup): Object: 'Object Repository/Master Data/Data Group/TambahEditDetail/TerapkanDiSemuaNamaPrincipal' is clicked on

2023-08-23 14:38:38 - [MESSAGE][PASSED] - Object 'Object Repository/Master Data/Data Group/TambahEditDetail/GrupID' is clickable

2023-08-23 14:38:39 - [MESSAGE][PASSED] - Object 'Object Repository/Master Data/Data Group/TambahEditDetail/GrupID' is clickable

2023-08-23 14:38:39 - [MESSAGE][INFO] - Click Element = Object Repository/Master Data/Data Group/TambahEditDetail/GrupID

2023-08-23 14:38:40 - [MESSAGE][PASSED] - Object: 'Object Repository/Master Data/Data Group/TambahEditDetail/GrupID' is clicked on

2023-08-23 14:38:40 - [MESSAGE][PASSED] - Attribute 'value' of object 'Object Repository/Master Data/Data Group/TambahEditDetail/GrupID' is: ''

2023-08-23 14:38:41 - [MESSAGE][PASSED] - Text 'katalondelapan' is set on object 'Object Repository/Master Data/Data Group/TambahEditDetail/GrupID'

2023-08-23 14:38:41 - [MESSAGE][PASSED] - Object 'Object Repository/Master Data/Data Group/TambahEditDetail/Deskripsi' is clickable

2023-08-23 14:38:41 - [MESSAGE][INFO] - Click Element = Object Repository/Master Data/Data Group/TambahEditDetail/Deskripsi

2023-08-23 14:38:41 - [MESSAGE][PASSED] - Object: 'Object Repository/Master Data/Data Group/TambahEditDetail/Deskripsi' is clicked on

2023-08-23 14:38:42 - [MESSAGE][PASSED] - Attribute 'value' of object 'Object Repository/Master Data/Data Group/TambahEditDetail/Deskripsi' is: ''

2023-08-23 14:38:42 - [MESSAGE][PASSED] - Text 'Penambahan Data Group Oleh Katalon 08.' is set on object 'Object Repository/Master Data/Data Group/TambahEditDetail/Deskripsi'

2023-08-23 14:38:43 - [MESSAGE][PASSED] - Object 'Object Repository/Master Data/Data Group/TambahEditDetail/DataCangkupan' is clickable

2023-08-23 14:38:43 - [MESSAGE][PASSED] - Object 'Object Repository/Master Data/Data Group/TambahEditDetail/DataCangkupan' is clickable

2023-08-23 14:38:43 - [MESSAGE][INFO] - Click Element = Object Repository/Master Data/Data Group/TambahEditDetail/DataCangkupan

2023-08-23 14:38:43 - [MESSAGE][PASSED] - Object: 'Object Repository/Master Data/Data Group/TambahEditDetail/DataCangkupan' is clicked on

2023-08-23 14:38:44 - [MESSAGE][PASSED] - Object 'Object Repository/Master Data/Data Group/TambahEditDetail/NamaPelanggan' is clickable

2023-08-23 14:38:44 - [MESSAGE][INFO] - Click Element = Object Repository/Master Data/Data Group/TambahEditDetail/NamaPelanggan

2023-08-23 14:38:44 - [MESSAGE][PASSED] - Object: 'Object Repository/Master Data/Data Group/TambahEditDetail/NamaPelanggan' is clicked on

2023-08-23 14:38:45 - [MESSAGE][PASSED] - Keys 'Pt Rukun Mitra Sejati Yogyakarta' sent to object: 'Object Repository/Master Data/Data Group/TambahEditDetail/SelectPelanggan'

2023-08-23 14:38:46 - [MESSAGE][PASSED] - Object 'Object Repository/Master Data/Data Group/TambahEditDetail/SelectPelanggan' is present

2023-08-23 14:38:46 - [MESSAGE][PASSED] - Keys 'ENTER + ' sent to object: 'Object Repository/Master Data/Data Group/TambahEditDetail/SelectPelanggan'

2023-08-23 14:38:46 - [MESSAGE][PASSED] - Object 'Object Repository/Master Data/Data Group/TambahEditDetail/CloseDropDown' is clickable

2023-08-23 14:38:46 - [MESSAGE][INFO] - Click Element = Object Repository/Master Data/Data Group/TambahEditDetail/CloseDropDown

2023-08-23 14:38:47 - [MESSAGE][PASSED] - Object: 'Object Repository/Master Data/Data Group/TambahEditDetail/CloseDropDown' is clicked on

2023-08-23 14:38:47 - [MESSAGE][PASSED] - Object 'Object Repository/Master Data/Data Group/TambahEditDetail/TerapkanDiSemuaNamaPrincipal' is not checked

2023-08-23 14:38:48 - [MESSAGE][PASSED] - Object 'Object Repository/Master Data/Data Group/TambahEditDetail/TerapkanDiSemuaNamaPrincipal' is clickable

2023-08-23 14:38:48 - [MESSAGE][INFO] - Click Element = Object Repository/Master Data/Data Group/TambahEditDetail/TerapkanDiSemuaNamaPrincipal

2023-08-23 14:38:48 - [MESSAGE][PASSED] - Object: 'Object Repository/Master Data/Data Group/TambahEditDetail/TerapkanDiSemuaNamaPrincipal' is clicked on

2023-08-23 14:38:48 - [TEST_STEP][PASSED] - dataGroup.saveDataGroup(testDataNumber): Delayed 3 second(s)

2023-08-23 14:38:48 - [MESSAGE][PASSED] - Object 'Object Repository/Master Data/Data Group/TambahEditDetail/Simpan' is clickable

2023-08-23 14:38:48 - [MESSAGE][INFO] - Click Element = Object Repository/Master Data/Data Group/TambahEditDetail/Simpan

2023-08-23 14:38:49 - [MESSAGE][PASSED] - Object: 'Object Repository/Master Data/Data Group/TambahEditDetail/Simpan' is clicked on

2023-08-23 14:38:49 - [MESSAGE][PASSED] - Text of object 'Object Repository/Master Data/Data Group/TambahEditDetail/VerifySaveNotif' is: 'Berhasil Membuat Data Group Baru!'

2023-08-23 14:38:49 - [MESSAGE][PASSED] - Wait for page load successfully

2023-08-23 14:38:52 - [MESSAGE][PASSED] - Delayed 3 second(s)

2023-08-23 14:38:52 - [TEST_STEP][PASSED] - if (category.equalsIgnoreCase("Positive")): Delayed 2 second(s)

2023-08-23 14:38:52 - [TEST_STEP][PASSED] - dataGroup.viewDetail(groupID): Object: 'Object Repository/Master Data/Data Group/TambahEditDetail/pathdetailDataGroup' is clicked on

2023-08-23 14:38:52 - [MESSAGE][PASSED] - Wait for page load successfully

2023-08-23 14:38:53 - [MESSAGE][PASSED] - Object 'Object Repository/Master Data/Data Group/TambahEditDetail/SearchDataGroup' is clickable

2023-08-23 14:38:53 - [MESSAGE][INFO] - Click Element = Object Repository/Master Data/Data Group/TambahEditDetail/SearchDataGroup

2023-08-23 14:38:53 - [MESSAGE][PASSED] - Object: 'Object Repository/Master Data/Data Group/TambahEditDetail/SearchDataGroup' is clicked on

2023-08-23 14:38:53 - [MESSAGE][PASSED] - Attribute 'value' of object 'Object Repository/Master Data/Data Group/TambahEditDetail/SearchDataGroup' is: ''

2023-08-23 14:38:54 - [MESSAGE][PASSED] - Text 'katalondelapan' is set on object 'Object Repository/Master Data/Data Group/TambahEditDetail/SearchDataGroup'

2023-08-23 14:38:54 - [MESSAGE][PASSED] - Keys 'ENTER + ' sent to object: 'Object Repository/Master Data/Data Group/TambahEditDetail/SearchDataGroup'

2023-08-23 14:38:55 - [MESSAGE][PASSED] - Object 'Object Repository/Master Data/Data Group/TambahEditDetail/pathdetailDataGroup' is clickable

2023-08-23 14:38:55 - [MESSAGE][INFO] - Click Element = Object Repository/Master Data/Data Group/TambahEditDetail/pathdetailDataGroup

2023-08-23 14:38:55 - [MESSAGE][PASSED] - Object: 'Object Repository/Master Data/Data Group/TambahEditDetail/pathdetailDataGroup' is clicked on

2023-08-23 14:38:55 - [TEST_STEP][PASSED] - dataGroup.verifyDataGroup(getHashMapDataGroup): ELEMENT CHECKED = true

2023-08-23 14:38:55 - [MESSAGE][INFO] - Grup ID : katalondelapan

2023-08-23 14:38:55 - [MESSAGE][INFO] - Deskripsi : Penambahan Data Group Oleh Katalon 08.

2023-08-23 14:38:55 - [MESSAGE][INFO] - Customer Name : Pt Rukun Mitra Sejati Yogyakarta

2023-08-23 14:38:55 - [MESSAGE][INFO] - Principal Name : All

2023-08-23 14:38:55 - [MESSAGE][PASSED] - Wait for page load successfully

2023-08-23 14:38:56 - [MESSAGE][PASSED] - Attribute 'value' of object 'Object Repository/Master Data/Data Group/TambahEditDetail/VerifyDataGroupID' is: 'katalondelapan'

2023-08-23 14:38:56 - [MESSAGE][PASSED] - Actual text 'katalondelapan' and expected text 'katalondelapan' are matched 

2023-08-23 14:38:56 - [MESSAGE][PASSED] - Text of object 'Object Repository/Master Data/Data Group/TambahEditDetail/VerifyDeskripsi' is: 'Penambahan Data Group Oleh Katalon 08.'

2023-08-23 14:38:56 - [MESSAGE][PASSED] - Actual text 'Penambahan Data Group Oleh Katalon 08.' and expected text 'Penambahan Data Group Oleh Katalon 08.' are matched 

2023-08-23 14:38:57 - [MESSAGE][PASSED] - Object 'Object Repository/Master Data/Data Group/TambahEditDetail/DataScopeView' is clickable

2023-08-23 14:38:57 - [MESSAGE][PASSED] - Object 'Object Repository/Master Data/Data Group/TambahEditDetail/DataScopeView' is clickable

2023-08-23 14:38:57 - [MESSAGE][INFO] - Click Element = Object Repository/Master Data/Data Group/TambahEditDetail/DataScopeView

2023-08-23 14:38:57 - [MESSAGE][PASSED] - Object: 'Object Repository/Master Data/Data Group/TambahEditDetail/DataScopeView' is clicked on

2023-08-23 14:38:58 - [MESSAGE][PASSED] - Text of object 'Object Repository/Master Data/Data Group/TambahEditDetail/VerifyNamaPelanggan' is: 'Pt Rukun Mitra Sejati Yogyakarta'

2023-08-23 14:38:58 - [MESSAGE][INFO] - NAMA DISTRIBUTOR = Pt Rukun Mitra Sejati Yogyakarta

2023-08-23 14:38:58 - [MESSAGE][PASSED] - Actual text 'Pt Rukun Mitra Sejati Yogyakarta' and expected text 'Pt Rukun Mitra Sejati Yogyakarta' are matched 

2023-08-23 14:38:59 - [MESSAGE][PASSED] - Object 'Object Repository/Master Data/Data Group/TambahEditDetail/TerapkanDiSemuaNamaPrincipal' is checked

2023-08-23 14:38:59 - [MESSAGE][INFO] - ELEMENT CHECKED = true

2023-08-23 14:38:59 - [TEST_STEP][PASSED] - dataGroup.closeViewDetail(): Delayed 2 second(s)

2023-08-23 14:38:59 - [MESSAGE][PASSED] - Object 'Object Repository/Master Data/Data Group/TambahEditDetail/Tutup' is clickable

2023-08-23 14:38:59 - [MESSAGE][INFO] - Click Element = Object Repository/Master Data/Data Group/TambahEditDetail/Tutup

2023-08-23 14:38:59 - [MESSAGE][PASSED] - Object: 'Object Repository/Master Data/Data Group/TambahEditDetail/Tutup' is clicked on

2023-08-23 14:39:01 - [MESSAGE][PASSED] - Delayed 2 second(s)

2023-08-23 14:39:01 - [TEST_STEP][PASSED] - try: null

2023-08-23 14:39:01 - [TEST_STEP][PASSED] - getHashMapDataGroup = listHashMapDataGroup.get(i): null

2023-08-23 14:39:01 - [TEST_STEP][PASSED] - groupID = getHashMapDataGroup.get("groupID"): null

2023-08-23 14:39:01 - [TEST_STEP][PASSED] - category = getHashMapDataGroup.get("category"): null

2023-08-23 14:39:01 - [TEST_STEP][PASSED] - logInfo(getHashMapDataGroup.toString()): [TD:TDG220605, Action:Add, groupID:cs, principalName:All, deskripsi:Penambahan Data Group yang sudah ada, category:NEGATIVE, customerName:All]

2023-08-23 14:39:01 - [MESSAGE][INFO] - [TD:TDG220605, Action:Add, groupID:cs, principalName:All, deskripsi:Penambahan Data Group yang sudah ada, category:NEGATIVE, customerName:All]

2023-08-23 14:39:01 - [TEST_STEP][PASSED] - testDataNumber = getHashMapDataGroup.get("TD"): null

2023-08-23 14:39:01 - [TEST_STEP][PASSED] - logInfo("TD: " + testDataNumber): TD: TDG220605

2023-08-23 14:39:01 - [MESSAGE][INFO] - TD: TDG220605

2023-08-23 14:39:01 - [TEST_STEP][PASSED] - dataGroup.addDataGroup(): Refresh successfully

2023-08-23 14:39:02 - [MESSAGE][PASSED] - Object 'Object Repository/Master Data/Data Group/Tambah' is clickable

2023-08-23 14:39:02 - [MESSAGE][PASSED] - Object 'Object Repository/Master Data/Data Group/Tambah' is clickable

2023-08-23 14:39:02 - [MESSAGE][INFO] - Click Element = Object Repository/Master Data/Data Group/Tambah

2023-08-23 14:39:02 - [MESSAGE][PASSED] - Object: 'Object Repository/Master Data/Data Group/Tambah' is clicked on

2023-08-23 14:39:03 - [MESSAGE][PASSED] - Refresh successfully

2023-08-23 14:39:03 - [TEST_STEP][PASSED] - dataGroup.setDataGroup(getHashMapDataGroup): Object: 'Object Repository/Master Data/Data Group/TambahEditDetail/TerapkanDiSemuaNamaPrincipal' is clicked on

2023-08-23 14:39:03 - [MESSAGE][PASSED] - Object 'Object Repository/Master Data/Data Group/TambahEditDetail/GrupID' is clickable

2023-08-23 14:39:03 - [MESSAGE][PASSED] - Object 'Object Repository/Master Data/Data Group/TambahEditDetail/GrupID' is clickable

2023-08-23 14:39:03 - [MESSAGE][INFO] - Click Element = Object Repository/Master Data/Data Group/TambahEditDetail/GrupID

2023-08-23 14:39:04 - [MESSAGE][PASSED] - Object: 'Object Repository/Master Data/Data Group/TambahEditDetail/GrupID' is clicked on

2023-08-23 14:39:04 - [MESSAGE][PASSED] - Attribute 'value' of object 'Object Repository/Master Data/Data Group/TambahEditDetail/GrupID' is: ''

2023-08-23 14:39:05 - [MESSAGE][PASSED] - Text 'cs' is set on object 'Object Repository/Master Data/Data Group/TambahEditDetail/GrupID'

2023-08-23 14:39:06 - [MESSAGE][PASSED] - Object 'Object Repository/Master Data/Data Group/TambahEditDetail/Deskripsi' is clickable

2023-08-23 14:39:06 - [MESSAGE][INFO] - Click Element = Object Repository/Master Data/Data Group/TambahEditDetail/Deskripsi

2023-08-23 14:39:06 - [MESSAGE][PASSED] - Object: 'Object Repository/Master Data/Data Group/TambahEditDetail/Deskripsi' is clicked on

2023-08-23 14:39:06 - [MESSAGE][PASSED] - Attribute 'value' of object 'Object Repository/Master Data/Data Group/TambahEditDetail/Deskripsi' is: ''

2023-08-23 14:39:07 - [MESSAGE][PASSED] - Text 'Penambahan Data Group yang sudah ada' is set on object 'Object Repository/Master Data/Data Group/TambahEditDetail/Deskripsi'

2023-08-23 14:39:07 - [MESSAGE][PASSED] - Object 'Object Repository/Master Data/Data Group/TambahEditDetail/DataCangkupan' is clickable

2023-08-23 14:39:08 - [MESSAGE][PASSED] - Object 'Object Repository/Master Data/Data Group/TambahEditDetail/DataCangkupan' is clickable

2023-08-23 14:39:08 - [MESSAGE][INFO] - Click Element = Object Repository/Master Data/Data Group/TambahEditDetail/DataCangkupan

2023-08-23 14:39:08 - [MESSAGE][PASSED] - Object: 'Object Repository/Master Data/Data Group/TambahEditDetail/DataCangkupan' is clicked on

2023-08-23 14:39:08 - [MESSAGE][PASSED] - Object 'Object Repository/Master Data/Data Group/TambahEditDetail/TerapkanDiSemuaNamaPelanggan' is not checked

2023-08-23 14:39:09 - [MESSAGE][PASSED] - Object 'Object Repository/Master Data/Data Group/TambahEditDetail/TerapkanDiSemuaNamaPelanggan' is clickable

2023-08-23 14:39:09 - [MESSAGE][INFO] - Click Element = Object Repository/Master Data/Data Group/TambahEditDetail/TerapkanDiSemuaNamaPelanggan

2023-08-23 14:39:09 - [MESSAGE][PASSED] - Object: 'Object Repository/Master Data/Data Group/TambahEditDetail/TerapkanDiSemuaNamaPelanggan' is clicked on

2023-08-23 14:39:10 - [MESSAGE][PASSED] - Object 'Object Repository/Master Data/Data Group/TambahEditDetail/TerapkanDiSemuaNamaPrincipal' is not checked

2023-08-23 14:39:10 - [MESSAGE][PASSED] - Object 'Object Repository/Master Data/Data Group/TambahEditDetail/TerapkanDiSemuaNamaPrincipal' is clickable

2023-08-23 14:39:10 - [MESSAGE][INFO] - Click Element = Object Repository/Master Data/Data Group/TambahEditDetail/TerapkanDiSemuaNamaPrincipal

2023-08-23 14:39:10 - [MESSAGE][PASSED] - Object: 'Object Repository/Master Data/Data Group/TambahEditDetail/TerapkanDiSemuaNamaPrincipal' is clicked on

2023-08-23 14:39:10 - [TEST_STEP][PASSED] - dataGroup.saveDataGroup(testDataNumber): Delayed 3 second(s)

2023-08-23 14:39:11 - [MESSAGE][PASSED] - Object 'Object Repository/Master Data/Data Group/TambahEditDetail/Simpan' is clickable

2023-08-23 14:39:11 - [MESSAGE][INFO] - Click Element = Object Repository/Master Data/Data Group/TambahEditDetail/Simpan

2023-08-23 14:39:11 - [MESSAGE][PASSED] - Object: 'Object Repository/Master Data/Data Group/TambahEditDetail/Simpan' is clicked on

2023-08-23 14:39:12 - [MESSAGE][PASSED] - Text of object 'Object Repository/Master Data/Data Group/TambahEditDetail/VerifySaveNotif' is: 'Data dengan group_id ini sudah pernah disimpan'

2023-08-23 14:39:12 - [MESSAGE][INFO] - Message: TDG220605 Data dengan group_id ini sudah pernah disimpan

2023-08-23 14:39:12 - [MESSAGE][PASSED] - Object 'Object Repository/Master Data/Data Group/TambahEditDetail/button_OK' is clickable

2023-08-23 14:39:12 - [MESSAGE][INFO] - Click Element = Object Repository/Master Data/Data Group/TambahEditDetail/button_OK

2023-08-23 14:39:12 - [MESSAGE][PASSED] - Object: 'Object Repository/Master Data/Data Group/TambahEditDetail/button_OK' is clicked on

2023-08-23 14:39:13 - [MESSAGE][PASSED] - Object 'Object Repository/Home Page(General)/btnDataGroup' is clickable

2023-08-23 14:39:13 - [MESSAGE][INFO] - Click Element = Object Repository/Home Page(General)/btnDataGroup

2023-08-23 14:39:13 - [MESSAGE][PASSED] - Object: 'Object Repository/Home Page(General)/btnDataGroup' is clicked on

2023-08-23 14:39:13 - [MESSAGE][PASSED] - Wait for page load successfully

2023-08-23 14:39:16 - [MESSAGE][PASSED] - Delayed 3 second(s)

2023-08-23 14:39:16 - [TEST_STEP][PASSED] - if (category.equalsIgnoreCase("Positive")): null

2023-08-23 14:39:16 - [TEST_STEP][PASSED] - try: null

2023-08-23 14:39:16 - [TEST_STEP][PASSED] - getHashMapDataGroup = listHashMapDataGroup.get(i): null

2023-08-23 14:39:16 - [TEST_STEP][PASSED] - groupID = getHashMapDataGroup.get("groupID"): null

2023-08-23 14:39:16 - [TEST_STEP][PASSED] - category = getHashMapDataGroup.get("category"): null

2023-08-23 14:39:16 - [TEST_STEP][PASSED] - logInfo(getHashMapDataGroup.toString()): [TD:TDG220606, Action:Add, groupID:katalonsembilan, principalName:, deskripsi:Penambahan Data Group tanpa mengisi data scope, category:NEGATIVE, customerName:]

2023-08-23 14:39:16 - [MESSAGE][INFO] - [TD:TDG220606, Action:Add, groupID:katalonsembilan, principalName:, deskripsi:Penambahan Data Group tanpa mengisi data scope, category:NEGATIVE, customerName:]

2023-08-23 14:39:16 - [TEST_STEP][PASSED] - testDataNumber = getHashMapDataGroup.get("TD"): null

2023-08-23 14:39:16 - [TEST_STEP][PASSED] - logInfo("TD: " + testDataNumber): TD: TDG220606

2023-08-23 14:39:16 - [MESSAGE][INFO] - TD: TDG220606

2023-08-23 14:39:16 - [TEST_STEP][PASSED] - dataGroup.addDataGroup(): Refresh successfully

2023-08-23 14:39:17 - [MESSAGE][PASSED] - Object 'Object Repository/Master Data/Data Group/Tambah' is clickable

2023-08-23 14:39:17 - [MESSAGE][PASSED] - Object 'Object Repository/Master Data/Data Group/Tambah' is clickable

2023-08-23 14:39:17 - [MESSAGE][INFO] - Click Element = Object Repository/Master Data/Data Group/Tambah

2023-08-23 14:39:17 - [MESSAGE][PASSED] - Object: 'Object Repository/Master Data/Data Group/Tambah' is clicked on

2023-08-23 14:39:18 - [MESSAGE][PASSED] - Refresh successfully

2023-08-23 14:39:18 - [TEST_STEP][PASSED] - dataGroup.setDataGroup(getHashMapDataGroup): Object: 'Object Repository/Master Data/Data Group/TambahEditDetail/DataCangkupan' is clicked on

2023-08-23 14:39:18 - [MESSAGE][PASSED] - Object 'Object Repository/Master Data/Data Group/TambahEditDetail/GrupID' is clickable

2023-08-23 14:39:18 - [MESSAGE][PASSED] - Object 'Object Repository/Master Data/Data Group/TambahEditDetail/GrupID' is clickable

2023-08-23 14:39:18 - [MESSAGE][INFO] - Click Element = Object Repository/Master Data/Data Group/TambahEditDetail/GrupID

2023-08-23 14:39:19 - [MESSAGE][PASSED] - Object: 'Object Repository/Master Data/Data Group/TambahEditDetail/GrupID' is clicked on

2023-08-23 14:39:19 - [MESSAGE][PASSED] - Attribute 'value' of object 'Object Repository/Master Data/Data Group/TambahEditDetail/GrupID' is: ''

2023-08-23 14:39:20 - [MESSAGE][PASSED] - Text 'katalonsembilan' is set on object 'Object Repository/Master Data/Data Group/TambahEditDetail/GrupID'

2023-08-23 14:39:20 - [MESSAGE][PASSED] - Object 'Object Repository/Master Data/Data Group/TambahEditDetail/Deskripsi' is clickable

2023-08-23 14:39:20 - [MESSAGE][INFO] - Click Element = Object Repository/Master Data/Data Group/TambahEditDetail/Deskripsi

2023-08-23 14:39:21 - [MESSAGE][PASSED] - Object: 'Object Repository/Master Data/Data Group/TambahEditDetail/Deskripsi' is clicked on

2023-08-23 14:39:21 - [MESSAGE][PASSED] - Attribute 'value' of object 'Object Repository/Master Data/Data Group/TambahEditDetail/Deskripsi' is: ''

2023-08-23 14:39:22 - [MESSAGE][PASSED] - Text 'Penambahan Data Group tanpa mengisi data scope' is set on object 'Object Repository/Master Data/Data Group/TambahEditDetail/Deskripsi'

2023-08-23 14:39:22 - [MESSAGE][PASSED] - Object 'Object Repository/Master Data/Data Group/TambahEditDetail/DataCangkupan' is clickable

2023-08-23 14:39:23 - [MESSAGE][PASSED] - Object 'Object Repository/Master Data/Data Group/TambahEditDetail/DataCangkupan' is clickable

2023-08-23 14:39:23 - [MESSAGE][INFO] - Click Element = Object Repository/Master Data/Data Group/TambahEditDetail/DataCangkupan

2023-08-23 14:39:23 - [MESSAGE][PASSED] - Object: 'Object Repository/Master Data/Data Group/TambahEditDetail/DataCangkupan' is clicked on

2023-08-23 14:39:23 - [TEST_STEP][PASSED] - dataGroup.saveDataGroup(testDataNumber): Delayed 3 second(s)

2023-08-23 14:39:23 - [MESSAGE][PASSED] - Object 'Object Repository/Master Data/Data Group/TambahEditDetail/Simpan' is clickable

2023-08-23 14:39:23 - [MESSAGE][INFO] - Click Element = Object Repository/Master Data/Data Group/TambahEditDetail/Simpan

2023-08-23 14:39:24 - [MESSAGE][PASSED] - Object: 'Object Repository/Master Data/Data Group/TambahEditDetail/Simpan' is clicked on

2023-08-23 14:39:24 - [MESSAGE][PASSED] - Text of object 'Object Repository/Master Data/Data Group/TambahEditDetail/VerifySaveNotif' is: 'Data Scope Distributor dan Principal tidak boleh kosong!'

2023-08-23 14:39:24 - [MESSAGE][INFO] - Message: TDG220606 Data Scope Distributor dan Principal tidak boleh kosong!

2023-08-23 14:39:25 - [MESSAGE][PASSED] - Object 'Object Repository/Master Data/Data Group/TambahEditDetail/button_OK' is clickable

2023-08-23 14:39:25 - [MESSAGE][INFO] - Click Element = Object Repository/Master Data/Data Group/TambahEditDetail/button_OK

2023-08-23 14:39:25 - [MESSAGE][PASSED] - Object: 'Object Repository/Master Data/Data Group/TambahEditDetail/button_OK' is clicked on

2023-08-23 14:39:25 - [MESSAGE][PASSED] - Object 'Object Repository/Home Page(General)/btnDataGroup' is clickable

2023-08-23 14:39:25 - [MESSAGE][INFO] - Click Element = Object Repository/Home Page(General)/btnDataGroup

2023-08-23 14:39:26 - [MESSAGE][PASSED] - Object: 'Object Repository/Home Page(General)/btnDataGroup' is clicked on

2023-08-23 14:39:26 - [MESSAGE][PASSED] - Wait for page load successfully

2023-08-23 14:39:29 - [MESSAGE][PASSED] - Delayed 3 second(s)

2023-08-23 14:39:29 - [TEST_STEP][PASSED] - if (category.equalsIgnoreCase("Positive")): null

2023-08-23 14:39:29 - [TEST_STEP][PASSED] - try: null

2023-08-23 14:39:29 - [TEST_STEP][PASSED] - getHashMapDataGroup = listHashMapDataGroup.get(i): null

2023-08-23 14:39:29 - [TEST_STEP][PASSED] - groupID = getHashMapDataGroup.get("groupID"): null

2023-08-23 14:39:29 - [TEST_STEP][PASSED] - category = getHashMapDataGroup.get("category"): null

2023-08-23 14:39:29 - [TEST_STEP][PASSED] - logInfo(getHashMapDataGroup.toString()): [TD:, Action:Add, groupID:katalonsepuluh, principalName:All, deskripsi:, category:NEGATIVE, customerName:All]

2023-08-23 14:39:29 - [MESSAGE][INFO] - [TD:, Action:Add, groupID:katalonsepuluh, principalName:All, deskripsi:, category:NEGATIVE, customerName:All]

2023-08-23 14:39:29 - [TEST_STEP][PASSED] - testDataNumber = getHashMapDataGroup.get("TD"): null

2023-08-23 14:39:29 - [TEST_STEP][PASSED] - logInfo("TD: " + testDataNumber): TD: 

2023-08-23 14:39:29 - [MESSAGE][INFO] - TD: 

2023-08-23 14:39:29 - [TEST_STEP][PASSED] - dataGroup.addDataGroup(): Refresh successfully

2023-08-23 14:39:29 - [MESSAGE][PASSED] - Object 'Object Repository/Master Data/Data Group/Tambah' is clickable

2023-08-23 14:39:30 - [MESSAGE][PASSED] - Object 'Object Repository/Master Data/Data Group/Tambah' is clickable

2023-08-23 14:39:30 - [MESSAGE][INFO] - Click Element = Object Repository/Master Data/Data Group/Tambah

2023-08-23 14:39:30 - [MESSAGE][PASSED] - Object: 'Object Repository/Master Data/Data Group/Tambah' is clicked on

2023-08-23 14:39:30 - [MESSAGE][PASSED] - Refresh successfully

2023-08-23 14:39:30 - [TEST_STEP][PASSED] - dataGroup.setDataGroup(getHashMapDataGroup): Object: 'Object Repository/Master Data/Data Group/TambahEditDetail/TerapkanDiSemuaNamaPrincipal' is clicked on

2023-08-23 14:39:31 - [MESSAGE][PASSED] - Object 'Object Repository/Master Data/Data Group/TambahEditDetail/GrupID' is clickable

2023-08-23 14:39:31 - [MESSAGE][PASSED] - Object 'Object Repository/Master Data/Data Group/TambahEditDetail/GrupID' is clickable

2023-08-23 14:39:31 - [MESSAGE][INFO] - Click Element = Object Repository/Master Data/Data Group/TambahEditDetail/GrupID

2023-08-23 14:39:32 - [MESSAGE][PASSED] - Object: 'Object Repository/Master Data/Data Group/TambahEditDetail/GrupID' is clicked on

2023-08-23 14:39:32 - [MESSAGE][PASSED] - Attribute 'value' of object 'Object Repository/Master Data/Data Group/TambahEditDetail/GrupID' is: ''

2023-08-23 14:39:33 - [MESSAGE][PASSED] - Text 'katalonsepuluh' is set on object 'Object Repository/Master Data/Data Group/TambahEditDetail/GrupID'

2023-08-23 14:39:33 - [MESSAGE][PASSED] - Object 'Object Repository/Master Data/Data Group/TambahEditDetail/Deskripsi' is clickable

2023-08-23 14:39:33 - [MESSAGE][INFO] - Click Element = Object Repository/Master Data/Data Group/TambahEditDetail/Deskripsi

2023-08-23 14:39:33 - [MESSAGE][PASSED] - Object: 'Object Repository/Master Data/Data Group/TambahEditDetail/Deskripsi' is clicked on

2023-08-23 14:39:34 - [MESSAGE][PASSED] - Attribute 'value' of object 'Object Repository/Master Data/Data Group/TambahEditDetail/Deskripsi' is: ''

2023-08-23 14:39:35 - [MESSAGE][PASSED] - Text '' is set on object 'Object Repository/Master Data/Data Group/TambahEditDetail/Deskripsi'

2023-08-23 14:39:35 - [MESSAGE][PASSED] - Object 'Object Repository/Master Data/Data Group/TambahEditDetail/DataCangkupan' is clickable

2023-08-23 14:39:35 - [MESSAGE][PASSED] - Object 'Object Repository/Master Data/Data Group/TambahEditDetail/DataCangkupan' is clickable

2023-08-23 14:39:35 - [MESSAGE][INFO] - Click Element = Object Repository/Master Data/Data Group/TambahEditDetail/DataCangkupan

2023-08-23 14:39:36 - [MESSAGE][PASSED] - Object: 'Object Repository/Master Data/Data Group/TambahEditDetail/DataCangkupan' is clicked on

2023-08-23 14:39:36 - [MESSAGE][PASSED] - Object 'Object Repository/Master Data/Data Group/TambahEditDetail/TerapkanDiSemuaNamaPelanggan' is not checked

2023-08-23 14:39:36 - [MESSAGE][PASSED] - Object 'Object Repository/Master Data/Data Group/TambahEditDetail/TerapkanDiSemuaNamaPelanggan' is clickable

2023-08-23 14:39:36 - [MESSAGE][INFO] - Click Element = Object Repository/Master Data/Data Group/TambahEditDetail/TerapkanDiSemuaNamaPelanggan

2023-08-23 14:39:37 - [MESSAGE][PASSED] - Object: 'Object Repository/Master Data/Data Group/TambahEditDetail/TerapkanDiSemuaNamaPelanggan' is clicked on

2023-08-23 14:39:37 - [MESSAGE][PASSED] - Object 'Object Repository/Master Data/Data Group/TambahEditDetail/TerapkanDiSemuaNamaPrincipal' is not checked

2023-08-23 14:39:38 - [MESSAGE][PASSED] - Object 'Object Repository/Master Data/Data Group/TambahEditDetail/TerapkanDiSemuaNamaPrincipal' is clickable

2023-08-23 14:39:38 - [MESSAGE][INFO] - Click Element = Object Repository/Master Data/Data Group/TambahEditDetail/TerapkanDiSemuaNamaPrincipal

2023-08-23 14:39:38 - [MESSAGE][PASSED] - Object: 'Object Repository/Master Data/Data Group/TambahEditDetail/TerapkanDiSemuaNamaPrincipal' is clicked on

2023-08-23 14:39:38 - [TEST_STEP][PASSED] - dataGroup.saveDataGroup(testDataNumber): Delayed 3 second(s)

2023-08-23 14:39:39 - [MESSAGE][PASSED] - Object 'Object Repository/Master Data/Data Group/TambahEditDetail/Simpan' is clickable

2023-08-23 14:39:39 - [MESSAGE][INFO] - Click Element = Object Repository/Master Data/Data Group/TambahEditDetail/Simpan

2023-08-23 14:39:39 - [MESSAGE][PASSED] - Object: 'Object Repository/Master Data/Data Group/TambahEditDetail/Simpan' is clicked on

2023-08-23 14:39:39 - [MESSAGE][PASSED] - Text of object 'Object Repository/Master Data/Data Group/TambahEditDetail/VerifySaveNotif' is: 'Kolom description belum diisi. Silakan cek kembali'

2023-08-23 14:39:39 - [MESSAGE][INFO] - Message:  Kolom description belum diisi. Silakan cek kembali

2023-08-23 14:39:40 - [MESSAGE][PASSED] - Object 'Object Repository/Master Data/Data Group/TambahEditDetail/button_OK' is clickable

2023-08-23 14:39:40 - [MESSAGE][INFO] - Click Element = Object Repository/Master Data/Data Group/TambahEditDetail/button_OK

2023-08-23 14:39:40 - [MESSAGE][PASSED] - Object: 'Object Repository/Master Data/Data Group/TambahEditDetail/button_OK' is clicked on

2023-08-23 14:39:41 - [MESSAGE][PASSED] - Object 'Object Repository/Home Page(General)/btnDataGroup' is clickable

2023-08-23 14:39:41 - [MESSAGE][INFO] - Click Element = Object Repository/Home Page(General)/btnDataGroup

2023-08-23 14:39:41 - [MESSAGE][PASSED] - Object: 'Object Repository/Home Page(General)/btnDataGroup' is clicked on

2023-08-23 14:39:41 - [MESSAGE][PASSED] - Wait for page load successfully

2023-08-23 14:39:44 - [MESSAGE][PASSED] - Delayed 3 second(s)

2023-08-23 14:39:44 - [TEST_STEP][PASSED] - if (category.equalsIgnoreCase("Positive")): null

2023-08-23 14:39:44 - [TEST_STEP][PASSED] - generalAction.logoutAndCloseBrowser(): Browser is closed

2023-08-23 14:39:47 - [MESSAGE][PASSED] - Delayed 3 second(s)

2023-08-23 14:39:47 - [MESSAGE][PASSED] - Object 'Object Repository/Home Page(General)/Page_NexCARE/btnLogOut' is clickable

2023-08-23 14:39:48 - [MESSAGE][PASSED] - Object 'Object Repository/Home Page(General)/Page_NexCARE/btnLogOut' is clickable

2023-08-23 14:39:48 - [MESSAGE][INFO] - Click Element = Object Repository/Home Page(General)/Page_NexCARE/btnLogOut

2023-08-23 14:39:48 - [MESSAGE][PASSED] - Object: 'Object Repository/Home Page(General)/Page_NexCARE/btnLogOut' is clicked on

2023-08-23 14:39:48 - [MESSAGE][PASSED] - Object 'Object Repository/Home Page(General)/Konfrimasi Keluar' is clickable

2023-08-23 14:39:48 - [MESSAGE][INFO] - Click Element = Object Repository/Home Page(General)/Konfrimasi Keluar

2023-08-23 14:39:49 - [MESSAGE][PASSED] - Object: 'Object Repository/Home Page(General)/Konfrimasi Keluar' is clicked on

2023-08-23 14:39:52 - [MESSAGE][PASSED] - Delayed 3 second(s)

2023-08-23 14:39:53 - [MESSAGE][PASSED] - Browser is closed

2023-08-23 14:39:53 - [TEST_STEP][ERROR] - Start listener action : afterTestCase: org.codehaus.groovy.runtime.typehandling.GroovyCastException: Cannot cast object 'CChromeDriver: chrome on WINDOWS (null)' with class 'com.kms.katalon.selenium.driver.CChromeDriver' to class 'org.openqa.selenium.support.events.EventFiringWebDriver'
	at WebTestListener.afterTestCase(WebTestListener.groovy:117)
	at WebTestListener.invokeMethod(WebTestListener.groovy)
	at com.kms.katalon.core.context.internal.TestHooker.invokeMethod(TestHooker.java:111)
	at com.kms.katalon.core.context.internal.TestHooker.lambda$3(TestHooker.java:95)
	at com.kms.katalon.core.context.internal.TestHooker.invokeContextMethods(TestHooker.java:94)
	at com.kms.katalon.core.context.internal.TestListenerCollector.lambda$3(TestListenerCollector.java:88)
	at com.kms.katalon.core.context.internal.TestListenerCollector.handleListenerEvent(TestListenerCollector.java:85)
	at com.kms.katalon.core.context.internal.ExecutionEventManager.publicEvent(ExecutionEventManager.java:36)
	at com.kms.katalon.core.main.TestCaseExecutor.execute(TestCaseExecutor.java:315)
	at com.kms.katalon.core.common.CommonExecutor.accessTestCaseMainPhase(CommonExecutor.java:65)
	at com.kms.katalon.core.main.TestSuiteExecutor.accessTestSuiteMainPhase(TestSuiteExecutor.java:148)
	at com.kms.katalon.core.main.TestSuiteExecutor.execute(TestSuiteExecutor.java:106)
	at com.kms.katalon.core.main.TestCaseMain.startTestSuite(TestCaseMain.java:187)
	at com.kms.katalon.core.main.TestCaseMain$startTestSuite$0.call(Unknown Source)
	at TempTestSuite1692776210462.run(TempTestSuite1692776210462.groovy:36)


2023-08-23 14:39:53 - [TEST_STEP][ERROR] - if (!(isSkipTestListener)): org.codehaus.groovy.runtime.typehandling.GroovyCastException: Cannot cast object 'CChromeDriver: chrome on WINDOWS (null)' with class 'com.kms.katalon.selenium.driver.CChromeDriver' to class 'org.openqa.selenium.support.events.EventFiringWebDriver'
	at WebTestListener.afterTestCase(WebTestListener.groovy:117)
	at WebTestListener.invokeMethod(WebTestListener.groovy)
	at com.kms.katalon.core.context.internal.TestHooker.invokeMethod(TestHooker.java:111)
	at com.kms.katalon.core.context.internal.TestHooker.lambda$3(TestHooker.java:95)
	at com.kms.katalon.core.context.internal.TestHooker.invokeContextMethods(TestHooker.java:94)
	at com.kms.katalon.core.context.internal.TestListenerCollector.lambda$3(TestListenerCollector.java:88)
	at com.kms.katalon.core.context.internal.TestListenerCollector.handleListenerEvent(TestListenerCollector.java:85)
	at com.kms.katalon.core.context.internal.ExecutionEventManager.publicEvent(ExecutionEventManager.java:36)
	at com.kms.katalon.core.main.TestCaseExecutor.execute(TestCaseExecutor.java:315)
	at com.kms.katalon.core.common.CommonExecutor.accessTestCaseMainPhase(CommonExecutor.java:65)
	at com.kms.katalon.core.main.TestSuiteExecutor.accessTestSuiteMainPhase(TestSuiteExecutor.java:148)
	at com.kms.katalon.core.main.TestSuiteExecutor.execute(TestSuiteExecutor.java:106)
	at com.kms.katalon.core.main.TestCaseMain.startTestSuite(TestCaseMain.java:187)
	at com.kms.katalon.core.main.TestCaseMain$startTestSuite$0.call(Unknown Source)
	at TempTestSuite1692776210462.run(TempTestSuite1692776210462.groovy:36)


2023-08-23 14:39:53 - [TEST_STEP][ERROR] - if (!(isSkipReport)): org.codehaus.groovy.runtime.typehandling.GroovyCastException: Cannot cast object 'CChromeDriver: chrome on WINDOWS (null)' with class 'com.kms.katalon.selenium.driver.CChromeDriver' to class 'org.openqa.selenium.support.events.EventFiringWebDriver'
	at WebTestListener.afterTestCase(WebTestListener.groovy:117)
	at WebTestListener.invokeMethod(WebTestListener.groovy)
	at com.kms.katalon.core.context.internal.TestHooker.invokeMethod(TestHooker.java:111)
	at com.kms.katalon.core.context.internal.TestHooker.lambda$3(TestHooker.java:95)
	at com.kms.katalon.core.context.internal.TestHooker.invokeContextMethods(TestHooker.java:94)
	at com.kms.katalon.core.context.internal.TestListenerCollector.lambda$3(TestListenerCollector.java:88)
	at com.kms.katalon.core.context.internal.TestListenerCollector.handleListenerEvent(TestListenerCollector.java:85)
	at com.kms.katalon.core.context.internal.ExecutionEventManager.publicEvent(ExecutionEventManager.java:36)
	at com.kms.katalon.core.main.TestCaseExecutor.execute(TestCaseExecutor.java:315)
	at com.kms.katalon.core.common.CommonExecutor.accessTestCaseMainPhase(CommonExecutor.java:65)
	at com.kms.katalon.core.main.TestSuiteExecutor.accessTestSuiteMainPhase(TestSuiteExecutor.java:148)
	at com.kms.katalon.core.main.TestSuiteExecutor.execute(TestSuiteExecutor.java:106)
	at com.kms.katalon.core.main.TestCaseMain.startTestSuite(TestCaseMain.java:187)
	at com.kms.katalon.core.main.TestCaseMain$startTestSuite$0.call(Unknown Source)
	at TempTestSuite1692776210462.run(TempTestSuite1692776210462.groovy:36)


2023-08-23 14:39:53 - [TEST_STEP][PASSED] - driver = getWebDriver(): null

2023-08-23 14:39:53 - [TEST_STEP][PASSED] - endTimeTC = simpleDateFormat.format(new java.util.Date()): null

2023-08-23 14:39:53 - [TEST_STEP][PASSED] - projectId = projectID: null

2023-08-23 14:39:53 - [TEST_STEP][PASSED] - testCase = currentTestCaseId: null

2023-08-23 14:39:53 - [TEST_STEP][PASSED] - tc = findTestCase(testCase): null

2023-08-23 14:39:53 - [TEST_STEP][PASSED] - subject = name: null

2023-08-23 14:39:53 - [TEST_STEP][PASSED] - tag = tc.getTag(): null

2023-08-23 14:39:53 - [TEST_STEP][PASSED] - desc = tc.getDescription(): null

2023-08-23 14:39:53 - [TEST_STEP][PASSED] - status = testCaseContext.getTestCaseStatus(): null

2023-08-23 14:39:53 - [TEST_STEP][ERROR] - caps = getWrappedDriver().getCapabilities(): org.codehaus.groovy.runtime.typehandling.GroovyCastException: Cannot cast object 'CChromeDriver: chrome on WINDOWS (null)' with class 'com.kms.katalon.selenium.driver.CChromeDriver' to class 'org.openqa.selenium.support.events.EventFiringWebDriver'
	at WebTestListener.afterTestCase(WebTestListener.groovy:117)
	at WebTestListener.invokeMethod(WebTestListener.groovy)
	at com.kms.katalon.core.context.internal.TestHooker.invokeMethod(TestHooker.java:111)
	at com.kms.katalon.core.context.internal.TestHooker.lambda$3(TestHooker.java:95)
	at com.kms.katalon.core.context.internal.TestHooker.invokeContextMethods(TestHooker.java:94)
	at com.kms.katalon.core.context.internal.TestListenerCollector.lambda$3(TestListenerCollector.java:88)
	at com.kms.katalon.core.context.internal.TestListenerCollector.handleListenerEvent(TestListenerCollector.java:85)
	at com.kms.katalon.core.context.internal.ExecutionEventManager.publicEvent(ExecutionEventManager.java:36)
	at com.kms.katalon.core.main.TestCaseExecutor.execute(TestCaseExecutor.java:315)
	at com.kms.katalon.core.common.CommonExecutor.accessTestCaseMainPhase(CommonExecutor.java:65)
	at com.kms.katalon.core.main.TestSuiteExecutor.accessTestSuiteMainPhase(TestSuiteExecutor.java:148)
	at com.kms.katalon.core.main.TestSuiteExecutor.execute(TestSuiteExecutor.java:106)
	at com.kms.katalon.core.main.TestCaseMain.startTestSuite(TestCaseMain.java:187)
	at com.kms.katalon.core.main.TestCaseMain$startTestSuite$0.call(Unknown Source)
	at TempTestSuite1692776210462.run(TempTestSuite1692776210462.groovy:36)


2023-08-23 14:39:53 - [MESSAGE][ERROR] - org.codehaus.groovy.runtime.typehandling.GroovyCastException: Cannot cast object 'CChromeDriver: chrome on WINDOWS (null)' with class 'com.kms.katalon.selenium.driver.CChromeDriver' to class 'org.openqa.selenium.support.events.EventFiringWebDriver'
	at WebTestListener.afterTestCase(WebTestListener.groovy:117)
	at WebTestListener.invokeMethod(WebTestListener.groovy)
	at com.kms.katalon.core.context.internal.TestHooker.invokeMethod(TestHooker.java:111)
	at com.kms.katalon.core.context.internal.TestHooker.lambda$3(TestHooker.java:95)
	at com.kms.katalon.core.context.internal.TestHooker.invokeContextMethods(TestHooker.java:94)
	at com.kms.katalon.core.context.internal.TestListenerCollector.lambda$3(TestListenerCollector.java:88)
	at com.kms.katalon.core.context.internal.TestListenerCollector.handleListenerEvent(TestListenerCollector.java:85)
	at com.kms.katalon.core.context.internal.ExecutionEventManager.publicEvent(ExecutionEventManager.java:36)
	at com.kms.katalon.core.main.TestCaseExecutor.execute(TestCaseExecutor.java:315)
	at com.kms.katalon.core.common.CommonExecutor.accessTestCaseMainPhase(CommonExecutor.java:65)
	at com.kms.katalon.core.main.TestSuiteExecutor.accessTestSuiteMainPhase(TestSuiteExecutor.java:148)
	at com.kms.katalon.core.main.TestSuiteExecutor.execute(TestSuiteExecutor.java:106)
	at com.kms.katalon.core.main.TestCaseMain.startTestSuite(TestCaseMain.java:187)
	at com.kms.katalon.core.main.TestCaseMain$startTestSuite$0.call(Unknown Source)
	at TempTestSuite1692776210462.run(TempTestSuite1692776210462.groovy:36)]]></system-out>
         <system-err><![CDATA[]]></system-err>
      </testcase>
      <testcase name="Test Cases/Master Data/Data Group/Data Group - Edit" time="150.012" classname="Test Cases/Master Data/Data Group/Data Group - Edit" status="PASSED">
         <system-out><![CDATA[2023-08-23 14:39:53 - [TEST_CASE][PASSED] - Test Cases/Master Data/Data Group/Data Group - Edit: Test Cases/Master Data/Data Group/Data Group - Edit

2023-08-23 14:39:53 - [TEST_STEP][PASSED] - Start listener action : beforeTestCase: null

2023-08-23 14:39:53 - [TEST_STEP][PASSED] - if (!(isSkipTestListener)): null

2023-08-23 14:39:53 - [TEST_STEP][PASSED] - if (!(isSkipReport)): null

2023-08-23 14:39:53 - [TEST_STEP][PASSED] - startTimeTC = simpleDateFormat.format(new java.util.Date()): null

2023-08-23 14:39:53 - [TEST_STEP][PASSED] - currentTestCaseId = testCaseContext.getTestCaseId(): null

2023-08-23 14:39:53 - [TEST_STEP][PASSED] - handleWebDriver = new care.katalon.HandleWebDriver(): null

2023-08-23 14:39:53 - [TEST_STEP][PASSED] - handleWebDriver.startAndOpenWebBrowser(baseUrl): Wait for page load successfully

2023-08-23 14:39:53 - [MESSAGE][INFO] - URL ENV = https://staging-care.nexcloud.id/

2023-08-23 14:39:53 - [MESSAGE][INFO] - Starting 'Chrome' driver

2023-08-23 14:39:53 - [MESSAGE][INFO] - Action delay is set to 0 milliseconds

2023-08-23 14:39:54 - [MESSAGE][PASSED] - Browser is opened with url: ''

2023-08-23 14:39:54 - [MESSAGE][PASSED] - Wait for page load successfully

2023-08-23 14:39:54 - [MESSAGE][PASSED] - Current window maximized

2023-08-23 14:39:55 - [MESSAGE][PASSED] - Navigate to 'https://staging-care.nexcloud.id/' successfully

2023-08-23 14:39:55 - [MESSAGE][PASSED] - Wait for page load successfully

2023-08-23 14:39:55 - [TEST_STEP][PASSED] - generalAction = new care.katalon.GeneralAction(): null

2023-08-23 14:39:55 - [TEST_STEP][PASSED] - handleTestData = new care.katalon.HandleTestData(): null

2023-08-23 14:39:55 - [TEST_STEP][PASSED] - dataGroup = new masterdata.care.DataGroup(): null

2023-08-23 14:39:55 - [TEST_STEP][PASSED] - try: Browser is closed

2023-08-23 14:39:55 - [TEST_STEP][PASSED] - generalAction.login(""): Wait for page load successfully

2023-08-23 14:39:56 - [MESSAGE][PASSED] - Object 'Object Repository/Login/username' is clickable

2023-08-23 14:39:56 - [MESSAGE][INFO] - Click Element = Object Repository/Login/username

2023-08-23 14:39:56 - [MESSAGE][PASSED] - Object: 'Object Repository/Login/username' is clicked on

2023-08-23 14:39:56 - [MESSAGE][PASSED] - Attribute 'value' of object 'Object Repository/Login/username' is: ''

2023-08-23 14:39:57 - [MESSAGE][PASSED] - Text 'admin' is set on object 'Object Repository/Login/username'

2023-08-23 14:39:58 - [MESSAGE][PASSED] - Object 'Object Repository/Login/password' is clickable

2023-08-23 14:39:58 - [MESSAGE][INFO] - Click Element = Object Repository/Login/password

2023-08-23 14:39:58 - [MESSAGE][PASSED] - Object: 'Object Repository/Login/password' is clicked on

2023-08-23 14:39:58 - [MESSAGE][PASSED] - Attribute 'value' of object 'Object Repository/Login/password' is: ''

2023-08-23 14:39:59 - [MESSAGE][PASSED] - Text 'Auth_server_2020' is set on object 'Object Repository/Login/password'

2023-08-23 14:39:59 - [MESSAGE][PASSED] - Object 'Object Repository/Login/masuk' is clickable

2023-08-23 14:39:59 - [MESSAGE][INFO] - Click Element = Object Repository/Login/masuk

2023-08-23 14:40:00 - [MESSAGE][PASSED] - Object: 'Object Repository/Login/masuk' is clicked on

2023-08-23 14:40:00 - [MESSAGE][PASSED] - Object 'Object Repository/Login/button_Tidak' is present

2023-08-23 14:40:01 - [MESSAGE][PASSED] - Object 'Object Repository/Login/button_Tidak' is clickable

2023-08-23 14:40:01 - [MESSAGE][INFO] - Click Element = Object Repository/Login/button_Tidak

2023-08-23 14:40:01 - [MESSAGE][PASSED] - Object: 'Object Repository/Login/button_Tidak' is clicked on

2023-08-23 14:40:01 - [MESSAGE][PASSED] - Wait for page load successfully

2023-08-23 14:40:01 - [TEST_STEP][PASSED] - dataGroup.menuDataGroup(): Object: 'Object Repository/Home Page(General)/btnDataGroup' is clicked on

2023-08-23 14:40:04 - [MESSAGE][PASSED] - Object 'Object Repository/Sidebar/Sidebar Master Data' is clickable

2023-08-23 14:40:04 - [MESSAGE][INFO] - Click Element = Object Repository/Sidebar/Sidebar Master Data

2023-08-23 14:40:05 - [MESSAGE][PASSED] - Object: 'Object Repository/Sidebar/Sidebar Master Data' is clicked on

2023-08-23 14:40:05 - [MESSAGE][PASSED] - Object 'Object Repository/Home Page(General)/btnDataGroup' is clickable

2023-08-23 14:40:05 - [MESSAGE][INFO] - Click Element = Object Repository/Home Page(General)/btnDataGroup

2023-08-23 14:40:06 - [MESSAGE][PASSED] - Object: 'Object Repository/Home Page(General)/btnDataGroup' is clicked on

2023-08-23 14:40:06 - [TEST_STEP][PASSED] - excelLocation = "Master Data\Data Group\dataGroup - edit.xlsx": null

2023-08-23 14:40:06 - [TEST_STEP][PASSED] - sheetNameDataGroup = "DataGroup-edit": null

2023-08-23 14:40:06 - [TEST_STEP][PASSED] - listHashEditMapDataGroup = handleTestData.readTestData(excelLocation, sheetNameDataGroup, true): listHashMap di Method readTestData class care.katalon.HandleTestData : [[TD:TDG220601, Action:Update, groupID:katalonlima, principalName:PVMI, deskripsi:Edit Data Group Oleh Katalon 01., category:POSITIVE, customerName:Pt Papa Samsu Sampit], [TD:TDG220602, Action:Update, groupID:katalonenam, principalName:All, deskripsi:Edit Data Group Oleh Katalon 02., category:POSITIVE, customerName:All], [TD:TDG220603, Action:Update, groupID:katalontujuh, principalName:ASW,Ina Food, deskripsi:Edit Data Group Oleh Katalon 03., category:POSITIVE, customerName:Pt Rukun Mitra Sejati Blitar,Pt Rukun Mitra Sejati Yogyakarta], [TD:TDG220604, Action:Update, groupID:katalondelapan, principalName:All, deskripsi:Edit Data Group Oleh Katalon 04., category:POSITIVE, customerName:Pt Rukun Mitra Sejati Yogyakarta], [TD:TDG220605, Action:Update, groupID:katalonlima, principalName:, deskripsi:Edit data group mengosongkan data scope, category:NEGATIVE, customerName:]]

2023-08-23 14:40:06 - [MESSAGE][INFO] - listHashMap di Method readTestData class care.katalon.HandleTestData : [[TD:TDG220601, Action:Update, groupID:katalonlima, principalName:PVMI, deskripsi:Edit Data Group Oleh Katalon 01., category:POSITIVE, customerName:Pt Papa Samsu Sampit], [TD:TDG220602, Action:Update, groupID:katalonenam, principalName:All, deskripsi:Edit Data Group Oleh Katalon 02., category:POSITIVE, customerName:All], [TD:TDG220603, Action:Update, groupID:katalontujuh, principalName:ASW,Ina Food, deskripsi:Edit Data Group Oleh Katalon 03., category:POSITIVE, customerName:Pt Rukun Mitra Sejati Blitar,Pt Rukun Mitra Sejati Yogyakarta], [TD:TDG220604, Action:Update, groupID:katalondelapan, principalName:All, deskripsi:Edit Data Group Oleh Katalon 04., category:POSITIVE, customerName:Pt Rukun Mitra Sejati Yogyakarta], [TD:TDG220605, Action:Update, groupID:katalonlima, principalName:, deskripsi:Edit data group mengosongkan data scope, category:NEGATIVE, customerName:]]

2023-08-23 14:40:06 - [TEST_STEP][PASSED] - for ([i = 0, i < listHashEditMapDataGroup.size(), (i++)]): null

2023-08-23 14:40:06 - [TEST_STEP][PASSED] - try: Delayed 2 second(s)

2023-08-23 14:40:06 - [TEST_STEP][PASSED] - getHashMapDataGroup = listHashEditMapDataGroup.get(i): null

2023-08-23 14:40:06 - [TEST_STEP][PASSED] - groupID = getHashMapDataGroup.get("groupID"): null

2023-08-23 14:40:06 - [TEST_STEP][PASSED] - TD = getHashMapDataGroup.get("TD"): null

2023-08-23 14:40:06 - [TEST_STEP][PASSED] - category = getHashMapDataGroup.get("category"): null

2023-08-23 14:40:06 - [TEST_STEP][PASSED] - logInfo("TD: " + TD): TD: TDG220601

2023-08-23 14:40:06 - [MESSAGE][INFO] - TD: TDG220601

2023-08-23 14:40:06 - [TEST_STEP][PASSED] - dataGroup.viewEdit(groupID): Refresh successfully

2023-08-23 14:40:06 - [MESSAGE][PASSED] - Wait for page load successfully

2023-08-23 14:40:06 - [MESSAGE][PASSED] - Object 'Object Repository/Master Data/Data Group/TambahEditDetail/SearchDataGroup' is clickable

2023-08-23 14:40:06 - [MESSAGE][INFO] - Click Element = Object Repository/Master Data/Data Group/TambahEditDetail/SearchDataGroup

2023-08-23 14:40:07 - [MESSAGE][PASSED] - Object: 'Object Repository/Master Data/Data Group/TambahEditDetail/SearchDataGroup' is clicked on

2023-08-23 14:40:07 - [MESSAGE][PASSED] - Attribute 'value' of object 'Object Repository/Master Data/Data Group/TambahEditDetail/SearchDataGroup' is: ''

2023-08-23 14:40:08 - [MESSAGE][PASSED] - Text 'katalonlima' is set on object 'Object Repository/Master Data/Data Group/TambahEditDetail/SearchDataGroup'

2023-08-23 14:40:08 - [MESSAGE][PASSED] - Keys 'ENTER + ' sent to object: 'Object Repository/Master Data/Data Group/TambahEditDetail/SearchDataGroup'

2023-08-23 14:40:09 - [MESSAGE][PASSED] - Object 'Object Repository/Master Data/Data Group/TambahEditDetail/btnEditDataGroup' is clickable

2023-08-23 14:40:09 - [MESSAGE][INFO] - Click Element = Object Repository/Master Data/Data Group/TambahEditDetail/btnEditDataGroup

2023-08-23 14:40:09 - [MESSAGE][PASSED] - Object: 'Object Repository/Master Data/Data Group/TambahEditDetail/btnEditDataGroup' is clicked on

2023-08-23 14:40:09 - [MESSAGE][PASSED] - Refresh successfully

2023-08-23 14:40:09 - [TEST_STEP][PASSED] - dataGroup.editDetail(getHashMapDataGroup): Keys 'ENTER + ' sent to object: 'Object Repository/Master Data/Data Group/TambahEditDetail/SelectPrincipal'

2023-08-23 14:40:11 - [MESSAGE][PASSED] - Object 'Object Repository/Master Data/Data Group/TambahEditDetail/Description' is clickable

2023-08-23 14:40:11 - [MESSAGE][INFO] - Click Element = Object Repository/Master Data/Data Group/TambahEditDetail/Description

2023-08-23 14:40:11 - [MESSAGE][PASSED] - Object: 'Object Repository/Master Data/Data Group/TambahEditDetail/Description' is clicked on

2023-08-23 14:40:11 - [MESSAGE][PASSED] - Attribute 'value' of object 'Object Repository/Master Data/Data Group/TambahEditDetail/Description' is: 'Penambahan Data Group Oleh Katalon 05.'

2023-08-23 14:40:12 - [MESSAGE][PASSED] - Keys 'CONTROL + a' sent to object: 'Object Repository/Master Data/Data Group/TambahEditDetail/Description'

2023-08-23 14:40:12 - [MESSAGE][PASSED] - Keys 'BACK_SPACE + ' sent to object: 'Object Repository/Master Data/Data Group/TambahEditDetail/Description'

2023-08-23 14:40:13 - [MESSAGE][PASSED] - Text 'Edit Data Group Oleh Katalon 01.' is set on object 'Object Repository/Master Data/Data Group/TambahEditDetail/Description'

2023-08-23 14:40:13 - [MESSAGE][PASSED] - Object 'Object Repository/Master Data/Data Group/TambahEditDetail/DataCangkupan' is clickable

2023-08-23 14:40:13 - [MESSAGE][PASSED] - Object 'Object Repository/Master Data/Data Group/TambahEditDetail/DataCangkupan' is clickable

2023-08-23 14:40:13 - [MESSAGE][INFO] - Click Element = Object Repository/Master Data/Data Group/TambahEditDetail/DataCangkupan

2023-08-23 14:40:14 - [MESSAGE][PASSED] - Object: 'Object Repository/Master Data/Data Group/TambahEditDetail/DataCangkupan' is clicked on

2023-08-23 14:40:14 - [MESSAGE][PASSED] - Object 'Object Repository/Master Data/Data Group/TambahEditDetail/navbar' is clickable

2023-08-23 14:40:14 - [MESSAGE][INFO] - Click Element = Object Repository/Master Data/Data Group/TambahEditDetail/navbar

2023-08-23 14:40:14 - [MESSAGE][PASSED] - Object: 'Object Repository/Master Data/Data Group/TambahEditDetail/navbar' is clicked on

2023-08-23 14:40:15 - [MESSAGE][PASSED] - Object 'Object Repository/Master Data/Data Group/TambahEditDetail/ClearPelanggan' is clickable

2023-08-23 14:40:15 - [MESSAGE][INFO] - Click Element = Object Repository/Master Data/Data Group/TambahEditDetail/ClearPelanggan

2023-08-23 14:40:15 - [MESSAGE][PASSED] - Object: 'Object Repository/Master Data/Data Group/TambahEditDetail/ClearPelanggan' is clicked on

2023-08-23 14:40:15 - [MESSAGE][INFO] - DISTRIBUTOR NAME: Pt Papa Samsu Sampit

2023-08-23 14:40:16 - [MESSAGE][PASSED] - Object 'Object Repository/Master Data/Data Group/TambahEditDetail/NamaPelanggan' is clickable

2023-08-23 14:40:16 - [MESSAGE][INFO] - Click Element = Object Repository/Master Data/Data Group/TambahEditDetail/NamaPelanggan

2023-08-23 14:40:16 - [MESSAGE][PASSED] - Object: 'Object Repository/Master Data/Data Group/TambahEditDetail/NamaPelanggan' is clicked on

2023-08-23 14:40:17 - [MESSAGE][PASSED] - Keys 'Pt Papa Samsu Sampit' sent to object: 'Object Repository/Master Data/Data Group/TambahEditDetail/SelectPelanggan'

2023-08-23 14:40:18 - [MESSAGE][PASSED] - Object 'Object Repository/Master Data/Data Group/TambahEditDetail/SelectPelanggan' is present

2023-08-23 14:40:18 - [MESSAGE][PASSED] - Keys 'ENTER + ' sent to object: 'Object Repository/Master Data/Data Group/TambahEditDetail/SelectPelanggan'

2023-08-23 14:40:18 - [MESSAGE][PASSED] - Object 'Object Repository/Master Data/Data Group/TambahEditDetail/navbar' is clickable

2023-08-23 14:40:18 - [MESSAGE][INFO] - Click Element = Object Repository/Master Data/Data Group/TambahEditDetail/navbar

2023-08-23 14:40:19 - [MESSAGE][PASSED] - Object: 'Object Repository/Master Data/Data Group/TambahEditDetail/navbar' is clicked on

2023-08-23 14:40:20 - [MESSAGE][PASSED] - Object 'Object Repository/Master Data/Data Group/TambahEditDetail/ClearPrincipal' is clickable

2023-08-23 14:40:20 - [MESSAGE][INFO] - Click Element = Object Repository/Master Data/Data Group/TambahEditDetail/ClearPrincipal

2023-08-23 14:40:20 - [MESSAGE][PASSED] - Object: 'Object Repository/Master Data/Data Group/TambahEditDetail/ClearPrincipal' is clicked on

2023-08-23 14:40:20 - [MESSAGE][INFO] - DISTRIBUTOR NAME: PVMI

2023-08-23 14:40:20 - [MESSAGE][PASSED] - Object 'Object Repository/Master Data/Data Group/TambahEditDetail/NamaPrincipal' is clickable

2023-08-23 14:40:20 - [MESSAGE][INFO] - Click Element = Object Repository/Master Data/Data Group/TambahEditDetail/NamaPrincipal

2023-08-23 14:40:21 - [MESSAGE][PASSED] - Object: 'Object Repository/Master Data/Data Group/TambahEditDetail/NamaPrincipal' is clicked on

2023-08-23 14:40:21 - [MESSAGE][PASSED] - Keys 'PVMI' sent to object: 'Object Repository/Master Data/Data Group/TambahEditDetail/SelectPrincipal'

2023-08-23 14:40:22 - [MESSAGE][PASSED] - Object 'Object Repository/Master Data/Data Group/TambahEditDetail/SelectPrincipal' is present

2023-08-23 14:40:22 - [MESSAGE][PASSED] - Keys 'ENTER + ' sent to object: 'Object Repository/Master Data/Data Group/TambahEditDetail/SelectPrincipal'

2023-08-23 14:40:22 - [TEST_STEP][PASSED] - dataGroup.saveDataGroup(TD): Delayed 3 second(s)

2023-08-23 14:40:23 - [MESSAGE][PASSED] - Object 'Object Repository/Master Data/Data Group/TambahEditDetail/Simpan' is clickable

2023-08-23 14:40:23 - [MESSAGE][INFO] - Click Element = Object Repository/Master Data/Data Group/TambahEditDetail/Simpan

2023-08-23 14:40:23 - [MESSAGE][PASSED] - Object: 'Object Repository/Master Data/Data Group/TambahEditDetail/Simpan' is clicked on

2023-08-23 14:40:24 - [MESSAGE][PASSED] - Text of object 'Object Repository/Master Data/Data Group/TambahEditDetail/VerifySaveNotif' is: 'Berhasil Mengubah Data Group!'

2023-08-23 14:40:24 - [MESSAGE][PASSED] - Wait for page load successfully

2023-08-23 14:40:27 - [MESSAGE][PASSED] - Delayed 3 second(s)

2023-08-23 14:40:27 - [TEST_STEP][PASSED] - if (category.equalsIgnoreCase("positive")): Delayed 2 second(s)

2023-08-23 14:40:27 - [TEST_STEP][PASSED] - dataGroup.viewDetail(groupID): Object: 'Object Repository/Master Data/Data Group/TambahEditDetail/pathdetailDataGroup' is clicked on

2023-08-23 14:40:27 - [MESSAGE][PASSED] - Wait for page load successfully

2023-08-23 14:40:27 - [MESSAGE][PASSED] - Object 'Object Repository/Master Data/Data Group/TambahEditDetail/SearchDataGroup' is clickable

2023-08-23 14:40:27 - [MESSAGE][INFO] - Click Element = Object Repository/Master Data/Data Group/TambahEditDetail/SearchDataGroup

2023-08-23 14:40:27 - [MESSAGE][PASSED] - Object: 'Object Repository/Master Data/Data Group/TambahEditDetail/SearchDataGroup' is clicked on

2023-08-23 14:40:28 - [MESSAGE][PASSED] - Attribute 'value' of object 'Object Repository/Master Data/Data Group/TambahEditDetail/SearchDataGroup' is: ''

2023-08-23 14:40:28 - [MESSAGE][PASSED] - Text 'katalonlima' is set on object 'Object Repository/Master Data/Data Group/TambahEditDetail/SearchDataGroup'

2023-08-23 14:40:29 - [MESSAGE][PASSED] - Keys 'ENTER + ' sent to object: 'Object Repository/Master Data/Data Group/TambahEditDetail/SearchDataGroup'

2023-08-23 14:40:29 - [MESSAGE][PASSED] - Object 'Object Repository/Master Data/Data Group/TambahEditDetail/pathdetailDataGroup' is clickable

2023-08-23 14:40:29 - [MESSAGE][INFO] - Click Element = Object Repository/Master Data/Data Group/TambahEditDetail/pathdetailDataGroup

2023-08-23 14:40:30 - [MESSAGE][PASSED] - Object: 'Object Repository/Master Data/Data Group/TambahEditDetail/pathdetailDataGroup' is clicked on

2023-08-23 14:40:30 - [TEST_STEP][PASSED] - dataGroup.verifyDataGroup(getHashMapDataGroup): Actual text 'PVMI' and expected text 'PVMI' are matched 

2023-08-23 14:40:30 - [MESSAGE][INFO] - Grup ID : katalonlima

2023-08-23 14:40:30 - [MESSAGE][INFO] - Deskripsi : Edit Data Group Oleh Katalon 01.

2023-08-23 14:40:30 - [MESSAGE][INFO] - Customer Name : Pt Papa Samsu Sampit

2023-08-23 14:40:30 - [MESSAGE][INFO] - Principal Name : PVMI

2023-08-23 14:40:30 - [MESSAGE][PASSED] - Wait for page load successfully

2023-08-23 14:40:30 - [MESSAGE][PASSED] - Attribute 'value' of object 'Object Repository/Master Data/Data Group/TambahEditDetail/VerifyDataGroupID' is: 'katalonlima'

2023-08-23 14:40:30 - [MESSAGE][PASSED] - Actual text 'katalonlima' and expected text 'katalonlima' are matched 

2023-08-23 14:40:31 - [MESSAGE][PASSED] - Text of object 'Object Repository/Master Data/Data Group/TambahEditDetail/VerifyDeskripsi' is: 'Edit Data Group Oleh Katalon 01.'

2023-08-23 14:40:31 - [MESSAGE][PASSED] - Actual text 'Edit Data Group Oleh Katalon 01.' and expected text 'Edit Data Group Oleh Katalon 01.' are matched 

2023-08-23 14:40:31 - [MESSAGE][PASSED] - Object 'Object Repository/Master Data/Data Group/TambahEditDetail/DataScopeView' is clickable

2023-08-23 14:40:31 - [MESSAGE][PASSED] - Object 'Object Repository/Master Data/Data Group/TambahEditDetail/DataScopeView' is clickable

2023-08-23 14:40:31 - [MESSAGE][INFO] - Click Element = Object Repository/Master Data/Data Group/TambahEditDetail/DataScopeView

2023-08-23 14:40:32 - [MESSAGE][PASSED] - Object: 'Object Repository/Master Data/Data Group/TambahEditDetail/DataScopeView' is clicked on

2023-08-23 14:40:33 - [MESSAGE][PASSED] - Text of object 'Object Repository/Master Data/Data Group/TambahEditDetail/VerifyNamaPelanggan' is: 'Pt Papa Samsu Sampit'

2023-08-23 14:40:33 - [MESSAGE][INFO] - NAMA DISTRIBUTOR = Pt Papa Samsu Sampit

2023-08-23 14:40:33 - [MESSAGE][PASSED] - Actual text 'Pt Papa Samsu Sampit' and expected text 'Pt Papa Samsu Sampit' are matched 

2023-08-23 14:40:33 - [MESSAGE][PASSED] - Text of object 'Object Repository/Master Data/Data Group/TambahEditDetail/VerifyNamaPrincipal' is: 'PVMI'

2023-08-23 14:40:33 - [MESSAGE][INFO] - NAMA PRINCIPAL = PVMI

2023-08-23 14:40:33 - [MESSAGE][PASSED] - Actual text 'PVMI' and expected text 'PVMI' are matched 

2023-08-23 14:40:33 - [TEST_STEP][PASSED] - dataGroup.closeViewDetail(): Delayed 2 second(s)

2023-08-23 14:40:33 - [MESSAGE][PASSED] - Object 'Object Repository/Master Data/Data Group/TambahEditDetail/Tutup' is clickable

2023-08-23 14:40:33 - [MESSAGE][INFO] - Click Element = Object Repository/Master Data/Data Group/TambahEditDetail/Tutup

2023-08-23 14:40:34 - [MESSAGE][PASSED] - Object: 'Object Repository/Master Data/Data Group/TambahEditDetail/Tutup' is clicked on

2023-08-23 14:40:36 - [MESSAGE][PASSED] - Delayed 2 second(s)

2023-08-23 14:40:36 - [TEST_STEP][PASSED] - try: Delayed 2 second(s)

2023-08-23 14:40:36 - [TEST_STEP][PASSED] - getHashMapDataGroup = listHashEditMapDataGroup.get(i): null

2023-08-23 14:40:36 - [TEST_STEP][PASSED] - groupID = getHashMapDataGroup.get("groupID"): null

2023-08-23 14:40:36 - [TEST_STEP][PASSED] - TD = getHashMapDataGroup.get("TD"): null

2023-08-23 14:40:36 - [TEST_STEP][PASSED] - category = getHashMapDataGroup.get("category"): null

2023-08-23 14:40:36 - [TEST_STEP][PASSED] - logInfo("TD: " + TD): TD: TDG220602

2023-08-23 14:40:36 - [MESSAGE][INFO] - TD: TDG220602

2023-08-23 14:40:36 - [TEST_STEP][PASSED] - dataGroup.viewEdit(groupID): Refresh successfully

2023-08-23 14:40:36 - [MESSAGE][PASSED] - Wait for page load successfully

2023-08-23 14:40:36 - [MESSAGE][PASSED] - Object 'Object Repository/Master Data/Data Group/TambahEditDetail/SearchDataGroup' is clickable

2023-08-23 14:40:36 - [MESSAGE][INFO] - Click Element = Object Repository/Master Data/Data Group/TambahEditDetail/SearchDataGroup

2023-08-23 14:40:36 - [MESSAGE][PASSED] - Object: 'Object Repository/Master Data/Data Group/TambahEditDetail/SearchDataGroup' is clicked on

2023-08-23 14:40:37 - [MESSAGE][PASSED] - Attribute 'value' of object 'Object Repository/Master Data/Data Group/TambahEditDetail/SearchDataGroup' is: ''

2023-08-23 14:40:37 - [MESSAGE][PASSED] - Text 'katalonenam' is set on object 'Object Repository/Master Data/Data Group/TambahEditDetail/SearchDataGroup'

2023-08-23 14:40:38 - [MESSAGE][PASSED] - Keys 'ENTER + ' sent to object: 'Object Repository/Master Data/Data Group/TambahEditDetail/SearchDataGroup'

2023-08-23 14:40:38 - [MESSAGE][PASSED] - Object 'Object Repository/Master Data/Data Group/TambahEditDetail/btnEditDataGroup' is clickable

2023-08-23 14:40:38 - [MESSAGE][INFO] - Click Element = Object Repository/Master Data/Data Group/TambahEditDetail/btnEditDataGroup

2023-08-23 14:40:38 - [MESSAGE][PASSED] - Object: 'Object Repository/Master Data/Data Group/TambahEditDetail/btnEditDataGroup' is clicked on

2023-08-23 14:40:39 - [MESSAGE][PASSED] - Refresh successfully

2023-08-23 14:40:39 - [TEST_STEP][PASSED] - dataGroup.editDetail(getHashMapDataGroup): Object: 'Object Repository/Master Data/Data Group/TambahEditDetail/TerapkanDiSemuaNamaPrincipal' is clicked on

2023-08-23 14:40:39 - [MESSAGE][PASSED] - Object 'Object Repository/Master Data/Data Group/TambahEditDetail/Description' is clickable

2023-08-23 14:40:39 - [MESSAGE][INFO] - Click Element = Object Repository/Master Data/Data Group/TambahEditDetail/Description

2023-08-23 14:40:39 - [MESSAGE][PASSED] - Object: 'Object Repository/Master Data/Data Group/TambahEditDetail/Description' is clicked on

2023-08-23 14:40:40 - [MESSAGE][PASSED] - Attribute 'value' of object 'Object Repository/Master Data/Data Group/TambahEditDetail/Description' is: 'Penambahan Data Group Oleh Katalon 06.'

2023-08-23 14:40:40 - [MESSAGE][PASSED] - Keys 'CONTROL + a' sent to object: 'Object Repository/Master Data/Data Group/TambahEditDetail/Description'

2023-08-23 14:40:41 - [MESSAGE][PASSED] - Keys 'BACK_SPACE + ' sent to object: 'Object Repository/Master Data/Data Group/TambahEditDetail/Description'

2023-08-23 14:40:41 - [MESSAGE][PASSED] - Text 'Edit Data Group Oleh Katalon 02.' is set on object 'Object Repository/Master Data/Data Group/TambahEditDetail/Description'

2023-08-23 14:40:42 - [MESSAGE][PASSED] - Object 'Object Repository/Master Data/Data Group/TambahEditDetail/DataCangkupan' is clickable

2023-08-23 14:40:42 - [MESSAGE][PASSED] - Object 'Object Repository/Master Data/Data Group/TambahEditDetail/DataCangkupan' is clickable

2023-08-23 14:40:42 - [MESSAGE][INFO] - Click Element = Object Repository/Master Data/Data Group/TambahEditDetail/DataCangkupan

2023-08-23 14:40:43 - [MESSAGE][PASSED] - Object: 'Object Repository/Master Data/Data Group/TambahEditDetail/DataCangkupan' is clicked on

2023-08-23 14:40:43 - [MESSAGE][INFO] - Message: TERAPKAN SEMUA TIDAK TERCENTANG

2023-08-23 14:40:43 - [MESSAGE][PASSED] - Object 'Object Repository/Master Data/Data Group/TambahEditDetail/TerapkanDiSemuaNamaPelanggan' is clickable

2023-08-23 14:40:43 - [MESSAGE][INFO] - Click Element = Object Repository/Master Data/Data Group/TambahEditDetail/TerapkanDiSemuaNamaPelanggan

2023-08-23 14:40:44 - [MESSAGE][PASSED] - Object: 'Object Repository/Master Data/Data Group/TambahEditDetail/TerapkanDiSemuaNamaPelanggan' is clicked on

2023-08-23 14:40:45 - [MESSAGE][PASSED] - Object 'Object Repository/Master Data/Data Group/TambahEditDetail/TerapkanDiSemuaNamaPrincipal' is clickable

2023-08-23 14:40:45 - [MESSAGE][INFO] - Click Element = Object Repository/Master Data/Data Group/TambahEditDetail/TerapkanDiSemuaNamaPrincipal

2023-08-23 14:40:45 - [MESSAGE][PASSED] - Object: 'Object Repository/Master Data/Data Group/TambahEditDetail/TerapkanDiSemuaNamaPrincipal' is clicked on

2023-08-23 14:40:45 - [TEST_STEP][PASSED] - dataGroup.saveDataGroup(TD): Delayed 3 second(s)

2023-08-23 14:40:45 - [MESSAGE][PASSED] - Object 'Object Repository/Master Data/Data Group/TambahEditDetail/Simpan' is clickable

2023-08-23 14:40:45 - [MESSAGE][INFO] - Click Element = Object Repository/Master Data/Data Group/TambahEditDetail/Simpan

2023-08-23 14:40:46 - [MESSAGE][PASSED] - Object: 'Object Repository/Master Data/Data Group/TambahEditDetail/Simpan' is clicked on

2023-08-23 14:40:46 - [MESSAGE][PASSED] - Text of object 'Object Repository/Master Data/Data Group/TambahEditDetail/VerifySaveNotif' is: 'Berhasil Mengubah Data Group!'

2023-08-23 14:40:46 - [MESSAGE][PASSED] - Wait for page load successfully

2023-08-23 14:40:49 - [MESSAGE][PASSED] - Delayed 3 second(s)

2023-08-23 14:40:49 - [TEST_STEP][PASSED] - if (category.equalsIgnoreCase("positive")): Delayed 2 second(s)

2023-08-23 14:40:49 - [TEST_STEP][PASSED] - dataGroup.viewDetail(groupID): Object: 'Object Repository/Master Data/Data Group/TambahEditDetail/pathdetailDataGroup' is clicked on

2023-08-23 14:40:49 - [MESSAGE][PASSED] - Wait for page load successfully

2023-08-23 14:40:50 - [MESSAGE][PASSED] - Object 'Object Repository/Master Data/Data Group/TambahEditDetail/SearchDataGroup' is clickable

2023-08-23 14:40:50 - [MESSAGE][INFO] - Click Element = Object Repository/Master Data/Data Group/TambahEditDetail/SearchDataGroup

2023-08-23 14:40:50 - [MESSAGE][PASSED] - Object: 'Object Repository/Master Data/Data Group/TambahEditDetail/SearchDataGroup' is clicked on

2023-08-23 14:40:50 - [MESSAGE][PASSED] - Attribute 'value' of object 'Object Repository/Master Data/Data Group/TambahEditDetail/SearchDataGroup' is: ''

2023-08-23 14:40:51 - [MESSAGE][PASSED] - Text 'katalonenam' is set on object 'Object Repository/Master Data/Data Group/TambahEditDetail/SearchDataGroup'

2023-08-23 14:40:51 - [MESSAGE][PASSED] - Keys 'ENTER + ' sent to object: 'Object Repository/Master Data/Data Group/TambahEditDetail/SearchDataGroup'

2023-08-23 14:40:52 - [MESSAGE][PASSED] - Object 'Object Repository/Master Data/Data Group/TambahEditDetail/pathdetailDataGroup' is clickable

2023-08-23 14:40:52 - [MESSAGE][INFO] - Click Element = Object Repository/Master Data/Data Group/TambahEditDetail/pathdetailDataGroup

2023-08-23 14:40:52 - [MESSAGE][PASSED] - Object: 'Object Repository/Master Data/Data Group/TambahEditDetail/pathdetailDataGroup' is clicked on

2023-08-23 14:40:52 - [TEST_STEP][PASSED] - dataGroup.verifyDataGroup(getHashMapDataGroup): ELEMENT CHECKED = true

2023-08-23 14:40:52 - [MESSAGE][INFO] - Grup ID : katalonenam

2023-08-23 14:40:52 - [MESSAGE][INFO] - Deskripsi : Edit Data Group Oleh Katalon 02.

2023-08-23 14:40:52 - [MESSAGE][INFO] - Customer Name : All

2023-08-23 14:40:52 - [MESSAGE][INFO] - Principal Name : All

2023-08-23 14:40:52 - [MESSAGE][PASSED] - Wait for page load successfully

2023-08-23 14:40:53 - [MESSAGE][PASSED] - Attribute 'value' of object 'Object Repository/Master Data/Data Group/TambahEditDetail/VerifyDataGroupID' is: 'katalonenam'

2023-08-23 14:40:53 - [MESSAGE][PASSED] - Actual text 'katalonenam' and expected text 'katalonenam' are matched 

2023-08-23 14:40:53 - [MESSAGE][PASSED] - Text of object 'Object Repository/Master Data/Data Group/TambahEditDetail/VerifyDeskripsi' is: 'Edit Data Group Oleh Katalon 02.'

2023-08-23 14:40:53 - [MESSAGE][PASSED] - Actual text 'Edit Data Group Oleh Katalon 02.' and expected text 'Edit Data Group Oleh Katalon 02.' are matched 

2023-08-23 14:40:53 - [MESSAGE][PASSED] - Object 'Object Repository/Master Data/Data Group/TambahEditDetail/DataScopeView' is clickable

2023-08-23 14:40:54 - [MESSAGE][PASSED] - Object 'Object Repository/Master Data/Data Group/TambahEditDetail/DataScopeView' is clickable

2023-08-23 14:40:54 - [MESSAGE][INFO] - Click Element = Object Repository/Master Data/Data Group/TambahEditDetail/DataScopeView

2023-08-23 14:40:54 - [MESSAGE][PASSED] - Object: 'Object Repository/Master Data/Data Group/TambahEditDetail/DataScopeView' is clicked on

2023-08-23 14:40:55 - [MESSAGE][PASSED] - Object 'Object Repository/Master Data/Data Group/TambahEditDetail/TerapkanDiSemuaNamaPelanggan' is checked

2023-08-23 14:40:55 - [MESSAGE][INFO] - ELEMENT CHECKED = true

2023-08-23 14:40:55 - [MESSAGE][PASSED] - Object 'Object Repository/Master Data/Data Group/TambahEditDetail/TerapkanDiSemuaNamaPrincipal' is checked

2023-08-23 14:40:55 - [MESSAGE][INFO] - ELEMENT CHECKED = true

2023-08-23 14:40:55 - [TEST_STEP][PASSED] - dataGroup.closeViewDetail(): Delayed 2 second(s)

2023-08-23 14:40:55 - [MESSAGE][PASSED] - Object 'Object Repository/Master Data/Data Group/TambahEditDetail/Tutup' is clickable

2023-08-23 14:40:55 - [MESSAGE][INFO] - Click Element = Object Repository/Master Data/Data Group/TambahEditDetail/Tutup

2023-08-23 14:40:56 - [MESSAGE][PASSED] - Object: 'Object Repository/Master Data/Data Group/TambahEditDetail/Tutup' is clicked on

2023-08-23 14:40:58 - [MESSAGE][PASSED] - Delayed 2 second(s)

2023-08-23 14:40:58 - [TEST_STEP][PASSED] - try: Delayed 2 second(s)

2023-08-23 14:40:58 - [TEST_STEP][PASSED] - getHashMapDataGroup = listHashEditMapDataGroup.get(i): null

2023-08-23 14:40:58 - [TEST_STEP][PASSED] - groupID = getHashMapDataGroup.get("groupID"): null

2023-08-23 14:40:58 - [TEST_STEP][PASSED] - TD = getHashMapDataGroup.get("TD"): null

2023-08-23 14:40:58 - [TEST_STEP][PASSED] - category = getHashMapDataGroup.get("category"): null

2023-08-23 14:40:58 - [TEST_STEP][PASSED] - logInfo("TD: " + TD): TD: TDG220603

2023-08-23 14:40:58 - [MESSAGE][INFO] - TD: TDG220603

2023-08-23 14:40:58 - [TEST_STEP][PASSED] - dataGroup.viewEdit(groupID): Refresh successfully

2023-08-23 14:40:58 - [MESSAGE][PASSED] - Wait for page load successfully

2023-08-23 14:40:58 - [MESSAGE][PASSED] - Object 'Object Repository/Master Data/Data Group/TambahEditDetail/SearchDataGroup' is clickable

2023-08-23 14:40:58 - [MESSAGE][INFO] - Click Element = Object Repository/Master Data/Data Group/TambahEditDetail/SearchDataGroup

2023-08-23 14:40:58 - [MESSAGE][PASSED] - Object: 'Object Repository/Master Data/Data Group/TambahEditDetail/SearchDataGroup' is clicked on

2023-08-23 14:40:59 - [MESSAGE][PASSED] - Attribute 'value' of object 'Object Repository/Master Data/Data Group/TambahEditDetail/SearchDataGroup' is: ''

2023-08-23 14:40:59 - [MESSAGE][PASSED] - Text 'katalontujuh' is set on object 'Object Repository/Master Data/Data Group/TambahEditDetail/SearchDataGroup'

2023-08-23 14:41:00 - [MESSAGE][PASSED] - Keys 'ENTER + ' sent to object: 'Object Repository/Master Data/Data Group/TambahEditDetail/SearchDataGroup'

2023-08-23 14:41:01 - [MESSAGE][PASSED] - Object 'Object Repository/Master Data/Data Group/TambahEditDetail/btnEditDataGroup' is clickable

2023-08-23 14:41:01 - [MESSAGE][INFO] - Click Element = Object Repository/Master Data/Data Group/TambahEditDetail/btnEditDataGroup

2023-08-23 14:41:01 - [MESSAGE][PASSED] - Object: 'Object Repository/Master Data/Data Group/TambahEditDetail/btnEditDataGroup' is clicked on

2023-08-23 14:41:01 - [MESSAGE][PASSED] - Refresh successfully

2023-08-23 14:41:01 - [TEST_STEP][PASSED] - dataGroup.editDetail(getHashMapDataGroup): Keys 'ENTER + ' sent to object: 'Object Repository/Master Data/Data Group/TambahEditDetail/SelectPrincipal'

2023-08-23 14:41:02 - [MESSAGE][PASSED] - Object 'Object Repository/Master Data/Data Group/TambahEditDetail/Description' is clickable

2023-08-23 14:41:02 - [MESSAGE][INFO] - Click Element = Object Repository/Master Data/Data Group/TambahEditDetail/Description

2023-08-23 14:41:02 - [MESSAGE][PASSED] - Object: 'Object Repository/Master Data/Data Group/TambahEditDetail/Description' is clicked on

2023-08-23 14:41:03 - [MESSAGE][PASSED] - Attribute 'value' of object 'Object Repository/Master Data/Data Group/TambahEditDetail/Description' is: 'Penambahan Data Group Oleh Katalon 07.'

2023-08-23 14:41:03 - [MESSAGE][PASSED] - Keys 'CONTROL + a' sent to object: 'Object Repository/Master Data/Data Group/TambahEditDetail/Description'

2023-08-23 14:41:03 - [MESSAGE][PASSED] - Keys 'BACK_SPACE + ' sent to object: 'Object Repository/Master Data/Data Group/TambahEditDetail/Description'

2023-08-23 14:41:04 - [MESSAGE][PASSED] - Text 'Edit Data Group Oleh Katalon 03.' is set on object 'Object Repository/Master Data/Data Group/TambahEditDetail/Description'

2023-08-23 14:41:04 - [MESSAGE][PASSED] - Object 'Object Repository/Master Data/Data Group/TambahEditDetail/DataCangkupan' is clickable

2023-08-23 14:41:05 - [MESSAGE][PASSED] - Object 'Object Repository/Master Data/Data Group/TambahEditDetail/DataCangkupan' is clickable

2023-08-23 14:41:05 - [MESSAGE][INFO] - Click Element = Object Repository/Master Data/Data Group/TambahEditDetail/DataCangkupan

2023-08-23 14:41:05 - [MESSAGE][PASSED] - Object: 'Object Repository/Master Data/Data Group/TambahEditDetail/DataCangkupan' is clicked on

2023-08-23 14:41:05 - [MESSAGE][PASSED] - Object 'Object Repository/Master Data/Data Group/TambahEditDetail/navbar' is clickable

2023-08-23 14:41:05 - [MESSAGE][INFO] - Click Element = Object Repository/Master Data/Data Group/TambahEditDetail/navbar

2023-08-23 14:41:06 - [MESSAGE][PASSED] - Object: 'Object Repository/Master Data/Data Group/TambahEditDetail/navbar' is clicked on

2023-08-23 14:41:06 - [MESSAGE][INFO] - Message: TERAPKAN SEMUA TERCENTANG

2023-08-23 14:41:06 - [MESSAGE][PASSED] - Object 'Object Repository/Master Data/Data Group/TambahEditDetail/TerapkanDiSemuaNamaPelanggan' is clickable

2023-08-23 14:41:06 - [MESSAGE][INFO] - Click Element = Object Repository/Master Data/Data Group/TambahEditDetail/TerapkanDiSemuaNamaPelanggan

2023-08-23 14:41:07 - [MESSAGE][PASSED] - Object: 'Object Repository/Master Data/Data Group/TambahEditDetail/TerapkanDiSemuaNamaPelanggan' is clicked on

2023-08-23 14:41:07 - [MESSAGE][PASSED] - Object 'Object Repository/Master Data/Data Group/TambahEditDetail/ClearPelanggan' is clickable

2023-08-23 14:41:07 - [MESSAGE][INFO] - Click Element = Object Repository/Master Data/Data Group/TambahEditDetail/ClearPelanggan

2023-08-23 14:41:08 - [MESSAGE][PASSED] - Object: 'Object Repository/Master Data/Data Group/TambahEditDetail/ClearPelanggan' is clicked on

2023-08-23 14:41:08 - [MESSAGE][INFO] - DISTRIBUTOR NAME: Pt Rukun Mitra Sejati Blitar

2023-08-23 14:41:08 - [MESSAGE][PASSED] - Object 'Object Repository/Master Data/Data Group/TambahEditDetail/NamaPelanggan' is clickable

2023-08-23 14:41:08 - [MESSAGE][INFO] - Click Element = Object Repository/Master Data/Data Group/TambahEditDetail/NamaPelanggan

2023-08-23 14:41:08 - [MESSAGE][PASSED] - Object: 'Object Repository/Master Data/Data Group/TambahEditDetail/NamaPelanggan' is clicked on

2023-08-23 14:41:09 - [MESSAGE][PASSED] - Keys 'Pt Rukun Mitra Sejati Blitar' sent to object: 'Object Repository/Master Data/Data Group/TambahEditDetail/SelectPelanggan'

2023-08-23 14:41:10 - [MESSAGE][PASSED] - Object 'Object Repository/Master Data/Data Group/TambahEditDetail/SelectPelanggan' is present

2023-08-23 14:41:10 - [MESSAGE][PASSED] - Keys 'ENTER + ' sent to object: 'Object Repository/Master Data/Data Group/TambahEditDetail/SelectPelanggan'

2023-08-23 14:41:10 - [MESSAGE][INFO] - DISTRIBUTOR NAME: Pt Rukun Mitra Sejati Yogyakarta

2023-08-23 14:41:11 - [MESSAGE][PASSED] - Object 'Object Repository/Master Data/Data Group/TambahEditDetail/NamaPelanggan' is clickable

2023-08-23 14:41:11 - [MESSAGE][INFO] - Click Element = Object Repository/Master Data/Data Group/TambahEditDetail/NamaPelanggan

2023-08-23 14:41:11 - [MESSAGE][PASSED] - Object: 'Object Repository/Master Data/Data Group/TambahEditDetail/NamaPelanggan' is clicked on

2023-08-23 14:41:12 - [MESSAGE][PASSED] - Keys 'Pt Rukun Mitra Sejati Yogyakarta' sent to object: 'Object Repository/Master Data/Data Group/TambahEditDetail/SelectPelanggan'

2023-08-23 14:41:12 - [MESSAGE][PASSED] - Object 'Object Repository/Master Data/Data Group/TambahEditDetail/SelectPelanggan' is present

2023-08-23 14:41:13 - [MESSAGE][PASSED] - Keys 'ENTER + ' sent to object: 'Object Repository/Master Data/Data Group/TambahEditDetail/SelectPelanggan'

2023-08-23 14:41:13 - [MESSAGE][PASSED] - Object 'Object Repository/Master Data/Data Group/TambahEditDetail/navbar' is clickable

2023-08-23 14:41:13 - [MESSAGE][INFO] - Click Element = Object Repository/Master Data/Data Group/TambahEditDetail/navbar

2023-08-23 14:41:14 - [MESSAGE][PASSED] - Object: 'Object Repository/Master Data/Data Group/TambahEditDetail/navbar' is clicked on

2023-08-23 14:41:14 - [MESSAGE][PASSED] - Object 'Object Repository/Master Data/Data Group/TambahEditDetail/ClearPrincipal' is clickable

2023-08-23 14:41:14 - [MESSAGE][INFO] - Click Element = Object Repository/Master Data/Data Group/TambahEditDetail/ClearPrincipal

2023-08-23 14:41:15 - [MESSAGE][PASSED] - Object: 'Object Repository/Master Data/Data Group/TambahEditDetail/ClearPrincipal' is clicked on

2023-08-23 14:41:15 - [MESSAGE][INFO] - DISTRIBUTOR NAME: ASW

2023-08-23 14:41:15 - [MESSAGE][PASSED] - Object 'Object Repository/Master Data/Data Group/TambahEditDetail/NamaPrincipal' is clickable

2023-08-23 14:41:15 - [MESSAGE][INFO] - Click Element = Object Repository/Master Data/Data Group/TambahEditDetail/NamaPrincipal

2023-08-23 14:41:16 - [MESSAGE][PASSED] - Object: 'Object Repository/Master Data/Data Group/TambahEditDetail/NamaPrincipal' is clicked on

2023-08-23 14:41:16 - [MESSAGE][PASSED] - Keys 'ASW' sent to object: 'Object Repository/Master Data/Data Group/TambahEditDetail/SelectPrincipal'

2023-08-23 14:41:17 - [MESSAGE][PASSED] - Object 'Object Repository/Master Data/Data Group/TambahEditDetail/SelectPrincipal' is present

2023-08-23 14:41:17 - [MESSAGE][PASSED] - Keys 'ENTER + ' sent to object: 'Object Repository/Master Data/Data Group/TambahEditDetail/SelectPrincipal'

2023-08-23 14:41:17 - [MESSAGE][INFO] - DISTRIBUTOR NAME: Ina Food

2023-08-23 14:41:17 - [MESSAGE][PASSED] - Object 'Object Repository/Master Data/Data Group/TambahEditDetail/NamaPrincipal' is clickable

2023-08-23 14:41:17 - [MESSAGE][INFO] - Click Element = Object Repository/Master Data/Data Group/TambahEditDetail/NamaPrincipal

2023-08-23 14:41:18 - [MESSAGE][PASSED] - Object: 'Object Repository/Master Data/Data Group/TambahEditDetail/NamaPrincipal' is clicked on

2023-08-23 14:41:18 - [MESSAGE][PASSED] - Keys 'Ina Food' sent to object: 'Object Repository/Master Data/Data Group/TambahEditDetail/SelectPrincipal'

2023-08-23 14:41:19 - [MESSAGE][PASSED] - Object 'Object Repository/Master Data/Data Group/TambahEditDetail/SelectPrincipal' is present

2023-08-23 14:41:19 - [MESSAGE][PASSED] - Keys 'ENTER + ' sent to object: 'Object Repository/Master Data/Data Group/TambahEditDetail/SelectPrincipal'

2023-08-23 14:41:19 - [TEST_STEP][PASSED] - dataGroup.saveDataGroup(TD): Delayed 3 second(s)

2023-08-23 14:41:20 - [MESSAGE][PASSED] - Object 'Object Repository/Master Data/Data Group/TambahEditDetail/Simpan' is clickable

2023-08-23 14:41:20 - [MESSAGE][INFO] - Click Element = Object Repository/Master Data/Data Group/TambahEditDetail/Simpan

2023-08-23 14:41:20 - [MESSAGE][PASSED] - Object: 'Object Repository/Master Data/Data Group/TambahEditDetail/Simpan' is clicked on

2023-08-23 14:41:21 - [MESSAGE][PASSED] - Text of object 'Object Repository/Master Data/Data Group/TambahEditDetail/VerifySaveNotif' is: 'Berhasil Mengubah Data Group!'

2023-08-23 14:41:21 - [MESSAGE][PASSED] - Wait for page load successfully

2023-08-23 14:41:24 - [MESSAGE][PASSED] - Delayed 3 second(s)

2023-08-23 14:41:24 - [TEST_STEP][PASSED] - if (category.equalsIgnoreCase("positive")): Delayed 2 second(s)

2023-08-23 14:41:24 - [TEST_STEP][PASSED] - dataGroup.viewDetail(groupID): Object: 'Object Repository/Master Data/Data Group/TambahEditDetail/pathdetailDataGroup' is clicked on

2023-08-23 14:41:24 - [MESSAGE][PASSED] - Wait for page load successfully

2023-08-23 14:41:24 - [MESSAGE][PASSED] - Object 'Object Repository/Master Data/Data Group/TambahEditDetail/SearchDataGroup' is clickable

2023-08-23 14:41:24 - [MESSAGE][INFO] - Click Element = Object Repository/Master Data/Data Group/TambahEditDetail/SearchDataGroup

2023-08-23 14:41:24 - [MESSAGE][PASSED] - Object: 'Object Repository/Master Data/Data Group/TambahEditDetail/SearchDataGroup' is clicked on

2023-08-23 14:41:25 - [MESSAGE][PASSED] - Attribute 'value' of object 'Object Repository/Master Data/Data Group/TambahEditDetail/SearchDataGroup' is: ''

2023-08-23 14:41:25 - [MESSAGE][PASSED] - Text 'katalontujuh' is set on object 'Object Repository/Master Data/Data Group/TambahEditDetail/SearchDataGroup'

2023-08-23 14:41:26 - [MESSAGE][PASSED] - Keys 'ENTER + ' sent to object: 'Object Repository/Master Data/Data Group/TambahEditDetail/SearchDataGroup'

2023-08-23 14:41:26 - [MESSAGE][PASSED] - Object 'Object Repository/Master Data/Data Group/TambahEditDetail/pathdetailDataGroup' is clickable

2023-08-23 14:41:26 - [MESSAGE][INFO] - Click Element = Object Repository/Master Data/Data Group/TambahEditDetail/pathdetailDataGroup

2023-08-23 14:41:27 - [MESSAGE][PASSED] - Object: 'Object Repository/Master Data/Data Group/TambahEditDetail/pathdetailDataGroup' is clicked on

2023-08-23 14:41:27 - [TEST_STEP][PASSED] - dataGroup.verifyDataGroup(getHashMapDataGroup): Actual text 'Ina Food' and expected text 'Ina Food' are matched 

2023-08-23 14:41:27 - [MESSAGE][INFO] - Grup ID : katalontujuh

2023-08-23 14:41:27 - [MESSAGE][INFO] - Deskripsi : Edit Data Group Oleh Katalon 03.

2023-08-23 14:41:27 - [MESSAGE][INFO] - Customer Name : Pt Rukun Mitra Sejati Blitar,Pt Rukun Mitra Sejati Yogyakarta

2023-08-23 14:41:27 - [MESSAGE][INFO] - Principal Name : ASW,Ina Food

2023-08-23 14:41:27 - [MESSAGE][PASSED] - Wait for page load successfully

2023-08-23 14:41:27 - [MESSAGE][PASSED] - Attribute 'value' of object 'Object Repository/Master Data/Data Group/TambahEditDetail/VerifyDataGroupID' is: 'katalontujuh'

2023-08-23 14:41:27 - [MESSAGE][PASSED] - Actual text 'katalontujuh' and expected text 'katalontujuh' are matched 

2023-08-23 14:41:28 - [MESSAGE][PASSED] - Text of object 'Object Repository/Master Data/Data Group/TambahEditDetail/VerifyDeskripsi' is: 'Edit Data Group Oleh Katalon 03.'

2023-08-23 14:41:28 - [MESSAGE][PASSED] - Actual text 'Edit Data Group Oleh Katalon 03.' and expected text 'Edit Data Group Oleh Katalon 03.' are matched 

2023-08-23 14:41:28 - [MESSAGE][PASSED] - Object 'Object Repository/Master Data/Data Group/TambahEditDetail/DataScopeView' is clickable

2023-08-23 14:41:28 - [MESSAGE][PASSED] - Object 'Object Repository/Master Data/Data Group/TambahEditDetail/DataScopeView' is clickable

2023-08-23 14:41:28 - [MESSAGE][INFO] - Click Element = Object Repository/Master Data/Data Group/TambahEditDetail/DataScopeView

2023-08-23 14:41:29 - [MESSAGE][PASSED] - Object: 'Object Repository/Master Data/Data Group/TambahEditDetail/DataScopeView' is clicked on

2023-08-23 14:41:29 - [MESSAGE][PASSED] - Text of object 'Object Repository/Master Data/Data Group/TambahEditDetail/VerifyNamaPelanggan' is: 'Pt Rukun Mitra Sejati Blitar'

2023-08-23 14:41:29 - [MESSAGE][INFO] - NAMA DISTRIBUTOR = Pt Rukun Mitra Sejati Blitar

2023-08-23 14:41:29 - [MESSAGE][PASSED] - Actual text 'Pt Rukun Mitra Sejati Blitar' and expected text 'Pt Rukun Mitra Sejati Blitar' are matched 

2023-08-23 14:41:30 - [MESSAGE][PASSED] - Text of object 'Object Repository/Master Data/Data Group/TambahEditDetail/VerifyNamaPelanggan' is: 'Pt Rukun Mitra Sejati Yogyakarta'

2023-08-23 14:41:30 - [MESSAGE][INFO] - NAMA DISTRIBUTOR = Pt Rukun Mitra Sejati Yogyakarta

2023-08-23 14:41:30 - [MESSAGE][PASSED] - Actual text 'Pt Rukun Mitra Sejati Yogyakarta' and expected text 'Pt Rukun Mitra Sejati Yogyakarta' are matched 

2023-08-23 14:41:30 - [MESSAGE][PASSED] - Text of object 'Object Repository/Master Data/Data Group/TambahEditDetail/VerifyNamaPrincipal' is: 'ASW'

2023-08-23 14:41:30 - [MESSAGE][INFO] - NAMA PRINCIPAL = ASW

2023-08-23 14:41:30 - [MESSAGE][PASSED] - Actual text 'ASW' and expected text 'ASW' are matched 

2023-08-23 14:41:30 - [MESSAGE][PASSED] - Text of object 'Object Repository/Master Data/Data Group/TambahEditDetail/VerifyNamaPrincipal' is: 'Ina Food'

2023-08-23 14:41:30 - [MESSAGE][INFO] - NAMA PRINCIPAL = Ina Food

2023-08-23 14:41:30 - [MESSAGE][PASSED] - Actual text 'Ina Food' and expected text 'Ina Food' are matched 

2023-08-23 14:41:30 - [TEST_STEP][PASSED] - dataGroup.closeViewDetail(): Delayed 2 second(s)

2023-08-23 14:41:31 - [MESSAGE][PASSED] - Object 'Object Repository/Master Data/Data Group/TambahEditDetail/Tutup' is clickable

2023-08-23 14:41:31 - [MESSAGE][INFO] - Click Element = Object Repository/Master Data/Data Group/TambahEditDetail/Tutup

2023-08-23 14:41:31 - [MESSAGE][PASSED] - Object: 'Object Repository/Master Data/Data Group/TambahEditDetail/Tutup' is clicked on

2023-08-23 14:41:33 - [MESSAGE][PASSED] - Delayed 2 second(s)

2023-08-23 14:41:33 - [TEST_STEP][PASSED] - try: Delayed 2 second(s)

2023-08-23 14:41:33 - [TEST_STEP][PASSED] - getHashMapDataGroup = listHashEditMapDataGroup.get(i): null

2023-08-23 14:41:33 - [TEST_STEP][PASSED] - groupID = getHashMapDataGroup.get("groupID"): null

2023-08-23 14:41:33 - [TEST_STEP][PASSED] - TD = getHashMapDataGroup.get("TD"): null

2023-08-23 14:41:33 - [TEST_STEP][PASSED] - category = getHashMapDataGroup.get("category"): null

2023-08-23 14:41:33 - [TEST_STEP][PASSED] - logInfo("TD: " + TD): TD: TDG220604

2023-08-23 14:41:33 - [MESSAGE][INFO] - TD: TDG220604

2023-08-23 14:41:33 - [TEST_STEP][PASSED] - dataGroup.viewEdit(groupID): Refresh successfully

2023-08-23 14:41:33 - [MESSAGE][PASSED] - Wait for page load successfully

2023-08-23 14:41:33 - [MESSAGE][PASSED] - Object 'Object Repository/Master Data/Data Group/TambahEditDetail/SearchDataGroup' is clickable

2023-08-23 14:41:33 - [MESSAGE][INFO] - Click Element = Object Repository/Master Data/Data Group/TambahEditDetail/SearchDataGroup

2023-08-23 14:41:34 - [MESSAGE][PASSED] - Object: 'Object Repository/Master Data/Data Group/TambahEditDetail/SearchDataGroup' is clicked on

2023-08-23 14:41:34 - [MESSAGE][PASSED] - Attribute 'value' of object 'Object Repository/Master Data/Data Group/TambahEditDetail/SearchDataGroup' is: ''

2023-08-23 14:41:35 - [MESSAGE][PASSED] - Text 'katalondelapan' is set on object 'Object Repository/Master Data/Data Group/TambahEditDetail/SearchDataGroup'

2023-08-23 14:41:35 - [MESSAGE][PASSED] - Keys 'ENTER + ' sent to object: 'Object Repository/Master Data/Data Group/TambahEditDetail/SearchDataGroup'

2023-08-23 14:41:36 - [MESSAGE][PASSED] - Object 'Object Repository/Master Data/Data Group/TambahEditDetail/btnEditDataGroup' is clickable

2023-08-23 14:41:36 - [MESSAGE][INFO] - Click Element = Object Repository/Master Data/Data Group/TambahEditDetail/btnEditDataGroup

2023-08-23 14:41:36 - [MESSAGE][PASSED] - Object: 'Object Repository/Master Data/Data Group/TambahEditDetail/btnEditDataGroup' is clicked on

2023-08-23 14:41:36 - [MESSAGE][PASSED] - Refresh successfully

2023-08-23 14:41:36 - [TEST_STEP][PASSED] - dataGroup.editDetail(getHashMapDataGroup): Keys 'ENTER + ' sent to object: 'Object Repository/Master Data/Data Group/TambahEditDetail/SelectPelanggan'

2023-08-23 14:41:37 - [MESSAGE][PASSED] - Object 'Object Repository/Master Data/Data Group/TambahEditDetail/Description' is clickable

2023-08-23 14:41:37 - [MESSAGE][INFO] - Click Element = Object Repository/Master Data/Data Group/TambahEditDetail/Description

2023-08-23 14:41:37 - [MESSAGE][PASSED] - Object: 'Object Repository/Master Data/Data Group/TambahEditDetail/Description' is clicked on

2023-08-23 14:41:38 - [MESSAGE][PASSED] - Attribute 'value' of object 'Object Repository/Master Data/Data Group/TambahEditDetail/Description' is: 'Penambahan Data Group Oleh Katalon 08.'

2023-08-23 14:41:38 - [MESSAGE][PASSED] - Keys 'CONTROL + a' sent to object: 'Object Repository/Master Data/Data Group/TambahEditDetail/Description'

2023-08-23 14:41:39 - [MESSAGE][PASSED] - Keys 'BACK_SPACE + ' sent to object: 'Object Repository/Master Data/Data Group/TambahEditDetail/Description'

2023-08-23 14:41:39 - [MESSAGE][PASSED] - Text 'Edit Data Group Oleh Katalon 04.' is set on object 'Object Repository/Master Data/Data Group/TambahEditDetail/Description'

2023-08-23 14:41:40 - [MESSAGE][PASSED] - Object 'Object Repository/Master Data/Data Group/TambahEditDetail/DataCangkupan' is clickable

2023-08-23 14:41:40 - [MESSAGE][PASSED] - Object 'Object Repository/Master Data/Data Group/TambahEditDetail/DataCangkupan' is clickable

2023-08-23 14:41:40 - [MESSAGE][INFO] - Click Element = Object Repository/Master Data/Data Group/TambahEditDetail/DataCangkupan

2023-08-23 14:41:40 - [MESSAGE][PASSED] - Object: 'Object Repository/Master Data/Data Group/TambahEditDetail/DataCangkupan' is clicked on

2023-08-23 14:41:41 - [MESSAGE][PASSED] - Object 'Object Repository/Master Data/Data Group/TambahEditDetail/navbar' is clickable

2023-08-23 14:41:41 - [MESSAGE][INFO] - Click Element = Object Repository/Master Data/Data Group/TambahEditDetail/navbar

2023-08-23 14:41:41 - [MESSAGE][PASSED] - Object: 'Object Repository/Master Data/Data Group/TambahEditDetail/navbar' is clicked on

2023-08-23 14:41:42 - [MESSAGE][PASSED] - Object 'Object Repository/Master Data/Data Group/TambahEditDetail/ClearPelanggan' is clickable

2023-08-23 14:41:42 - [MESSAGE][INFO] - Click Element = Object Repository/Master Data/Data Group/TambahEditDetail/ClearPelanggan

2023-08-23 14:41:42 - [MESSAGE][PASSED] - Object: 'Object Repository/Master Data/Data Group/TambahEditDetail/ClearPelanggan' is clicked on

2023-08-23 14:41:42 - [MESSAGE][INFO] - DISTRIBUTOR NAME: Pt Rukun Mitra Sejati Yogyakarta

2023-08-23 14:41:43 - [MESSAGE][PASSED] - Object 'Object Repository/Master Data/Data Group/TambahEditDetail/NamaPelanggan' is clickable

2023-08-23 14:41:43 - [MESSAGE][INFO] - Click Element = Object Repository/Master Data/Data Group/TambahEditDetail/NamaPelanggan

2023-08-23 14:41:43 - [MESSAGE][PASSED] - Object: 'Object Repository/Master Data/Data Group/TambahEditDetail/NamaPelanggan' is clicked on

2023-08-23 14:41:44 - [MESSAGE][PASSED] - Keys 'Pt Rukun Mitra Sejati Yogyakarta' sent to object: 'Object Repository/Master Data/Data Group/TambahEditDetail/SelectPelanggan'

2023-08-23 14:41:44 - [MESSAGE][PASSED] - Object 'Object Repository/Master Data/Data Group/TambahEditDetail/SelectPelanggan' is present

2023-08-23 14:41:45 - [MESSAGE][PASSED] - Keys 'ENTER + ' sent to object: 'Object Repository/Master Data/Data Group/TambahEditDetail/SelectPelanggan'

2023-08-23 14:41:45 - [TEST_STEP][PASSED] - dataGroup.saveDataGroup(TD): Delayed 3 second(s)

2023-08-23 14:41:46 - [MESSAGE][PASSED] - Object 'Object Repository/Master Data/Data Group/TambahEditDetail/Simpan' is clickable

2023-08-23 14:41:46 - [MESSAGE][INFO] - Click Element = Object Repository/Master Data/Data Group/TambahEditDetail/Simpan

2023-08-23 14:41:46 - [MESSAGE][PASSED] - Object: 'Object Repository/Master Data/Data Group/TambahEditDetail/Simpan' is clicked on

2023-08-23 14:41:46 - [MESSAGE][PASSED] - Text of object 'Object Repository/Master Data/Data Group/TambahEditDetail/VerifySaveNotif' is: 'Berhasil Mengubah Data Group!'

2023-08-23 14:41:46 - [MESSAGE][PASSED] - Wait for page load successfully

2023-08-23 14:41:49 - [MESSAGE][PASSED] - Delayed 3 second(s)

2023-08-23 14:41:49 - [TEST_STEP][PASSED] - if (category.equalsIgnoreCase("positive")): Delayed 2 second(s)

2023-08-23 14:41:49 - [TEST_STEP][PASSED] - dataGroup.viewDetail(groupID): Object: 'Object Repository/Master Data/Data Group/TambahEditDetail/pathdetailDataGroup' is clicked on

2023-08-23 14:41:50 - [MESSAGE][PASSED] - Wait for page load successfully

2023-08-23 14:41:50 - [MESSAGE][PASSED] - Object 'Object Repository/Master Data/Data Group/TambahEditDetail/SearchDataGroup' is clickable

2023-08-23 14:41:50 - [MESSAGE][INFO] - Click Element = Object Repository/Master Data/Data Group/TambahEditDetail/SearchDataGroup

2023-08-23 14:41:50 - [MESSAGE][PASSED] - Object: 'Object Repository/Master Data/Data Group/TambahEditDetail/SearchDataGroup' is clicked on

2023-08-23 14:41:50 - [MESSAGE][PASSED] - Attribute 'value' of object 'Object Repository/Master Data/Data Group/TambahEditDetail/SearchDataGroup' is: ''

2023-08-23 14:41:51 - [MESSAGE][PASSED] - Text 'katalondelapan' is set on object 'Object Repository/Master Data/Data Group/TambahEditDetail/SearchDataGroup'

2023-08-23 14:41:52 - [MESSAGE][PASSED] - Keys 'ENTER + ' sent to object: 'Object Repository/Master Data/Data Group/TambahEditDetail/SearchDataGroup'

2023-08-23 14:41:52 - [MESSAGE][PASSED] - Object 'Object Repository/Master Data/Data Group/TambahEditDetail/pathdetailDataGroup' is clickable

2023-08-23 14:41:52 - [MESSAGE][INFO] - Click Element = Object Repository/Master Data/Data Group/TambahEditDetail/pathdetailDataGroup

2023-08-23 14:41:53 - [MESSAGE][PASSED] - Object: 'Object Repository/Master Data/Data Group/TambahEditDetail/pathdetailDataGroup' is clicked on

2023-08-23 14:41:53 - [TEST_STEP][PASSED] - dataGroup.verifyDataGroup(getHashMapDataGroup): ELEMENT CHECKED = true

2023-08-23 14:41:53 - [MESSAGE][INFO] - Grup ID : katalondelapan

2023-08-23 14:41:53 - [MESSAGE][INFO] - Deskripsi : Edit Data Group Oleh Katalon 04.

2023-08-23 14:41:53 - [MESSAGE][INFO] - Customer Name : Pt Rukun Mitra Sejati Yogyakarta

2023-08-23 14:41:53 - [MESSAGE][INFO] - Principal Name : All

2023-08-23 14:41:53 - [MESSAGE][PASSED] - Wait for page load successfully

2023-08-23 14:41:53 - [MESSAGE][PASSED] - Attribute 'value' of object 'Object Repository/Master Data/Data Group/TambahEditDetail/VerifyDataGroupID' is: 'katalondelapan'

2023-08-23 14:41:53 - [MESSAGE][PASSED] - Actual text 'katalondelapan' and expected text 'katalondelapan' are matched 

2023-08-23 14:41:53 - [MESSAGE][PASSED] - Text of object 'Object Repository/Master Data/Data Group/TambahEditDetail/VerifyDeskripsi' is: 'Edit Data Group Oleh Katalon 04.'

2023-08-23 14:41:53 - [MESSAGE][PASSED] - Actual text 'Edit Data Group Oleh Katalon 04.' and expected text 'Edit Data Group Oleh Katalon 04.' are matched 

2023-08-23 14:41:54 - [MESSAGE][PASSED] - Object 'Object Repository/Master Data/Data Group/TambahEditDetail/DataScopeView' is clickable

2023-08-23 14:41:54 - [MESSAGE][PASSED] - Object 'Object Repository/Master Data/Data Group/TambahEditDetail/DataScopeView' is clickable

2023-08-23 14:41:54 - [MESSAGE][INFO] - Click Element = Object Repository/Master Data/Data Group/TambahEditDetail/DataScopeView

2023-08-23 14:41:54 - [MESSAGE][PASSED] - Object: 'Object Repository/Master Data/Data Group/TambahEditDetail/DataScopeView' is clicked on

2023-08-23 14:41:55 - [MESSAGE][PASSED] - Text of object 'Object Repository/Master Data/Data Group/TambahEditDetail/VerifyNamaPelanggan' is: 'Pt Rukun Mitra Sejati Yogyakarta'

2023-08-23 14:41:55 - [MESSAGE][INFO] - NAMA DISTRIBUTOR = Pt Rukun Mitra Sejati Yogyakarta

2023-08-23 14:41:55 - [MESSAGE][PASSED] - Actual text 'Pt Rukun Mitra Sejati Yogyakarta' and expected text 'Pt Rukun Mitra Sejati Yogyakarta' are matched 

2023-08-23 14:41:55 - [MESSAGE][PASSED] - Object 'Object Repository/Master Data/Data Group/TambahEditDetail/TerapkanDiSemuaNamaPrincipal' is checked

2023-08-23 14:41:55 - [MESSAGE][INFO] - ELEMENT CHECKED = true

2023-08-23 14:41:55 - [TEST_STEP][PASSED] - dataGroup.closeViewDetail(): Delayed 2 second(s)

2023-08-23 14:41:56 - [MESSAGE][PASSED] - Object 'Object Repository/Master Data/Data Group/TambahEditDetail/Tutup' is clickable

2023-08-23 14:41:56 - [MESSAGE][INFO] - Click Element = Object Repository/Master Data/Data Group/TambahEditDetail/Tutup

2023-08-23 14:41:56 - [MESSAGE][PASSED] - Object: 'Object Repository/Master Data/Data Group/TambahEditDetail/Tutup' is clicked on

2023-08-23 14:41:58 - [MESSAGE][PASSED] - Delayed 2 second(s)

2023-08-23 14:41:58 - [TEST_STEP][PASSED] - try: null

2023-08-23 14:41:58 - [TEST_STEP][PASSED] - getHashMapDataGroup = listHashEditMapDataGroup.get(i): null

2023-08-23 14:41:58 - [TEST_STEP][PASSED] - groupID = getHashMapDataGroup.get("groupID"): null

2023-08-23 14:41:58 - [TEST_STEP][PASSED] - TD = getHashMapDataGroup.get("TD"): null

2023-08-23 14:41:58 - [TEST_STEP][PASSED] - category = getHashMapDataGroup.get("category"): null

2023-08-23 14:41:58 - [TEST_STEP][PASSED] - logInfo("TD: " + TD): TD: TDG220605

2023-08-23 14:41:58 - [MESSAGE][INFO] - TD: TDG220605

2023-08-23 14:41:58 - [TEST_STEP][PASSED] - dataGroup.viewEdit(groupID): Refresh successfully

2023-08-23 14:41:58 - [MESSAGE][PASSED] - Wait for page load successfully

2023-08-23 14:41:58 - [MESSAGE][PASSED] - Object 'Object Repository/Master Data/Data Group/TambahEditDetail/SearchDataGroup' is clickable

2023-08-23 14:41:58 - [MESSAGE][INFO] - Click Element = Object Repository/Master Data/Data Group/TambahEditDetail/SearchDataGroup

2023-08-23 14:41:59 - [MESSAGE][PASSED] - Object: 'Object Repository/Master Data/Data Group/TambahEditDetail/SearchDataGroup' is clicked on

2023-08-23 14:41:59 - [MESSAGE][PASSED] - Attribute 'value' of object 'Object Repository/Master Data/Data Group/TambahEditDetail/SearchDataGroup' is: ''

2023-08-23 14:42:00 - [MESSAGE][PASSED] - Text 'katalonlima' is set on object 'Object Repository/Master Data/Data Group/TambahEditDetail/SearchDataGroup'

2023-08-23 14:42:00 - [MESSAGE][PASSED] - Keys 'ENTER + ' sent to object: 'Object Repository/Master Data/Data Group/TambahEditDetail/SearchDataGroup'

2023-08-23 14:42:01 - [MESSAGE][PASSED] - Object 'Object Repository/Master Data/Data Group/TambahEditDetail/btnEditDataGroup' is clickable

2023-08-23 14:42:01 - [MESSAGE][INFO] - Click Element = Object Repository/Master Data/Data Group/TambahEditDetail/btnEditDataGroup

2023-08-23 14:42:01 - [MESSAGE][PASSED] - Object: 'Object Repository/Master Data/Data Group/TambahEditDetail/btnEditDataGroup' is clicked on

2023-08-23 14:42:01 - [MESSAGE][PASSED] - Refresh successfully

2023-08-23 14:42:01 - [TEST_STEP][PASSED] - dataGroup.editDetail(getHashMapDataGroup): Object: 'Object Repository/Master Data/Data Group/TambahEditDetail/ClearPrincipal' is clicked on

2023-08-23 14:42:02 - [MESSAGE][PASSED] - Object 'Object Repository/Master Data/Data Group/TambahEditDetail/Description' is clickable

2023-08-23 14:42:02 - [MESSAGE][INFO] - Click Element = Object Repository/Master Data/Data Group/TambahEditDetail/Description

2023-08-23 14:42:02 - [MESSAGE][PASSED] - Object: 'Object Repository/Master Data/Data Group/TambahEditDetail/Description' is clicked on

2023-08-23 14:42:03 - [MESSAGE][PASSED] - Attribute 'value' of object 'Object Repository/Master Data/Data Group/TambahEditDetail/Description' is: 'Edit Data Group Oleh Katalon 01.'

2023-08-23 14:42:03 - [MESSAGE][PASSED] - Keys 'CONTROL + a' sent to object: 'Object Repository/Master Data/Data Group/TambahEditDetail/Description'

2023-08-23 14:42:04 - [MESSAGE][PASSED] - Keys 'BACK_SPACE + ' sent to object: 'Object Repository/Master Data/Data Group/TambahEditDetail/Description'

2023-08-23 14:42:04 - [MESSAGE][PASSED] - Text 'Edit data group mengosongkan data scope' is set on object 'Object Repository/Master Data/Data Group/TambahEditDetail/Description'

2023-08-23 14:42:05 - [MESSAGE][PASSED] - Object 'Object Repository/Master Data/Data Group/TambahEditDetail/DataCangkupan' is clickable

2023-08-23 14:42:05 - [MESSAGE][PASSED] - Object 'Object Repository/Master Data/Data Group/TambahEditDetail/DataCangkupan' is clickable

2023-08-23 14:42:05 - [MESSAGE][INFO] - Click Element = Object Repository/Master Data/Data Group/TambahEditDetail/DataCangkupan

2023-08-23 14:42:05 - [MESSAGE][PASSED] - Object: 'Object Repository/Master Data/Data Group/TambahEditDetail/DataCangkupan' is clicked on

2023-08-23 14:42:06 - [MESSAGE][PASSED] - Object 'Object Repository/Master Data/Data Group/TambahEditDetail/navbar' is clickable

2023-08-23 14:42:06 - [MESSAGE][INFO] - Click Element = Object Repository/Master Data/Data Group/TambahEditDetail/navbar

2023-08-23 14:42:06 - [MESSAGE][PASSED] - Object: 'Object Repository/Master Data/Data Group/TambahEditDetail/navbar' is clicked on

2023-08-23 14:42:06 - [MESSAGE][PASSED] - Object 'Object Repository/Master Data/Data Group/TambahEditDetail/ClearPelanggan' is clickable

2023-08-23 14:42:06 - [MESSAGE][INFO] - Click Element = Object Repository/Master Data/Data Group/TambahEditDetail/ClearPelanggan

2023-08-23 14:42:07 - [MESSAGE][PASSED] - Object: 'Object Repository/Master Data/Data Group/TambahEditDetail/ClearPelanggan' is clicked on

2023-08-23 14:42:07 - [MESSAGE][PASSED] - Object 'Object Repository/Master Data/Data Group/TambahEditDetail/navbar' is clickable

2023-08-23 14:42:07 - [MESSAGE][INFO] - Click Element = Object Repository/Master Data/Data Group/TambahEditDetail/navbar

2023-08-23 14:42:07 - [MESSAGE][PASSED] - Object: 'Object Repository/Master Data/Data Group/TambahEditDetail/navbar' is clicked on

2023-08-23 14:42:08 - [MESSAGE][PASSED] - Object 'Object Repository/Master Data/Data Group/TambahEditDetail/ClearPrincipal' is clickable

2023-08-23 14:42:08 - [MESSAGE][INFO] - Click Element = Object Repository/Master Data/Data Group/TambahEditDetail/ClearPrincipal

2023-08-23 14:42:08 - [MESSAGE][PASSED] - Object: 'Object Repository/Master Data/Data Group/TambahEditDetail/ClearPrincipal' is clicked on

2023-08-23 14:42:08 - [TEST_STEP][PASSED] - dataGroup.saveDataGroup(TD): Delayed 3 second(s)

2023-08-23 14:42:09 - [MESSAGE][PASSED] - Object 'Object Repository/Master Data/Data Group/TambahEditDetail/Simpan' is clickable

2023-08-23 14:42:09 - [MESSAGE][INFO] - Click Element = Object Repository/Master Data/Data Group/TambahEditDetail/Simpan

2023-08-23 14:42:09 - [MESSAGE][PASSED] - Object: 'Object Repository/Master Data/Data Group/TambahEditDetail/Simpan' is clicked on

2023-08-23 14:42:10 - [MESSAGE][PASSED] - Text of object 'Object Repository/Master Data/Data Group/TambahEditDetail/VerifySaveNotif' is: 'Data Scope Distributor dan Principal tidak boleh kosong!'

2023-08-23 14:42:10 - [MESSAGE][INFO] - Message: TDG220605 Data Scope Distributor dan Principal tidak boleh kosong!

2023-08-23 14:42:10 - [MESSAGE][PASSED] - Object 'Object Repository/Master Data/Data Group/TambahEditDetail/button_OK' is clickable

2023-08-23 14:42:10 - [MESSAGE][INFO] - Click Element = Object Repository/Master Data/Data Group/TambahEditDetail/button_OK

2023-08-23 14:42:10 - [MESSAGE][PASSED] - Object: 'Object Repository/Master Data/Data Group/TambahEditDetail/button_OK' is clicked on

2023-08-23 14:42:11 - [MESSAGE][PASSED] - Object 'Object Repository/Home Page(General)/btnDataGroup' is clickable

2023-08-23 14:42:11 - [MESSAGE][INFO] - Click Element = Object Repository/Home Page(General)/btnDataGroup

2023-08-23 14:42:11 - [MESSAGE][PASSED] - Object: 'Object Repository/Home Page(General)/btnDataGroup' is clicked on

2023-08-23 14:42:11 - [MESSAGE][PASSED] - Wait for page load successfully

2023-08-23 14:42:14 - [MESSAGE][PASSED] - Delayed 3 second(s)

2023-08-23 14:42:14 - [TEST_STEP][PASSED] - if (category.equalsIgnoreCase("positive")): null

2023-08-23 14:42:14 - [TEST_STEP][PASSED] - generalAction.logoutAndCloseBrowser(): Browser is closed

2023-08-23 14:42:17 - [MESSAGE][PASSED] - Delayed 3 second(s)

2023-08-23 14:42:17 - [MESSAGE][PASSED] - Object 'Object Repository/Home Page(General)/Page_NexCARE/btnLogOut' is clickable

2023-08-23 14:42:18 - [MESSAGE][PASSED] - Object 'Object Repository/Home Page(General)/Page_NexCARE/btnLogOut' is clickable

2023-08-23 14:42:18 - [MESSAGE][INFO] - Click Element = Object Repository/Home Page(General)/Page_NexCARE/btnLogOut

2023-08-23 14:42:18 - [MESSAGE][PASSED] - Object: 'Object Repository/Home Page(General)/Page_NexCARE/btnLogOut' is clicked on

2023-08-23 14:42:19 - [MESSAGE][PASSED] - Object 'Object Repository/Home Page(General)/Konfrimasi Keluar' is clickable

2023-08-23 14:42:19 - [MESSAGE][INFO] - Click Element = Object Repository/Home Page(General)/Konfrimasi Keluar

2023-08-23 14:42:19 - [MESSAGE][PASSED] - Object: 'Object Repository/Home Page(General)/Konfrimasi Keluar' is clicked on

2023-08-23 14:42:22 - [MESSAGE][PASSED] - Delayed 3 second(s)

2023-08-23 14:42:23 - [MESSAGE][PASSED] - Browser is closed

2023-08-23 14:42:23 - [TEST_STEP][ERROR] - Start listener action : afterTestCase: org.codehaus.groovy.runtime.typehandling.GroovyCastException: Cannot cast object 'CChromeDriver: chrome on WINDOWS (null)' with class 'com.kms.katalon.selenium.driver.CChromeDriver' to class 'org.openqa.selenium.support.events.EventFiringWebDriver'
	at WebTestListener.afterTestCase(WebTestListener.groovy:117)
	at WebTestListener.invokeMethod(WebTestListener.groovy)
	at com.kms.katalon.core.context.internal.TestHooker.invokeMethod(TestHooker.java:111)
	at com.kms.katalon.core.context.internal.TestHooker.lambda$3(TestHooker.java:95)
	at com.kms.katalon.core.context.internal.TestHooker.invokeContextMethods(TestHooker.java:94)
	at com.kms.katalon.core.context.internal.TestListenerCollector.lambda$3(TestListenerCollector.java:88)
	at com.kms.katalon.core.context.internal.TestListenerCollector.handleListenerEvent(TestListenerCollector.java:85)
	at com.kms.katalon.core.context.internal.ExecutionEventManager.publicEvent(ExecutionEventManager.java:36)
	at com.kms.katalon.core.main.TestCaseExecutor.execute(TestCaseExecutor.java:315)
	at com.kms.katalon.core.common.CommonExecutor.accessTestCaseMainPhase(CommonExecutor.java:65)
	at com.kms.katalon.core.main.TestSuiteExecutor.accessTestSuiteMainPhase(TestSuiteExecutor.java:148)
	at com.kms.katalon.core.main.TestSuiteExecutor.execute(TestSuiteExecutor.java:106)
	at com.kms.katalon.core.main.TestCaseMain.startTestSuite(TestCaseMain.java:187)
	at com.kms.katalon.core.main.TestCaseMain$startTestSuite$0.call(Unknown Source)
	at TempTestSuite1692776210462.run(TempTestSuite1692776210462.groovy:36)


2023-08-23 14:42:23 - [TEST_STEP][ERROR] - if (!(isSkipTestListener)): org.codehaus.groovy.runtime.typehandling.GroovyCastException: Cannot cast object 'CChromeDriver: chrome on WINDOWS (null)' with class 'com.kms.katalon.selenium.driver.CChromeDriver' to class 'org.openqa.selenium.support.events.EventFiringWebDriver'
	at WebTestListener.afterTestCase(WebTestListener.groovy:117)
	at WebTestListener.invokeMethod(WebTestListener.groovy)
	at com.kms.katalon.core.context.internal.TestHooker.invokeMethod(TestHooker.java:111)
	at com.kms.katalon.core.context.internal.TestHooker.lambda$3(TestHooker.java:95)
	at com.kms.katalon.core.context.internal.TestHooker.invokeContextMethods(TestHooker.java:94)
	at com.kms.katalon.core.context.internal.TestListenerCollector.lambda$3(TestListenerCollector.java:88)
	at com.kms.katalon.core.context.internal.TestListenerCollector.handleListenerEvent(TestListenerCollector.java:85)
	at com.kms.katalon.core.context.internal.ExecutionEventManager.publicEvent(ExecutionEventManager.java:36)
	at com.kms.katalon.core.main.TestCaseExecutor.execute(TestCaseExecutor.java:315)
	at com.kms.katalon.core.common.CommonExecutor.accessTestCaseMainPhase(CommonExecutor.java:65)
	at com.kms.katalon.core.main.TestSuiteExecutor.accessTestSuiteMainPhase(TestSuiteExecutor.java:148)
	at com.kms.katalon.core.main.TestSuiteExecutor.execute(TestSuiteExecutor.java:106)
	at com.kms.katalon.core.main.TestCaseMain.startTestSuite(TestCaseMain.java:187)
	at com.kms.katalon.core.main.TestCaseMain$startTestSuite$0.call(Unknown Source)
	at TempTestSuite1692776210462.run(TempTestSuite1692776210462.groovy:36)


2023-08-23 14:42:23 - [TEST_STEP][ERROR] - if (!(isSkipReport)): org.codehaus.groovy.runtime.typehandling.GroovyCastException: Cannot cast object 'CChromeDriver: chrome on WINDOWS (null)' with class 'com.kms.katalon.selenium.driver.CChromeDriver' to class 'org.openqa.selenium.support.events.EventFiringWebDriver'
	at WebTestListener.afterTestCase(WebTestListener.groovy:117)
	at WebTestListener.invokeMethod(WebTestListener.groovy)
	at com.kms.katalon.core.context.internal.TestHooker.invokeMethod(TestHooker.java:111)
	at com.kms.katalon.core.context.internal.TestHooker.lambda$3(TestHooker.java:95)
	at com.kms.katalon.core.context.internal.TestHooker.invokeContextMethods(TestHooker.java:94)
	at com.kms.katalon.core.context.internal.TestListenerCollector.lambda$3(TestListenerCollector.java:88)
	at com.kms.katalon.core.context.internal.TestListenerCollector.handleListenerEvent(TestListenerCollector.java:85)
	at com.kms.katalon.core.context.internal.ExecutionEventManager.publicEvent(ExecutionEventManager.java:36)
	at com.kms.katalon.core.main.TestCaseExecutor.execute(TestCaseExecutor.java:315)
	at com.kms.katalon.core.common.CommonExecutor.accessTestCaseMainPhase(CommonExecutor.java:65)
	at com.kms.katalon.core.main.TestSuiteExecutor.accessTestSuiteMainPhase(TestSuiteExecutor.java:148)
	at com.kms.katalon.core.main.TestSuiteExecutor.execute(TestSuiteExecutor.java:106)
	at com.kms.katalon.core.main.TestCaseMain.startTestSuite(TestCaseMain.java:187)
	at com.kms.katalon.core.main.TestCaseMain$startTestSuite$0.call(Unknown Source)
	at TempTestSuite1692776210462.run(TempTestSuite1692776210462.groovy:36)


2023-08-23 14:42:23 - [TEST_STEP][PASSED] - driver = getWebDriver(): null

2023-08-23 14:42:23 - [TEST_STEP][PASSED] - endTimeTC = simpleDateFormat.format(new java.util.Date()): null

2023-08-23 14:42:23 - [TEST_STEP][PASSED] - projectId = projectID: null

2023-08-23 14:42:23 - [TEST_STEP][PASSED] - testCase = currentTestCaseId: null

2023-08-23 14:42:23 - [TEST_STEP][PASSED] - tc = findTestCase(testCase): null

2023-08-23 14:42:23 - [TEST_STEP][PASSED] - subject = name: null

2023-08-23 14:42:23 - [TEST_STEP][PASSED] - tag = tc.getTag(): null

2023-08-23 14:42:23 - [TEST_STEP][PASSED] - desc = tc.getDescription(): null

2023-08-23 14:42:23 - [TEST_STEP][PASSED] - status = testCaseContext.getTestCaseStatus(): null

2023-08-23 14:42:23 - [TEST_STEP][ERROR] - caps = getWrappedDriver().getCapabilities(): org.codehaus.groovy.runtime.typehandling.GroovyCastException: Cannot cast object 'CChromeDriver: chrome on WINDOWS (null)' with class 'com.kms.katalon.selenium.driver.CChromeDriver' to class 'org.openqa.selenium.support.events.EventFiringWebDriver'
	at WebTestListener.afterTestCase(WebTestListener.groovy:117)
	at WebTestListener.invokeMethod(WebTestListener.groovy)
	at com.kms.katalon.core.context.internal.TestHooker.invokeMethod(TestHooker.java:111)
	at com.kms.katalon.core.context.internal.TestHooker.lambda$3(TestHooker.java:95)
	at com.kms.katalon.core.context.internal.TestHooker.invokeContextMethods(TestHooker.java:94)
	at com.kms.katalon.core.context.internal.TestListenerCollector.lambda$3(TestListenerCollector.java:88)
	at com.kms.katalon.core.context.internal.TestListenerCollector.handleListenerEvent(TestListenerCollector.java:85)
	at com.kms.katalon.core.context.internal.ExecutionEventManager.publicEvent(ExecutionEventManager.java:36)
	at com.kms.katalon.core.main.TestCaseExecutor.execute(TestCaseExecutor.java:315)
	at com.kms.katalon.core.common.CommonExecutor.accessTestCaseMainPhase(CommonExecutor.java:65)
	at com.kms.katalon.core.main.TestSuiteExecutor.accessTestSuiteMainPhase(TestSuiteExecutor.java:148)
	at com.kms.katalon.core.main.TestSuiteExecutor.execute(TestSuiteExecutor.java:106)
	at com.kms.katalon.core.main.TestCaseMain.startTestSuite(TestCaseMain.java:187)
	at com.kms.katalon.core.main.TestCaseMain$startTestSuite$0.call(Unknown Source)
	at TempTestSuite1692776210462.run(TempTestSuite1692776210462.groovy:36)


2023-08-23 14:42:23 - [MESSAGE][ERROR] - org.codehaus.groovy.runtime.typehandling.GroovyCastException: Cannot cast object 'CChromeDriver: chrome on WINDOWS (null)' with class 'com.kms.katalon.selenium.driver.CChromeDriver' to class 'org.openqa.selenium.support.events.EventFiringWebDriver'
	at WebTestListener.afterTestCase(WebTestListener.groovy:117)
	at WebTestListener.invokeMethod(WebTestListener.groovy)
	at com.kms.katalon.core.context.internal.TestHooker.invokeMethod(TestHooker.java:111)
	at com.kms.katalon.core.context.internal.TestHooker.lambda$3(TestHooker.java:95)
	at com.kms.katalon.core.context.internal.TestHooker.invokeContextMethods(TestHooker.java:94)
	at com.kms.katalon.core.context.internal.TestListenerCollector.lambda$3(TestListenerCollector.java:88)
	at com.kms.katalon.core.context.internal.TestListenerCollector.handleListenerEvent(TestListenerCollector.java:85)
	at com.kms.katalon.core.context.internal.ExecutionEventManager.publicEvent(ExecutionEventManager.java:36)
	at com.kms.katalon.core.main.TestCaseExecutor.execute(TestCaseExecutor.java:315)
	at com.kms.katalon.core.common.CommonExecutor.accessTestCaseMainPhase(CommonExecutor.java:65)
	at com.kms.katalon.core.main.TestSuiteExecutor.accessTestSuiteMainPhase(TestSuiteExecutor.java:148)
	at com.kms.katalon.core.main.TestSuiteExecutor.execute(TestSuiteExecutor.java:106)
	at com.kms.katalon.core.main.TestCaseMain.startTestSuite(TestCaseMain.java:187)
	at com.kms.katalon.core.main.TestCaseMain$startTestSuite$0.call(Unknown Source)
	at TempTestSuite1692776210462.run(TempTestSuite1692776210462.groovy:36)]]></system-out>
         <system-err><![CDATA[]]></system-err>
      </testcase>
      <testcase name="Test Cases/Master Data/Data Group/Data Group - View" time="50.98" classname="Test Cases/Master Data/Data Group/Data Group - View" status="PASSED">
         <system-out><![CDATA[2023-08-23 14:42:23 - [TEST_CASE][PASSED] - Test Cases/Master Data/Data Group/Data Group - View: Test Cases/Master Data/Data Group/Data Group - View

2023-08-23 14:42:23 - [TEST_STEP][PASSED] - Start listener action : beforeTestCase: null

2023-08-23 14:42:23 - [TEST_STEP][PASSED] - if (!(isSkipTestListener)): null

2023-08-23 14:42:23 - [TEST_STEP][PASSED] - if (!(isSkipReport)): null

2023-08-23 14:42:23 - [TEST_STEP][PASSED] - startTimeTC = simpleDateFormat.format(new java.util.Date()): null

2023-08-23 14:42:23 - [TEST_STEP][PASSED] - currentTestCaseId = testCaseContext.getTestCaseId(): null

2023-08-23 14:42:23 - [TEST_STEP][PASSED] - handleWebDriver = new care.katalon.HandleWebDriver(): null

2023-08-23 14:42:23 - [TEST_STEP][PASSED] - handleWebDriver.startAndOpenWebBrowser(baseUrl): Wait for page load successfully

2023-08-23 14:42:23 - [MESSAGE][INFO] - URL ENV = https://staging-care.nexcloud.id/

2023-08-23 14:42:23 - [MESSAGE][INFO] - Starting 'Chrome' driver

2023-08-23 14:42:23 - [MESSAGE][INFO] - Action delay is set to 0 milliseconds

2023-08-23 14:42:24 - [MESSAGE][PASSED] - Browser is opened with url: ''

2023-08-23 14:42:24 - [MESSAGE][PASSED] - Wait for page load successfully

2023-08-23 14:42:24 - [MESSAGE][PASSED] - Current window maximized

2023-08-23 14:42:28 - [MESSAGE][PASSED] - Navigate to 'https://staging-care.nexcloud.id/' successfully

2023-08-23 14:42:28 - [MESSAGE][PASSED] - Wait for page load successfully

2023-08-23 14:42:28 - [TEST_STEP][PASSED] - generalAction = new care.katalon.GeneralAction(): null

2023-08-23 14:42:28 - [TEST_STEP][PASSED] - handleTestData = new care.katalon.HandleTestData(): null

2023-08-23 14:42:28 - [TEST_STEP][PASSED] - dataGroup = new masterdata.care.DataGroup(): null

2023-08-23 14:42:28 - [TEST_STEP][PASSED] - generalAction.login(""): Wait for page load successfully

2023-08-23 14:42:28 - [MESSAGE][PASSED] - Object 'Object Repository/Login/username' is clickable

2023-08-23 14:42:28 - [MESSAGE][INFO] - Click Element = Object Repository/Login/username

2023-08-23 14:42:28 - [MESSAGE][PASSED] - Object: 'Object Repository/Login/username' is clicked on

2023-08-23 14:42:29 - [MESSAGE][PASSED] - Attribute 'value' of object 'Object Repository/Login/username' is: ''

2023-08-23 14:42:29 - [MESSAGE][PASSED] - Text 'admin' is set on object 'Object Repository/Login/username'

2023-08-23 14:42:30 - [MESSAGE][PASSED] - Object 'Object Repository/Login/password' is clickable

2023-08-23 14:42:30 - [MESSAGE][INFO] - Click Element = Object Repository/Login/password

2023-08-23 14:42:30 - [MESSAGE][PASSED] - Object: 'Object Repository/Login/password' is clicked on

2023-08-23 14:42:30 - [MESSAGE][PASSED] - Attribute 'value' of object 'Object Repository/Login/password' is: ''

2023-08-23 14:42:31 - [MESSAGE][PASSED] - Text 'Auth_server_2020' is set on object 'Object Repository/Login/password'

2023-08-23 14:42:31 - [MESSAGE][PASSED] - Object 'Object Repository/Login/masuk' is clickable

2023-08-23 14:42:31 - [MESSAGE][INFO] - Click Element = Object Repository/Login/masuk

2023-08-23 14:42:32 - [MESSAGE][PASSED] - Object: 'Object Repository/Login/masuk' is clicked on

2023-08-23 14:42:32 - [MESSAGE][PASSED] - Object 'Object Repository/Login/button_Tidak' is present

2023-08-23 14:42:33 - [MESSAGE][PASSED] - Object 'Object Repository/Login/button_Tidak' is clickable

2023-08-23 14:42:33 - [MESSAGE][INFO] - Click Element = Object Repository/Login/button_Tidak

2023-08-23 14:42:33 - [MESSAGE][PASSED] - Object: 'Object Repository/Login/button_Tidak' is clicked on

2023-08-23 14:42:33 - [MESSAGE][PASSED] - Wait for page load successfully

2023-08-23 14:42:33 - [TEST_STEP][PASSED] - dataGroup.menuDataGroup(): Object: 'Object Repository/Home Page(General)/btnDataGroup' is clicked on

2023-08-23 14:42:36 - [MESSAGE][PASSED] - Object 'Object Repository/Sidebar/Sidebar Master Data' is clickable

2023-08-23 14:42:36 - [MESSAGE][INFO] - Click Element = Object Repository/Sidebar/Sidebar Master Data

2023-08-23 14:42:37 - [MESSAGE][PASSED] - Object: 'Object Repository/Sidebar/Sidebar Master Data' is clicked on

2023-08-23 14:42:37 - [MESSAGE][PASSED] - Object 'Object Repository/Home Page(General)/btnDataGroup' is clickable

2023-08-23 14:42:37 - [MESSAGE][INFO] - Click Element = Object Repository/Home Page(General)/btnDataGroup

2023-08-23 14:42:38 - [MESSAGE][PASSED] - Object: 'Object Repository/Home Page(General)/btnDataGroup' is clicked on

2023-08-23 14:42:38 - [TEST_STEP][PASSED] - excelLocation = "Master Data\Data Group\dataGroup - view.xlsx": null

2023-08-23 14:42:38 - [TEST_STEP][PASSED] - sheetNameDataGroup = "DataGroup-view": null

2023-08-23 14:42:38 - [TEST_STEP][PASSED] - listHashMapDataGroup = handleTestData.readTestData(excelLocation, sheetNameDataGroup, true): listHashMap di Method readTestData class care.katalon.HandleTestData : [[TD:TDG220601, Action:Add, groupID:katalonlima, principalName:PVMI, deskripsi:Edit Data Group Oleh Katalon 01., category:POSITIVE, customerName:Pt Papa Samsu Sampit], [TD:TDG220602, Action:Add, groupID:katalonenam, principalName:All, deskripsi:Edit Data Group Oleh Katalon 02., category:POSITIVE, customerName:All], [TD:TDG220603, Action:Add, groupID:katalontujuh, principalName:ASW,Ina Food, deskripsi:Edit Data Group Oleh Katalon 03., category:POSITIVE, customerName:Pt Rukun Mitra Sejati Blitar,Pt Rukun Mitra Sejati Yogyakarta], [TD:TDG220604, Action:Add, groupID:katalondelapan, principalName:All, deskripsi:Edit Data Group Oleh Katalon 04., category:POSITIVE, customerName:Pt Rukun Mitra Sejati Yogyakarta]]

2023-08-23 14:42:38 - [MESSAGE][INFO] - listHashMap di Method readTestData class care.katalon.HandleTestData : [[TD:TDG220601, Action:Add, groupID:katalonlima, principalName:PVMI, deskripsi:Edit Data Group Oleh Katalon 01., category:POSITIVE, customerName:Pt Papa Samsu Sampit], [TD:TDG220602, Action:Add, groupID:katalonenam, principalName:All, deskripsi:Edit Data Group Oleh Katalon 02., category:POSITIVE, customerName:All], [TD:TDG220603, Action:Add, groupID:katalontujuh, principalName:ASW,Ina Food, deskripsi:Edit Data Group Oleh Katalon 03., category:POSITIVE, customerName:Pt Rukun Mitra Sejati Blitar,Pt Rukun Mitra Sejati Yogyakarta], [TD:TDG220604, Action:Add, groupID:katalondelapan, principalName:All, deskripsi:Edit Data Group Oleh Katalon 04., category:POSITIVE, customerName:Pt Rukun Mitra Sejati Yogyakarta]]

2023-08-23 14:42:38 - [TEST_STEP][PASSED] - for ([i = 0, i < listHashMapDataGroup.size(), (i++)]): Delayed 2 second(s)

2023-08-23 14:42:38 - [TEST_STEP][PASSED] - try: Delayed 2 second(s)

2023-08-23 14:42:38 - [TEST_STEP][PASSED] - getHashMapDataGroup = listHashMapDataGroup.get(i): null

2023-08-23 14:42:38 - [TEST_STEP][PASSED] - groupID = getHashMapDataGroup.get("groupID"): null

2023-08-23 14:42:38 - [TEST_STEP][PASSED] - dataGroup.viewDetail(groupID): Object: 'Object Repository/Master Data/Data Group/TambahEditDetail/pathdetailDataGroup' is clicked on

2023-08-23 14:42:38 - [MESSAGE][PASSED] - Wait for page load successfully

2023-08-23 14:42:39 - [MESSAGE][PASSED] - Object 'Object Repository/Master Data/Data Group/TambahEditDetail/SearchDataGroup' is clickable

2023-08-23 14:42:39 - [MESSAGE][INFO] - Click Element = Object Repository/Master Data/Data Group/TambahEditDetail/SearchDataGroup

2023-08-23 14:42:39 - [MESSAGE][PASSED] - Object: 'Object Repository/Master Data/Data Group/TambahEditDetail/SearchDataGroup' is clicked on

2023-08-23 14:42:39 - [MESSAGE][PASSED] - Attribute 'value' of object 'Object Repository/Master Data/Data Group/TambahEditDetail/SearchDataGroup' is: ''

2023-08-23 14:42:40 - [MESSAGE][PASSED] - Text 'katalonlima' is set on object 'Object Repository/Master Data/Data Group/TambahEditDetail/SearchDataGroup'

2023-08-23 14:42:40 - [MESSAGE][PASSED] - Keys 'ENTER + ' sent to object: 'Object Repository/Master Data/Data Group/TambahEditDetail/SearchDataGroup'

2023-08-23 14:42:41 - [MESSAGE][PASSED] - Object 'Object Repository/Master Data/Data Group/TambahEditDetail/pathdetailDataGroup' is clickable

2023-08-23 14:42:41 - [MESSAGE][INFO] - Click Element = Object Repository/Master Data/Data Group/TambahEditDetail/pathdetailDataGroup

2023-08-23 14:42:41 - [MESSAGE][PASSED] - Object: 'Object Repository/Master Data/Data Group/TambahEditDetail/pathdetailDataGroup' is clicked on

2023-08-23 14:42:41 - [TEST_STEP][PASSED] - dataGroup.verifyDataGroup(getHashMapDataGroup): Actual text 'PVMI' and expected text 'PVMI' are matched 

2023-08-23 14:42:41 - [MESSAGE][INFO] - Grup ID : katalonlima

2023-08-23 14:42:41 - [MESSAGE][INFO] - Deskripsi : Edit Data Group Oleh Katalon 01.

2023-08-23 14:42:41 - [MESSAGE][INFO] - Customer Name : Pt Papa Samsu Sampit

2023-08-23 14:42:41 - [MESSAGE][INFO] - Principal Name : PVMI

2023-08-23 14:42:41 - [MESSAGE][PASSED] - Wait for page load successfully

2023-08-23 14:42:42 - [MESSAGE][PASSED] - Attribute 'value' of object 'Object Repository/Master Data/Data Group/TambahEditDetail/VerifyDataGroupID' is: 'katalonlima'

2023-08-23 14:42:42 - [MESSAGE][PASSED] - Actual text 'katalonlima' and expected text 'katalonlima' are matched 

2023-08-23 14:42:42 - [MESSAGE][PASSED] - Text of object 'Object Repository/Master Data/Data Group/TambahEditDetail/VerifyDeskripsi' is: 'Edit Data Group Oleh Katalon 01.'

2023-08-23 14:42:42 - [MESSAGE][PASSED] - Actual text 'Edit Data Group Oleh Katalon 01.' and expected text 'Edit Data Group Oleh Katalon 01.' are matched 

2023-08-23 14:42:43 - [MESSAGE][PASSED] - Object 'Object Repository/Master Data/Data Group/TambahEditDetail/DataScopeView' is clickable

2023-08-23 14:42:43 - [MESSAGE][PASSED] - Object 'Object Repository/Master Data/Data Group/TambahEditDetail/DataScopeView' is clickable

2023-08-23 14:42:43 - [MESSAGE][INFO] - Click Element = Object Repository/Master Data/Data Group/TambahEditDetail/DataScopeView

2023-08-23 14:42:43 - [MESSAGE][PASSED] - Object: 'Object Repository/Master Data/Data Group/TambahEditDetail/DataScopeView' is clicked on

2023-08-23 14:42:44 - [MESSAGE][PASSED] - Text of object 'Object Repository/Master Data/Data Group/TambahEditDetail/VerifyNamaPelanggan' is: 'Pt Papa Samsu Sampit'

2023-08-23 14:42:44 - [MESSAGE][INFO] - NAMA DISTRIBUTOR = Pt Papa Samsu Sampit

2023-08-23 14:42:44 - [MESSAGE][PASSED] - Actual text 'Pt Papa Samsu Sampit' and expected text 'Pt Papa Samsu Sampit' are matched 

2023-08-23 14:42:44 - [MESSAGE][PASSED] - Text of object 'Object Repository/Master Data/Data Group/TambahEditDetail/VerifyNamaPrincipal' is: 'PVMI'

2023-08-23 14:42:44 - [MESSAGE][INFO] - NAMA PRINCIPAL = PVMI

2023-08-23 14:42:44 - [MESSAGE][PASSED] - Actual text 'PVMI' and expected text 'PVMI' are matched 

2023-08-23 14:42:44 - [TEST_STEP][PASSED] - dataGroup.closeViewDetail(): Delayed 2 second(s)

2023-08-23 14:42:45 - [MESSAGE][PASSED] - Object 'Object Repository/Master Data/Data Group/TambahEditDetail/Tutup' is clickable

2023-08-23 14:42:45 - [MESSAGE][INFO] - Click Element = Object Repository/Master Data/Data Group/TambahEditDetail/Tutup

2023-08-23 14:42:45 - [MESSAGE][PASSED] - Object: 'Object Repository/Master Data/Data Group/TambahEditDetail/Tutup' is clicked on

2023-08-23 14:42:47 - [MESSAGE][PASSED] - Delayed 2 second(s)

2023-08-23 14:42:47 - [TEST_STEP][PASSED] - try: Delayed 2 second(s)

2023-08-23 14:42:47 - [TEST_STEP][PASSED] - getHashMapDataGroup = listHashMapDataGroup.get(i): null

2023-08-23 14:42:47 - [TEST_STEP][PASSED] - groupID = getHashMapDataGroup.get("groupID"): null

2023-08-23 14:42:47 - [TEST_STEP][PASSED] - dataGroup.viewDetail(groupID): Object: 'Object Repository/Master Data/Data Group/TambahEditDetail/pathdetailDataGroup' is clicked on

2023-08-23 14:42:47 - [MESSAGE][PASSED] - Wait for page load successfully

2023-08-23 14:42:48 - [MESSAGE][PASSED] - Object 'Object Repository/Master Data/Data Group/TambahEditDetail/SearchDataGroup' is clickable

2023-08-23 14:42:48 - [MESSAGE][INFO] - Click Element = Object Repository/Master Data/Data Group/TambahEditDetail/SearchDataGroup

2023-08-23 14:42:48 - [MESSAGE][PASSED] - Object: 'Object Repository/Master Data/Data Group/TambahEditDetail/SearchDataGroup' is clicked on

2023-08-23 14:42:48 - [MESSAGE][PASSED] - Attribute 'value' of object 'Object Repository/Master Data/Data Group/TambahEditDetail/SearchDataGroup' is: ''

2023-08-23 14:42:49 - [MESSAGE][PASSED] - Text 'katalonenam' is set on object 'Object Repository/Master Data/Data Group/TambahEditDetail/SearchDataGroup'

2023-08-23 14:42:49 - [MESSAGE][PASSED] - Keys 'ENTER + ' sent to object: 'Object Repository/Master Data/Data Group/TambahEditDetail/SearchDataGroup'

2023-08-23 14:42:50 - [MESSAGE][PASSED] - Object 'Object Repository/Master Data/Data Group/TambahEditDetail/pathdetailDataGroup' is clickable

2023-08-23 14:42:50 - [MESSAGE][INFO] - Click Element = Object Repository/Master Data/Data Group/TambahEditDetail/pathdetailDataGroup

2023-08-23 14:42:50 - [MESSAGE][PASSED] - Object: 'Object Repository/Master Data/Data Group/TambahEditDetail/pathdetailDataGroup' is clicked on

2023-08-23 14:42:50 - [TEST_STEP][PASSED] - dataGroup.verifyDataGroup(getHashMapDataGroup): ELEMENT CHECKED = true

2023-08-23 14:42:50 - [MESSAGE][INFO] - Grup ID : katalonenam

2023-08-23 14:42:50 - [MESSAGE][INFO] - Deskripsi : Edit Data Group Oleh Katalon 02.

2023-08-23 14:42:50 - [MESSAGE][INFO] - Customer Name : All

2023-08-23 14:42:50 - [MESSAGE][INFO] - Principal Name : All

2023-08-23 14:42:50 - [MESSAGE][PASSED] - Wait for page load successfully

2023-08-23 14:42:50 - [MESSAGE][PASSED] - Attribute 'value' of object 'Object Repository/Master Data/Data Group/TambahEditDetail/VerifyDataGroupID' is: 'katalonenam'

2023-08-23 14:42:50 - [MESSAGE][PASSED] - Actual text 'katalonenam' and expected text 'katalonenam' are matched 

2023-08-23 14:42:51 - [MESSAGE][PASSED] - Text of object 'Object Repository/Master Data/Data Group/TambahEditDetail/VerifyDeskripsi' is: 'Edit Data Group Oleh Katalon 02.'

2023-08-23 14:42:51 - [MESSAGE][PASSED] - Actual text 'Edit Data Group Oleh Katalon 02.' and expected text 'Edit Data Group Oleh Katalon 02.' are matched 

2023-08-23 14:42:51 - [MESSAGE][PASSED] - Object 'Object Repository/Master Data/Data Group/TambahEditDetail/DataScopeView' is clickable

2023-08-23 14:42:51 - [MESSAGE][PASSED] - Object 'Object Repository/Master Data/Data Group/TambahEditDetail/DataScopeView' is clickable

2023-08-23 14:42:51 - [MESSAGE][INFO] - Click Element = Object Repository/Master Data/Data Group/TambahEditDetail/DataScopeView

2023-08-23 14:42:52 - [MESSAGE][PASSED] - Object: 'Object Repository/Master Data/Data Group/TambahEditDetail/DataScopeView' is clicked on

2023-08-23 14:42:52 - [MESSAGE][PASSED] - Object 'Object Repository/Master Data/Data Group/TambahEditDetail/TerapkanDiSemuaNamaPelanggan' is checked

2023-08-23 14:42:52 - [MESSAGE][INFO] - ELEMENT CHECKED = true

2023-08-23 14:42:53 - [MESSAGE][PASSED] - Object 'Object Repository/Master Data/Data Group/TambahEditDetail/TerapkanDiSemuaNamaPrincipal' is checked

2023-08-23 14:42:53 - [MESSAGE][INFO] - ELEMENT CHECKED = true

2023-08-23 14:42:53 - [TEST_STEP][PASSED] - dataGroup.closeViewDetail(): Delayed 2 second(s)

2023-08-23 14:42:53 - [MESSAGE][PASSED] - Object 'Object Repository/Master Data/Data Group/TambahEditDetail/Tutup' is clickable

2023-08-23 14:42:53 - [MESSAGE][INFO] - Click Element = Object Repository/Master Data/Data Group/TambahEditDetail/Tutup

2023-08-23 14:42:53 - [MESSAGE][PASSED] - Object: 'Object Repository/Master Data/Data Group/TambahEditDetail/Tutup' is clicked on

2023-08-23 14:42:55 - [MESSAGE][PASSED] - Delayed 2 second(s)

2023-08-23 14:42:55 - [TEST_STEP][PASSED] - try: Delayed 2 second(s)

2023-08-23 14:42:55 - [TEST_STEP][PASSED] - getHashMapDataGroup = listHashMapDataGroup.get(i): null

2023-08-23 14:42:55 - [TEST_STEP][PASSED] - groupID = getHashMapDataGroup.get("groupID"): null

2023-08-23 14:42:55 - [TEST_STEP][PASSED] - dataGroup.viewDetail(groupID): Object: 'Object Repository/Master Data/Data Group/TambahEditDetail/pathdetailDataGroup' is clicked on

2023-08-23 14:42:55 - [MESSAGE][PASSED] - Wait for page load successfully

2023-08-23 14:42:56 - [MESSAGE][PASSED] - Object 'Object Repository/Master Data/Data Group/TambahEditDetail/SearchDataGroup' is clickable

2023-08-23 14:42:56 - [MESSAGE][INFO] - Click Element = Object Repository/Master Data/Data Group/TambahEditDetail/SearchDataGroup

2023-08-23 14:42:56 - [MESSAGE][PASSED] - Object: 'Object Repository/Master Data/Data Group/TambahEditDetail/SearchDataGroup' is clicked on

2023-08-23 14:42:56 - [MESSAGE][PASSED] - Attribute 'value' of object 'Object Repository/Master Data/Data Group/TambahEditDetail/SearchDataGroup' is: ''

2023-08-23 14:42:57 - [MESSAGE][PASSED] - Text 'katalontujuh' is set on object 'Object Repository/Master Data/Data Group/TambahEditDetail/SearchDataGroup'

2023-08-23 14:42:57 - [MESSAGE][PASSED] - Keys 'ENTER + ' sent to object: 'Object Repository/Master Data/Data Group/TambahEditDetail/SearchDataGroup'

2023-08-23 14:42:58 - [MESSAGE][PASSED] - Object 'Object Repository/Master Data/Data Group/TambahEditDetail/pathdetailDataGroup' is clickable

2023-08-23 14:42:58 - [MESSAGE][INFO] - Click Element = Object Repository/Master Data/Data Group/TambahEditDetail/pathdetailDataGroup

2023-08-23 14:42:58 - [MESSAGE][PASSED] - Object: 'Object Repository/Master Data/Data Group/TambahEditDetail/pathdetailDataGroup' is clicked on

2023-08-23 14:42:58 - [TEST_STEP][PASSED] - dataGroup.verifyDataGroup(getHashMapDataGroup): Actual text 'Ina Food' and expected text 'Ina Food' are matched 

2023-08-23 14:42:58 - [MESSAGE][INFO] - Grup ID : katalontujuh

2023-08-23 14:42:58 - [MESSAGE][INFO] - Deskripsi : Edit Data Group Oleh Katalon 03.

2023-08-23 14:42:58 - [MESSAGE][INFO] - Customer Name : Pt Rukun Mitra Sejati Blitar,Pt Rukun Mitra Sejati Yogyakarta

2023-08-23 14:42:58 - [MESSAGE][INFO] - Principal Name : ASW,Ina Food

2023-08-23 14:42:58 - [MESSAGE][PASSED] - Wait for page load successfully

2023-08-23 14:42:59 - [MESSAGE][PASSED] - Attribute 'value' of object 'Object Repository/Master Data/Data Group/TambahEditDetail/VerifyDataGroupID' is: 'katalontujuh'

2023-08-23 14:42:59 - [MESSAGE][PASSED] - Actual text 'katalontujuh' and expected text 'katalontujuh' are matched 

2023-08-23 14:42:59 - [MESSAGE][PASSED] - Text of object 'Object Repository/Master Data/Data Group/TambahEditDetail/VerifyDeskripsi' is: 'Edit Data Group Oleh Katalon 03.'

2023-08-23 14:42:59 - [MESSAGE][PASSED] - Actual text 'Edit Data Group Oleh Katalon 03.' and expected text 'Edit Data Group Oleh Katalon 03.' are matched 

2023-08-23 14:42:59 - [MESSAGE][PASSED] - Object 'Object Repository/Master Data/Data Group/TambahEditDetail/DataScopeView' is clickable

2023-08-23 14:43:00 - [MESSAGE][PASSED] - Object 'Object Repository/Master Data/Data Group/TambahEditDetail/DataScopeView' is clickable

2023-08-23 14:43:00 - [MESSAGE][INFO] - Click Element = Object Repository/Master Data/Data Group/TambahEditDetail/DataScopeView

2023-08-23 14:43:00 - [MESSAGE][PASSED] - Object: 'Object Repository/Master Data/Data Group/TambahEditDetail/DataScopeView' is clicked on

2023-08-23 14:43:01 - [MESSAGE][PASSED] - Text of object 'Object Repository/Master Data/Data Group/TambahEditDetail/VerifyNamaPelanggan' is: 'Pt Rukun Mitra Sejati Blitar'

2023-08-23 14:43:01 - [MESSAGE][INFO] - NAMA DISTRIBUTOR = Pt Rukun Mitra Sejati Blitar

2023-08-23 14:43:01 - [MESSAGE][PASSED] - Actual text 'Pt Rukun Mitra Sejati Blitar' and expected text 'Pt Rukun Mitra Sejati Blitar' are matched 

2023-08-23 14:43:02 - [MESSAGE][PASSED] - Text of object 'Object Repository/Master Data/Data Group/TambahEditDetail/VerifyNamaPelanggan' is: 'Pt Rukun Mitra Sejati Yogyakarta'

2023-08-23 14:43:02 - [MESSAGE][INFO] - NAMA DISTRIBUTOR = Pt Rukun Mitra Sejati Yogyakarta

2023-08-23 14:43:02 - [MESSAGE][PASSED] - Actual text 'Pt Rukun Mitra Sejati Yogyakarta' and expected text 'Pt Rukun Mitra Sejati Yogyakarta' are matched 

2023-08-23 14:43:02 - [MESSAGE][PASSED] - Text of object 'Object Repository/Master Data/Data Group/TambahEditDetail/VerifyNamaPrincipal' is: 'ASW'

2023-08-23 14:43:02 - [MESSAGE][INFO] - NAMA PRINCIPAL = ASW

2023-08-23 14:43:02 - [MESSAGE][PASSED] - Actual text 'ASW' and expected text 'ASW' are matched 

2023-08-23 14:43:02 - [MESSAGE][PASSED] - Text of object 'Object Repository/Master Data/Data Group/TambahEditDetail/VerifyNamaPrincipal' is: 'Ina Food'

2023-08-23 14:43:02 - [MESSAGE][INFO] - NAMA PRINCIPAL = Ina Food

2023-08-23 14:43:02 - [MESSAGE][PASSED] - Actual text 'Ina Food' and expected text 'Ina Food' are matched 

2023-08-23 14:43:02 - [TEST_STEP][PASSED] - dataGroup.closeViewDetail(): Delayed 2 second(s)

2023-08-23 14:43:03 - [MESSAGE][PASSED] - Object 'Object Repository/Master Data/Data Group/TambahEditDetail/Tutup' is clickable

2023-08-23 14:43:03 - [MESSAGE][INFO] - Click Element = Object Repository/Master Data/Data Group/TambahEditDetail/Tutup

2023-08-23 14:43:03 - [MESSAGE][PASSED] - Object: 'Object Repository/Master Data/Data Group/TambahEditDetail/Tutup' is clicked on

2023-08-23 14:43:05 - [MESSAGE][PASSED] - Delayed 2 second(s)

2023-08-23 14:43:05 - [TEST_STEP][PASSED] - try: Delayed 2 second(s)

2023-08-23 14:43:05 - [TEST_STEP][PASSED] - getHashMapDataGroup = listHashMapDataGroup.get(i): null

2023-08-23 14:43:05 - [TEST_STEP][PASSED] - groupID = getHashMapDataGroup.get("groupID"): null

2023-08-23 14:43:05 - [TEST_STEP][PASSED] - dataGroup.viewDetail(groupID): Object: 'Object Repository/Master Data/Data Group/TambahEditDetail/pathdetailDataGroup' is clicked on

2023-08-23 14:43:05 - [MESSAGE][PASSED] - Wait for page load successfully

2023-08-23 14:43:05 - [MESSAGE][PASSED] - Object 'Object Repository/Master Data/Data Group/TambahEditDetail/SearchDataGroup' is clickable

2023-08-23 14:43:05 - [MESSAGE][INFO] - Click Element = Object Repository/Master Data/Data Group/TambahEditDetail/SearchDataGroup

2023-08-23 14:43:06 - [MESSAGE][PASSED] - Object: 'Object Repository/Master Data/Data Group/TambahEditDetail/SearchDataGroup' is clicked on

2023-08-23 14:43:06 - [MESSAGE][PASSED] - Attribute 'value' of object 'Object Repository/Master Data/Data Group/TambahEditDetail/SearchDataGroup' is: ''

2023-08-23 14:43:07 - [MESSAGE][PASSED] - Text 'katalondelapan' is set on object 'Object Repository/Master Data/Data Group/TambahEditDetail/SearchDataGroup'

2023-08-23 14:43:07 - [MESSAGE][PASSED] - Keys 'ENTER + ' sent to object: 'Object Repository/Master Data/Data Group/TambahEditDetail/SearchDataGroup'

2023-08-23 14:43:07 - [MESSAGE][PASSED] - Object 'Object Repository/Master Data/Data Group/TambahEditDetail/pathdetailDataGroup' is clickable

2023-08-23 14:43:07 - [MESSAGE][INFO] - Click Element = Object Repository/Master Data/Data Group/TambahEditDetail/pathdetailDataGroup

2023-08-23 14:43:08 - [MESSAGE][PASSED] - Object: 'Object Repository/Master Data/Data Group/TambahEditDetail/pathdetailDataGroup' is clicked on

2023-08-23 14:43:08 - [TEST_STEP][PASSED] - dataGroup.verifyDataGroup(getHashMapDataGroup): ELEMENT CHECKED = true

2023-08-23 14:43:08 - [MESSAGE][INFO] - Grup ID : katalondelapan

2023-08-23 14:43:08 - [MESSAGE][INFO] - Deskripsi : Edit Data Group Oleh Katalon 04.

2023-08-23 14:43:08 - [MESSAGE][INFO] - Customer Name : Pt Rukun Mitra Sejati Yogyakarta

2023-08-23 14:43:08 - [MESSAGE][INFO] - Principal Name : All

2023-08-23 14:43:08 - [MESSAGE][PASSED] - Wait for page load successfully

2023-08-23 14:43:08 - [MESSAGE][PASSED] - Attribute 'value' of object 'Object Repository/Master Data/Data Group/TambahEditDetail/VerifyDataGroupID' is: 'katalondelapan'

2023-08-23 14:43:08 - [MESSAGE][PASSED] - Actual text 'katalondelapan' and expected text 'katalondelapan' are matched 

2023-08-23 14:43:09 - [MESSAGE][PASSED] - Text of object 'Object Repository/Master Data/Data Group/TambahEditDetail/VerifyDeskripsi' is: 'Edit Data Group Oleh Katalon 04.'

2023-08-23 14:43:09 - [MESSAGE][PASSED] - Actual text 'Edit Data Group Oleh Katalon 04.' and expected text 'Edit Data Group Oleh Katalon 04.' are matched 

2023-08-23 14:43:09 - [MESSAGE][PASSED] - Object 'Object Repository/Master Data/Data Group/TambahEditDetail/DataScopeView' is clickable

2023-08-23 14:43:09 - [MESSAGE][PASSED] - Object 'Object Repository/Master Data/Data Group/TambahEditDetail/DataScopeView' is clickable

2023-08-23 14:43:09 - [MESSAGE][INFO] - Click Element = Object Repository/Master Data/Data Group/TambahEditDetail/DataScopeView

2023-08-23 14:43:10 - [MESSAGE][PASSED] - Object: 'Object Repository/Master Data/Data Group/TambahEditDetail/DataScopeView' is clicked on

2023-08-23 14:43:10 - [MESSAGE][PASSED] - Text of object 'Object Repository/Master Data/Data Group/TambahEditDetail/VerifyNamaPelanggan' is: 'Pt Rukun Mitra Sejati Yogyakarta'

2023-08-23 14:43:10 - [MESSAGE][INFO] - NAMA DISTRIBUTOR = Pt Rukun Mitra Sejati Yogyakarta

2023-08-23 14:43:10 - [MESSAGE][PASSED] - Actual text 'Pt Rukun Mitra Sejati Yogyakarta' and expected text 'Pt Rukun Mitra Sejati Yogyakarta' are matched 

2023-08-23 14:43:11 - [MESSAGE][PASSED] - Object 'Object Repository/Master Data/Data Group/TambahEditDetail/TerapkanDiSemuaNamaPrincipal' is checked

2023-08-23 14:43:11 - [MESSAGE][INFO] - ELEMENT CHECKED = true

2023-08-23 14:43:11 - [TEST_STEP][PASSED] - dataGroup.closeViewDetail(): Delayed 2 second(s)

2023-08-23 14:43:11 - [MESSAGE][PASSED] - Object 'Object Repository/Master Data/Data Group/TambahEditDetail/Tutup' is clickable

2023-08-23 14:43:11 - [MESSAGE][INFO] - Click Element = Object Repository/Master Data/Data Group/TambahEditDetail/Tutup

2023-08-23 14:43:11 - [MESSAGE][PASSED] - Object: 'Object Repository/Master Data/Data Group/TambahEditDetail/Tutup' is clicked on

2023-08-23 14:43:13 - [MESSAGE][PASSED] - Delayed 2 second(s)

2023-08-23 14:43:13 - [TEST_STEP][PASSED] - Start listener action : afterTestCase: message: 

2023-08-23 14:43:13 - [TEST_STEP][PASSED] - if (!(isSkipTestListener)): message: 

2023-08-23 14:43:13 - [TEST_STEP][PASSED] - if (!(isSkipReport)): message: 

2023-08-23 14:43:13 - [TEST_STEP][PASSED] - driver = getWebDriver(): null

2023-08-23 14:43:13 - [TEST_STEP][PASSED] - endTimeTC = simpleDateFormat.format(new java.util.Date()): null

2023-08-23 14:43:13 - [TEST_STEP][PASSED] - projectId = projectID: null

2023-08-23 14:43:13 - [TEST_STEP][PASSED] - testCase = currentTestCaseId: null

2023-08-23 14:43:13 - [TEST_STEP][PASSED] - tc = findTestCase(testCase): null

2023-08-23 14:43:13 - [TEST_STEP][PASSED] - subject = name: null

2023-08-23 14:43:14 - [TEST_STEP][PASSED] - tag = tc.getTag(): null

2023-08-23 14:43:14 - [TEST_STEP][PASSED] - desc = tc.getDescription(): null

2023-08-23 14:43:14 - [TEST_STEP][PASSED] - status = testCaseContext.getTestCaseStatus(): null

2023-08-23 14:43:14 - [TEST_STEP][PASSED] - caps = getWrappedDriver().getCapabilities(): null

2023-08-23 14:43:14 - [TEST_STEP][PASSED] - platform = getBrowserName().capitalize(): null

2023-08-23 14:43:14 - [TEST_STEP][PASSED] - platformVersion = caps.getVersion(): null

2023-08-23 14:43:14 - [TEST_STEP][PASSED] - appVersion = appVersion: null

2023-08-23 14:43:14 - [TEST_STEP][PASSED] - profile = getExecutionProfile(): null

2023-08-23 14:43:14 - [TEST_STEP][PASSED] - startExecutionTime = startTimeTC: null

2023-08-23 14:43:14 - [TEST_STEP][PASSED] - endExecutionTime = endTimeTC: null

2023-08-23 14:43:14 - [TEST_STEP][PASSED] - addProperties = testCaseContext.getMessage(): null

2023-08-23 14:43:14 - [TEST_STEP][PASSED] - hostName = getHostName(): null

2023-08-23 14:43:14 - [TEST_STEP][PASSED] - os = getOS(): null

2023-08-23 14:43:14 - [TEST_STEP][PASSED] - hostAddress = getHostAddress(): null

2023-08-23 14:43:14 - [TEST_STEP][PASSED] - katalonVersion = getAppVersion(): null

2023-08-23 14:43:14 - [TEST_STEP][PASSED] - lstKeyOfAddValues = new java.util.ArrayList(): null

2023-08-23 14:43:14 - [TEST_STEP][PASSED] - lstKeyOfAddValues.add("Host Name"): null

2023-08-23 14:43:14 - [TEST_STEP][PASSED] - lstKeyOfAddValues.add("OS"): null

2023-08-23 14:43:14 - [TEST_STEP][PASSED] - lstKeyOfAddValues.add("Host Address"): null

2023-08-23 14:43:14 - [TEST_STEP][PASSED] - lstKeyOfAddValues.add("Katalon Version"): null

2023-08-23 14:43:14 - [TEST_STEP][PASSED] - lstValueOfAddValues = new java.util.ArrayList(): null

2023-08-23 14:43:14 - [TEST_STEP][PASSED] - lstValueOfAddValues.add(hostName): null

2023-08-23 14:43:14 - [TEST_STEP][PASSED] - lstValueOfAddValues.add(os): null

2023-08-23 14:43:14 - [TEST_STEP][PASSED] - lstValueOfAddValues.add(hostAddress): null

2023-08-23 14:43:14 - [TEST_STEP][PASSED] - lstValueOfAddValues.add(katalonVersion): null

2023-08-23 14:43:14 - [TEST_STEP][PASSED] - addValues = [lstKeyOfAddValues.toArray(), lstValueOfAddValues.toArray()]: null

2023-08-23 14:43:14 - [TEST_STEP][PASSED] - body = QMARequestResponseObject.convertToJSON(projectId, testCase, subject, tag, desc, status, platform, platformVersion, appVersion, profile, startExecutionTime, endExecutionTime, addProperties, addValues): null

2023-08-23 14:43:14 - [TEST_STEP][PASSED] - logInfo("Body: " + body): Body: {"project_id":13,"test_case":"Test Cases/Master Data/Data Group/Data Group - View","subject":"Data Group - View","tag":"","description":"","status":"PASSED","platform":"Chrome","platform_version":"116.0.5845.97","app_version":"5.0.0","profile":"default","start_execution_time":"2023-08-23T14:42:23Z","end_execution_time":"2023-08-23T14:43:13Z","additional_properties":"","additional_values":[["Host Name","OS","Host Address","Katalon Version"],["NEXSOFT - DESKTOP-C56VD1H","Windows 11 64bit","10.10.18.38","8.6.6.208"]]}

2023-08-23 14:43:14 - [MESSAGE][INFO] - Body: {"project_id":13,"test_case":"Test Cases/Master Data/Data Group/Data Group - View","subject":"Data Group - View","tag":"","description":"","status":"PASSED","platform":"Chrome","platform_version":"116.0.5845.97","app_version":"5.0.0","profile":"default","start_execution_time":"2023-08-23T14:42:23Z","end_execution_time":"2023-08-23T14:43:13Z","additional_properties":"","additional_values":[["Host Name","OS","Host Address","Katalon Version"],["NEXSOFT - DESKTOP-C56VD1H","Windows 11 64bit","10.10.18.38","8.6.6.208"]]}

2023-08-23 14:43:14 - [TEST_STEP][PASSED] - resp = QMARequestResponseObject.automationLogRequest(token, body): Send request successfully

2023-08-23 14:43:14 - [MESSAGE][INFO] - HAR: C:\Users\NEXSOFT\Documents\Nexsoft\Katalon\Katalon_nexcare\Reports\20230823_143650\Master Data\Data Group\Data Group\20230823_143650\requests\main\1.har

2023-08-23 14:43:14 - [MESSAGE][PASSED] - Send request successfully

2023-08-23 14:43:14 - [TEST_STEP][PASSED] - if (QMARequestResponseObject.getStatusCode(resp) != 201 || QMARequestResponseObject.getWaitingTime(resp) > 5000): null

2023-08-23 14:43:14 - [TEST_STEP][PASSED] - else: message: 

2023-08-23 14:43:14 - [TEST_STEP][PASSED] - resText = QMARequestResponseObject.getResponseText(resp): null

2023-08-23 14:43:14 - [TEST_STEP][PASSED] - logInfo("Text: " + resText): Text: {"code":200,"message":"","internalmessage":"Log Success"}

2023-08-23 14:43:14 - [MESSAGE][INFO] - Text: {"code":200,"message":"","internalmessage":"Log Success"}

2023-08-23 14:43:14 - [TEST_STEP][PASSED] - object = js.parseText(resText): null

2023-08-23 14:43:14 - [TEST_STEP][PASSED] - code = code: null

2023-08-23 14:43:14 - [TEST_STEP][PASSED] - message = message: null

2023-08-23 14:43:14 - [TEST_STEP][PASSED] - logInfo("code: " + code): code: 200

2023-08-23 14:43:14 - [MESSAGE][INFO] - code: 200

2023-08-23 14:43:14 - [TEST_STEP][PASSED] - logInfo("message: " + message): message: 

2023-08-23 14:43:14 - [MESSAGE][INFO] - message:]]></system-out>
         <system-err><![CDATA[]]></system-err>
      </testcase>
      <system-out><![CDATA[2023-08-23 14:36:53 - [TEST_SUITE][PASSED] - Data Group: Test Cases/Master Data/Data Group/Data Group - View]]></system-out>
      <system-err><![CDATA[]]></system-err>
   </testsuite>
</testsuites>
