<?xml version="1.0" encoding="UTF-8"?>
<testsuites name="User" time="256.84" tests="1" failures="0" errors="0">
   <testsuite name="User" tests="1" failures="0" errors="0" time="256.84" skipped="0" timestamp="2023-08-23 13:52:54" hostname="NEXSOFT - DESKTOP-C56VD1H" id="Test Suites/Master Data/User/User">
      <properties>
         <property name="deviceName" value=""/>
         <property name="devicePlatform" value=""/>
         <property name="logFolder" value="C:\\Users\\NEXSOFT\\Documents\\Nexsoft\\Katalon\\Katalon_nexcare\\Reports\\20230823_135250\\Master Data\\User\\User\\20230823_135250"/>
         <property name="logFiles" value="C:\\Users\\NEXSOFT\\Documents\\Nexsoft\\Katalon\\Katalon_nexcare\\Reports\\20230823_135250\\Master Data\\User\\User\\20230823_135250\\execution0.log"/>
         <property name="attachments" value="C:\\Users\\NEXSOFT\\Documents\\Nexsoft\\Katalon\\Katalon_nexcare\\Reports\\20230823_135250\\Master Data\\User\\User\\20230823_135250\\1692773818027.png"/>
         <property name="hostName" value="NEXSOFT - DESKTOP-C56VD1H"/>
         <property name="os" value="Windows 11 64bit"/>
         <property name="katalonVersion" value="8.6.6.208"/>
         <property name="browser" value="Chrome 116.0.0.0"/>
         <property name="hostAddress" value="10.10.2.134"/>
         <property name="sessionId" value="ba5957161c4bf5ff4b3fce5b464201fa"/>
         <property name="seleniumVersion" value="3.141.59"/>
         <property name="proxyInformation" value="ProxyInformation { proxyOption=NO_PROXY, proxyServerType=HTTP, username=, password=********, proxyServerAddress=, proxyServerPort=0, executionList=&quot;&quot;, isApplyToDesiredCapabilities=true }"/>
         <property name="platform" value="Windows 11"/>
      </properties>
      <testcase name="Test Cases/Master Data/Pengguna/Pengguna - edit" time="254.274" classname="Test Cases/Master Data/Pengguna/Pengguna - edit" status="PASSED">
         <system-out><![CDATA[2023-08-23 13:52:56 - [TEST_CASE][PASSED] - Test Cases/Master Data/Pengguna/Pengguna - edit: Test Cases/Master Data/Pengguna/Pengguna - edit

2023-08-23 13:52:56 - [TEST_STEP][PASSED] - Start listener action : beforeTestCase: null

2023-08-23 13:52:56 - [TEST_STEP][PASSED] - if (!(isSkipTestListener)): null

2023-08-23 13:52:56 - [TEST_STEP][PASSED] - if (!(isSkipReport)): null

2023-08-23 13:52:56 - [TEST_STEP][PASSED] - startTimeTC = simpleDateFormat.format(new java.util.Date()): null

2023-08-23 13:52:56 - [TEST_STEP][PASSED] - currentTestCaseId = testCaseContext.getTestCaseId(): null

2023-08-23 13:52:56 - [TEST_STEP][PASSED] - handleWebDriver = new care.katalon.HandleWebDriver(): null

2023-08-23 13:52:56 - [TEST_STEP][PASSED] - handleWebDriver.startAndOpenWebBrowser(baseUrl): Wait for page load successfully

2023-08-23 13:52:56 - [MESSAGE][INFO] - URL ENV = https://staging-care.nexcloud.id/

2023-08-23 13:52:57 - [MESSAGE][INFO] - Starting 'Chrome' driver

2023-08-23 13:52:57 - [MESSAGE][INFO] - Action delay is set to 0 milliseconds

2023-08-23 13:52:58 - [MESSAGE][PASSED] - Browser is opened with url: ''

2023-08-23 13:52:59 - [MESSAGE][PASSED] - Wait for page load successfully

2023-08-23 13:52:59 - [MESSAGE][PASSED] - Current window maximized

2023-08-23 13:53:00 - [MESSAGE][PASSED] - Navigate to 'https://staging-care.nexcloud.id/' successfully

2023-08-23 13:53:00 - [MESSAGE][PASSED] - Wait for page load successfully

2023-08-23 13:53:00 - [TEST_STEP][PASSED] - generalAction = new care.katalon.GeneralAction(): null

2023-08-23 13:53:00 - [TEST_STEP][PASSED] - handleTestData = new care.katalon.HandleTestData(): null

2023-08-23 13:53:00 - [TEST_STEP][PASSED] - pengguna = new masterdata.care.Pengguna(): null

2023-08-23 13:53:00 - [TEST_STEP][PASSED] - generalAction.login(""): Wait for page load successfully

2023-08-23 13:53:00 - [MESSAGE][PASSED] - Object 'Object Repository/Login/username' is clickable

2023-08-23 13:53:00 - [MESSAGE][INFO] - Click Element = Object Repository/Login/username

2023-08-23 13:53:01 - [MESSAGE][PASSED] - Object: 'Object Repository/Login/username' is clicked on

2023-08-23 13:53:01 - [MESSAGE][PASSED] - Attribute 'value' of object 'Object Repository/Login/username' is: ''

2023-08-23 13:53:02 - [MESSAGE][PASSED] - Text 'admin' is set on object 'Object Repository/Login/username'

2023-08-23 13:53:02 - [MESSAGE][PASSED] - Object 'Object Repository/Login/password' is clickable

2023-08-23 13:53:02 - [MESSAGE][INFO] - Click Element = Object Repository/Login/password

2023-08-23 13:53:02 - [MESSAGE][PASSED] - Object: 'Object Repository/Login/password' is clicked on

2023-08-23 13:53:03 - [MESSAGE][PASSED] - Attribute 'value' of object 'Object Repository/Login/password' is: ''

2023-08-23 13:53:03 - [MESSAGE][PASSED] - Text 'Auth_server_2020' is set on object 'Object Repository/Login/password'

2023-08-23 13:53:04 - [MESSAGE][PASSED] - Object 'Object Repository/Login/masuk' is clickable

2023-08-23 13:53:04 - [MESSAGE][INFO] - Click Element = Object Repository/Login/masuk

2023-08-23 13:53:04 - [MESSAGE][PASSED] - Object: 'Object Repository/Login/masuk' is clicked on

2023-08-23 13:53:05 - [MESSAGE][PASSED] - Object 'Object Repository/Login/button_Tidak' is present

2023-08-23 13:53:05 - [MESSAGE][PASSED] - Object 'Object Repository/Login/button_Tidak' is clickable

2023-08-23 13:53:05 - [MESSAGE][INFO] - Click Element = Object Repository/Login/button_Tidak

2023-08-23 13:53:06 - [MESSAGE][PASSED] - Object: 'Object Repository/Login/button_Tidak' is clicked on

2023-08-23 13:53:06 - [MESSAGE][PASSED] - Wait for page load successfully

2023-08-23 13:53:06 - [TEST_STEP][PASSED] - pengguna.menuPengguna(): Object: 'Object Repository/Home Page(General)/btnUser' is clicked on

2023-08-23 13:53:09 - [MESSAGE][PASSED] - Object 'Object Repository/Sidebar/Sidebar Master Data' is clickable

2023-08-23 13:53:09 - [MESSAGE][INFO] - Click Element = Object Repository/Sidebar/Sidebar Master Data

2023-08-23 13:53:09 - [MESSAGE][PASSED] - Object: 'Object Repository/Sidebar/Sidebar Master Data' is clicked on

2023-08-23 13:53:10 - [MESSAGE][PASSED] - Object 'Object Repository/Home Page(General)/btnUser' is clickable

2023-08-23 13:53:10 - [MESSAGE][INFO] - Click Element = Object Repository/Home Page(General)/btnUser

2023-08-23 13:53:11 - [MESSAGE][PASSED] - Object: 'Object Repository/Home Page(General)/btnUser' is clicked on

2023-08-23 13:53:11 - [TEST_STEP][PASSED] - excelLocation = "Master Data\Pengguna\Pengguna - edit.xlsx": null

2023-08-23 13:53:11 - [TEST_STEP][PASSED] - sheetNamePengguna = "Pengguna-edit": null

2023-08-23 13:53:11 - [TEST_STEP][PASSED] - listHashMapEditPengguna = handleTestData.readTestData(excelLocation, sheetNamePengguna, true): listHashMap di Method readTestData class care.katalon.HandleTestData : [[Kategori:Nexsoft, leader:Khairina Wardina, lastName:Cso, Action:Edit, role:cso, gender:Perempuan, isLeader:N, isCSO:Y, listDist:, title:Ny, TD:TDG220601, csLevel:Level 1, NIK:3671072606990990, firstName:Katalon, dataGroup:nexsoft, csSpecialisasi:ND6,Nexmile, username:katalon01, status:Aktif], [Kategori:Nexsoft, leader:Khairina Wardina, lastName:Cslead, Action:Edit, role:cs_lead, gender:Laki-Laki, isLeader:Y, isCSO:N, listDist:, title:Tn, TD:TDG220602, csLevel:Level 2, NIK:3671072606990991, firstName:Katalon, dataGroup:nexsoft, csSpecialisasi:ND6,NexChief,NexPOS, username:cslead, status:Aktif], [Kategori:Nexsoft, leader:Khairina Wardina, lastName:Coordinator, Action:Edit, role:cs_coordinator, gender:Laki-Laki, isLeader:Y, isCSO:N, listDist:, title:Tn, TD:TDG220603, csLevel:, NIK:3671072606990992, firstName:Katalon, dataGroup:nexsoft, csSpecialisasi:, username:cscoor, status:Aktif], [Kategori:Distributor, leader:, lastName:Distributor, Action:Edit, role:customer, gender:Perempuan, isLeader:, isCSO:, listDist:Pt Rukun Mitra Sejati Blitar,Pt Rukun Mitra Sejati Yogyakarta, title:Ny, TD:TDG220604, csLevel:, NIK:3671072606990993, firstName:Katalon, dataGroup:groupdistributor, csSpecialisasi:, username:dist123, status:Aktif], [Kategori:Principal, leader:, lastName:Principal, Action:Edit, role:principal, gender:Laki-Laki, isLeader:, isCSO:, listDist:, title:Tn, TD:TDG220605, csLevel:, NIK:3671072606990995, firstName:Katalon, dataGroup:groupprincipal, csSpecialisasi:, username:principals123, status:Tidak Aktif], [Kategori:Nexsoft, leader:Khairina Wardina, lastName:Editoperator, Action:Edit, role:operator, gender:Laki-Laki, isLeader:Y, isCSO:N, listDist:, title:Tn, TD:TDG220606, csLevel:, NIK:3671072606990996, firstName:Katalon, dataGroup:nexsoft, csSpecialisasi:, username:cslevel1, status:Tidak Aktif]]

2023-08-23 13:53:11 - [MESSAGE][INFO] - listHashMap di Method readTestData class care.katalon.HandleTestData : [[Kategori:Nexsoft, leader:Khairina Wardina, lastName:Cso, Action:Edit, role:cso, gender:Perempuan, isLeader:N, isCSO:Y, listDist:, title:Ny, TD:TDG220601, csLevel:Level 1, NIK:3671072606990990, firstName:Katalon, dataGroup:nexsoft, csSpecialisasi:ND6,Nexmile, username:katalon01, status:Aktif], [Kategori:Nexsoft, leader:Khairina Wardina, lastName:Cslead, Action:Edit, role:cs_lead, gender:Laki-Laki, isLeader:Y, isCSO:N, listDist:, title:Tn, TD:TDG220602, csLevel:Level 2, NIK:3671072606990991, firstName:Katalon, dataGroup:nexsoft, csSpecialisasi:ND6,NexChief,NexPOS, username:cslead, status:Aktif], [Kategori:Nexsoft, leader:Khairina Wardina, lastName:Coordinator, Action:Edit, role:cs_coordinator, gender:Laki-Laki, isLeader:Y, isCSO:N, listDist:, title:Tn, TD:TDG220603, csLevel:, NIK:3671072606990992, firstName:Katalon, dataGroup:nexsoft, csSpecialisasi:, username:cscoor, status:Aktif], [Kategori:Distributor, leader:, lastName:Distributor, Action:Edit, role:customer, gender:Perempuan, isLeader:, isCSO:, listDist:Pt Rukun Mitra Sejati Blitar,Pt Rukun Mitra Sejati Yogyakarta, title:Ny, TD:TDG220604, csLevel:, NIK:3671072606990993, firstName:Katalon, dataGroup:groupdistributor, csSpecialisasi:, username:dist123, status:Aktif], [Kategori:Principal, leader:, lastName:Principal, Action:Edit, role:principal, gender:Laki-Laki, isLeader:, isCSO:, listDist:, title:Tn, TD:TDG220605, csLevel:, NIK:3671072606990995, firstName:Katalon, dataGroup:groupprincipal, csSpecialisasi:, username:principals123, status:Tidak Aktif], [Kategori:Nexsoft, leader:Khairina Wardina, lastName:Editoperator, Action:Edit, role:operator, gender:Laki-Laki, isLeader:Y, isCSO:N, listDist:, title:Tn, TD:TDG220606, csLevel:, NIK:3671072606990996, firstName:Katalon, dataGroup:nexsoft, csSpecialisasi:, username:cslevel1, status:Tidak Aktif]]

2023-08-23 13:53:11 - [TEST_STEP][PASSED] - for ([i = 0, i < listHashMapEditPengguna.size(), (i++)]): Refresh successfully

2023-08-23 13:53:11 - [TEST_STEP][PASSED] - try: Refresh successfully

2023-08-23 13:53:11 - [TEST_STEP][PASSED] - getHashMapEditPengguna = listHashMapEditPengguna.get(i): null

2023-08-23 13:53:11 - [TEST_STEP][PASSED] - groupID = getHashMapEditPengguna.get("groupID"): null

2023-08-23 13:53:11 - [TEST_STEP][PASSED] - logInfo(getHashMapEditPengguna.toString()): [Kategori:Nexsoft, leader:Khairina Wardina, lastName:Cso, Action:Edit, role:cso, gender:Perempuan, isLeader:N, isCSO:Y, listDist:, title:Ny, TD:TDG220601, csLevel:Level 1, NIK:3671072606990990, firstName:Katalon, dataGroup:nexsoft, csSpecialisasi:ND6,Nexmile, username:katalon01, status:Aktif]

2023-08-23 13:53:11 - [MESSAGE][INFO] - [Kategori:Nexsoft, leader:Khairina Wardina, lastName:Cso, Action:Edit, role:cso, gender:Perempuan, isLeader:N, isCSO:Y, listDist:, title:Ny, TD:TDG220601, csLevel:Level 1, NIK:3671072606990990, firstName:Katalon, dataGroup:nexsoft, csSpecialisasi:ND6,Nexmile, username:katalon01, status:Aktif]

2023-08-23 13:53:11 - [TEST_STEP][PASSED] - testDataNumber = getHashMapEditPengguna.get("TD"): null

2023-08-23 13:53:11 - [TEST_STEP][PASSED] - pengguna.findUser(getHashMapEditPengguna): Keys 'ENTER + ' sent to object: 'Object Repository/Master Data/Pengguna/searchUser'

2023-08-23 13:53:11 - [MESSAGE][INFO] - Username: katalon01

2023-08-23 13:53:12 - [MESSAGE][PASSED] - Object 'Object Repository/Master Data/Pengguna/searchUser' is clickable

2023-08-23 13:53:12 - [MESSAGE][INFO] - Click Element = Object Repository/Master Data/Pengguna/searchUser

2023-08-23 13:53:12 - [MESSAGE][PASSED] - Object: 'Object Repository/Master Data/Pengguna/searchUser' is clicked on

2023-08-23 13:53:13 - [MESSAGE][PASSED] - Text 'katalon01' is set on object 'Object Repository/Master Data/Pengguna/searchUser'

2023-08-23 13:53:13 - [MESSAGE][PASSED] - Keys 'ENTER + ' sent to object: 'Object Repository/Master Data/Pengguna/searchUser'

2023-08-23 13:53:13 - [TEST_STEP][PASSED] - pengguna.editUser(): Refresh successfully

2023-08-23 13:53:13 - [MESSAGE][PASSED] - Object 'Object Repository/Master Data/Pengguna/Edit' is clickable

2023-08-23 13:53:13 - [MESSAGE][INFO] - Click Element = Object Repository/Master Data/Pengguna/Edit

2023-08-23 13:53:14 - [MESSAGE][PASSED] - Object: 'Object Repository/Master Data/Pengguna/Edit' is clicked on

2023-08-23 13:53:17 - [MESSAGE][PASSED] - Delayed 3 second(s)

2023-08-23 13:53:17 - [MESSAGE][PASSED] - Refresh successfully

2023-08-23 13:53:17 - [TEST_STEP][PASSED] - pengguna.setEditUser(getHashMapEditPengguna): message: button yes tidak muncul

2023-08-23 13:53:18 - [MESSAGE][PASSED] - Object 'Object Repository/Master Data/Pengguna/idPengguna' is present

2023-08-23 13:53:19 - [MESSAGE][PASSED] - Object 'Object Repository/Master Data/Pengguna/ProfilePengguna/Atasan' is clickable

2023-08-23 13:53:19 - [MESSAGE][INFO] - Click Element = Object Repository/Master Data/Pengguna/ProfilePengguna/Atasan

2023-08-23 13:53:19 - [MESSAGE][PASSED] - Object: 'Object Repository/Master Data/Pengguna/ProfilePengguna/Atasan' is clicked on

2023-08-23 13:53:20 - [MESSAGE][PASSED] - Keys 'Khairina Wardina' sent to object: 'Object Repository/Master Data/Pengguna/ProfilePengguna/SelectAtasan'

2023-08-23 13:53:21 - [MESSAGE][PASSED] - Object 'Object Repository/Master Data/Pengguna/ProfilePengguna/SelectAtasan' is present

2023-08-23 13:53:21 - [MESSAGE][PASSED] - Keys 'ENTER + ' sent to object: 'Object Repository/Master Data/Pengguna/ProfilePengguna/SelectAtasan'

2023-08-23 13:53:21 - [MESSAGE][PASSED] - Object 'Object Repository/Master Data/Pengguna/ProfilePengguna/LevelCS' is clickable

2023-08-23 13:53:21 - [MESSAGE][INFO] - Click Element = Object Repository/Master Data/Pengguna/ProfilePengguna/LevelCS

2023-08-23 13:53:22 - [MESSAGE][PASSED] - Object: 'Object Repository/Master Data/Pengguna/ProfilePengguna/LevelCS' is clicked on

2023-08-23 13:53:22 - [MESSAGE][PASSED] - Keys 'Level 1' sent to object: 'Object Repository/Master Data/Pengguna/ProfilePengguna/SelectCsLevel'

2023-08-23 13:53:23 - [MESSAGE][PASSED] - Object 'Object Repository/Master Data/Pengguna/ProfilePengguna/SelectCsLevel' is present

2023-08-23 13:53:23 - [MESSAGE][PASSED] - Keys 'ENTER + ' sent to object: 'Object Repository/Master Data/Pengguna/ProfilePengguna/SelectCsLevel'

2023-08-23 13:53:23 - [MESSAGE][INFO] - [ND6, Nexmile]

2023-08-23 13:53:24 - [MESSAGE][PASSED] - Object 'Object Repository/Master Data/Pengguna/ProfilePengguna/Specialisasi' is clickable

2023-08-23 13:53:24 - [MESSAGE][INFO] - Click Element = Object Repository/Master Data/Pengguna/ProfilePengguna/Specialisasi

2023-08-23 13:53:24 - [MESSAGE][PASSED] - Object: 'Object Repository/Master Data/Pengguna/ProfilePengguna/Specialisasi' is clicked on

2023-08-23 13:53:25 - [MESSAGE][PASSED] - Keys 'ND6' sent to object: 'Object Repository/Master Data/Pengguna/ProfilePengguna/SelectSpecialisasi'

2023-08-23 13:53:25 - [MESSAGE][PASSED] - Object 'Object Repository/Master Data/Pengguna/ProfilePengguna/SelectSpecialisasi' is present

2023-08-23 13:53:26 - [MESSAGE][PASSED] - Keys 'ENTER + ' sent to object: 'Object Repository/Master Data/Pengguna/ProfilePengguna/SelectSpecialisasi'

2023-08-23 13:53:26 - [MESSAGE][INFO] - [ND6, Nexmile]

2023-08-23 13:53:26 - [MESSAGE][PASSED] - Object 'Object Repository/Master Data/Pengguna/ProfilePengguna/Specialisasi' is clickable

2023-08-23 13:53:26 - [MESSAGE][INFO] - Click Element = Object Repository/Master Data/Pengguna/ProfilePengguna/Specialisasi

2023-08-23 13:53:26 - [MESSAGE][PASSED] - Object: 'Object Repository/Master Data/Pengguna/ProfilePengguna/Specialisasi' is clicked on

2023-08-23 13:53:27 - [MESSAGE][PASSED] - Keys 'Nexmile' sent to object: 'Object Repository/Master Data/Pengguna/ProfilePengguna/SelectSpecialisasi'

2023-08-23 13:53:28 - [MESSAGE][PASSED] - Object 'Object Repository/Master Data/Pengguna/ProfilePengguna/SelectSpecialisasi' is present

2023-08-23 13:53:28 - [MESSAGE][PASSED] - Keys 'ENTER + ' sent to object: 'Object Repository/Master Data/Pengguna/ProfilePengguna/SelectSpecialisasi'

2023-08-23 13:53:28 - [MESSAGE][PASSED] - Object 'Object Repository/Master Data/Pengguna/closeSelection' is clickable

2023-08-23 13:53:28 - [MESSAGE][INFO] - Click Element = Object Repository/Master Data/Pengguna/closeSelection

2023-08-23 13:53:29 - [MESSAGE][PASSED] - Object: 'Object Repository/Master Data/Pengguna/closeSelection' is clicked on

2023-08-23 13:53:29 - [MESSAGE][PASSED] - Object 'Object Repository/Master Data/Pengguna/ProfilePengguna/NIK' is clickable

2023-08-23 13:53:29 - [MESSAGE][INFO] - Click Element = Object Repository/Master Data/Pengguna/ProfilePengguna/NIK

2023-08-23 13:53:30 - [MESSAGE][PASSED] - Object: 'Object Repository/Master Data/Pengguna/ProfilePengguna/NIK' is clicked on

2023-08-23 13:53:30 - [MESSAGE][PASSED] - Attribute 'value' of object 'Object Repository/Master Data/Pengguna/ProfilePengguna/NIK' is: '3671072606990990'

2023-08-23 13:53:30 - [MESSAGE][PASSED] - Keys 'CONTROL + a' sent to object: 'Object Repository/Master Data/Pengguna/ProfilePengguna/NIK'

2023-08-23 13:53:31 - [MESSAGE][PASSED] - Keys 'BACK_SPACE + ' sent to object: 'Object Repository/Master Data/Pengguna/ProfilePengguna/NIK'

2023-08-23 13:53:32 - [MESSAGE][PASSED] - Text '3671072606990990' is set on object 'Object Repository/Master Data/Pengguna/ProfilePengguna/NIK'

2023-08-23 13:53:32 - [MESSAGE][PASSED] - Object 'Object Repository/Master Data/Pengguna/ProfilePengguna/Title' is clickable

2023-08-23 13:53:32 - [MESSAGE][INFO] - Click Element = Object Repository/Master Data/Pengguna/ProfilePengguna/Title

2023-08-23 13:53:33 - [MESSAGE][PASSED] - Object: 'Object Repository/Master Data/Pengguna/ProfilePengguna/Title' is clicked on

2023-08-23 13:53:33 - [MESSAGE][PASSED] - Keys 'Ny' sent to object: 'Object Repository/Master Data/Pengguna/ProfilePengguna/SelectTitle'

2023-08-23 13:53:34 - [MESSAGE][PASSED] - Object 'Object Repository/Master Data/Pengguna/ProfilePengguna/SelectTitle' is present

2023-08-23 13:53:34 - [MESSAGE][PASSED] - Keys 'ENTER + ' sent to object: 'Object Repository/Master Data/Pengguna/ProfilePengguna/SelectTitle'

2023-08-23 13:53:35 - [MESSAGE][PASSED] - Object 'Object Repository/Master Data/Pengguna/ProfilePengguna/NamaDepan' is clickable

2023-08-23 13:53:35 - [MESSAGE][INFO] - Click Element = Object Repository/Master Data/Pengguna/ProfilePengguna/NamaDepan

2023-08-23 13:53:35 - [MESSAGE][PASSED] - Object: 'Object Repository/Master Data/Pengguna/ProfilePengguna/NamaDepan' is clicked on

2023-08-23 13:53:36 - [MESSAGE][PASSED] - Attribute 'value' of object 'Object Repository/Master Data/Pengguna/ProfilePengguna/NamaDepan' is: 'Katalon'

2023-08-23 13:53:36 - [MESSAGE][PASSED] - Keys 'CONTROL + a' sent to object: 'Object Repository/Master Data/Pengguna/ProfilePengguna/NamaDepan'

2023-08-23 13:53:36 - [MESSAGE][PASSED] - Keys 'BACK_SPACE + ' sent to object: 'Object Repository/Master Data/Pengguna/ProfilePengguna/NamaDepan'

2023-08-23 13:53:37 - [MESSAGE][PASSED] - Text 'Katalon' is set on object 'Object Repository/Master Data/Pengguna/ProfilePengguna/NamaDepan'

2023-08-23 13:53:38 - [MESSAGE][PASSED] - Object 'Object Repository/Master Data/Pengguna/ProfilePengguna/NamaBelakang' is clickable

2023-08-23 13:53:38 - [MESSAGE][INFO] - Click Element = Object Repository/Master Data/Pengguna/ProfilePengguna/NamaBelakang

2023-08-23 13:53:38 - [MESSAGE][PASSED] - Object: 'Object Repository/Master Data/Pengguna/ProfilePengguna/NamaBelakang' is clicked on

2023-08-23 13:53:38 - [MESSAGE][PASSED] - Attribute 'value' of object 'Object Repository/Master Data/Pengguna/ProfilePengguna/NamaBelakang' is: 'Cso'

2023-08-23 13:53:39 - [MESSAGE][PASSED] - Keys 'CONTROL + a' sent to object: 'Object Repository/Master Data/Pengguna/ProfilePengguna/NamaBelakang'

2023-08-23 13:53:39 - [MESSAGE][PASSED] - Keys 'BACK_SPACE + ' sent to object: 'Object Repository/Master Data/Pengguna/ProfilePengguna/NamaBelakang'

2023-08-23 13:53:40 - [MESSAGE][PASSED] - Text 'Cso' is set on object 'Object Repository/Master Data/Pengguna/ProfilePengguna/NamaBelakang'

2023-08-23 13:53:40 - [MESSAGE][PASSED] - Object 'Object Repository/Master Data/Pengguna/ProfilePengguna/JenisKelamin' is clickable

2023-08-23 13:53:40 - [MESSAGE][INFO] - Click Element = Object Repository/Master Data/Pengguna/ProfilePengguna/JenisKelamin

2023-08-23 13:53:41 - [MESSAGE][PASSED] - Object: 'Object Repository/Master Data/Pengguna/ProfilePengguna/JenisKelamin' is clicked on

2023-08-23 13:53:41 - [MESSAGE][PASSED] - Keys 'Perempuan' sent to object: 'Object Repository/Master Data/Pengguna/ProfilePengguna/SelectJenisKelamin'

2023-08-23 13:53:42 - [MESSAGE][PASSED] - Object 'Object Repository/Master Data/Pengguna/ProfilePengguna/SelectJenisKelamin' is present

2023-08-23 13:53:42 - [MESSAGE][PASSED] - Keys 'ENTER + ' sent to object: 'Object Repository/Master Data/Pengguna/ProfilePengguna/SelectJenisKelamin'

2023-08-23 13:53:43 - [MESSAGE][PASSED] - Object 'Object Repository/Master Data/Pengguna/TglStatus' is clickable

2023-08-23 13:53:43 - [MESSAGE][INFO] - Click Element = Object Repository/Master Data/Pengguna/TglStatus

2023-08-23 13:53:43 - [MESSAGE][PASSED] - Object: 'Object Repository/Master Data/Pengguna/TglStatus' is clicked on

2023-08-23 13:53:43 - [MESSAGE][PASSED] - Object 'Object Repository/Master Data/Pengguna/btnSelanjutnya' is clickable

2023-08-23 13:53:43 - [MESSAGE][INFO] - Click Element = Object Repository/Master Data/Pengguna/btnSelanjutnya

2023-08-23 13:53:44 - [MESSAGE][PASSED] - Object: 'Object Repository/Master Data/Pengguna/btnSelanjutnya' is clicked on

2023-08-23 13:53:44 - [MESSAGE][PASSED] - Object 'Object Repository/Master Data/Pengguna/btnSelanjutnyaUsername' is clickable

2023-08-23 13:53:44 - [MESSAGE][INFO] - Click Element = Object Repository/Master Data/Pengguna/btnSelanjutnyaUsername

2023-08-23 13:53:45 - [MESSAGE][PASSED] - Object: 'Object Repository/Master Data/Pengguna/btnSelanjutnyaUsername' is clicked on

2023-08-23 13:53:45 - [MESSAGE][PASSED] - Object 'Object Repository/Master Data/Pengguna/PeranPengguna/Peran' is clickable

2023-08-23 13:53:45 - [MESSAGE][INFO] - Click Element = Object Repository/Master Data/Pengguna/PeranPengguna/Peran

2023-08-23 13:53:45 - [MESSAGE][PASSED] - Object: 'Object Repository/Master Data/Pengguna/PeranPengguna/Peran' is clicked on

2023-08-23 13:53:46 - [MESSAGE][PASSED] - Keys 'cso' sent to object: 'Object Repository/Master Data/Pengguna/PeranPengguna/SelectRole'

2023-08-23 13:53:46 - [MESSAGE][PASSED] - Object 'Object Repository/Master Data/Pengguna/PeranPengguna/SelectRole' is present

2023-08-23 13:53:47 - [MESSAGE][PASSED] - Keys 'ENTER + ' sent to object: 'Object Repository/Master Data/Pengguna/PeranPengguna/SelectRole'

2023-08-23 13:53:47 - [MESSAGE][PASSED] - Object 'Object Repository/Master Data/Pengguna/PeranPengguna/DataGroup' is clickable

2023-08-23 13:53:47 - [MESSAGE][INFO] - Click Element = Object Repository/Master Data/Pengguna/PeranPengguna/DataGroup

2023-08-23 13:53:48 - [MESSAGE][PASSED] - Object: 'Object Repository/Master Data/Pengguna/PeranPengguna/DataGroup' is clicked on

2023-08-23 13:53:48 - [MESSAGE][PASSED] - Keys 'nexsoft' sent to object: 'Object Repository/Master Data/Pengguna/PeranPengguna/SelectDataGroup'

2023-08-23 13:53:49 - [MESSAGE][PASSED] - Object 'Object Repository/Master Data/Pengguna/PeranPengguna/SelectDataGroup' is present

2023-08-23 13:53:49 - [MESSAGE][PASSED] - Keys 'ENTER + ' sent to object: 'Object Repository/Master Data/Pengguna/PeranPengguna/SelectDataGroup'

2023-08-23 13:53:50 - [MESSAGE][PASSED] - Object 'Object Repository/Master Data/Pengguna/btnUbah' is clickable

2023-08-23 13:53:50 - [MESSAGE][INFO] - Click Element = Object Repository/Master Data/Pengguna/btnUbah

2023-08-23 13:53:50 - [MESSAGE][PASSED] - Object: 'Object Repository/Master Data/Pengguna/btnUbah' is clicked on

2023-08-23 13:53:51 - [MESSAGE][PASSED] - Object 'Object Repository/Master Data/Pengguna/btnYes' is NOT visible

2023-08-23 13:53:51 - [MESSAGE][INFO] - message: button yes tidak muncul

2023-08-23 13:53:51 - [TEST_STEP][PASSED] - pengguna.refreshPage(): Refresh successfully

2023-08-23 13:53:54 - [MESSAGE][PASSED] - Delayed 3 second(s)

2023-08-23 13:53:54 - [MESSAGE][PASSED] - Refresh successfully

2023-08-23 13:53:54 - [TEST_STEP][PASSED] - try: Refresh successfully

2023-08-23 13:53:54 - [TEST_STEP][PASSED] - getHashMapEditPengguna = listHashMapEditPengguna.get(i): null

2023-08-23 13:53:54 - [TEST_STEP][PASSED] - groupID = getHashMapEditPengguna.get("groupID"): null

2023-08-23 13:53:54 - [TEST_STEP][PASSED] - logInfo(getHashMapEditPengguna.toString()): [Kategori:Nexsoft, leader:Khairina Wardina, lastName:Cslead, Action:Edit, role:cs_lead, gender:Laki-Laki, isLeader:Y, isCSO:N, listDist:, title:Tn, TD:TDG220602, csLevel:Level 2, NIK:3671072606990991, firstName:Katalon, dataGroup:nexsoft, csSpecialisasi:ND6,NexChief,NexPOS, username:cslead, status:Aktif]

2023-08-23 13:53:54 - [MESSAGE][INFO] - [Kategori:Nexsoft, leader:Khairina Wardina, lastName:Cslead, Action:Edit, role:cs_lead, gender:Laki-Laki, isLeader:Y, isCSO:N, listDist:, title:Tn, TD:TDG220602, csLevel:Level 2, NIK:3671072606990991, firstName:Katalon, dataGroup:nexsoft, csSpecialisasi:ND6,NexChief,NexPOS, username:cslead, status:Aktif]

2023-08-23 13:53:54 - [TEST_STEP][PASSED] - testDataNumber = getHashMapEditPengguna.get("TD"): null

2023-08-23 13:53:54 - [TEST_STEP][PASSED] - pengguna.findUser(getHashMapEditPengguna): Keys 'ENTER + ' sent to object: 'Object Repository/Master Data/Pengguna/searchUser'

2023-08-23 13:53:54 - [MESSAGE][INFO] - Username: cslead

2023-08-23 13:53:54 - [MESSAGE][PASSED] - Object 'Object Repository/Master Data/Pengguna/searchUser' is clickable

2023-08-23 13:53:54 - [MESSAGE][INFO] - Click Element = Object Repository/Master Data/Pengguna/searchUser

2023-08-23 13:53:55 - [MESSAGE][PASSED] - Object: 'Object Repository/Master Data/Pengguna/searchUser' is clicked on

2023-08-23 13:53:56 - [MESSAGE][PASSED] - Text 'cslead' is set on object 'Object Repository/Master Data/Pengguna/searchUser'

2023-08-23 13:53:56 - [MESSAGE][PASSED] - Keys 'ENTER + ' sent to object: 'Object Repository/Master Data/Pengguna/searchUser'

2023-08-23 13:53:56 - [TEST_STEP][PASSED] - pengguna.editUser(): Refresh successfully

2023-08-23 13:53:57 - [MESSAGE][PASSED] - Object 'Object Repository/Master Data/Pengguna/Edit' is clickable

2023-08-23 13:53:57 - [MESSAGE][INFO] - Click Element = Object Repository/Master Data/Pengguna/Edit

2023-08-23 13:53:57 - [MESSAGE][PASSED] - Object: 'Object Repository/Master Data/Pengguna/Edit' is clicked on

2023-08-23 13:54:00 - [MESSAGE][PASSED] - Delayed 3 second(s)

2023-08-23 13:54:00 - [MESSAGE][PASSED] - Refresh successfully

2023-08-23 13:54:00 - [TEST_STEP][PASSED] - pengguna.setEditUser(getHashMapEditPengguna): message: button yes tidak muncul

2023-08-23 13:54:01 - [MESSAGE][PASSED] - Object 'Object Repository/Master Data/Pengguna/idPengguna' is present

2023-08-23 13:54:02 - [MESSAGE][PASSED] - Object 'Object Repository/Master Data/Pengguna/ProfilePengguna/Atasan' is clickable

2023-08-23 13:54:02 - [MESSAGE][INFO] - Click Element = Object Repository/Master Data/Pengguna/ProfilePengguna/Atasan

2023-08-23 13:54:02 - [MESSAGE][PASSED] - Object: 'Object Repository/Master Data/Pengguna/ProfilePengguna/Atasan' is clicked on

2023-08-23 13:54:03 - [MESSAGE][PASSED] - Keys 'Khairina Wardina' sent to object: 'Object Repository/Master Data/Pengguna/ProfilePengguna/SelectAtasan'

2023-08-23 13:54:04 - [MESSAGE][PASSED] - Object 'Object Repository/Master Data/Pengguna/ProfilePengguna/SelectAtasan' is present

2023-08-23 13:54:04 - [MESSAGE][PASSED] - Keys 'ENTER + ' sent to object: 'Object Repository/Master Data/Pengguna/ProfilePengguna/SelectAtasan'

2023-08-23 13:54:05 - [MESSAGE][PASSED] - Object 'Object Repository/Master Data/Pengguna/ProfilePengguna/LevelCS' is clickable

2023-08-23 13:54:05 - [MESSAGE][INFO] - Click Element = Object Repository/Master Data/Pengguna/ProfilePengguna/LevelCS

2023-08-23 13:54:05 - [MESSAGE][PASSED] - Object: 'Object Repository/Master Data/Pengguna/ProfilePengguna/LevelCS' is clicked on

2023-08-23 13:54:05 - [MESSAGE][PASSED] - Keys 'Level 2' sent to object: 'Object Repository/Master Data/Pengguna/ProfilePengguna/SelectCsLevel'

2023-08-23 13:54:06 - [MESSAGE][PASSED] - Object 'Object Repository/Master Data/Pengguna/ProfilePengguna/SelectCsLevel' is present

2023-08-23 13:54:06 - [MESSAGE][PASSED] - Keys 'ENTER + ' sent to object: 'Object Repository/Master Data/Pengguna/ProfilePengguna/SelectCsLevel'

2023-08-23 13:54:06 - [MESSAGE][INFO] - [ND6, NexChief, NexPOS]

2023-08-23 13:54:07 - [MESSAGE][PASSED] - Object 'Object Repository/Master Data/Pengguna/ProfilePengguna/Specialisasi' is clickable

2023-08-23 13:54:07 - [MESSAGE][INFO] - Click Element = Object Repository/Master Data/Pengguna/ProfilePengguna/Specialisasi

2023-08-23 13:54:07 - [MESSAGE][PASSED] - Object: 'Object Repository/Master Data/Pengguna/ProfilePengguna/Specialisasi' is clicked on

2023-08-23 13:54:08 - [MESSAGE][PASSED] - Keys 'ND6' sent to object: 'Object Repository/Master Data/Pengguna/ProfilePengguna/SelectSpecialisasi'

2023-08-23 13:54:08 - [MESSAGE][PASSED] - Object 'Object Repository/Master Data/Pengguna/ProfilePengguna/SelectSpecialisasi' is present

2023-08-23 13:54:09 - [MESSAGE][PASSED] - Keys 'ENTER + ' sent to object: 'Object Repository/Master Data/Pengguna/ProfilePengguna/SelectSpecialisasi'

2023-08-23 13:54:09 - [MESSAGE][INFO] - [ND6, NexChief, NexPOS]

2023-08-23 13:54:09 - [MESSAGE][PASSED] - Object 'Object Repository/Master Data/Pengguna/ProfilePengguna/Specialisasi' is clickable

2023-08-23 13:54:09 - [MESSAGE][INFO] - Click Element = Object Repository/Master Data/Pengguna/ProfilePengguna/Specialisasi

2023-08-23 13:54:10 - [MESSAGE][PASSED] - Object: 'Object Repository/Master Data/Pengguna/ProfilePengguna/Specialisasi' is clicked on

2023-08-23 13:54:10 - [MESSAGE][PASSED] - Keys 'NexChief' sent to object: 'Object Repository/Master Data/Pengguna/ProfilePengguna/SelectSpecialisasi'

2023-08-23 13:54:11 - [MESSAGE][PASSED] - Object 'Object Repository/Master Data/Pengguna/ProfilePengguna/SelectSpecialisasi' is present

2023-08-23 13:54:11 - [MESSAGE][PASSED] - Keys 'ENTER + ' sent to object: 'Object Repository/Master Data/Pengguna/ProfilePengguna/SelectSpecialisasi'

2023-08-23 13:54:11 - [MESSAGE][INFO] - [ND6, NexChief, NexPOS]

2023-08-23 13:54:11 - [MESSAGE][PASSED] - Object 'Object Repository/Master Data/Pengguna/ProfilePengguna/Specialisasi' is clickable

2023-08-23 13:54:11 - [MESSAGE][INFO] - Click Element = Object Repository/Master Data/Pengguna/ProfilePengguna/Specialisasi

2023-08-23 13:54:12 - [MESSAGE][PASSED] - Object: 'Object Repository/Master Data/Pengguna/ProfilePengguna/Specialisasi' is clicked on

2023-08-23 13:54:12 - [MESSAGE][PASSED] - Keys 'NexPOS' sent to object: 'Object Repository/Master Data/Pengguna/ProfilePengguna/SelectSpecialisasi'

2023-08-23 13:54:13 - [MESSAGE][PASSED] - Object 'Object Repository/Master Data/Pengguna/ProfilePengguna/SelectSpecialisasi' is present

2023-08-23 13:54:13 - [MESSAGE][PASSED] - Keys 'ENTER + ' sent to object: 'Object Repository/Master Data/Pengguna/ProfilePengguna/SelectSpecialisasi'

2023-08-23 13:54:13 - [MESSAGE][PASSED] - Object 'Object Repository/Master Data/Pengguna/closeSelection' is clickable

2023-08-23 13:54:13 - [MESSAGE][INFO] - Click Element = Object Repository/Master Data/Pengguna/closeSelection

2023-08-23 13:54:14 - [MESSAGE][PASSED] - Object: 'Object Repository/Master Data/Pengguna/closeSelection' is clicked on

2023-08-23 13:54:14 - [MESSAGE][PASSED] - Object 'Object Repository/Master Data/Pengguna/ProfilePengguna/NIK' is clickable

2023-08-23 13:54:14 - [MESSAGE][INFO] - Click Element = Object Repository/Master Data/Pengguna/ProfilePengguna/NIK

2023-08-23 13:54:15 - [MESSAGE][PASSED] - Object: 'Object Repository/Master Data/Pengguna/ProfilePengguna/NIK' is clicked on

2023-08-23 13:54:15 - [MESSAGE][PASSED] - Attribute 'value' of object 'Object Repository/Master Data/Pengguna/ProfilePengguna/NIK' is: '3671072606990991'

2023-08-23 13:54:15 - [MESSAGE][PASSED] - Keys 'CONTROL + a' sent to object: 'Object Repository/Master Data/Pengguna/ProfilePengguna/NIK'

2023-08-23 13:54:16 - [MESSAGE][PASSED] - Keys 'BACK_SPACE + ' sent to object: 'Object Repository/Master Data/Pengguna/ProfilePengguna/NIK'

2023-08-23 13:54:17 - [MESSAGE][PASSED] - Text '3671072606990991' is set on object 'Object Repository/Master Data/Pengguna/ProfilePengguna/NIK'

2023-08-23 13:54:17 - [MESSAGE][PASSED] - Object 'Object Repository/Master Data/Pengguna/ProfilePengguna/Title' is clickable

2023-08-23 13:54:17 - [MESSAGE][INFO] - Click Element = Object Repository/Master Data/Pengguna/ProfilePengguna/Title

2023-08-23 13:54:18 - [MESSAGE][PASSED] - Object: 'Object Repository/Master Data/Pengguna/ProfilePengguna/Title' is clicked on

2023-08-23 13:54:18 - [MESSAGE][PASSED] - Keys 'Tn' sent to object: 'Object Repository/Master Data/Pengguna/ProfilePengguna/SelectTitle'

2023-08-23 13:54:19 - [MESSAGE][PASSED] - Object 'Object Repository/Master Data/Pengguna/ProfilePengguna/SelectTitle' is present

2023-08-23 13:54:19 - [MESSAGE][PASSED] - Keys 'ENTER + ' sent to object: 'Object Repository/Master Data/Pengguna/ProfilePengguna/SelectTitle'

2023-08-23 13:54:20 - [MESSAGE][PASSED] - Object 'Object Repository/Master Data/Pengguna/ProfilePengguna/NamaDepan' is clickable

2023-08-23 13:54:20 - [MESSAGE][INFO] - Click Element = Object Repository/Master Data/Pengguna/ProfilePengguna/NamaDepan

2023-08-23 13:54:20 - [MESSAGE][PASSED] - Object: 'Object Repository/Master Data/Pengguna/ProfilePengguna/NamaDepan' is clicked on

2023-08-23 13:54:21 - [MESSAGE][PASSED] - Attribute 'value' of object 'Object Repository/Master Data/Pengguna/ProfilePengguna/NamaDepan' is: 'Katalon'

2023-08-23 13:54:21 - [MESSAGE][PASSED] - Keys 'CONTROL + a' sent to object: 'Object Repository/Master Data/Pengguna/ProfilePengguna/NamaDepan'

2023-08-23 13:54:21 - [MESSAGE][PASSED] - Keys 'BACK_SPACE + ' sent to object: 'Object Repository/Master Data/Pengguna/ProfilePengguna/NamaDepan'

2023-08-23 13:54:22 - [MESSAGE][PASSED] - Text 'Katalon' is set on object 'Object Repository/Master Data/Pengguna/ProfilePengguna/NamaDepan'

2023-08-23 13:54:23 - [MESSAGE][PASSED] - Object 'Object Repository/Master Data/Pengguna/ProfilePengguna/NamaBelakang' is clickable

2023-08-23 13:54:23 - [MESSAGE][INFO] - Click Element = Object Repository/Master Data/Pengguna/ProfilePengguna/NamaBelakang

2023-08-23 13:54:23 - [MESSAGE][PASSED] - Object: 'Object Repository/Master Data/Pengguna/ProfilePengguna/NamaBelakang' is clicked on

2023-08-23 13:54:23 - [MESSAGE][PASSED] - Attribute 'value' of object 'Object Repository/Master Data/Pengguna/ProfilePengguna/NamaBelakang' is: 'Cslead'

2023-08-23 13:54:24 - [MESSAGE][PASSED] - Keys 'CONTROL + a' sent to object: 'Object Repository/Master Data/Pengguna/ProfilePengguna/NamaBelakang'

2023-08-23 13:54:24 - [MESSAGE][PASSED] - Keys 'BACK_SPACE + ' sent to object: 'Object Repository/Master Data/Pengguna/ProfilePengguna/NamaBelakang'

2023-08-23 13:54:25 - [MESSAGE][PASSED] - Text 'Cslead' is set on object 'Object Repository/Master Data/Pengguna/ProfilePengguna/NamaBelakang'

2023-08-23 13:54:25 - [MESSAGE][PASSED] - Object 'Object Repository/Master Data/Pengguna/ProfilePengguna/JenisKelamin' is clickable

2023-08-23 13:54:25 - [MESSAGE][INFO] - Click Element = Object Repository/Master Data/Pengguna/ProfilePengguna/JenisKelamin

2023-08-23 13:54:26 - [MESSAGE][PASSED] - Object: 'Object Repository/Master Data/Pengguna/ProfilePengguna/JenisKelamin' is clicked on

2023-08-23 13:54:26 - [MESSAGE][PASSED] - Keys 'Laki-Laki' sent to object: 'Object Repository/Master Data/Pengguna/ProfilePengguna/SelectJenisKelamin'

2023-08-23 13:54:27 - [MESSAGE][PASSED] - Object 'Object Repository/Master Data/Pengguna/ProfilePengguna/SelectJenisKelamin' is present

2023-08-23 13:54:27 - [MESSAGE][PASSED] - Keys 'ENTER + ' sent to object: 'Object Repository/Master Data/Pengguna/ProfilePengguna/SelectJenisKelamin'

2023-08-23 13:54:28 - [MESSAGE][PASSED] - Object 'Object Repository/Master Data/Pengguna/TglStatus' is clickable

2023-08-23 13:54:28 - [MESSAGE][INFO] - Click Element = Object Repository/Master Data/Pengguna/TglStatus

2023-08-23 13:54:28 - [MESSAGE][PASSED] - Object: 'Object Repository/Master Data/Pengguna/TglStatus' is clicked on

2023-08-23 13:54:29 - [MESSAGE][PASSED] - Object 'Object Repository/Master Data/Pengguna/btnSelanjutnya' is clickable

2023-08-23 13:54:29 - [MESSAGE][INFO] - Click Element = Object Repository/Master Data/Pengguna/btnSelanjutnya

2023-08-23 13:54:29 - [MESSAGE][PASSED] - Object: 'Object Repository/Master Data/Pengguna/btnSelanjutnya' is clicked on

2023-08-23 13:54:29 - [MESSAGE][PASSED] - Object 'Object Repository/Master Data/Pengguna/btnSelanjutnyaUsername' is clickable

2023-08-23 13:54:29 - [MESSAGE][INFO] - Click Element = Object Repository/Master Data/Pengguna/btnSelanjutnyaUsername

2023-08-23 13:54:30 - [MESSAGE][PASSED] - Object: 'Object Repository/Master Data/Pengguna/btnSelanjutnyaUsername' is clicked on

2023-08-23 13:54:30 - [MESSAGE][PASSED] - Object 'Object Repository/Master Data/Pengguna/PeranPengguna/Peran' is clickable

2023-08-23 13:54:30 - [MESSAGE][INFO] - Click Element = Object Repository/Master Data/Pengguna/PeranPengguna/Peran

2023-08-23 13:54:31 - [MESSAGE][PASSED] - Object: 'Object Repository/Master Data/Pengguna/PeranPengguna/Peran' is clicked on

2023-08-23 13:54:31 - [MESSAGE][PASSED] - Keys 'cs_lead' sent to object: 'Object Repository/Master Data/Pengguna/PeranPengguna/SelectRole'

2023-08-23 13:54:32 - [MESSAGE][PASSED] - Object 'Object Repository/Master Data/Pengguna/PeranPengguna/SelectRole' is present

2023-08-23 13:54:32 - [MESSAGE][PASSED] - Keys 'ENTER + ' sent to object: 'Object Repository/Master Data/Pengguna/PeranPengguna/SelectRole'

2023-08-23 13:54:33 - [MESSAGE][PASSED] - Object 'Object Repository/Master Data/Pengguna/PeranPengguna/DataGroup' is clickable

2023-08-23 13:54:33 - [MESSAGE][INFO] - Click Element = Object Repository/Master Data/Pengguna/PeranPengguna/DataGroup

2023-08-23 13:54:33 - [MESSAGE][PASSED] - Object: 'Object Repository/Master Data/Pengguna/PeranPengguna/DataGroup' is clicked on

2023-08-23 13:54:34 - [MESSAGE][PASSED] - Keys 'nexsoft' sent to object: 'Object Repository/Master Data/Pengguna/PeranPengguna/SelectDataGroup'

2023-08-23 13:54:34 - [MESSAGE][PASSED] - Object 'Object Repository/Master Data/Pengguna/PeranPengguna/SelectDataGroup' is present

2023-08-23 13:54:34 - [MESSAGE][PASSED] - Keys 'ENTER + ' sent to object: 'Object Repository/Master Data/Pengguna/PeranPengguna/SelectDataGroup'

2023-08-23 13:54:35 - [MESSAGE][PASSED] - Object 'Object Repository/Master Data/Pengguna/btnUbah' is clickable

2023-08-23 13:54:35 - [MESSAGE][INFO] - Click Element = Object Repository/Master Data/Pengguna/btnUbah

2023-08-23 13:54:35 - [MESSAGE][PASSED] - Object: 'Object Repository/Master Data/Pengguna/btnUbah' is clicked on

2023-08-23 13:54:36 - [MESSAGE][PASSED] - Object 'Object Repository/Master Data/Pengguna/btnYes' is NOT visible

2023-08-23 13:54:36 - [MESSAGE][INFO] - message: button yes tidak muncul

2023-08-23 13:54:36 - [TEST_STEP][PASSED] - pengguna.refreshPage(): Refresh successfully

2023-08-23 13:54:39 - [MESSAGE][PASSED] - Delayed 3 second(s)

2023-08-23 13:54:39 - [MESSAGE][PASSED] - Refresh successfully

2023-08-23 13:54:39 - [TEST_STEP][PASSED] - try: Refresh successfully

2023-08-23 13:54:39 - [TEST_STEP][PASSED] - getHashMapEditPengguna = listHashMapEditPengguna.get(i): null

2023-08-23 13:54:39 - [TEST_STEP][PASSED] - groupID = getHashMapEditPengguna.get("groupID"): null

2023-08-23 13:54:39 - [TEST_STEP][PASSED] - logInfo(getHashMapEditPengguna.toString()): [Kategori:Nexsoft, leader:Khairina Wardina, lastName:Coordinator, Action:Edit, role:cs_coordinator, gender:Laki-Laki, isLeader:Y, isCSO:N, listDist:, title:Tn, TD:TDG220603, csLevel:, NIK:3671072606990992, firstName:Katalon, dataGroup:nexsoft, csSpecialisasi:, username:cscoor, status:Aktif]

2023-08-23 13:54:39 - [MESSAGE][INFO] - [Kategori:Nexsoft, leader:Khairina Wardina, lastName:Coordinator, Action:Edit, role:cs_coordinator, gender:Laki-Laki, isLeader:Y, isCSO:N, listDist:, title:Tn, TD:TDG220603, csLevel:, NIK:3671072606990992, firstName:Katalon, dataGroup:nexsoft, csSpecialisasi:, username:cscoor, status:Aktif]

2023-08-23 13:54:39 - [TEST_STEP][PASSED] - testDataNumber = getHashMapEditPengguna.get("TD"): null

2023-08-23 13:54:39 - [TEST_STEP][PASSED] - pengguna.findUser(getHashMapEditPengguna): Keys 'ENTER + ' sent to object: 'Object Repository/Master Data/Pengguna/searchUser'

2023-08-23 13:54:39 - [MESSAGE][INFO] - Username: cscoor

2023-08-23 13:54:40 - [MESSAGE][PASSED] - Object 'Object Repository/Master Data/Pengguna/searchUser' is clickable

2023-08-23 13:54:40 - [MESSAGE][INFO] - Click Element = Object Repository/Master Data/Pengguna/searchUser

2023-08-23 13:54:40 - [MESSAGE][PASSED] - Object: 'Object Repository/Master Data/Pengguna/searchUser' is clicked on

2023-08-23 13:54:41 - [MESSAGE][PASSED] - Text 'cscoor' is set on object 'Object Repository/Master Data/Pengguna/searchUser'

2023-08-23 13:54:41 - [MESSAGE][PASSED] - Keys 'ENTER + ' sent to object: 'Object Repository/Master Data/Pengguna/searchUser'

2023-08-23 13:54:41 - [TEST_STEP][PASSED] - pengguna.editUser(): Refresh successfully

2023-08-23 13:54:42 - [MESSAGE][PASSED] - Object 'Object Repository/Master Data/Pengguna/Edit' is clickable

2023-08-23 13:54:42 - [MESSAGE][INFO] - Click Element = Object Repository/Master Data/Pengguna/Edit

2023-08-23 13:54:42 - [MESSAGE][PASSED] - Object: 'Object Repository/Master Data/Pengguna/Edit' is clicked on

2023-08-23 13:54:45 - [MESSAGE][PASSED] - Delayed 3 second(s)

2023-08-23 13:54:45 - [MESSAGE][PASSED] - Refresh successfully

2023-08-23 13:54:45 - [TEST_STEP][PASSED] - pengguna.setEditUser(getHashMapEditPengguna): message: button yes tidak muncul

2023-08-23 13:54:46 - [MESSAGE][PASSED] - Object 'Object Repository/Master Data/Pengguna/idPengguna' is present

2023-08-23 13:54:47 - [MESSAGE][PASSED] - Object 'Object Repository/Master Data/Pengguna/ProfilePengguna/Atasan' is clickable

2023-08-23 13:54:47 - [MESSAGE][INFO] - Click Element = Object Repository/Master Data/Pengguna/ProfilePengguna/Atasan

2023-08-23 13:54:48 - [MESSAGE][PASSED] - Object: 'Object Repository/Master Data/Pengguna/ProfilePengguna/Atasan' is clicked on

2023-08-23 13:54:48 - [MESSAGE][PASSED] - Keys 'Khairina Wardina' sent to object: 'Object Repository/Master Data/Pengguna/ProfilePengguna/SelectAtasan'

2023-08-23 13:54:49 - [MESSAGE][PASSED] - Object 'Object Repository/Master Data/Pengguna/ProfilePengguna/SelectAtasan' is present

2023-08-23 13:54:49 - [MESSAGE][PASSED] - Keys 'ENTER + ' sent to object: 'Object Repository/Master Data/Pengguna/ProfilePengguna/SelectAtasan'

2023-08-23 13:54:50 - [MESSAGE][PASSED] - Object 'Object Repository/Master Data/Pengguna/ProfilePengguna/NIK' is clickable

2023-08-23 13:54:50 - [MESSAGE][INFO] - Click Element = Object Repository/Master Data/Pengguna/ProfilePengguna/NIK

2023-08-23 13:54:50 - [MESSAGE][PASSED] - Object: 'Object Repository/Master Data/Pengguna/ProfilePengguna/NIK' is clicked on

2023-08-23 13:54:51 - [MESSAGE][PASSED] - Attribute 'value' of object 'Object Repository/Master Data/Pengguna/ProfilePengguna/NIK' is: '3671072606990992'

2023-08-23 13:54:51 - [MESSAGE][PASSED] - Keys 'CONTROL + a' sent to object: 'Object Repository/Master Data/Pengguna/ProfilePengguna/NIK'

2023-08-23 13:54:51 - [MESSAGE][PASSED] - Keys 'BACK_SPACE + ' sent to object: 'Object Repository/Master Data/Pengguna/ProfilePengguna/NIK'

2023-08-23 13:54:52 - [MESSAGE][PASSED] - Text '3671072606990992' is set on object 'Object Repository/Master Data/Pengguna/ProfilePengguna/NIK'

2023-08-23 13:54:53 - [MESSAGE][PASSED] - Object 'Object Repository/Master Data/Pengguna/ProfilePengguna/Title' is clickable

2023-08-23 13:54:53 - [MESSAGE][INFO] - Click Element = Object Repository/Master Data/Pengguna/ProfilePengguna/Title

2023-08-23 13:54:53 - [MESSAGE][PASSED] - Object: 'Object Repository/Master Data/Pengguna/ProfilePengguna/Title' is clicked on

2023-08-23 13:54:54 - [MESSAGE][PASSED] - Keys 'Tn' sent to object: 'Object Repository/Master Data/Pengguna/ProfilePengguna/SelectTitle'

2023-08-23 13:54:54 - [MESSAGE][PASSED] - Object 'Object Repository/Master Data/Pengguna/ProfilePengguna/SelectTitle' is present

2023-08-23 13:54:55 - [MESSAGE][PASSED] - Keys 'ENTER + ' sent to object: 'Object Repository/Master Data/Pengguna/ProfilePengguna/SelectTitle'

2023-08-23 13:54:55 - [MESSAGE][PASSED] - Object 'Object Repository/Master Data/Pengguna/ProfilePengguna/NamaDepan' is clickable

2023-08-23 13:54:55 - [MESSAGE][INFO] - Click Element = Object Repository/Master Data/Pengguna/ProfilePengguna/NamaDepan

2023-08-23 13:54:56 - [MESSAGE][PASSED] - Object: 'Object Repository/Master Data/Pengguna/ProfilePengguna/NamaDepan' is clicked on

2023-08-23 13:54:56 - [MESSAGE][PASSED] - Attribute 'value' of object 'Object Repository/Master Data/Pengguna/ProfilePengguna/NamaDepan' is: 'Katalon'

2023-08-23 13:54:57 - [MESSAGE][PASSED] - Keys 'CONTROL + a' sent to object: 'Object Repository/Master Data/Pengguna/ProfilePengguna/NamaDepan'

2023-08-23 13:54:57 - [MESSAGE][PASSED] - Keys 'BACK_SPACE + ' sent to object: 'Object Repository/Master Data/Pengguna/ProfilePengguna/NamaDepan'

2023-08-23 13:54:58 - [MESSAGE][PASSED] - Text 'Katalon' is set on object 'Object Repository/Master Data/Pengguna/ProfilePengguna/NamaDepan'

2023-08-23 13:54:58 - [MESSAGE][PASSED] - Object 'Object Repository/Master Data/Pengguna/ProfilePengguna/NamaBelakang' is clickable

2023-08-23 13:54:58 - [MESSAGE][INFO] - Click Element = Object Repository/Master Data/Pengguna/ProfilePengguna/NamaBelakang

2023-08-23 13:54:59 - [MESSAGE][PASSED] - Object: 'Object Repository/Master Data/Pengguna/ProfilePengguna/NamaBelakang' is clicked on

2023-08-23 13:54:59 - [MESSAGE][PASSED] - Attribute 'value' of object 'Object Repository/Master Data/Pengguna/ProfilePengguna/NamaBelakang' is: 'Coordinator'

2023-08-23 13:54:59 - [MESSAGE][PASSED] - Keys 'CONTROL + a' sent to object: 'Object Repository/Master Data/Pengguna/ProfilePengguna/NamaBelakang'

2023-08-23 13:55:00 - [MESSAGE][PASSED] - Keys 'BACK_SPACE + ' sent to object: 'Object Repository/Master Data/Pengguna/ProfilePengguna/NamaBelakang'

2023-08-23 13:55:01 - [MESSAGE][PASSED] - Text 'Coordinator' is set on object 'Object Repository/Master Data/Pengguna/ProfilePengguna/NamaBelakang'

2023-08-23 13:55:01 - [MESSAGE][PASSED] - Object 'Object Repository/Master Data/Pengguna/ProfilePengguna/JenisKelamin' is clickable

2023-08-23 13:55:01 - [MESSAGE][INFO] - Click Element = Object Repository/Master Data/Pengguna/ProfilePengguna/JenisKelamin

2023-08-23 13:55:01 - [MESSAGE][PASSED] - Object: 'Object Repository/Master Data/Pengguna/ProfilePengguna/JenisKelamin' is clicked on

2023-08-23 13:55:02 - [MESSAGE][PASSED] - Keys 'Laki-Laki' sent to object: 'Object Repository/Master Data/Pengguna/ProfilePengguna/SelectJenisKelamin'

2023-08-23 13:55:02 - [MESSAGE][PASSED] - Object 'Object Repository/Master Data/Pengguna/ProfilePengguna/SelectJenisKelamin' is present

2023-08-23 13:55:03 - [MESSAGE][PASSED] - Keys 'ENTER + ' sent to object: 'Object Repository/Master Data/Pengguna/ProfilePengguna/SelectJenisKelamin'

2023-08-23 13:55:03 - [MESSAGE][PASSED] - Object 'Object Repository/Master Data/Pengguna/TglStatus' is clickable

2023-08-23 13:55:03 - [MESSAGE][INFO] - Click Element = Object Repository/Master Data/Pengguna/TglStatus

2023-08-23 13:55:04 - [MESSAGE][PASSED] - Object: 'Object Repository/Master Data/Pengguna/TglStatus' is clicked on

2023-08-23 13:55:04 - [MESSAGE][PASSED] - Object 'Object Repository/Master Data/Pengguna/btnSelanjutnya' is clickable

2023-08-23 13:55:04 - [MESSAGE][INFO] - Click Element = Object Repository/Master Data/Pengguna/btnSelanjutnya

2023-08-23 13:55:04 - [MESSAGE][PASSED] - Object: 'Object Repository/Master Data/Pengguna/btnSelanjutnya' is clicked on

2023-08-23 13:55:05 - [MESSAGE][PASSED] - Object 'Object Repository/Master Data/Pengguna/btnSelanjutnyaUsername' is clickable

2023-08-23 13:55:05 - [MESSAGE][INFO] - Click Element = Object Repository/Master Data/Pengguna/btnSelanjutnyaUsername

2023-08-23 13:55:05 - [MESSAGE][PASSED] - Object: 'Object Repository/Master Data/Pengguna/btnSelanjutnyaUsername' is clicked on

2023-08-23 13:55:06 - [MESSAGE][PASSED] - Object 'Object Repository/Master Data/Pengguna/PeranPengguna/Peran' is clickable

2023-08-23 13:55:06 - [MESSAGE][INFO] - Click Element = Object Repository/Master Data/Pengguna/PeranPengguna/Peran

2023-08-23 13:55:06 - [MESSAGE][PASSED] - Object: 'Object Repository/Master Data/Pengguna/PeranPengguna/Peran' is clicked on

2023-08-23 13:55:07 - [MESSAGE][PASSED] - Keys 'cs_coordinator' sent to object: 'Object Repository/Master Data/Pengguna/PeranPengguna/SelectRole'

2023-08-23 13:55:07 - [MESSAGE][PASSED] - Object 'Object Repository/Master Data/Pengguna/PeranPengguna/SelectRole' is present

2023-08-23 13:55:08 - [MESSAGE][PASSED] - Keys 'ENTER + ' sent to object: 'Object Repository/Master Data/Pengguna/PeranPengguna/SelectRole'

2023-08-23 13:55:08 - [MESSAGE][PASSED] - Object 'Object Repository/Master Data/Pengguna/PeranPengguna/DataGroup' is clickable

2023-08-23 13:55:08 - [MESSAGE][INFO] - Click Element = Object Repository/Master Data/Pengguna/PeranPengguna/DataGroup

2023-08-23 13:55:08 - [MESSAGE][PASSED] - Object: 'Object Repository/Master Data/Pengguna/PeranPengguna/DataGroup' is clicked on

2023-08-23 13:55:09 - [MESSAGE][PASSED] - Keys 'nexsoft' sent to object: 'Object Repository/Master Data/Pengguna/PeranPengguna/SelectDataGroup'

2023-08-23 13:55:10 - [MESSAGE][PASSED] - Object 'Object Repository/Master Data/Pengguna/PeranPengguna/SelectDataGroup' is present

2023-08-23 13:55:10 - [MESSAGE][PASSED] - Keys 'ENTER + ' sent to object: 'Object Repository/Master Data/Pengguna/PeranPengguna/SelectDataGroup'

2023-08-23 13:55:10 - [MESSAGE][PASSED] - Object 'Object Repository/Master Data/Pengguna/btnUbah' is clickable

2023-08-23 13:55:10 - [MESSAGE][INFO] - Click Element = Object Repository/Master Data/Pengguna/btnUbah

2023-08-23 13:55:11 - [MESSAGE][PASSED] - Object: 'Object Repository/Master Data/Pengguna/btnUbah' is clicked on

2023-08-23 13:55:11 - [MESSAGE][PASSED] - Object 'Object Repository/Master Data/Pengguna/btnYes' is NOT visible

2023-08-23 13:55:11 - [MESSAGE][INFO] - message: button yes tidak muncul

2023-08-23 13:55:11 - [TEST_STEP][PASSED] - pengguna.refreshPage(): Refresh successfully

2023-08-23 13:55:14 - [MESSAGE][PASSED] - Delayed 3 second(s)

2023-08-23 13:55:14 - [MESSAGE][PASSED] - Refresh successfully

2023-08-23 13:55:14 - [TEST_STEP][PASSED] - try: Refresh successfully

2023-08-23 13:55:14 - [TEST_STEP][PASSED] - getHashMapEditPengguna = listHashMapEditPengguna.get(i): null

2023-08-23 13:55:14 - [TEST_STEP][PASSED] - groupID = getHashMapEditPengguna.get("groupID"): null

2023-08-23 13:55:14 - [TEST_STEP][PASSED] - logInfo(getHashMapEditPengguna.toString()): [Kategori:Distributor, leader:, lastName:Distributor, Action:Edit, role:customer, gender:Perempuan, isLeader:, isCSO:, listDist:Pt Rukun Mitra Sejati Blitar,Pt Rukun Mitra Sejati Yogyakarta, title:Ny, TD:TDG220604, csLevel:, NIK:3671072606990993, firstName:Katalon, dataGroup:groupdistributor, csSpecialisasi:, username:dist123, status:Aktif]

2023-08-23 13:55:14 - [MESSAGE][INFO] - [Kategori:Distributor, leader:, lastName:Distributor, Action:Edit, role:customer, gender:Perempuan, isLeader:, isCSO:, listDist:Pt Rukun Mitra Sejati Blitar,Pt Rukun Mitra Sejati Yogyakarta, title:Ny, TD:TDG220604, csLevel:, NIK:3671072606990993, firstName:Katalon, dataGroup:groupdistributor, csSpecialisasi:, username:dist123, status:Aktif]

2023-08-23 13:55:14 - [TEST_STEP][PASSED] - testDataNumber = getHashMapEditPengguna.get("TD"): null

2023-08-23 13:55:14 - [TEST_STEP][PASSED] - pengguna.findUser(getHashMapEditPengguna): Keys 'ENTER + ' sent to object: 'Object Repository/Master Data/Pengguna/searchUser'

2023-08-23 13:55:14 - [MESSAGE][INFO] - Username: dist123

2023-08-23 13:55:15 - [MESSAGE][PASSED] - Object 'Object Repository/Master Data/Pengguna/searchUser' is clickable

2023-08-23 13:55:15 - [MESSAGE][INFO] - Click Element = Object Repository/Master Data/Pengguna/searchUser

2023-08-23 13:55:15 - [MESSAGE][PASSED] - Object: 'Object Repository/Master Data/Pengguna/searchUser' is clicked on

2023-08-23 13:55:16 - [MESSAGE][PASSED] - Text 'dist123' is set on object 'Object Repository/Master Data/Pengguna/searchUser'

2023-08-23 13:55:17 - [MESSAGE][PASSED] - Keys 'ENTER + ' sent to object: 'Object Repository/Master Data/Pengguna/searchUser'

2023-08-23 13:55:17 - [TEST_STEP][PASSED] - pengguna.editUser(): Refresh successfully

2023-08-23 13:55:17 - [MESSAGE][PASSED] - Object 'Object Repository/Master Data/Pengguna/Edit' is clickable

2023-08-23 13:55:17 - [MESSAGE][INFO] - Click Element = Object Repository/Master Data/Pengguna/Edit

2023-08-23 13:55:18 - [MESSAGE][PASSED] - Object: 'Object Repository/Master Data/Pengguna/Edit' is clicked on

2023-08-23 13:55:21 - [MESSAGE][PASSED] - Delayed 3 second(s)

2023-08-23 13:55:21 - [MESSAGE][PASSED] - Refresh successfully

2023-08-23 13:55:21 - [TEST_STEP][PASSED] - pengguna.setEditUser(getHashMapEditPengguna): Object: 'Object Repository/Master Data/Pengguna/btnUbah' is clicked on

2023-08-23 13:55:21 - [MESSAGE][PASSED] - Object 'Object Repository/Master Data/Pengguna/idPengguna' is present

2023-08-23 13:55:21 - [MESSAGE][INFO] - [Pt Rukun Mitra Sejati Blitar, Pt Rukun Mitra Sejati Yogyakarta]

2023-08-23 13:55:22 - [MESSAGE][PASSED] - Object 'Object Repository/Master Data/Pengguna/ProfilePengguna/Distributor' is clickable

2023-08-23 13:55:22 - [MESSAGE][INFO] - Click Element = Object Repository/Master Data/Pengguna/ProfilePengguna/Distributor

2023-08-23 13:55:23 - [MESSAGE][PASSED] - Object: 'Object Repository/Master Data/Pengguna/ProfilePengguna/Distributor' is clicked on

2023-08-23 13:55:23 - [MESSAGE][PASSED] - Keys 'Pt Rukun Mitra Sejati Blitar' sent to object: 'Object Repository/Master Data/Pengguna/ProfilePengguna/SelectDistributor'

2023-08-23 13:55:24 - [MESSAGE][PASSED] - Object 'Object Repository/Master Data/Pengguna/ProfilePengguna/SelectDistributor' is present

2023-08-23 13:55:24 - [MESSAGE][PASSED] - Keys 'ENTER + ' sent to object: 'Object Repository/Master Data/Pengguna/ProfilePengguna/SelectDistributor'

2023-08-23 13:55:24 - [MESSAGE][INFO] - [Pt Rukun Mitra Sejati Blitar, Pt Rukun Mitra Sejati Yogyakarta]

2023-08-23 13:55:25 - [MESSAGE][PASSED] - Object 'Object Repository/Master Data/Pengguna/ProfilePengguna/Distributor' is clickable

2023-08-23 13:55:25 - [MESSAGE][INFO] - Click Element = Object Repository/Master Data/Pengguna/ProfilePengguna/Distributor

2023-08-23 13:55:25 - [MESSAGE][PASSED] - Object: 'Object Repository/Master Data/Pengguna/ProfilePengguna/Distributor' is clicked on

2023-08-23 13:55:26 - [MESSAGE][PASSED] - Keys 'Pt Rukun Mitra Sejati Yogyakarta' sent to object: 'Object Repository/Master Data/Pengguna/ProfilePengguna/SelectDistributor'

2023-08-23 13:55:26 - [MESSAGE][PASSED] - Object 'Object Repository/Master Data/Pengguna/ProfilePengguna/SelectDistributor' is present

2023-08-23 13:55:27 - [MESSAGE][PASSED] - Keys 'ENTER + ' sent to object: 'Object Repository/Master Data/Pengguna/ProfilePengguna/SelectDistributor'

2023-08-23 13:55:27 - [MESSAGE][PASSED] - Object 'Object Repository/Master Data/Pengguna/closeSelection' is clickable

2023-08-23 13:55:27 - [MESSAGE][INFO] - Click Element = Object Repository/Master Data/Pengguna/closeSelection

2023-08-23 13:55:27 - [MESSAGE][PASSED] - Object: 'Object Repository/Master Data/Pengguna/closeSelection' is clicked on

2023-08-23 13:55:28 - [MESSAGE][PASSED] - Object 'Object Repository/Master Data/Pengguna/ProfilePengguna/NIK' is clickable

2023-08-23 13:55:28 - [MESSAGE][INFO] - Click Element = Object Repository/Master Data/Pengguna/ProfilePengguna/NIK

2023-08-23 13:55:28 - [MESSAGE][PASSED] - Object: 'Object Repository/Master Data/Pengguna/ProfilePengguna/NIK' is clicked on

2023-08-23 13:55:28 - [MESSAGE][PASSED] - Attribute 'value' of object 'Object Repository/Master Data/Pengguna/ProfilePengguna/NIK' is: '3671072606990993'

2023-08-23 13:55:29 - [MESSAGE][PASSED] - Keys 'CONTROL + a' sent to object: 'Object Repository/Master Data/Pengguna/ProfilePengguna/NIK'

2023-08-23 13:55:29 - [MESSAGE][PASSED] - Keys 'BACK_SPACE + ' sent to object: 'Object Repository/Master Data/Pengguna/ProfilePengguna/NIK'

2023-08-23 13:55:30 - [MESSAGE][PASSED] - Text '3671072606990993' is set on object 'Object Repository/Master Data/Pengguna/ProfilePengguna/NIK'

2023-08-23 13:55:31 - [MESSAGE][PASSED] - Object 'Object Repository/Master Data/Pengguna/ProfilePengguna/Title' is clickable

2023-08-23 13:55:31 - [MESSAGE][INFO] - Click Element = Object Repository/Master Data/Pengguna/ProfilePengguna/Title

2023-08-23 13:55:31 - [MESSAGE][PASSED] - Object: 'Object Repository/Master Data/Pengguna/ProfilePengguna/Title' is clicked on

2023-08-23 13:55:32 - [MESSAGE][PASSED] - Keys 'Ny' sent to object: 'Object Repository/Master Data/Pengguna/ProfilePengguna/SelectTitle'

2023-08-23 13:55:32 - [MESSAGE][PASSED] - Object 'Object Repository/Master Data/Pengguna/ProfilePengguna/SelectTitle' is present

2023-08-23 13:55:33 - [MESSAGE][PASSED] - Keys 'ENTER + ' sent to object: 'Object Repository/Master Data/Pengguna/ProfilePengguna/SelectTitle'

2023-08-23 13:55:33 - [MESSAGE][PASSED] - Object 'Object Repository/Master Data/Pengguna/ProfilePengguna/NamaDepan' is clickable

2023-08-23 13:55:33 - [MESSAGE][INFO] - Click Element = Object Repository/Master Data/Pengguna/ProfilePengguna/NamaDepan

2023-08-23 13:55:33 - [MESSAGE][PASSED] - Object: 'Object Repository/Master Data/Pengguna/ProfilePengguna/NamaDepan' is clicked on

2023-08-23 13:55:34 - [MESSAGE][PASSED] - Attribute 'value' of object 'Object Repository/Master Data/Pengguna/ProfilePengguna/NamaDepan' is: 'Katalon'

2023-08-23 13:55:34 - [MESSAGE][PASSED] - Keys 'CONTROL + a' sent to object: 'Object Repository/Master Data/Pengguna/ProfilePengguna/NamaDepan'

2023-08-23 13:55:35 - [MESSAGE][PASSED] - Keys 'BACK_SPACE + ' sent to object: 'Object Repository/Master Data/Pengguna/ProfilePengguna/NamaDepan'

2023-08-23 13:55:36 - [MESSAGE][PASSED] - Text 'Katalon' is set on object 'Object Repository/Master Data/Pengguna/ProfilePengguna/NamaDepan'

2023-08-23 13:55:36 - [MESSAGE][PASSED] - Object 'Object Repository/Master Data/Pengguna/ProfilePengguna/NamaBelakang' is clickable

2023-08-23 13:55:36 - [MESSAGE][INFO] - Click Element = Object Repository/Master Data/Pengguna/ProfilePengguna/NamaBelakang

2023-08-23 13:55:37 - [MESSAGE][PASSED] - Object: 'Object Repository/Master Data/Pengguna/ProfilePengguna/NamaBelakang' is clicked on

2023-08-23 13:55:37 - [MESSAGE][PASSED] - Attribute 'value' of object 'Object Repository/Master Data/Pengguna/ProfilePengguna/NamaBelakang' is: 'Distributor'

2023-08-23 13:55:37 - [MESSAGE][PASSED] - Keys 'CONTROL + a' sent to object: 'Object Repository/Master Data/Pengguna/ProfilePengguna/NamaBelakang'

2023-08-23 13:55:38 - [MESSAGE][PASSED] - Keys 'BACK_SPACE + ' sent to object: 'Object Repository/Master Data/Pengguna/ProfilePengguna/NamaBelakang'

2023-08-23 13:55:38 - [MESSAGE][PASSED] - Text 'Distributor' is set on object 'Object Repository/Master Data/Pengguna/ProfilePengguna/NamaBelakang'

2023-08-23 13:55:39 - [MESSAGE][PASSED] - Object 'Object Repository/Master Data/Pengguna/ProfilePengguna/JenisKelamin' is clickable

2023-08-23 13:55:39 - [MESSAGE][INFO] - Click Element = Object Repository/Master Data/Pengguna/ProfilePengguna/JenisKelamin

2023-08-23 13:55:39 - [MESSAGE][PASSED] - Object: 'Object Repository/Master Data/Pengguna/ProfilePengguna/JenisKelamin' is clicked on

2023-08-23 13:55:40 - [MESSAGE][PASSED] - Keys 'Perempuan' sent to object: 'Object Repository/Master Data/Pengguna/ProfilePengguna/SelectJenisKelamin'

2023-08-23 13:55:40 - [MESSAGE][PASSED] - Object 'Object Repository/Master Data/Pengguna/ProfilePengguna/SelectJenisKelamin' is present

2023-08-23 13:55:41 - [MESSAGE][PASSED] - Keys 'ENTER + ' sent to object: 'Object Repository/Master Data/Pengguna/ProfilePengguna/SelectJenisKelamin'

2023-08-23 13:55:41 - [MESSAGE][PASSED] - Object 'Object Repository/Master Data/Pengguna/TglStatus' is clickable

2023-08-23 13:55:41 - [MESSAGE][INFO] - Click Element = Object Repository/Master Data/Pengguna/TglStatus

2023-08-23 13:55:42 - [MESSAGE][PASSED] - Object: 'Object Repository/Master Data/Pengguna/TglStatus' is clicked on

2023-08-23 13:55:42 - [MESSAGE][PASSED] - Object 'Object Repository/Master Data/Pengguna/btnSelanjutnya' is clickable

2023-08-23 13:55:42 - [MESSAGE][INFO] - Click Element = Object Repository/Master Data/Pengguna/btnSelanjutnya

2023-08-23 13:55:43 - [MESSAGE][PASSED] - Object: 'Object Repository/Master Data/Pengguna/btnSelanjutnya' is clicked on

2023-08-23 13:55:43 - [MESSAGE][PASSED] - Object 'Object Repository/Master Data/Pengguna/btnSelanjutnyaUsername' is clickable

2023-08-23 13:55:43 - [MESSAGE][INFO] - Click Element = Object Repository/Master Data/Pengguna/btnSelanjutnyaUsername

2023-08-23 13:55:43 - [MESSAGE][PASSED] - Object: 'Object Repository/Master Data/Pengguna/btnSelanjutnyaUsername' is clicked on

2023-08-23 13:55:44 - [MESSAGE][PASSED] - Object 'Object Repository/Master Data/Pengguna/PeranPengguna/Peran' is clickable

2023-08-23 13:55:44 - [MESSAGE][INFO] - Click Element = Object Repository/Master Data/Pengguna/PeranPengguna/Peran

2023-08-23 13:55:44 - [MESSAGE][PASSED] - Object: 'Object Repository/Master Data/Pengguna/PeranPengguna/Peran' is clicked on

2023-08-23 13:55:45 - [MESSAGE][PASSED] - Keys 'customer' sent to object: 'Object Repository/Master Data/Pengguna/PeranPengguna/SelectRole'

2023-08-23 13:55:45 - [MESSAGE][PASSED] - Object 'Object Repository/Master Data/Pengguna/PeranPengguna/SelectRole' is present

2023-08-23 13:55:46 - [MESSAGE][PASSED] - Keys 'ENTER + ' sent to object: 'Object Repository/Master Data/Pengguna/PeranPengguna/SelectRole'

2023-08-23 13:55:46 - [MESSAGE][PASSED] - Object 'Object Repository/Master Data/Pengguna/PeranPengguna/DataGroup' is clickable

2023-08-23 13:55:46 - [MESSAGE][INFO] - Click Element = Object Repository/Master Data/Pengguna/PeranPengguna/DataGroup

2023-08-23 13:55:46 - [MESSAGE][PASSED] - Object: 'Object Repository/Master Data/Pengguna/PeranPengguna/DataGroup' is clicked on

2023-08-23 13:55:47 - [MESSAGE][PASSED] - Keys 'groupdistributor' sent to object: 'Object Repository/Master Data/Pengguna/PeranPengguna/SelectDataGroup'

2023-08-23 13:55:48 - [MESSAGE][PASSED] - Object 'Object Repository/Master Data/Pengguna/PeranPengguna/SelectDataGroup' is present

2023-08-23 13:55:48 - [MESSAGE][PASSED] - Keys 'ENTER + ' sent to object: 'Object Repository/Master Data/Pengguna/PeranPengguna/SelectDataGroup'

2023-08-23 13:55:49 - [MESSAGE][PASSED] - Object 'Object Repository/Master Data/Pengguna/btnUbah' is clickable

2023-08-23 13:55:49 - [MESSAGE][INFO] - Click Element = Object Repository/Master Data/Pengguna/btnUbah

2023-08-23 13:55:49 - [MESSAGE][PASSED] - Object: 'Object Repository/Master Data/Pengguna/btnUbah' is clicked on

2023-08-23 13:55:49 - [TEST_STEP][PASSED] - pengguna.refreshPage(): Refresh successfully

2023-08-23 13:55:52 - [MESSAGE][PASSED] - Delayed 3 second(s)

2023-08-23 13:55:52 - [MESSAGE][PASSED] - Refresh successfully

2023-08-23 13:55:52 - [TEST_STEP][PASSED] - try: Refresh successfully

2023-08-23 13:55:52 - [TEST_STEP][PASSED] - getHashMapEditPengguna = listHashMapEditPengguna.get(i): null

2023-08-23 13:55:52 - [TEST_STEP][PASSED] - groupID = getHashMapEditPengguna.get("groupID"): null

2023-08-23 13:55:52 - [TEST_STEP][PASSED] - logInfo(getHashMapEditPengguna.toString()): [Kategori:Principal, leader:, lastName:Principal, Action:Edit, role:principal, gender:Laki-Laki, isLeader:, isCSO:, listDist:, title:Tn, TD:TDG220605, csLevel:, NIK:3671072606990995, firstName:Katalon, dataGroup:groupprincipal, csSpecialisasi:, username:principals123, status:Tidak Aktif]

2023-08-23 13:55:52 - [MESSAGE][INFO] - [Kategori:Principal, leader:, lastName:Principal, Action:Edit, role:principal, gender:Laki-Laki, isLeader:, isCSO:, listDist:, title:Tn, TD:TDG220605, csLevel:, NIK:3671072606990995, firstName:Katalon, dataGroup:groupprincipal, csSpecialisasi:, username:principals123, status:Tidak Aktif]

2023-08-23 13:55:52 - [TEST_STEP][PASSED] - testDataNumber = getHashMapEditPengguna.get("TD"): null

2023-08-23 13:55:52 - [TEST_STEP][PASSED] - pengguna.findUser(getHashMapEditPengguna): Keys 'ENTER + ' sent to object: 'Object Repository/Master Data/Pengguna/searchUser'

2023-08-23 13:55:52 - [MESSAGE][INFO] - Username: principals123

2023-08-23 13:55:53 - [MESSAGE][PASSED] - Object 'Object Repository/Master Data/Pengguna/searchUser' is clickable

2023-08-23 13:55:53 - [MESSAGE][INFO] - Click Element = Object Repository/Master Data/Pengguna/searchUser

2023-08-23 13:55:53 - [MESSAGE][PASSED] - Object: 'Object Repository/Master Data/Pengguna/searchUser' is clicked on

2023-08-23 13:55:54 - [MESSAGE][PASSED] - Text 'principals123' is set on object 'Object Repository/Master Data/Pengguna/searchUser'

2023-08-23 13:55:54 - [MESSAGE][PASSED] - Keys 'ENTER + ' sent to object: 'Object Repository/Master Data/Pengguna/searchUser'

2023-08-23 13:55:54 - [TEST_STEP][PASSED] - pengguna.editUser(): Refresh successfully

2023-08-23 13:55:55 - [MESSAGE][PASSED] - Object 'Object Repository/Master Data/Pengguna/Edit' is clickable

2023-08-23 13:55:55 - [MESSAGE][INFO] - Click Element = Object Repository/Master Data/Pengguna/Edit

2023-08-23 13:55:55 - [MESSAGE][PASSED] - Object: 'Object Repository/Master Data/Pengguna/Edit' is clicked on

2023-08-23 13:55:58 - [MESSAGE][PASSED] - Delayed 3 second(s)

2023-08-23 13:55:59 - [MESSAGE][PASSED] - Refresh successfully

2023-08-23 13:55:59 - [TEST_STEP][PASSED] - pengguna.setEditUser(getHashMapEditPengguna): Object: 'Object Repository/Master Data/Pengguna/btnUbah' is clicked on

2023-08-23 13:55:59 - [MESSAGE][PASSED] - Object 'Object Repository/Master Data/Pengguna/idPengguna' is present

2023-08-23 13:55:59 - [MESSAGE][PASSED] - Object 'Object Repository/Master Data/Pengguna/ProfilePengguna/NIK' is clickable

2023-08-23 13:55:59 - [MESSAGE][INFO] - Click Element = Object Repository/Master Data/Pengguna/ProfilePengguna/NIK

2023-08-23 13:56:00 - [MESSAGE][PASSED] - Object: 'Object Repository/Master Data/Pengguna/ProfilePengguna/NIK' is clicked on

2023-08-23 13:56:00 - [MESSAGE][PASSED] - Attribute 'value' of object 'Object Repository/Master Data/Pengguna/ProfilePengguna/NIK' is: '3671072606990995'

2023-08-23 13:56:01 - [MESSAGE][PASSED] - Keys 'CONTROL + a' sent to object: 'Object Repository/Master Data/Pengguna/ProfilePengguna/NIK'

2023-08-23 13:56:01 - [MESSAGE][PASSED] - Keys 'BACK_SPACE + ' sent to object: 'Object Repository/Master Data/Pengguna/ProfilePengguna/NIK'

2023-08-23 13:56:02 - [MESSAGE][PASSED] - Text '3671072606990995' is set on object 'Object Repository/Master Data/Pengguna/ProfilePengguna/NIK'

2023-08-23 13:56:03 - [MESSAGE][PASSED] - Object 'Object Repository/Master Data/Pengguna/ProfilePengguna/Title' is clickable

2023-08-23 13:56:03 - [MESSAGE][INFO] - Click Element = Object Repository/Master Data/Pengguna/ProfilePengguna/Title

2023-08-23 13:56:03 - [MESSAGE][PASSED] - Object: 'Object Repository/Master Data/Pengguna/ProfilePengguna/Title' is clicked on

2023-08-23 13:56:04 - [MESSAGE][PASSED] - Keys 'Tn' sent to object: 'Object Repository/Master Data/Pengguna/ProfilePengguna/SelectTitle'

2023-08-23 13:56:04 - [MESSAGE][PASSED] - Object 'Object Repository/Master Data/Pengguna/ProfilePengguna/SelectTitle' is present

2023-08-23 13:56:05 - [MESSAGE][PASSED] - Keys 'ENTER + ' sent to object: 'Object Repository/Master Data/Pengguna/ProfilePengguna/SelectTitle'

2023-08-23 13:56:05 - [MESSAGE][PASSED] - Object 'Object Repository/Master Data/Pengguna/ProfilePengguna/NamaDepan' is clickable

2023-08-23 13:56:05 - [MESSAGE][INFO] - Click Element = Object Repository/Master Data/Pengguna/ProfilePengguna/NamaDepan

2023-08-23 13:56:06 - [MESSAGE][PASSED] - Object: 'Object Repository/Master Data/Pengguna/ProfilePengguna/NamaDepan' is clicked on

2023-08-23 13:56:06 - [MESSAGE][PASSED] - Attribute 'value' of object 'Object Repository/Master Data/Pengguna/ProfilePengguna/NamaDepan' is: 'Katalon'

2023-08-23 13:56:07 - [MESSAGE][PASSED] - Keys 'CONTROL + a' sent to object: 'Object Repository/Master Data/Pengguna/ProfilePengguna/NamaDepan'

2023-08-23 13:56:07 - [MESSAGE][PASSED] - Keys 'BACK_SPACE + ' sent to object: 'Object Repository/Master Data/Pengguna/ProfilePengguna/NamaDepan'

2023-08-23 13:56:08 - [MESSAGE][PASSED] - Text 'Katalon' is set on object 'Object Repository/Master Data/Pengguna/ProfilePengguna/NamaDepan'

2023-08-23 13:56:08 - [MESSAGE][PASSED] - Object 'Object Repository/Master Data/Pengguna/ProfilePengguna/NamaBelakang' is clickable

2023-08-23 13:56:08 - [MESSAGE][INFO] - Click Element = Object Repository/Master Data/Pengguna/ProfilePengguna/NamaBelakang

2023-08-23 13:56:09 - [MESSAGE][PASSED] - Object: 'Object Repository/Master Data/Pengguna/ProfilePengguna/NamaBelakang' is clicked on

2023-08-23 13:56:09 - [MESSAGE][PASSED] - Attribute 'value' of object 'Object Repository/Master Data/Pengguna/ProfilePengguna/NamaBelakang' is: 'Principal'

2023-08-23 13:56:09 - [MESSAGE][PASSED] - Keys 'CONTROL + a' sent to object: 'Object Repository/Master Data/Pengguna/ProfilePengguna/NamaBelakang'

2023-08-23 13:56:10 - [MESSAGE][PASSED] - Keys 'BACK_SPACE + ' sent to object: 'Object Repository/Master Data/Pengguna/ProfilePengguna/NamaBelakang'

2023-08-23 13:56:10 - [MESSAGE][PASSED] - Text 'Principal' is set on object 'Object Repository/Master Data/Pengguna/ProfilePengguna/NamaBelakang'

2023-08-23 13:56:11 - [MESSAGE][PASSED] - Object 'Object Repository/Master Data/Pengguna/ProfilePengguna/JenisKelamin' is clickable

2023-08-23 13:56:11 - [MESSAGE][INFO] - Click Element = Object Repository/Master Data/Pengguna/ProfilePengguna/JenisKelamin

2023-08-23 13:56:11 - [MESSAGE][PASSED] - Object: 'Object Repository/Master Data/Pengguna/ProfilePengguna/JenisKelamin' is clicked on

2023-08-23 13:56:12 - [MESSAGE][PASSED] - Keys 'Laki-Laki' sent to object: 'Object Repository/Master Data/Pengguna/ProfilePengguna/SelectJenisKelamin'

2023-08-23 13:56:12 - [MESSAGE][PASSED] - Object 'Object Repository/Master Data/Pengguna/ProfilePengguna/SelectJenisKelamin' is present

2023-08-23 13:56:13 - [MESSAGE][PASSED] - Keys 'ENTER + ' sent to object: 'Object Repository/Master Data/Pengguna/ProfilePengguna/SelectJenisKelamin'

2023-08-23 13:56:13 - [MESSAGE][PASSED] - Object 'Object Repository/Master Data/Pengguna/TglStatus' is clickable

2023-08-23 13:56:13 - [MESSAGE][INFO] - Click Element = Object Repository/Master Data/Pengguna/TglStatus

2023-08-23 13:56:14 - [MESSAGE][PASSED] - Object: 'Object Repository/Master Data/Pengguna/TglStatus' is clicked on

2023-08-23 13:56:14 - [MESSAGE][PASSED] - Object 'Object Repository/Master Data/Pengguna/btnSelanjutnya' is clickable

2023-08-23 13:56:14 - [MESSAGE][INFO] - Click Element = Object Repository/Master Data/Pengguna/btnSelanjutnya

2023-08-23 13:56:15 - [MESSAGE][PASSED] - Object: 'Object Repository/Master Data/Pengguna/btnSelanjutnya' is clicked on

2023-08-23 13:56:15 - [MESSAGE][PASSED] - Object 'Object Repository/Master Data/Pengguna/btnSelanjutnyaUsername' is clickable

2023-08-23 13:56:15 - [MESSAGE][INFO] - Click Element = Object Repository/Master Data/Pengguna/btnSelanjutnyaUsername

2023-08-23 13:56:15 - [MESSAGE][PASSED] - Object: 'Object Repository/Master Data/Pengguna/btnSelanjutnyaUsername' is clicked on

2023-08-23 13:56:16 - [MESSAGE][PASSED] - Object 'Object Repository/Master Data/Pengguna/PeranPengguna/Peran' is clickable

2023-08-23 13:56:16 - [MESSAGE][INFO] - Click Element = Object Repository/Master Data/Pengguna/PeranPengguna/Peran

2023-08-23 13:56:16 - [MESSAGE][PASSED] - Object: 'Object Repository/Master Data/Pengguna/PeranPengguna/Peran' is clicked on

2023-08-23 13:56:17 - [MESSAGE][PASSED] - Keys 'principal' sent to object: 'Object Repository/Master Data/Pengguna/PeranPengguna/SelectRole'

2023-08-23 13:56:17 - [MESSAGE][PASSED] - Object 'Object Repository/Master Data/Pengguna/PeranPengguna/SelectRole' is present

2023-08-23 13:56:18 - [MESSAGE][PASSED] - Keys 'ENTER + ' sent to object: 'Object Repository/Master Data/Pengguna/PeranPengguna/SelectRole'

2023-08-23 13:56:18 - [MESSAGE][PASSED] - Object 'Object Repository/Master Data/Pengguna/PeranPengguna/DataGroup' is clickable

2023-08-23 13:56:18 - [MESSAGE][INFO] - Click Element = Object Repository/Master Data/Pengguna/PeranPengguna/DataGroup

2023-08-23 13:56:18 - [MESSAGE][PASSED] - Object: 'Object Repository/Master Data/Pengguna/PeranPengguna/DataGroup' is clicked on

2023-08-23 13:56:19 - [MESSAGE][PASSED] - Keys 'groupprincipal' sent to object: 'Object Repository/Master Data/Pengguna/PeranPengguna/SelectDataGroup'

2023-08-23 13:56:20 - [MESSAGE][PASSED] - Object 'Object Repository/Master Data/Pengguna/PeranPengguna/SelectDataGroup' is present

2023-08-23 13:56:20 - [MESSAGE][PASSED] - Keys 'ENTER + ' sent to object: 'Object Repository/Master Data/Pengguna/PeranPengguna/SelectDataGroup'

2023-08-23 13:56:20 - [MESSAGE][PASSED] - Object 'Object Repository/Master Data/Pengguna/btnUbah' is clickable

2023-08-23 13:56:20 - [MESSAGE][INFO] - Click Element = Object Repository/Master Data/Pengguna/btnUbah

2023-08-23 13:56:21 - [MESSAGE][PASSED] - Object: 'Object Repository/Master Data/Pengguna/btnUbah' is clicked on

2023-08-23 13:56:21 - [TEST_STEP][PASSED] - pengguna.refreshPage(): Refresh successfully

2023-08-23 13:56:24 - [MESSAGE][PASSED] - Delayed 3 second(s)

2023-08-23 13:56:24 - [MESSAGE][PASSED] - Refresh successfully

2023-08-23 13:56:24 - [TEST_STEP][PASSED] - try: Refresh successfully

2023-08-23 13:56:24 - [TEST_STEP][PASSED] - getHashMapEditPengguna = listHashMapEditPengguna.get(i): null

2023-08-23 13:56:24 - [TEST_STEP][PASSED] - groupID = getHashMapEditPengguna.get("groupID"): null

2023-08-23 13:56:24 - [TEST_STEP][PASSED] - logInfo(getHashMapEditPengguna.toString()): [Kategori:Nexsoft, leader:Khairina Wardina, lastName:Editoperator, Action:Edit, role:operator, gender:Laki-Laki, isLeader:Y, isCSO:N, listDist:, title:Tn, TD:TDG220606, csLevel:, NIK:3671072606990996, firstName:Katalon, dataGroup:nexsoft, csSpecialisasi:, username:cslevel1, status:Tidak Aktif]

2023-08-23 13:56:24 - [MESSAGE][INFO] - [Kategori:Nexsoft, leader:Khairina Wardina, lastName:Editoperator, Action:Edit, role:operator, gender:Laki-Laki, isLeader:Y, isCSO:N, listDist:, title:Tn, TD:TDG220606, csLevel:, NIK:3671072606990996, firstName:Katalon, dataGroup:nexsoft, csSpecialisasi:, username:cslevel1, status:Tidak Aktif]

2023-08-23 13:56:24 - [TEST_STEP][PASSED] - testDataNumber = getHashMapEditPengguna.get("TD"): null

2023-08-23 13:56:24 - [TEST_STEP][PASSED] - pengguna.findUser(getHashMapEditPengguna): Keys 'ENTER + ' sent to object: 'Object Repository/Master Data/Pengguna/searchUser'

2023-08-23 13:56:24 - [MESSAGE][INFO] - Username: cslevel1

2023-08-23 13:56:25 - [MESSAGE][PASSED] - Object 'Object Repository/Master Data/Pengguna/searchUser' is clickable

2023-08-23 13:56:25 - [MESSAGE][INFO] - Click Element = Object Repository/Master Data/Pengguna/searchUser

2023-08-23 13:56:25 - [MESSAGE][PASSED] - Object: 'Object Repository/Master Data/Pengguna/searchUser' is clicked on

2023-08-23 13:56:26 - [MESSAGE][PASSED] - Text 'cslevel1' is set on object 'Object Repository/Master Data/Pengguna/searchUser'

2023-08-23 13:56:26 - [MESSAGE][PASSED] - Keys 'ENTER + ' sent to object: 'Object Repository/Master Data/Pengguna/searchUser'

2023-08-23 13:56:26 - [TEST_STEP][PASSED] - pengguna.editUser(): Refresh successfully

2023-08-23 13:56:27 - [MESSAGE][PASSED] - Object 'Object Repository/Master Data/Pengguna/Edit' is clickable

2023-08-23 13:56:27 - [MESSAGE][INFO] - Click Element = Object Repository/Master Data/Pengguna/Edit

2023-08-23 13:56:27 - [MESSAGE][PASSED] - Object: 'Object Repository/Master Data/Pengguna/Edit' is clicked on

2023-08-23 13:56:30 - [MESSAGE][PASSED] - Delayed 3 second(s)

2023-08-23 13:56:31 - [MESSAGE][PASSED] - Refresh successfully

2023-08-23 13:56:31 - [TEST_STEP][PASSED] - pengguna.setEditUser(getHashMapEditPengguna): message: button yes muncul

2023-08-23 13:56:31 - [MESSAGE][PASSED] - Object 'Object Repository/Master Data/Pengguna/idPengguna' is present

2023-08-23 13:56:32 - [MESSAGE][PASSED] - Object 'Object Repository/Master Data/Pengguna/ProfilePengguna/CSOfficer' is clickable

2023-08-23 13:56:32 - [MESSAGE][INFO] - Click Element = Object Repository/Master Data/Pengguna/ProfilePengguna/CSOfficer

2023-08-23 13:56:32 - [MESSAGE][PASSED] - Object: 'Object Repository/Master Data/Pengguna/ProfilePengguna/CSOfficer' is clicked on

2023-08-23 13:56:33 - [MESSAGE][PASSED] - Object 'Object Repository/Master Data/Pengguna/ProfilePengguna/Atasan' is clickable

2023-08-23 13:56:33 - [MESSAGE][INFO] - Click Element = Object Repository/Master Data/Pengguna/ProfilePengguna/Atasan

2023-08-23 13:56:34 - [MESSAGE][PASSED] - Object: 'Object Repository/Master Data/Pengguna/ProfilePengguna/Atasan' is clicked on

2023-08-23 13:56:34 - [MESSAGE][PASSED] - Keys 'Khairina Wardina' sent to object: 'Object Repository/Master Data/Pengguna/ProfilePengguna/SelectAtasan'

2023-08-23 13:56:35 - [MESSAGE][PASSED] - Object 'Object Repository/Master Data/Pengguna/ProfilePengguna/SelectAtasan' is present

2023-08-23 13:56:35 - [MESSAGE][PASSED] - Keys 'ENTER + ' sent to object: 'Object Repository/Master Data/Pengguna/ProfilePengguna/SelectAtasan'

2023-08-23 13:56:36 - [MESSAGE][PASSED] - Object 'Object Repository/Master Data/Pengguna/ProfilePengguna/NIK' is clickable

2023-08-23 13:56:36 - [MESSAGE][INFO] - Click Element = Object Repository/Master Data/Pengguna/ProfilePengguna/NIK

2023-08-23 13:56:36 - [MESSAGE][PASSED] - Object: 'Object Repository/Master Data/Pengguna/ProfilePengguna/NIK' is clicked on

2023-08-23 13:56:37 - [MESSAGE][PASSED] - Attribute 'value' of object 'Object Repository/Master Data/Pengguna/ProfilePengguna/NIK' is: '3671072606990996'

2023-08-23 13:56:37 - [MESSAGE][PASSED] - Keys 'CONTROL + a' sent to object: 'Object Repository/Master Data/Pengguna/ProfilePengguna/NIK'

2023-08-23 13:56:37 - [MESSAGE][PASSED] - Keys 'BACK_SPACE + ' sent to object: 'Object Repository/Master Data/Pengguna/ProfilePengguna/NIK'

2023-08-23 13:56:38 - [MESSAGE][PASSED] - Text '3671072606990996' is set on object 'Object Repository/Master Data/Pengguna/ProfilePengguna/NIK'

2023-08-23 13:56:39 - [MESSAGE][PASSED] - Object 'Object Repository/Master Data/Pengguna/ProfilePengguna/Title' is clickable

2023-08-23 13:56:39 - [MESSAGE][INFO] - Click Element = Object Repository/Master Data/Pengguna/ProfilePengguna/Title

2023-08-23 13:56:39 - [MESSAGE][PASSED] - Object: 'Object Repository/Master Data/Pengguna/ProfilePengguna/Title' is clicked on

2023-08-23 13:56:40 - [MESSAGE][PASSED] - Keys 'Tn' sent to object: 'Object Repository/Master Data/Pengguna/ProfilePengguna/SelectTitle'

2023-08-23 13:56:40 - [MESSAGE][PASSED] - Object 'Object Repository/Master Data/Pengguna/ProfilePengguna/SelectTitle' is present

2023-08-23 13:56:41 - [MESSAGE][PASSED] - Keys 'ENTER + ' sent to object: 'Object Repository/Master Data/Pengguna/ProfilePengguna/SelectTitle'

2023-08-23 13:56:41 - [MESSAGE][PASSED] - Object 'Object Repository/Master Data/Pengguna/ProfilePengguna/NamaDepan' is clickable

2023-08-23 13:56:41 - [MESSAGE][INFO] - Click Element = Object Repository/Master Data/Pengguna/ProfilePengguna/NamaDepan

2023-08-23 13:56:42 - [MESSAGE][PASSED] - Object: 'Object Repository/Master Data/Pengguna/ProfilePengguna/NamaDepan' is clicked on

2023-08-23 13:56:42 - [MESSAGE][PASSED] - Attribute 'value' of object 'Object Repository/Master Data/Pengguna/ProfilePengguna/NamaDepan' is: 'Katalon'

2023-08-23 13:56:43 - [MESSAGE][PASSED] - Keys 'CONTROL + a' sent to object: 'Object Repository/Master Data/Pengguna/ProfilePengguna/NamaDepan'

2023-08-23 13:56:43 - [MESSAGE][PASSED] - Keys 'BACK_SPACE + ' sent to object: 'Object Repository/Master Data/Pengguna/ProfilePengguna/NamaDepan'

2023-08-23 13:56:44 - [MESSAGE][PASSED] - Text 'Katalon' is set on object 'Object Repository/Master Data/Pengguna/ProfilePengguna/NamaDepan'

2023-08-23 13:56:44 - [MESSAGE][PASSED] - Object 'Object Repository/Master Data/Pengguna/ProfilePengguna/NamaBelakang' is clickable

2023-08-23 13:56:44 - [MESSAGE][INFO] - Click Element = Object Repository/Master Data/Pengguna/ProfilePengguna/NamaBelakang

2023-08-23 13:56:45 - [MESSAGE][PASSED] - Object: 'Object Repository/Master Data/Pengguna/ProfilePengguna/NamaBelakang' is clicked on

2023-08-23 13:56:45 - [MESSAGE][PASSED] - Attribute 'value' of object 'Object Repository/Master Data/Pengguna/ProfilePengguna/NamaBelakang' is: 'Editoperator'

2023-08-23 13:56:46 - [MESSAGE][PASSED] - Keys 'CONTROL + a' sent to object: 'Object Repository/Master Data/Pengguna/ProfilePengguna/NamaBelakang'

2023-08-23 13:56:46 - [MESSAGE][PASSED] - Keys 'BACK_SPACE + ' sent to object: 'Object Repository/Master Data/Pengguna/ProfilePengguna/NamaBelakang'

2023-08-23 13:56:47 - [MESSAGE][PASSED] - Text 'Editoperator' is set on object 'Object Repository/Master Data/Pengguna/ProfilePengguna/NamaBelakang'

2023-08-23 13:56:47 - [MESSAGE][PASSED] - Object 'Object Repository/Master Data/Pengguna/ProfilePengguna/JenisKelamin' is clickable

2023-08-23 13:56:47 - [MESSAGE][INFO] - Click Element = Object Repository/Master Data/Pengguna/ProfilePengguna/JenisKelamin

2023-08-23 13:56:48 - [MESSAGE][PASSED] - Object: 'Object Repository/Master Data/Pengguna/ProfilePengguna/JenisKelamin' is clicked on

2023-08-23 13:56:48 - [MESSAGE][PASSED] - Keys 'Laki-Laki' sent to object: 'Object Repository/Master Data/Pengguna/ProfilePengguna/SelectJenisKelamin'

2023-08-23 13:56:49 - [MESSAGE][PASSED] - Object 'Object Repository/Master Data/Pengguna/ProfilePengguna/SelectJenisKelamin' is present

2023-08-23 13:56:49 - [MESSAGE][PASSED] - Keys 'ENTER + ' sent to object: 'Object Repository/Master Data/Pengguna/ProfilePengguna/SelectJenisKelamin'

2023-08-23 13:56:50 - [MESSAGE][PASSED] - Object 'Object Repository/Master Data/Pengguna/TglStatus' is clickable

2023-08-23 13:56:50 - [MESSAGE][INFO] - Click Element = Object Repository/Master Data/Pengguna/TglStatus

2023-08-23 13:56:50 - [MESSAGE][PASSED] - Object: 'Object Repository/Master Data/Pengguna/TglStatus' is clicked on

2023-08-23 13:56:50 - [MESSAGE][PASSED] - Object 'Object Repository/Master Data/Pengguna/btnSelanjutnya' is clickable

2023-08-23 13:56:50 - [MESSAGE][INFO] - Click Element = Object Repository/Master Data/Pengguna/btnSelanjutnya

2023-08-23 13:56:51 - [MESSAGE][PASSED] - Object: 'Object Repository/Master Data/Pengguna/btnSelanjutnya' is clicked on

2023-08-23 13:56:51 - [MESSAGE][PASSED] - Object 'Object Repository/Master Data/Pengguna/btnSelanjutnyaUsername' is clickable

2023-08-23 13:56:51 - [MESSAGE][INFO] - Click Element = Object Repository/Master Data/Pengguna/btnSelanjutnyaUsername

2023-08-23 13:56:51 - [MESSAGE][PASSED] - Object: 'Object Repository/Master Data/Pengguna/btnSelanjutnyaUsername' is clicked on

2023-08-23 13:56:52 - [MESSAGE][PASSED] - Object 'Object Repository/Master Data/Pengguna/PeranPengguna/Peran' is clickable

2023-08-23 13:56:52 - [MESSAGE][INFO] - Click Element = Object Repository/Master Data/Pengguna/PeranPengguna/Peran

2023-08-23 13:56:52 - [MESSAGE][PASSED] - Object: 'Object Repository/Master Data/Pengguna/PeranPengguna/Peran' is clicked on

2023-08-23 13:56:53 - [MESSAGE][PASSED] - Keys 'operator' sent to object: 'Object Repository/Master Data/Pengguna/PeranPengguna/SelectRole'

2023-08-23 13:56:53 - [MESSAGE][PASSED] - Object 'Object Repository/Master Data/Pengguna/PeranPengguna/SelectRole' is present

2023-08-23 13:56:54 - [MESSAGE][PASSED] - Keys 'ENTER + ' sent to object: 'Object Repository/Master Data/Pengguna/PeranPengguna/SelectRole'

2023-08-23 13:56:54 - [MESSAGE][PASSED] - Object 'Object Repository/Master Data/Pengguna/PeranPengguna/DataGroup' is clickable

2023-08-23 13:56:54 - [MESSAGE][INFO] - Click Element = Object Repository/Master Data/Pengguna/PeranPengguna/DataGroup

2023-08-23 13:56:55 - [MESSAGE][PASSED] - Object: 'Object Repository/Master Data/Pengguna/PeranPengguna/DataGroup' is clicked on

2023-08-23 13:56:55 - [MESSAGE][PASSED] - Keys 'nexsoft' sent to object: 'Object Repository/Master Data/Pengguna/PeranPengguna/SelectDataGroup'

2023-08-23 13:56:56 - [MESSAGE][PASSED] - Object 'Object Repository/Master Data/Pengguna/PeranPengguna/SelectDataGroup' is present

2023-08-23 13:56:56 - [MESSAGE][PASSED] - Keys 'ENTER + ' sent to object: 'Object Repository/Master Data/Pengguna/PeranPengguna/SelectDataGroup'

2023-08-23 13:56:57 - [MESSAGE][PASSED] - Object 'Object Repository/Master Data/Pengguna/btnUbah' is clickable

2023-08-23 13:56:57 - [MESSAGE][INFO] - Click Element = Object Repository/Master Data/Pengguna/btnUbah

2023-08-23 13:56:57 - [MESSAGE][PASSED] - Object: 'Object Repository/Master Data/Pengguna/btnUbah' is clicked on

2023-08-23 13:56:58 - [MESSAGE][WARNING] - Object 'Object Repository/Master Data/Pengguna/btnYes' is visible (Root cause: com.kms.katalon.core.exception.StepFailedException: Object 'Object Repository/Master Data/Pengguna/btnYes' is visible
	at com.kms.katalon.core.webui.keyword.internal.WebUIKeywordMain.stepFailed(WebUIKeywordMain.groovy:64)
	at com.kms.katalon.core.webui.keyword.builtin.VerifyElementNotVisibleKeyword$_verifyElementNotVisible_closure1.doCall(VerifyElementNotVisibleKeyword.groovy:83)
	at com.kms.katalon.core.webui.keyword.builtin.VerifyElementNotVisibleKeyword$_verifyElementNotVisible_closure1.call(VerifyElementNotVisibleKeyword.groovy)
	at com.kms.katalon.core.webui.keyword.internal.WebUIKeywordMain.runKeyword(WebUIKeywordMain.groovy:20)
	at com.kms.katalon.core.webui.keyword.builtin.VerifyElementNotVisibleKeyword.verifyElementNotVisible(VerifyElementNotVisibleKeyword.groovy:97)
	at com.kms.katalon.core.webui.keyword.builtin.VerifyElementNotVisibleKeyword.execute(VerifyElementNotVisibleKeyword.groovy:67)
	at com.kms.katalon.core.keyword.internal.KeywordExecutor.executeKeywordForPlatform(KeywordExecutor.groovy:74)
	at com.kms.katalon.core.webui.keyword.WebUiBuiltInKeywords.verifyElementNotVisible(WebUiBuiltInKeywords.groovy:391)
	at com.kms.katalon.core.webui.keyword.WebUiBuiltInKeywords$verifyElementNotVisible$13.call(Unknown Source)
	at masterdata.care.Pengguna.setEditUser(Pengguna.groovy:432)
	at masterdata.care.Pengguna$setEditUser$2.call(Unknown Source)
	at Pengguna - edit.run(Pengguna - edit:50)
	at com.kms.katalon.core.main.ScriptEngine.run(ScriptEngine.java:194)
	at com.kms.katalon.core.main.ScriptEngine.runScriptAsRawText(ScriptEngine.java:119)
	at com.kms.katalon.core.main.TestCaseExecutor.runScript(TestCaseExecutor.java:448)
	at com.kms.katalon.core.main.TestCaseExecutor.doExecute(TestCaseExecutor.java:439)
	at com.kms.katalon.core.main.TestCaseExecutor.processExecutionPhase(TestCaseExecutor.java:418)
	at com.kms.katalon.core.main.TestCaseExecutor.accessMainPhase(TestCaseExecutor.java:410)
	at com.kms.katalon.core.main.TestCaseExecutor.execute(TestCaseExecutor.java:285)
	at com.kms.katalon.core.common.CommonExecutor.accessTestCaseMainPhase(CommonExecutor.java:65)
	at com.kms.katalon.core.main.TestSuiteExecutor.accessTestSuiteMainPhase(TestSuiteExecutor.java:148)
	at com.kms.katalon.core.main.TestSuiteExecutor.execute(TestSuiteExecutor.java:106)
	at com.kms.katalon.core.main.TestCaseMain.startTestSuite(TestCaseMain.java:187)
	at com.kms.katalon.core.main.TestCaseMain$startTestSuite$0.call(Unknown Source)
	at TempTestSuite1692773570506.run(TempTestSuite1692773570506.groovy:36)
)
[[ATTACHMENT|C:\\Users\\NEXSOFT\\Documents\\Nexsoft\\Katalon\\Katalon_nexcare\\Reports\\20230823_135250\\Master Data\\User\\User\\20230823_135250\\1692773818027.png]]

2023-08-23 13:56:58 - [MESSAGE][PASSED] - Object 'Object Repository/Master Data/Pengguna/btnYes' is clickable

2023-08-23 13:56:58 - [MESSAGE][INFO] - Click Element = Object Repository/Master Data/Pengguna/btnYes

2023-08-23 13:56:58 - [MESSAGE][PASSED] - Object: 'Object Repository/Master Data/Pengguna/btnYes' is clicked on

2023-08-23 13:56:58 - [MESSAGE][INFO] - message: button yes muncul

2023-08-23 13:56:58 - [TEST_STEP][PASSED] - pengguna.refreshPage(): Refresh successfully

2023-08-23 13:57:01 - [MESSAGE][PASSED] - Delayed 3 second(s)

2023-08-23 13:57:01 - [MESSAGE][PASSED] - Refresh successfully

2023-08-23 13:57:01 - [TEST_STEP][PASSED] - generalAction.logoutAndCloseBrowser(): Browser is closed

2023-08-23 13:57:04 - [MESSAGE][PASSED] - Delayed 3 second(s)

2023-08-23 13:57:05 - [MESSAGE][PASSED] - Object 'Object Repository/Home Page(General)/Page_NexCARE/btnLogOut' is clickable

2023-08-23 13:57:05 - [MESSAGE][PASSED] - Object 'Object Repository/Home Page(General)/Page_NexCARE/btnLogOut' is clickable

2023-08-23 13:57:05 - [MESSAGE][INFO] - Click Element = Object Repository/Home Page(General)/Page_NexCARE/btnLogOut

2023-08-23 13:57:06 - [MESSAGE][PASSED] - Object: 'Object Repository/Home Page(General)/Page_NexCARE/btnLogOut' is clicked on

2023-08-23 13:57:06 - [MESSAGE][PASSED] - Object 'Object Repository/Home Page(General)/Konfrimasi Keluar' is clickable

2023-08-23 13:57:06 - [MESSAGE][INFO] - Click Element = Object Repository/Home Page(General)/Konfrimasi Keluar

2023-08-23 13:57:06 - [MESSAGE][PASSED] - Object: 'Object Repository/Home Page(General)/Konfrimasi Keluar' is clicked on

2023-08-23 13:57:09 - [MESSAGE][PASSED] - Delayed 3 second(s)

2023-08-23 13:57:10 - [MESSAGE][PASSED] - Browser is closed

2023-08-23 13:57:10 - [TEST_STEP][PASSED] - Start listener action : afterTestCase: message: 

2023-08-23 13:57:10 - [TEST_STEP][PASSED] - if (!(isSkipTestListener)): message: 

2023-08-23 13:57:10 - [TEST_STEP][PASSED] - if (!(isSkipReport)): message: 

2023-08-23 13:57:10 - [TEST_STEP][PASSED] - driver = getWebDriver(): null

2023-08-23 13:57:10 - [TEST_STEP][PASSED] - endTimeTC = simpleDateFormat.format(new java.util.Date()): null

2023-08-23 13:57:10 - [TEST_STEP][PASSED] - projectId = projectID: null

2023-08-23 13:57:10 - [TEST_STEP][PASSED] - testCase = currentTestCaseId: null

2023-08-23 13:57:10 - [TEST_STEP][PASSED] - tc = findTestCase(testCase): null

2023-08-23 13:57:10 - [TEST_STEP][PASSED] - subject = name: null

2023-08-23 13:57:10 - [TEST_STEP][PASSED] - tag = tc.getTag(): null

2023-08-23 13:57:10 - [TEST_STEP][PASSED] - desc = tc.getDescription(): null

2023-08-23 13:57:10 - [TEST_STEP][PASSED] - status = testCaseContext.getTestCaseStatus(): null

2023-08-23 13:57:10 - [TEST_STEP][PASSED] - caps = driver.getCapabilities(): null

2023-08-23 13:57:10 - [TEST_STEP][PASSED] - platform = getBrowserName().capitalize(): null

2023-08-23 13:57:10 - [TEST_STEP][PASSED] - platformVersion = caps.getVersion(): null

2023-08-23 13:57:10 - [TEST_STEP][PASSED] - appVersion = appVersion: null

2023-08-23 13:57:10 - [TEST_STEP][PASSED] - profile = getExecutionProfile(): null

2023-08-23 13:57:10 - [TEST_STEP][PASSED] - startExecutionTime = startTimeTC: null

2023-08-23 13:57:10 - [TEST_STEP][PASSED] - endExecutionTime = endTimeTC: null

2023-08-23 13:57:10 - [TEST_STEP][PASSED] - addProperties = testCaseContext.getMessage(): null

2023-08-23 13:57:10 - [TEST_STEP][PASSED] - hostName = getHostName(): null

2023-08-23 13:57:10 - [TEST_STEP][PASSED] - os = getOS(): null

2023-08-23 13:57:10 - [TEST_STEP][PASSED] - hostAddress = getHostAddress(): null

2023-08-23 13:57:10 - [TEST_STEP][PASSED] - katalonVersion = getAppVersion(): null

2023-08-23 13:57:10 - [TEST_STEP][PASSED] - lstKeyOfAddValues = new java.util.ArrayList(): null

2023-08-23 13:57:10 - [TEST_STEP][PASSED] - lstKeyOfAddValues.add("Host Name"): null

2023-08-23 13:57:10 - [TEST_STEP][PASSED] - lstKeyOfAddValues.add("OS"): null

2023-08-23 13:57:10 - [TEST_STEP][PASSED] - lstKeyOfAddValues.add("Host Address"): null

2023-08-23 13:57:10 - [TEST_STEP][PASSED] - lstKeyOfAddValues.add("Katalon Version"): null

2023-08-23 13:57:10 - [TEST_STEP][PASSED] - lstValueOfAddValues = new java.util.ArrayList(): null

2023-08-23 13:57:10 - [TEST_STEP][PASSED] - lstValueOfAddValues.add(hostName): null

2023-08-23 13:57:10 - [TEST_STEP][PASSED] - lstValueOfAddValues.add(os): null

2023-08-23 13:57:10 - [TEST_STEP][PASSED] - lstValueOfAddValues.add(hostAddress): null

2023-08-23 13:57:10 - [TEST_STEP][PASSED] - lstValueOfAddValues.add(katalonVersion): null

2023-08-23 13:57:10 - [TEST_STEP][PASSED] - addValues = [lstKeyOfAddValues.toArray(), lstValueOfAddValues.toArray()]: null

2023-08-23 13:57:10 - [TEST_STEP][PASSED] - body = QMARequestResponseObject.convertToJSON(projectId, testCase, subject, tag, desc, status, platform, platformVersion, appVersion, profile, startExecutionTime, endExecutionTime, addProperties, addValues): null

2023-08-23 13:57:10 - [TEST_STEP][PASSED] - logInfo("Body: " + body): Body: {"project_id":13,"test_case":"Test Cases/Master Data/Pengguna/Pengguna - edit","subject":"Pengguna - edit","tag":"","description":"","status":"PASSED","platform":"Chrome","platform_version":"116.0.5845.97","app_version":"5.0.0","profile":"default","start_execution_time":"2023-08-23T13:52:56Z","end_execution_time":"2023-08-23T13:57:10Z","additional_properties":"","additional_values":[["Host Name","OS","Host Address","Katalon Version"],["NEXSOFT - DESKTOP-C56VD1H","Windows 11 64bit","10.10.2.134","8.6.6.208"]]}

2023-08-23 13:57:10 - [MESSAGE][INFO] - Body: {"project_id":13,"test_case":"Test Cases/Master Data/Pengguna/Pengguna - edit","subject":"Pengguna - edit","tag":"","description":"","status":"PASSED","platform":"Chrome","platform_version":"116.0.5845.97","app_version":"5.0.0","profile":"default","start_execution_time":"2023-08-23T13:52:56Z","end_execution_time":"2023-08-23T13:57:10Z","additional_properties":"","additional_values":[["Host Name","OS","Host Address","Katalon Version"],["NEXSOFT - DESKTOP-C56VD1H","Windows 11 64bit","10.10.2.134","8.6.6.208"]]}

2023-08-23 13:57:10 - [TEST_STEP][PASSED] - resp = QMARequestResponseObject.automationLogRequest(token, body): Send request successfully

2023-08-23 13:57:10 - [MESSAGE][INFO] - HAR: C:\Users\NEXSOFT\Documents\Nexsoft\Katalon\Katalon_nexcare\Reports\20230823_135250\Master Data\User\User\20230823_135250\requests\main\1.har

2023-08-23 13:57:10 - [MESSAGE][PASSED] - Send request successfully

2023-08-23 13:57:10 - [TEST_STEP][PASSED] - if (QMARequestResponseObject.getStatusCode(resp) != 201 || QMARequestResponseObject.getWaitingTime(resp) > 5000): null

2023-08-23 13:57:10 - [TEST_STEP][PASSED] - else: message: 

2023-08-23 13:57:10 - [TEST_STEP][PASSED] - resText = QMARequestResponseObject.getResponseText(resp): null

2023-08-23 13:57:10 - [TEST_STEP][PASSED] - logInfo("Text: " + resText): Text: {"code":200,"message":"","internalmessage":"Log Success"}

2023-08-23 13:57:10 - [MESSAGE][INFO] - Text: {"code":200,"message":"","internalmessage":"Log Success"}

2023-08-23 13:57:10 - [TEST_STEP][PASSED] - object = js.parseText(resText): null

2023-08-23 13:57:10 - [TEST_STEP][PASSED] - code = code: null

2023-08-23 13:57:10 - [TEST_STEP][PASSED] - message = message: null

2023-08-23 13:57:10 - [TEST_STEP][PASSED] - logInfo("code: " + code): code: 200

2023-08-23 13:57:10 - [MESSAGE][INFO] - code: 200

2023-08-23 13:57:10 - [TEST_STEP][PASSED] - logInfo("message: " + message): message: 

2023-08-23 13:57:10 - [MESSAGE][INFO] - message:]]></system-out>
         <system-err><![CDATA[]]></system-err>
      </testcase>
      <system-out><![CDATA[2023-08-23 13:52:54 - [TEST_SUITE][PASSED] - User: Test Cases/Master Data/Pengguna/Pengguna - edit]]></system-out>
      <system-err><![CDATA[]]></system-err>
   </testsuite>
</testsuites>
