<?xml version="1.0" encoding="UTF-8"?>
<testsuites name="Data Group - view" time="32.908" tests="1" failures="0" errors="0">
   <testsuite name="Data Group - view" tests="1" failures="0" errors="0" time="32.908" skipped="0" timestamp="2023-08-21 14:40:37" hostname="NEXSOFT - 10.10.18.38" id="Test Suites/Master Data/Data Group/Data Group - view">
      <properties>
         <property name="deviceName" value=""/>
         <property name="devicePlatform" value=""/>
         <property name="logFolder" value="C:\\Users\\NEXSOFT\\Documents\\Nexsoft\\Katalon\\Katalon_nexcare\\Reports\\20230821_144032\\Master Data\\Data Group\\Data Group - view\\20230821_144032"/>
         <property name="logFiles" value="C:\\Users\\NEXSOFT\\Documents\\Nexsoft\\Katalon\\Katalon_nexcare\\Reports\\20230821_144032\\Master Data\\Data Group\\Data Group - view\\20230821_144032\\execution0.log"/>
         <property name="attachments" value=""/>
         <property name="hostName" value="NEXSOFT - 10.10.18.38"/>
         <property name="os" value="Windows 10 64bit"/>
         <property name="katalonVersion" value="8.3.0.208"/>
         <property name="browser" value="Chrome 115.0.0.0"/>
         <property name="hostAddress" value="10.10.18.38"/>
         <property name="sessionId" value="905848025d8486cf580b96ee68e0dcef"/>
         <property name="seleniumVersion" value="3.141.59"/>
         <property name="proxyInformation" value="ProxyInformation { proxyOption=NO_PROXY, proxyServerType=HTTP, username=, password=********, proxyServerAddress=, proxyServerPort=0, executionList=&quot;&quot;, isApplyToDesiredCapabilities=true }"/>
         <property name="platform" value="Windows 10"/>
      </properties>
      <testcase name="Test Cases/Master Data/Data Group/Data Group - View" time="32.467" classname="Test Cases/Master Data/Data Group/Data Group - View" status="PASSED">
         <system-out><![CDATA[2023-08-21 14:40:37 - [TEST_CASE][PASSED] - Test Cases/Master Data/Data Group/Data Group - View: Test Cases/Master Data/Data Group/Data Group - View

2023-08-21 14:40:38 - [TEST_STEP][PASSED] - handleWebDriver = new care.katalon.HandleWebDriver(): null

2023-08-21 14:40:38 - [TEST_STEP][PASSED] - handleWebDriver.startAndOpenWebBrowser(baseUrl): Wait for page load successfully

2023-08-21 14:40:39 - [MESSAGE][INFO] - URL ENV = https://staging-care.nexcloud.id/

2023-08-21 14:40:40 - [MESSAGE][INFO] - Starting 'Chrome' driver

2023-08-21 14:40:40 - [MESSAGE][INFO] - Action delay is set to 0 milliseconds

2023-08-21 14:40:44 - [MESSAGE][PASSED] - Browser is opened with url: ''

2023-08-21 14:40:44 - [MESSAGE][PASSED] - Wait for page load successfully

2023-08-21 14:40:44 - [MESSAGE][PASSED] - Current window maximized

2023-08-21 14:40:48 - [MESSAGE][PASSED] - Navigate to 'https://staging-care.nexcloud.id/' successfully

2023-08-21 14:40:48 - [MESSAGE][PASSED] - Wait for page load successfully

2023-08-21 14:40:48 - [TEST_STEP][PASSED] - generalAction = new care.katalon.GeneralAction(): null

2023-08-21 14:40:48 - [TEST_STEP][PASSED] - handleTestData = new care.katalon.HandleTestData(): null

2023-08-21 14:40:48 - [TEST_STEP][PASSED] - dataGroup = new masterdata.care.DataGroup(): null

2023-08-21 14:40:48 - [TEST_STEP][PASSED] - generalAction.login(""): Wait for page load successfully

2023-08-21 14:40:49 - [MESSAGE][PASSED] - Object 'Object Repository/Login/username' is clickable

2023-08-21 14:40:49 - [MESSAGE][INFO] - Click Element = Object Repository/Login/username

2023-08-21 14:40:49 - [MESSAGE][PASSED] - Object: 'Object Repository/Login/username' is clicked on

2023-08-21 14:40:49 - [MESSAGE][PASSED] - Attribute 'value' of object 'Object Repository/Login/username' is: ''

2023-08-21 14:40:50 - [MESSAGE][PASSED] - Text 'admin' is set on object 'Object Repository/Login/username'

2023-08-21 14:40:51 - [MESSAGE][PASSED] - Object 'Object Repository/Login/password' is clickable

2023-08-21 14:40:51 - [MESSAGE][INFO] - Click Element = Object Repository/Login/password

2023-08-21 14:40:51 - [MESSAGE][PASSED] - Object: 'Object Repository/Login/password' is clicked on

2023-08-21 14:40:51 - [MESSAGE][PASSED] - Attribute 'value' of object 'Object Repository/Login/password' is: ''

2023-08-21 14:40:52 - [MESSAGE][PASSED] - Text 'Auth_server_2020' is set on object 'Object Repository/Login/password'

2023-08-21 14:40:53 - [MESSAGE][PASSED] - Object 'Object Repository/Login/masuk' is clickable

2023-08-21 14:40:53 - [MESSAGE][INFO] - Click Element = Object Repository/Login/masuk

2023-08-21 14:40:53 - [MESSAGE][PASSED] - Object: 'Object Repository/Login/masuk' is clicked on

2023-08-21 14:40:54 - [MESSAGE][PASSED] - Object 'Object Repository/Login/button_Tidak' is present

2023-08-21 14:40:54 - [MESSAGE][PASSED] - Object 'Object Repository/Login/button_Tidak' is clickable

2023-08-21 14:40:54 - [MESSAGE][INFO] - Click Element = Object Repository/Login/button_Tidak

2023-08-21 14:40:54 - [MESSAGE][PASSED] - Object: 'Object Repository/Login/button_Tidak' is clicked on

2023-08-21 14:40:54 - [MESSAGE][PASSED] - Wait for page load successfully

2023-08-21 14:40:54 - [TEST_STEP][PASSED] - dataGroup.menuDataGroup(): Object: 'Object Repository/Home Page(General)/btnDataGroup' is clicked on

2023-08-21 14:40:57 - [MESSAGE][PASSED] - Object 'Object Repository/Sidebar/Sidebar Master Data' is clickable

2023-08-21 14:40:57 - [MESSAGE][INFO] - Click Element = Object Repository/Sidebar/Sidebar Master Data

2023-08-21 14:40:58 - [MESSAGE][PASSED] - Object: 'Object Repository/Sidebar/Sidebar Master Data' is clicked on

2023-08-21 14:40:59 - [MESSAGE][PASSED] - Object 'Object Repository/Home Page(General)/btnDataGroup' is clickable

2023-08-21 14:40:59 - [MESSAGE][INFO] - Click Element = Object Repository/Home Page(General)/btnDataGroup

2023-08-21 14:40:59 - [MESSAGE][PASSED] - Object: 'Object Repository/Home Page(General)/btnDataGroup' is clicked on

2023-08-21 14:40:59 - [TEST_STEP][PASSED] - excelLocation = "Master Data\Data Group\dataGroup - view.xlsx": null

2023-08-21 14:40:59 - [TEST_STEP][PASSED] - sheetNameDataGroup = "DataGroup-edit": null

2023-08-21 14:40:59 - [TEST_STEP][PASSED] - listHashMapDataGroup = handleTestData.readTestData(excelLocation, sheetNameDataGroup, true): 

2023-08-21 14:41:01 - [MESSAGE][INFO] - 

2023-08-21 14:41:01 - [TEST_STEP][PASSED] - for ([i = 0, i < listHashMapDataGroup.size(), (i++)]): null

2023-08-21 14:41:01 - [TEST_STEP][PASSED] - generalAction.logoutAndCloseBrowser(): Browser is closed

2023-08-21 14:41:04 - [MESSAGE][PASSED] - Delayed 3 second(s)

2023-08-21 14:41:04 - [MESSAGE][PASSED] - Object 'Object Repository/Home Page(General)/Page_NexCARE/btnLogOut' is clickable

2023-08-21 14:41:04 - [MESSAGE][PASSED] - Object 'Object Repository/Home Page(General)/Page_NexCARE/btnLogOut' is clickable

2023-08-21 14:41:04 - [MESSAGE][INFO] - Click Element = Object Repository/Home Page(General)/Page_NexCARE/btnLogOut

2023-08-21 14:41:05 - [MESSAGE][PASSED] - Object: 'Object Repository/Home Page(General)/Page_NexCARE/btnLogOut' is clicked on

2023-08-21 14:41:05 - [MESSAGE][PASSED] - Object 'Object Repository/Home Page(General)/Konfrimasi Keluar' is clickable

2023-08-21 14:41:05 - [MESSAGE][INFO] - Click Element = Object Repository/Home Page(General)/Konfrimasi Keluar

2023-08-21 14:41:06 - [MESSAGE][PASSED] - Object: 'Object Repository/Home Page(General)/Konfrimasi Keluar' is clicked on

2023-08-21 14:41:09 - [MESSAGE][PASSED] - Delayed 3 second(s)

2023-08-21 14:41:10 - [MESSAGE][PASSED] - Browser is closed]]></system-out>
         <system-err><![CDATA[]]></system-err>
      </testcase>
      <system-out><![CDATA[2023-08-21 14:40:37 - [TEST_SUITE][PASSED] - Data Group - view: Test Cases/Master Data/Data Group/Data Group - View]]></system-out>
      <system-err><![CDATA[]]></system-err>
   </testsuite>
</testsuites>
