<?xml version="1.0" encoding="UTF-8"?>
<testsuites name="Data Distributor" time="514.986" tests="3" failures="0" errors="0">
   <testsuite name="Data Distributor" tests="3" failures="0" errors="0" time="514.986" skipped="0" timestamp="2023-08-23 14:51:16" hostname="NEXSOFT - DESKTOP-C56VD1H" id="Test Suites/Master Data/Data Distributor/Data Distributor">
      <properties>
         <property name="deviceName" value=""/>
         <property name="devicePlatform" value=""/>
         <property name="logFolder" value="C:\\Users\\NEXSOFT\\Documents\\Nexsoft\\Katalon\\Katalon_nexcare\\Reports\\20230823_145113\\Master Data\\Data Distributor\\Data Distributor\\20230823_145113"/>
         <property name="logFiles" value="C:\\Users\\NEXSOFT\\Documents\\Nexsoft\\Katalon\\Katalon_nexcare\\Reports\\20230823_145113\\Master Data\\Data Distributor\\Data Distributor\\20230823_145113\\execution0.log"/>
         <property name="attachments" value=""/>
         <property name="hostName" value="NEXSOFT - DESKTOP-C56VD1H"/>
         <property name="os" value="Windows 11 64bit"/>
         <property name="katalonVersion" value="8.6.6.208"/>
         <property name="browser" value="Chrome 116.0.0.0"/>
         <property name="hostAddress" value="10.10.18.38"/>
         <property name="sessionId" value="2c9b378a6ba3ed6b77bafbfe9c325a60"/>
         <property name="seleniumVersion" value="3.141.59"/>
         <property name="proxyInformation" value="ProxyInformation { proxyOption=NO_PROXY, proxyServerType=HTTP, username=, password=********, proxyServerAddress=, proxyServerPort=0, executionList=&quot;&quot;, isApplyToDesiredCapabilities=true }"/>
         <property name="platform" value="Windows 11"/>
      </properties>
      <testcase name="Test Cases/Master Data/Data Customer/Data Customer - Add" time="321.263" classname="Test Cases/Master Data/Data Customer/Data Customer - Add" status="PASSED">
         <system-out><![CDATA[2023-08-23 14:51:19 - [TEST_CASE][PASSED] - Test Cases/Master Data/Data Customer/Data Customer - Add: Test Cases/Master Data/Data Customer/Data Customer - Add

2023-08-23 14:51:19 - [TEST_STEP][PASSED] - Start listener action : beforeTestCase: null

2023-08-23 14:51:19 - [TEST_STEP][PASSED] - if (!(isSkipTestListener)): null

2023-08-23 14:51:19 - [TEST_STEP][PASSED] - if (!(isSkipReport)): null

2023-08-23 14:51:19 - [TEST_STEP][PASSED] - startTimeTC = simpleDateFormat.format(new java.util.Date()): null

2023-08-23 14:51:19 - [TEST_STEP][PASSED] - currentTestCaseId = testCaseContext.getTestCaseId(): null

2023-08-23 14:51:19 - [TEST_STEP][PASSED] - handleWebDriver = new care.katalon.HandleWebDriver(): null

2023-08-23 14:51:19 - [TEST_STEP][PASSED] - handleWebDriver.startAndOpenWebBrowser(baseUrl): Wait for page load successfully

2023-08-23 14:51:20 - [MESSAGE][INFO] - URL ENV = https://staging-care.nexcloud.id/

2023-08-23 14:51:20 - [MESSAGE][INFO] - Starting 'Chrome' driver

2023-08-23 14:51:20 - [MESSAGE][INFO] - Action delay is set to 0 milliseconds

2023-08-23 14:51:21 - [MESSAGE][PASSED] - Browser is opened with url: ''

2023-08-23 14:51:21 - [MESSAGE][PASSED] - Wait for page load successfully

2023-08-23 14:51:22 - [MESSAGE][PASSED] - Current window maximized

2023-08-23 14:51:25 - [MESSAGE][PASSED] - Navigate to 'https://staging-care.nexcloud.id/' successfully

2023-08-23 14:51:25 - [MESSAGE][PASSED] - Wait for page load successfully

2023-08-23 14:51:25 - [TEST_STEP][PASSED] - generalAction = new care.katalon.GeneralAction(): null

2023-08-23 14:51:25 - [TEST_STEP][PASSED] - handleTestData = new care.katalon.HandleTestData(): null

2023-08-23 14:51:26 - [TEST_STEP][PASSED] - dataCustomer = new masterdata.care.DataCustomer(): null

2023-08-23 14:51:26 - [TEST_STEP][PASSED] - generalAction.login(""): Wait for page load successfully

2023-08-23 14:51:26 - [MESSAGE][PASSED] - Object 'Object Repository/Login/username' is clickable

2023-08-23 14:51:26 - [MESSAGE][INFO] - Click Element = Object Repository/Login/username

2023-08-23 14:51:26 - [MESSAGE][PASSED] - Object: 'Object Repository/Login/username' is clicked on

2023-08-23 14:51:27 - [MESSAGE][PASSED] - Attribute 'value' of object 'Object Repository/Login/username' is: ''

2023-08-23 14:51:28 - [MESSAGE][PASSED] - Text 'admin' is set on object 'Object Repository/Login/username'

2023-08-23 14:51:28 - [MESSAGE][PASSED] - Object 'Object Repository/Login/password' is clickable

2023-08-23 14:51:28 - [MESSAGE][INFO] - Click Element = Object Repository/Login/password

2023-08-23 14:51:28 - [MESSAGE][PASSED] - Object: 'Object Repository/Login/password' is clicked on

2023-08-23 14:51:29 - [MESSAGE][PASSED] - Attribute 'value' of object 'Object Repository/Login/password' is: ''

2023-08-23 14:51:29 - [MESSAGE][PASSED] - Text 'Auth_server_2020' is set on object 'Object Repository/Login/password'

2023-08-23 14:51:30 - [MESSAGE][PASSED] - Object 'Object Repository/Login/masuk' is clickable

2023-08-23 14:51:30 - [MESSAGE][INFO] - Click Element = Object Repository/Login/masuk

2023-08-23 14:51:30 - [MESSAGE][PASSED] - Object: 'Object Repository/Login/masuk' is clicked on

2023-08-23 14:51:31 - [MESSAGE][PASSED] - Object 'Object Repository/Login/button_Tidak' is present

2023-08-23 14:51:31 - [MESSAGE][PASSED] - Object 'Object Repository/Login/button_Tidak' is clickable

2023-08-23 14:51:31 - [MESSAGE][INFO] - Click Element = Object Repository/Login/button_Tidak

2023-08-23 14:51:32 - [MESSAGE][PASSED] - Object: 'Object Repository/Login/button_Tidak' is clicked on

2023-08-23 14:51:32 - [MESSAGE][PASSED] - Wait for page load successfully

2023-08-23 14:51:32 - [TEST_STEP][PASSED] - dataCustomer.menuDataCustomer(): Delayed 1 second(s)

2023-08-23 14:51:35 - [MESSAGE][PASSED] - Object 'Object Repository/Sidebar/Sidebar Master Data' is clickable

2023-08-23 14:51:35 - [MESSAGE][INFO] - Click Element = Object Repository/Sidebar/Sidebar Master Data

2023-08-23 14:51:35 - [MESSAGE][PASSED] - Object: 'Object Repository/Sidebar/Sidebar Master Data' is clicked on

2023-08-23 14:51:36 - [MESSAGE][PASSED] - Object 'Object Repository/Home Page(General)/btnDataDistributor' is clickable

2023-08-23 14:51:36 - [MESSAGE][INFO] - Click Element = Object Repository/Home Page(General)/btnDataDistributor

2023-08-23 14:51:37 - [MESSAGE][PASSED] - Object: 'Object Repository/Home Page(General)/btnDataDistributor' is clicked on

2023-08-23 14:51:37 - [MESSAGE][PASSED] - Refresh successfully

2023-08-23 14:51:38 - [MESSAGE][PASSED] - Delayed 1 second(s)

2023-08-23 14:51:38 - [TEST_STEP][PASSED] - excelLocation = "Master Data\Data Customer\dataCustomer - add.xlsx": null

2023-08-23 14:51:38 - [TEST_STEP][PASSED] - sheetNameDataCustomer = "DataCustomer": null

2023-08-23 14:51:38 - [TEST_STEP][PASSED] - listHashMapDataCustomer = handleTestData.readTestData(excelLocation, sheetNameDataCustomer, true): listHashMap di Method readTestData class care.katalon.HandleTestData : [[msg:Berhasil mengupdate data customer!, Action:Add, clientID:Katalon00001, IndeksPrincipal:3, principalName:Nestle, distributorCode:DistCode01, customerName:Pt Rukun Mitra Sejati Yogyakarta, TD:TDG220601, branchCode:1613724323333, IndeksStatus:4, nsCode:NS6143060002877, category:positive, status:Aktif], [msg:Berhasil mengupdate data customer!, Action:Add, clientID:Katalon00002, IndeksPrincipal:5, principalName:Nestle, distributorCode:DistCode02, customerName:Pt Rukun Mitra Sejati Yogyakarta, TD:TDG220602, branchCode:1613724333334, IndeksStatus:6, nsCode:NS6143060002877, category:positive, status:Aktif], [msg:Berhasil mengupdate data customer!, Action:Add, clientID:Katalon00003, IndeksPrincipal:7, principalName:Nestle, distributorCode:DistCode03, customerName:Pt Rukun Mitra Sejati Yogyakarta, TD:TDG220603, branchCode:1613724323335, IndeksStatus:8, nsCode:NS6143060002877, category:positive, status:Aktif], [msg:Berhasil mengupdate data customer!, Action:Add, clientID:Katalon00004, IndeksPrincipal:3, principalName:Nestle, distributorCode:DistCode04, customerName:Pt Rukun Mitra Sejati Blitar, TD:TDG220604, branchCode:1613724323336, IndeksStatus:4, nsCode:NS6143060002877, category:positive, status:Aktif], [msg:Berhasil mengupdate data customer!, Action:Add, clientID:Katalon00005, IndeksPrincipal:5, principalName:Nestle, distributorCode:DistCode05, customerName:Pt Rukun Mitra Sejati Blitar, TD:TDG220605, branchCode:1613724333337, IndeksStatus:6, nsCode:NS6143060002877, category:positive, status:Aktif], [msg:Berhasil mengupdate data customer!, Action:Add, clientID:Katalon00006, IndeksPrincipal:7, principalName:Nestle, distributorCode:DistCode06, customerName:Pt Rukun Mitra Sejati Blitar, TD:TDG220606, branchCode:1613724323338, IndeksStatus:8, nsCode:NS6143060002877, category:positive, status:Aktif], [msg:Data principal_id 0 tidak diketahui, Action:Add, clientID:Katalon00006, IndeksPrincipal:3, principalName:, distributorCode:DistCode06, customerName:Belum Ada, TD:TDG220607, branchCode:1613724323339, IndeksStatus:4, nsCode:NS6143060002877, category:negative, status:Aktif], [msg:Jumlah karakter pada ns_code harus lebih kecil dari 30, Action:Add, clientID:Katalon00006, IndeksPrincipal:3, principalName:Nestle, distributorCode:DistCode06, customerName:Belum Ada, TD:TDG220608, branchCode:1613724333331, IndeksStatus:4, nsCode:NS6143060002877NS61430600028779, category:negative, status:Aktif], [msg:Jumlah karakter pada branch_id harus lebih kecil dari 30, Action:Add, clientID:Katalon00006, IndeksPrincipal:3, principalName:Nestle, distributorCode:DistCode06, customerName:Belum Ada, TD:TDG220609, branchCode:NS6143060002877NS61430600028779, IndeksStatus:4, nsCode:NS6143060002877, category:negative, status:Aktif], [msg:Jumlah karakter pada distributor_code harus lebih kecil dari 30, Action:Add, clientID:Katalon00006, IndeksPrincipal:3, principalName:Nestle, distributorCode:NS6143060002877NS61430600028779, customerName:Belum Ada, TD:TDG220610, branchCode:1633333333332, IndeksStatus:4, nsCode:NS6143060002877, category:negative, status:Aktif], [msg:Kolom license belum diisi. Silakan cek kembali, Action:Add, clientID:Katalon00006, IndeksPrincipal:3, principalName:Nestle, distributorCode:DistCode06, customerName:Belum Ada, TD:TDG220611, branchCode:1633333333313, IndeksStatus:4, nsCode:NS6143060002877, category:negative, status:], [msg:Jumlah karakter pada client_id harus lebih kecil dari 256, Action:Add, clientID:adasavsaasdasdasdjaslkdjsakdjajdaiwdakdskaljdaklsndasmnzx,mvbdhfawiojdaskldascbsmczx,mcnzx,mcndhakdjadasjkdhasjkdhajkdhqioweujsdljaldkjasdnnczx,nzxmcnmxcnxmcnz,cnxz,cnz,wjwqeuqieuopfiehjgbdmfsmnkwl2313dskfslkdjakldjsakaadjwi23jdksfjsklfjsklfjdsfjlskejfekslf, IndeksPrincipal:3, principalName:Nestle, distributorCode:DistCode06, customerName:Belum Ada, TD:TDG220612, branchCode:1633333333323, IndeksStatus:4, nsCode:NS6143060002877, category:negative, status:Aktif], [msg:, Action:, clientID:, IndeksPrincipal:, principalName:, distributorCode:, customerName:, TD:, branchCode:, IndeksStatus:, nsCode:, category:, status:], [msg:, Action:, clientID:, IndeksPrincipal:, principalName:, distributorCode:, customerName:, TD:, branchCode:, IndeksStatus:, nsCode:, category:, status:]]

2023-08-23 14:51:39 - [MESSAGE][INFO] - listHashMap di Method readTestData class care.katalon.HandleTestData : [[msg:Berhasil mengupdate data customer!, Action:Add, clientID:Katalon00001, IndeksPrincipal:3, principalName:Nestle, distributorCode:DistCode01, customerName:Pt Rukun Mitra Sejati Yogyakarta, TD:TDG220601, branchCode:1613724323333, IndeksStatus:4, nsCode:NS6143060002877, category:positive, status:Aktif], [msg:Berhasil mengupdate data customer!, Action:Add, clientID:Katalon00002, IndeksPrincipal:5, principalName:Nestle, distributorCode:DistCode02, customerName:Pt Rukun Mitra Sejati Yogyakarta, TD:TDG220602, branchCode:1613724333334, IndeksStatus:6, nsCode:NS6143060002877, category:positive, status:Aktif], [msg:Berhasil mengupdate data customer!, Action:Add, clientID:Katalon00003, IndeksPrincipal:7, principalName:Nestle, distributorCode:DistCode03, customerName:Pt Rukun Mitra Sejati Yogyakarta, TD:TDG220603, branchCode:1613724323335, IndeksStatus:8, nsCode:NS6143060002877, category:positive, status:Aktif], [msg:Berhasil mengupdate data customer!, Action:Add, clientID:Katalon00004, IndeksPrincipal:3, principalName:Nestle, distributorCode:DistCode04, customerName:Pt Rukun Mitra Sejati Blitar, TD:TDG220604, branchCode:1613724323336, IndeksStatus:4, nsCode:NS6143060002877, category:positive, status:Aktif], [msg:Berhasil mengupdate data customer!, Action:Add, clientID:Katalon00005, IndeksPrincipal:5, principalName:Nestle, distributorCode:DistCode05, customerName:Pt Rukun Mitra Sejati Blitar, TD:TDG220605, branchCode:1613724333337, IndeksStatus:6, nsCode:NS6143060002877, category:positive, status:Aktif], [msg:Berhasil mengupdate data customer!, Action:Add, clientID:Katalon00006, IndeksPrincipal:7, principalName:Nestle, distributorCode:DistCode06, customerName:Pt Rukun Mitra Sejati Blitar, TD:TDG220606, branchCode:1613724323338, IndeksStatus:8, nsCode:NS6143060002877, category:positive, status:Aktif], [msg:Data principal_id 0 tidak diketahui, Action:Add, clientID:Katalon00006, IndeksPrincipal:3, principalName:, distributorCode:DistCode06, customerName:Belum Ada, TD:TDG220607, branchCode:1613724323339, IndeksStatus:4, nsCode:NS6143060002877, category:negative, status:Aktif], [msg:Jumlah karakter pada ns_code harus lebih kecil dari 30, Action:Add, clientID:Katalon00006, IndeksPrincipal:3, principalName:Nestle, distributorCode:DistCode06, customerName:Belum Ada, TD:TDG220608, branchCode:1613724333331, IndeksStatus:4, nsCode:NS6143060002877NS61430600028779, category:negative, status:Aktif], [msg:Jumlah karakter pada branch_id harus lebih kecil dari 30, Action:Add, clientID:Katalon00006, IndeksPrincipal:3, principalName:Nestle, distributorCode:DistCode06, customerName:Belum Ada, TD:TDG220609, branchCode:NS6143060002877NS61430600028779, IndeksStatus:4, nsCode:NS6143060002877, category:negative, status:Aktif], [msg:Jumlah karakter pada distributor_code harus lebih kecil dari 30, Action:Add, clientID:Katalon00006, IndeksPrincipal:3, principalName:Nestle, distributorCode:NS6143060002877NS61430600028779, customerName:Belum Ada, TD:TDG220610, branchCode:1633333333332, IndeksStatus:4, nsCode:NS6143060002877, category:negative, status:Aktif], [msg:Kolom license belum diisi. Silakan cek kembali, Action:Add, clientID:Katalon00006, IndeksPrincipal:3, principalName:Nestle, distributorCode:DistCode06, customerName:Belum Ada, TD:TDG220611, branchCode:1633333333313, IndeksStatus:4, nsCode:NS6143060002877, category:negative, status:], [msg:Jumlah karakter pada client_id harus lebih kecil dari 256, Action:Add, clientID:adasavsaasdasdasdjaslkdjsakdjajdaiwdakdskaljdaklsndasmnzx,mvbdhfawiojdaskldascbsmczx,mcnzx,mcndhakdjadasjkdhasjkdhajkdhqioweujsdljaldkjasdnnczx,nzxmcnmxcnxmcnz,cnxz,cnz,wjwqeuqieuopfiehjgbdmfsmnkwl2313dskfslkdjakldjsakaadjwi23jdksfjsklfjsklfjdsfjlskejfekslf, IndeksPrincipal:3, principalName:Nestle, distributorCode:DistCode06, customerName:Belum Ada, TD:TDG220612, branchCode:1633333333323, IndeksStatus:4, nsCode:NS6143060002877, category:negative, status:Aktif], [msg:, Action:, clientID:, IndeksPrincipal:, principalName:, distributorCode:, customerName:, TD:, branchCode:, IndeksStatus:, nsCode:, category:, status:], [msg:, Action:, clientID:, IndeksPrincipal:, principalName:, distributorCode:, customerName:, TD:, branchCode:, IndeksStatus:, nsCode:, category:, status:]]

2023-08-23 14:51:39 - [TEST_STEP][PASSED] - namaCustomer = "": null

2023-08-23 14:51:39 - [TEST_STEP][PASSED] - for ([i = 0, i < listHashMapDataCustomer.size(), (i++)]): MSG =  Berhasil Mengupdate Data Customer!

2023-08-23 14:51:39 - [TEST_STEP][PASSED] - try: Object: 'Object Repository/Master Data/Data Customer/Tambah' is clicked on

2023-08-23 14:51:39 - [TEST_STEP][PASSED] - getHashMapDataCustomer = listHashMapDataCustomer.get(i): null

2023-08-23 14:51:39 - [TEST_STEP][PASSED] - testDataNumber = getHashMapDataCustomer.get("TD"): null

2023-08-23 14:51:39 - [TEST_STEP][PASSED] - customerName = getHashMapDataCustomer.get("customerName"): null

2023-08-23 14:51:39 - [TEST_STEP][PASSED] - category = getHashMapDataCustomer.get("category"): null

2023-08-23 14:51:39 - [TEST_STEP][PASSED] - msg = getHashMapDataCustomer.get("msg"): null

2023-08-23 14:51:39 - [TEST_STEP][PASSED] - if (category.equalsIgnoreCase("positive")): Object: 'Object Repository/Master Data/Data Customer/Tambah' is clicked on

2023-08-23 14:51:39 - [TEST_STEP][PASSED] - if (namaCustomer.equals("")): Keys 'ENTER + ' sent to object: 'Object Repository/Master Data/Data Customer/SelectPelanggan'

2023-08-23 14:51:39 - [TEST_STEP][PASSED] - dataCustomer.cariPelanggan(customerName): Keys 'ENTER + ' sent to object: 'Object Repository/Master Data/Data Customer/SelectPelanggan'

2023-08-23 14:51:39 - [MESSAGE][PASSED] - Object 'Object Repository/Master Data/Data Customer/CariPelanggan' is clickable

2023-08-23 14:51:40 - [MESSAGE][PASSED] - Object 'Object Repository/Master Data/Data Customer/CariPelanggan' is clickable

2023-08-23 14:51:40 - [MESSAGE][INFO] - Click Element = Object Repository/Master Data/Data Customer/CariPelanggan

2023-08-23 14:51:40 - [MESSAGE][PASSED] - Object: 'Object Repository/Master Data/Data Customer/CariPelanggan' is clicked on

2023-08-23 14:51:41 - [MESSAGE][PASSED] - Keys 'Pt Rukun Mitra Sejati Yogyakarta' sent to object: 'Object Repository/Master Data/Data Customer/SelectPelanggan'

2023-08-23 14:51:41 - [MESSAGE][PASSED] - Object 'Object Repository/Master Data/Data Customer/SelectPelanggan' is present

2023-08-23 14:51:42 - [MESSAGE][PASSED] - Keys 'ENTER + ' sent to object: 'Object Repository/Master Data/Data Customer/SelectPelanggan'

2023-08-23 14:51:42 - [TEST_STEP][PASSED] - namaCustomer = customerName: null

2023-08-23 14:51:42 - [TEST_STEP][PASSED] - dataCustomer.setDataCustomer(getHashMapDataCustomer): Object: 'Object Repository/Master Data/Data Customer/Tambah' is clicked on

2023-08-23 14:51:44 - [MESSAGE][PASSED] - Delayed 2 second(s)

2023-08-23 14:51:44 - [MESSAGE][PASSED] - Object 'Object Repository/Master Data/Data Customer/TambahKolom' is clickable

2023-08-23 14:51:44 - [MESSAGE][INFO] - Click Element = Object Repository/Master Data/Data Customer/TambahKolom

2023-08-23 14:51:44 - [MESSAGE][PASSED] - Object: 'Object Repository/Master Data/Data Customer/TambahKolom' is clicked on

2023-08-23 14:51:44 - [MESSAGE][INFO] - PRINCIPAL NAME: Nestle

2023-08-23 14:51:45 - [MESSAGE][PASSED] - Object 'Object Repository/Master Data/Data Customer/Pilih Principal' is clickable

2023-08-23 14:51:45 - [MESSAGE][INFO] - Click Element = Object Repository/Master Data/Data Customer/Pilih Principal

2023-08-23 14:51:45 - [MESSAGE][PASSED] - Object: 'Object Repository/Master Data/Data Customer/Pilih Principal' is clicked on

2023-08-23 14:51:46 - [MESSAGE][PASSED] - Keys 'Nestle' sent to object: 'Object Repository/Master Data/Data Customer/SelectPrincipal'

2023-08-23 14:51:46 - [MESSAGE][PASSED] - Object 'Object Repository/Master Data/Data Customer/SelectPrincipal' is present

2023-08-23 14:51:47 - [MESSAGE][PASSED] - Keys 'ENTER + ' sent to object: 'Object Repository/Master Data/Data Customer/SelectPrincipal'

2023-08-23 14:51:47 - [MESSAGE][PASSED] - Object 'Object Repository/Master Data/Data Customer/KodePelanggan' is clickable

2023-08-23 14:51:47 - [MESSAGE][INFO] - Click Element = Object Repository/Master Data/Data Customer/KodePelanggan

2023-08-23 14:51:48 - [MESSAGE][PASSED] - Object: 'Object Repository/Master Data/Data Customer/KodePelanggan' is clicked on

2023-08-23 14:51:48 - [MESSAGE][PASSED] - Attribute 'value' of object 'Object Repository/Master Data/Data Customer/KodePelanggan' is: 'NESTLE'

2023-08-23 14:51:48 - [MESSAGE][PASSED] - Keys 'CONTROL + a' sent to object: 'Object Repository/Master Data/Data Customer/KodePelanggan'

2023-08-23 14:51:49 - [MESSAGE][PASSED] - Keys 'BACK_SPACE + ' sent to object: 'Object Repository/Master Data/Data Customer/KodePelanggan'

2023-08-23 14:51:50 - [MESSAGE][PASSED] - Text 'NS6143060002877' is set on object 'Object Repository/Master Data/Data Customer/KodePelanggan'

2023-08-23 14:51:50 - [MESSAGE][PASSED] - Object 'Object Repository/Master Data/Data Customer/KodeCabang' is clickable

2023-08-23 14:51:50 - [MESSAGE][INFO] - Click Element = Object Repository/Master Data/Data Customer/KodeCabang

2023-08-23 14:51:50 - [MESSAGE][PASSED] - Object: 'Object Repository/Master Data/Data Customer/KodeCabang' is clicked on

2023-08-23 14:51:51 - [MESSAGE][PASSED] - Attribute 'value' of object 'Object Repository/Master Data/Data Customer/KodeCabang' is: ''

2023-08-23 14:51:51 - [MESSAGE][PASSED] - Text '1613724323333' is set on object 'Object Repository/Master Data/Data Customer/KodeCabang'

2023-08-23 14:51:52 - [MESSAGE][PASSED] - Object 'Object Repository/Master Data/Data Customer/ClientID' is clickable

2023-08-23 14:51:52 - [MESSAGE][INFO] - Click Element = Object Repository/Master Data/Data Customer/ClientID

2023-08-23 14:51:52 - [MESSAGE][PASSED] - Object: 'Object Repository/Master Data/Data Customer/ClientID' is clicked on

2023-08-23 14:51:52 - [MESSAGE][PASSED] - Attribute 'value' of object 'Object Repository/Master Data/Data Customer/ClientID' is: ''

2023-08-23 14:51:53 - [MESSAGE][PASSED] - Text 'Katalon00001' is set on object 'Object Repository/Master Data/Data Customer/ClientID'

2023-08-23 14:51:53 - [MESSAGE][PASSED] - Object 'Object Repository/Master Data/Data Customer/KodeDistributor' is clickable

2023-08-23 14:51:53 - [MESSAGE][INFO] - Click Element = Object Repository/Master Data/Data Customer/KodeDistributor

2023-08-23 14:51:54 - [MESSAGE][PASSED] - Object: 'Object Repository/Master Data/Data Customer/KodeDistributor' is clicked on

2023-08-23 14:51:54 - [MESSAGE][PASSED] - Attribute 'value' of object 'Object Repository/Master Data/Data Customer/KodeDistributor' is: ''

2023-08-23 14:51:55 - [MESSAGE][PASSED] - Text 'DistCode01' is set on object 'Object Repository/Master Data/Data Customer/KodeDistributor'

2023-08-23 14:51:55 - [MESSAGE][PASSED] - Object 'Object Repository/Master Data/Data Customer/Status' is clickable

2023-08-23 14:51:55 - [MESSAGE][INFO] - Click Element = Object Repository/Master Data/Data Customer/Status

2023-08-23 14:51:56 - [MESSAGE][PASSED] - Object: 'Object Repository/Master Data/Data Customer/Status' is clicked on

2023-08-23 14:51:56 - [MESSAGE][PASSED] - Keys 'Aktif' sent to object: 'Object Repository/Master Data/Data Customer/SelectStatus'

2023-08-23 14:51:57 - [MESSAGE][PASSED] - Object 'Object Repository/Master Data/Data Customer/SelectStatus' is present

2023-08-23 14:51:57 - [MESSAGE][PASSED] - Keys 'ENTER + ' sent to object: 'Object Repository/Master Data/Data Customer/SelectStatus'

2023-08-23 14:51:58 - [MESSAGE][PASSED] - Object 'Object Repository/Master Data/Data Customer/Tambah' is clickable

2023-08-23 14:51:58 - [MESSAGE][INFO] - Click Element = Object Repository/Master Data/Data Customer/Tambah

2023-08-23 14:51:58 - [MESSAGE][PASSED] - Object: 'Object Repository/Master Data/Data Customer/Tambah' is clicked on

2023-08-23 14:51:58 - [TEST_STEP][PASSED] - try: Object: 'Object Repository/Master Data/Data Customer/Tambah' is clicked on

2023-08-23 14:51:58 - [TEST_STEP][PASSED] - getHashMapDataCustomer = listHashMapDataCustomer.get(i): null

2023-08-23 14:51:58 - [TEST_STEP][PASSED] - testDataNumber = getHashMapDataCustomer.get("TD"): null

2023-08-23 14:51:58 - [TEST_STEP][PASSED] - customerName = getHashMapDataCustomer.get("customerName"): null

2023-08-23 14:51:58 - [TEST_STEP][PASSED] - category = getHashMapDataCustomer.get("category"): null

2023-08-23 14:51:58 - [TEST_STEP][PASSED] - msg = getHashMapDataCustomer.get("msg"): null

2023-08-23 14:51:58 - [TEST_STEP][PASSED] - if (category.equalsIgnoreCase("positive")): Object: 'Object Repository/Master Data/Data Customer/Tambah' is clicked on

2023-08-23 14:51:58 - [TEST_STEP][PASSED] - if (namaCustomer.equals("")): null

2023-08-23 14:51:58 - [TEST_STEP][PASSED] - namaCustomer = customerName: null

2023-08-23 14:51:58 - [TEST_STEP][PASSED] - dataCustomer.setDataCustomer(getHashMapDataCustomer): Object: 'Object Repository/Master Data/Data Customer/Tambah' is clicked on

2023-08-23 14:52:00 - [MESSAGE][PASSED] - Delayed 2 second(s)

2023-08-23 14:52:00 - [MESSAGE][PASSED] - Object 'Object Repository/Master Data/Data Customer/TambahKolom' is clickable

2023-08-23 14:52:00 - [MESSAGE][INFO] - Click Element = Object Repository/Master Data/Data Customer/TambahKolom

2023-08-23 14:52:01 - [MESSAGE][PASSED] - Object: 'Object Repository/Master Data/Data Customer/TambahKolom' is clicked on

2023-08-23 14:52:01 - [MESSAGE][INFO] - PRINCIPAL NAME: Nestle

2023-08-23 14:52:01 - [MESSAGE][PASSED] - Object 'Object Repository/Master Data/Data Customer/Pilih Principal' is clickable

2023-08-23 14:52:01 - [MESSAGE][INFO] - Click Element = Object Repository/Master Data/Data Customer/Pilih Principal

2023-08-23 14:52:02 - [MESSAGE][PASSED] - Object: 'Object Repository/Master Data/Data Customer/Pilih Principal' is clicked on

2023-08-23 14:52:02 - [MESSAGE][PASSED] - Keys 'Nestle' sent to object: 'Object Repository/Master Data/Data Customer/SelectPrincipal'

2023-08-23 14:52:03 - [MESSAGE][PASSED] - Object 'Object Repository/Master Data/Data Customer/SelectPrincipal' is present

2023-08-23 14:52:03 - [MESSAGE][PASSED] - Keys 'ENTER + ' sent to object: 'Object Repository/Master Data/Data Customer/SelectPrincipal'

2023-08-23 14:52:04 - [MESSAGE][PASSED] - Object 'Object Repository/Master Data/Data Customer/KodePelanggan' is clickable

2023-08-23 14:52:04 - [MESSAGE][INFO] - Click Element = Object Repository/Master Data/Data Customer/KodePelanggan

2023-08-23 14:52:04 - [MESSAGE][PASSED] - Object: 'Object Repository/Master Data/Data Customer/KodePelanggan' is clicked on

2023-08-23 14:52:05 - [MESSAGE][PASSED] - Attribute 'value' of object 'Object Repository/Master Data/Data Customer/KodePelanggan' is: 'NESTLE'

2023-08-23 14:52:05 - [MESSAGE][PASSED] - Keys 'CONTROL + a' sent to object: 'Object Repository/Master Data/Data Customer/KodePelanggan'

2023-08-23 14:52:05 - [MESSAGE][PASSED] - Keys 'BACK_SPACE + ' sent to object: 'Object Repository/Master Data/Data Customer/KodePelanggan'

2023-08-23 14:52:06 - [MESSAGE][PASSED] - Text 'NS6143060002877' is set on object 'Object Repository/Master Data/Data Customer/KodePelanggan'

2023-08-23 14:52:06 - [MESSAGE][PASSED] - Object 'Object Repository/Master Data/Data Customer/KodeCabang' is clickable

2023-08-23 14:52:06 - [MESSAGE][INFO] - Click Element = Object Repository/Master Data/Data Customer/KodeCabang

2023-08-23 14:52:07 - [MESSAGE][PASSED] - Object: 'Object Repository/Master Data/Data Customer/KodeCabang' is clicked on

2023-08-23 14:52:07 - [MESSAGE][PASSED] - Attribute 'value' of object 'Object Repository/Master Data/Data Customer/KodeCabang' is: '1613724323333'

2023-08-23 14:52:07 - [MESSAGE][PASSED] - Keys 'CONTROL + a' sent to object: 'Object Repository/Master Data/Data Customer/KodeCabang'

2023-08-23 14:52:08 - [MESSAGE][PASSED] - Keys 'BACK_SPACE + ' sent to object: 'Object Repository/Master Data/Data Customer/KodeCabang'

2023-08-23 14:52:08 - [MESSAGE][PASSED] - Text '1613724333334' is set on object 'Object Repository/Master Data/Data Customer/KodeCabang'

2023-08-23 14:52:09 - [MESSAGE][PASSED] - Object 'Object Repository/Master Data/Data Customer/ClientID' is clickable

2023-08-23 14:52:09 - [MESSAGE][INFO] - Click Element = Object Repository/Master Data/Data Customer/ClientID

2023-08-23 14:52:09 - [MESSAGE][PASSED] - Object: 'Object Repository/Master Data/Data Customer/ClientID' is clicked on

2023-08-23 14:52:09 - [MESSAGE][PASSED] - Attribute 'value' of object 'Object Repository/Master Data/Data Customer/ClientID' is: 'Katalon00001'

2023-08-23 14:52:10 - [MESSAGE][PASSED] - Keys 'CONTROL + a' sent to object: 'Object Repository/Master Data/Data Customer/ClientID'

2023-08-23 14:52:10 - [MESSAGE][PASSED] - Keys 'BACK_SPACE + ' sent to object: 'Object Repository/Master Data/Data Customer/ClientID'

2023-08-23 14:52:11 - [MESSAGE][PASSED] - Text 'Katalon00002' is set on object 'Object Repository/Master Data/Data Customer/ClientID'

2023-08-23 14:52:11 - [MESSAGE][PASSED] - Object 'Object Repository/Master Data/Data Customer/KodeDistributor' is clickable

2023-08-23 14:52:11 - [MESSAGE][INFO] - Click Element = Object Repository/Master Data/Data Customer/KodeDistributor

2023-08-23 14:52:12 - [MESSAGE][PASSED] - Object: 'Object Repository/Master Data/Data Customer/KodeDistributor' is clicked on

2023-08-23 14:52:12 - [MESSAGE][PASSED] - Attribute 'value' of object 'Object Repository/Master Data/Data Customer/KodeDistributor' is: 'DistCode01'

2023-08-23 14:52:12 - [MESSAGE][PASSED] - Keys 'CONTROL + a' sent to object: 'Object Repository/Master Data/Data Customer/KodeDistributor'

2023-08-23 14:52:13 - [MESSAGE][PASSED] - Keys 'BACK_SPACE + ' sent to object: 'Object Repository/Master Data/Data Customer/KodeDistributor'

2023-08-23 14:52:13 - [MESSAGE][PASSED] - Text 'DistCode02' is set on object 'Object Repository/Master Data/Data Customer/KodeDistributor'

2023-08-23 14:52:14 - [MESSAGE][PASSED] - Object 'Object Repository/Master Data/Data Customer/Status' is clickable

2023-08-23 14:52:14 - [MESSAGE][INFO] - Click Element = Object Repository/Master Data/Data Customer/Status

2023-08-23 14:52:14 - [MESSAGE][PASSED] - Object: 'Object Repository/Master Data/Data Customer/Status' is clicked on

2023-08-23 14:52:15 - [MESSAGE][PASSED] - Keys 'Aktif' sent to object: 'Object Repository/Master Data/Data Customer/SelectStatus'

2023-08-23 14:52:15 - [MESSAGE][PASSED] - Object 'Object Repository/Master Data/Data Customer/SelectStatus' is present

2023-08-23 14:52:16 - [MESSAGE][PASSED] - Keys 'ENTER + ' sent to object: 'Object Repository/Master Data/Data Customer/SelectStatus'

2023-08-23 14:52:16 - [MESSAGE][PASSED] - Object 'Object Repository/Master Data/Data Customer/Tambah' is clickable

2023-08-23 14:52:16 - [MESSAGE][INFO] - Click Element = Object Repository/Master Data/Data Customer/Tambah

2023-08-23 14:52:17 - [MESSAGE][PASSED] - Object: 'Object Repository/Master Data/Data Customer/Tambah' is clicked on

2023-08-23 14:52:17 - [TEST_STEP][PASSED] - try: Object: 'Object Repository/Master Data/Data Customer/Tambah' is clicked on

2023-08-23 14:52:17 - [TEST_STEP][PASSED] - getHashMapDataCustomer = listHashMapDataCustomer.get(i): null

2023-08-23 14:52:17 - [TEST_STEP][PASSED] - testDataNumber = getHashMapDataCustomer.get("TD"): null

2023-08-23 14:52:17 - [TEST_STEP][PASSED] - customerName = getHashMapDataCustomer.get("customerName"): null

2023-08-23 14:52:17 - [TEST_STEP][PASSED] - category = getHashMapDataCustomer.get("category"): null

2023-08-23 14:52:17 - [TEST_STEP][PASSED] - msg = getHashMapDataCustomer.get("msg"): null

2023-08-23 14:52:17 - [TEST_STEP][PASSED] - if (category.equalsIgnoreCase("positive")): Object: 'Object Repository/Master Data/Data Customer/Tambah' is clicked on

2023-08-23 14:52:17 - [TEST_STEP][PASSED] - if (namaCustomer.equals("")): null

2023-08-23 14:52:17 - [TEST_STEP][PASSED] - namaCustomer = customerName: null

2023-08-23 14:52:17 - [TEST_STEP][PASSED] - dataCustomer.setDataCustomer(getHashMapDataCustomer): Object: 'Object Repository/Master Data/Data Customer/Tambah' is clicked on

2023-08-23 14:52:19 - [MESSAGE][PASSED] - Delayed 2 second(s)

2023-08-23 14:52:19 - [MESSAGE][PASSED] - Object 'Object Repository/Master Data/Data Customer/TambahKolom' is clickable

2023-08-23 14:52:19 - [MESSAGE][INFO] - Click Element = Object Repository/Master Data/Data Customer/TambahKolom

2023-08-23 14:52:19 - [MESSAGE][PASSED] - Object: 'Object Repository/Master Data/Data Customer/TambahKolom' is clicked on

2023-08-23 14:52:19 - [MESSAGE][INFO] - PRINCIPAL NAME: Nestle

2023-08-23 14:52:20 - [MESSAGE][PASSED] - Object 'Object Repository/Master Data/Data Customer/Pilih Principal' is clickable

2023-08-23 14:52:20 - [MESSAGE][INFO] - Click Element = Object Repository/Master Data/Data Customer/Pilih Principal

2023-08-23 14:52:20 - [MESSAGE][PASSED] - Object: 'Object Repository/Master Data/Data Customer/Pilih Principal' is clicked on

2023-08-23 14:52:21 - [MESSAGE][PASSED] - Keys 'Nestle' sent to object: 'Object Repository/Master Data/Data Customer/SelectPrincipal'

2023-08-23 14:52:21 - [MESSAGE][PASSED] - Object 'Object Repository/Master Data/Data Customer/SelectPrincipal' is present

2023-08-23 14:52:22 - [MESSAGE][PASSED] - Keys 'ENTER + ' sent to object: 'Object Repository/Master Data/Data Customer/SelectPrincipal'

2023-08-23 14:52:22 - [MESSAGE][PASSED] - Object 'Object Repository/Master Data/Data Customer/KodePelanggan' is clickable

2023-08-23 14:52:22 - [MESSAGE][INFO] - Click Element = Object Repository/Master Data/Data Customer/KodePelanggan

2023-08-23 14:52:22 - [MESSAGE][PASSED] - Object: 'Object Repository/Master Data/Data Customer/KodePelanggan' is clicked on

2023-08-23 14:52:23 - [MESSAGE][PASSED] - Attribute 'value' of object 'Object Repository/Master Data/Data Customer/KodePelanggan' is: 'NESTLE'

2023-08-23 14:52:23 - [MESSAGE][PASSED] - Keys 'CONTROL + a' sent to object: 'Object Repository/Master Data/Data Customer/KodePelanggan'

2023-08-23 14:52:24 - [MESSAGE][PASSED] - Keys 'BACK_SPACE + ' sent to object: 'Object Repository/Master Data/Data Customer/KodePelanggan'

2023-08-23 14:52:24 - [MESSAGE][PASSED] - Text 'NS6143060002877' is set on object 'Object Repository/Master Data/Data Customer/KodePelanggan'

2023-08-23 14:52:25 - [MESSAGE][PASSED] - Object 'Object Repository/Master Data/Data Customer/KodeCabang' is clickable

2023-08-23 14:52:25 - [MESSAGE][INFO] - Click Element = Object Repository/Master Data/Data Customer/KodeCabang

2023-08-23 14:52:25 - [MESSAGE][PASSED] - Object: 'Object Repository/Master Data/Data Customer/KodeCabang' is clicked on

2023-08-23 14:52:25 - [MESSAGE][PASSED] - Attribute 'value' of object 'Object Repository/Master Data/Data Customer/KodeCabang' is: '1613724333334'

2023-08-23 14:52:26 - [MESSAGE][PASSED] - Keys 'CONTROL + a' sent to object: 'Object Repository/Master Data/Data Customer/KodeCabang'

2023-08-23 14:52:26 - [MESSAGE][PASSED] - Keys 'BACK_SPACE + ' sent to object: 'Object Repository/Master Data/Data Customer/KodeCabang'

2023-08-23 14:52:27 - [MESSAGE][PASSED] - Text '1613724323335' is set on object 'Object Repository/Master Data/Data Customer/KodeCabang'

2023-08-23 14:52:27 - [MESSAGE][PASSED] - Object 'Object Repository/Master Data/Data Customer/ClientID' is clickable

2023-08-23 14:52:27 - [MESSAGE][INFO] - Click Element = Object Repository/Master Data/Data Customer/ClientID

2023-08-23 14:52:27 - [MESSAGE][PASSED] - Object: 'Object Repository/Master Data/Data Customer/ClientID' is clicked on

2023-08-23 14:52:28 - [MESSAGE][PASSED] - Attribute 'value' of object 'Object Repository/Master Data/Data Customer/ClientID' is: 'Katalon00002'

2023-08-23 14:52:28 - [MESSAGE][PASSED] - Keys 'CONTROL + a' sent to object: 'Object Repository/Master Data/Data Customer/ClientID'

2023-08-23 14:52:29 - [MESSAGE][PASSED] - Keys 'BACK_SPACE + ' sent to object: 'Object Repository/Master Data/Data Customer/ClientID'

2023-08-23 14:52:29 - [MESSAGE][PASSED] - Text 'Katalon00003' is set on object 'Object Repository/Master Data/Data Customer/ClientID'

2023-08-23 14:52:30 - [MESSAGE][PASSED] - Object 'Object Repository/Master Data/Data Customer/KodeDistributor' is clickable

2023-08-23 14:52:30 - [MESSAGE][INFO] - Click Element = Object Repository/Master Data/Data Customer/KodeDistributor

2023-08-23 14:52:30 - [MESSAGE][PASSED] - Object: 'Object Repository/Master Data/Data Customer/KodeDistributor' is clicked on

2023-08-23 14:52:30 - [MESSAGE][PASSED] - Attribute 'value' of object 'Object Repository/Master Data/Data Customer/KodeDistributor' is: 'DistCode02'

2023-08-23 14:52:31 - [MESSAGE][PASSED] - Keys 'CONTROL + a' sent to object: 'Object Repository/Master Data/Data Customer/KodeDistributor'

2023-08-23 14:52:31 - [MESSAGE][PASSED] - Keys 'BACK_SPACE + ' sent to object: 'Object Repository/Master Data/Data Customer/KodeDistributor'

2023-08-23 14:52:32 - [MESSAGE][PASSED] - Text 'DistCode03' is set on object 'Object Repository/Master Data/Data Customer/KodeDistributor'

2023-08-23 14:52:32 - [MESSAGE][PASSED] - Object 'Object Repository/Master Data/Data Customer/Status' is clickable

2023-08-23 14:52:32 - [MESSAGE][INFO] - Click Element = Object Repository/Master Data/Data Customer/Status

2023-08-23 14:52:32 - [MESSAGE][PASSED] - Object: 'Object Repository/Master Data/Data Customer/Status' is clicked on

2023-08-23 14:52:33 - [MESSAGE][PASSED] - Keys 'Aktif' sent to object: 'Object Repository/Master Data/Data Customer/SelectStatus'

2023-08-23 14:52:34 - [MESSAGE][PASSED] - Object 'Object Repository/Master Data/Data Customer/SelectStatus' is present

2023-08-23 14:52:34 - [MESSAGE][PASSED] - Keys 'ENTER + ' sent to object: 'Object Repository/Master Data/Data Customer/SelectStatus'

2023-08-23 14:52:34 - [MESSAGE][PASSED] - Object 'Object Repository/Master Data/Data Customer/Tambah' is clickable

2023-08-23 14:52:34 - [MESSAGE][INFO] - Click Element = Object Repository/Master Data/Data Customer/Tambah

2023-08-23 14:52:35 - [MESSAGE][PASSED] - Object: 'Object Repository/Master Data/Data Customer/Tambah' is clicked on

2023-08-23 14:52:35 - [TEST_STEP][PASSED] - try: Object: 'Object Repository/Master Data/Data Customer/Tambah' is clicked on

2023-08-23 14:52:35 - [TEST_STEP][PASSED] - getHashMapDataCustomer = listHashMapDataCustomer.get(i): null

2023-08-23 14:52:35 - [TEST_STEP][PASSED] - testDataNumber = getHashMapDataCustomer.get("TD"): null

2023-08-23 14:52:35 - [TEST_STEP][PASSED] - customerName = getHashMapDataCustomer.get("customerName"): null

2023-08-23 14:52:35 - [TEST_STEP][PASSED] - category = getHashMapDataCustomer.get("category"): null

2023-08-23 14:52:35 - [TEST_STEP][PASSED] - msg = getHashMapDataCustomer.get("msg"): null

2023-08-23 14:52:35 - [TEST_STEP][PASSED] - if (category.equalsIgnoreCase("positive")): Object: 'Object Repository/Master Data/Data Customer/Tambah' is clicked on

2023-08-23 14:52:35 - [TEST_STEP][PASSED] - if (namaCustomer.equals("")): null

2023-08-23 14:52:35 - [TEST_STEP][PASSED] - else if (!(namaCustomer.equalsIgnoreCase(customerName))): Keys 'ENTER + ' sent to object: 'Object Repository/Master Data/Data Customer/SelectPelanggan'

2023-08-23 14:52:35 - [TEST_STEP][PASSED] - dataCustomer.saveDocument(): Wait for page load successfully

2023-08-23 14:52:35 - [MESSAGE][PASSED] - Object 'Object Repository/Master Data/Data Customer/Simpan' is clickable

2023-08-23 14:52:35 - [MESSAGE][INFO] - Click Element = Object Repository/Master Data/Data Customer/Simpan

2023-08-23 14:52:36 - [MESSAGE][PASSED] - Object: 'Object Repository/Master Data/Data Customer/Simpan' is clicked on

2023-08-23 14:52:36 - [MESSAGE][PASSED] - Wait for page load successfully

2023-08-23 14:52:36 - [TEST_STEP][PASSED] - dataCustomer.verifyMsg(msg, testDataNumber, category): Message: TDG220604 - Berhasil Mengupdate Data Customer!

2023-08-23 14:52:37 - [MESSAGE][PASSED] - Delayed 1 second(s)

2023-08-23 14:52:37 - [MESSAGE][PASSED] - Text of object 'Object Repository/Master Data/Data Customer/msgValidation' is: 'Berhasil Mengupdate Data Customer!'

2023-08-23 14:52:37 - [MESSAGE][INFO] - MSG =  Berhasil Mengupdate Data Customer!

2023-08-23 14:52:37 - [MESSAGE][INFO] - Message: TDG220604 - Berhasil Mengupdate Data Customer!

2023-08-23 14:52:37 - [TEST_STEP][PASSED] - delay(3): Delayed 3 second(s)

2023-08-23 14:52:40 - [MESSAGE][PASSED] - Delayed 3 second(s)

2023-08-23 14:52:40 - [TEST_STEP][PASSED] - dataCustomer.cariPelanggan(customerName): Keys 'ENTER + ' sent to object: 'Object Repository/Master Data/Data Customer/SelectPelanggan'

2023-08-23 14:52:40 - [MESSAGE][PASSED] - Object 'Object Repository/Master Data/Data Customer/CariPelanggan' is clickable

2023-08-23 14:52:41 - [MESSAGE][PASSED] - Object 'Object Repository/Master Data/Data Customer/CariPelanggan' is clickable

2023-08-23 14:52:41 - [MESSAGE][INFO] - Click Element = Object Repository/Master Data/Data Customer/CariPelanggan

2023-08-23 14:52:41 - [MESSAGE][PASSED] - Object: 'Object Repository/Master Data/Data Customer/CariPelanggan' is clicked on

2023-08-23 14:52:42 - [MESSAGE][PASSED] - Keys 'Pt Rukun Mitra Sejati Blitar' sent to object: 'Object Repository/Master Data/Data Customer/SelectPelanggan'

2023-08-23 14:52:42 - [MESSAGE][PASSED] - Object 'Object Repository/Master Data/Data Customer/SelectPelanggan' is present

2023-08-23 14:52:43 - [MESSAGE][PASSED] - Keys 'ENTER + ' sent to object: 'Object Repository/Master Data/Data Customer/SelectPelanggan'

2023-08-23 14:52:43 - [TEST_STEP][PASSED] - namaCustomer = customerName: null

2023-08-23 14:52:43 - [TEST_STEP][PASSED] - dataCustomer.setDataCustomer(getHashMapDataCustomer): Object: 'Object Repository/Master Data/Data Customer/Tambah' is clicked on

2023-08-23 14:52:45 - [MESSAGE][PASSED] - Delayed 2 second(s)

2023-08-23 14:52:45 - [MESSAGE][PASSED] - Object 'Object Repository/Master Data/Data Customer/TambahKolom' is clickable

2023-08-23 14:52:45 - [MESSAGE][INFO] - Click Element = Object Repository/Master Data/Data Customer/TambahKolom

2023-08-23 14:52:45 - [MESSAGE][PASSED] - Object: 'Object Repository/Master Data/Data Customer/TambahKolom' is clicked on

2023-08-23 14:52:45 - [MESSAGE][INFO] - PRINCIPAL NAME: Nestle

2023-08-23 14:52:46 - [MESSAGE][PASSED] - Object 'Object Repository/Master Data/Data Customer/Pilih Principal' is clickable

2023-08-23 14:52:46 - [MESSAGE][INFO] - Click Element = Object Repository/Master Data/Data Customer/Pilih Principal

2023-08-23 14:52:46 - [MESSAGE][PASSED] - Object: 'Object Repository/Master Data/Data Customer/Pilih Principal' is clicked on

2023-08-23 14:52:47 - [MESSAGE][PASSED] - Keys 'Nestle' sent to object: 'Object Repository/Master Data/Data Customer/SelectPrincipal'

2023-08-23 14:52:47 - [MESSAGE][PASSED] - Object 'Object Repository/Master Data/Data Customer/SelectPrincipal' is present

2023-08-23 14:52:48 - [MESSAGE][PASSED] - Keys 'ENTER + ' sent to object: 'Object Repository/Master Data/Data Customer/SelectPrincipal'

2023-08-23 14:52:48 - [MESSAGE][PASSED] - Object 'Object Repository/Master Data/Data Customer/KodePelanggan' is clickable

2023-08-23 14:52:48 - [MESSAGE][INFO] - Click Element = Object Repository/Master Data/Data Customer/KodePelanggan

2023-08-23 14:52:49 - [MESSAGE][PASSED] - Object: 'Object Repository/Master Data/Data Customer/KodePelanggan' is clicked on

2023-08-23 14:52:49 - [MESSAGE][PASSED] - Attribute 'value' of object 'Object Repository/Master Data/Data Customer/KodePelanggan' is: 'NESTLE'

2023-08-23 14:52:50 - [MESSAGE][PASSED] - Keys 'CONTROL + a' sent to object: 'Object Repository/Master Data/Data Customer/KodePelanggan'

2023-08-23 14:52:50 - [MESSAGE][PASSED] - Keys 'BACK_SPACE + ' sent to object: 'Object Repository/Master Data/Data Customer/KodePelanggan'

2023-08-23 14:52:51 - [MESSAGE][PASSED] - Text 'NS6143060002877' is set on object 'Object Repository/Master Data/Data Customer/KodePelanggan'

2023-08-23 14:52:51 - [MESSAGE][PASSED] - Object 'Object Repository/Master Data/Data Customer/KodeCabang' is clickable

2023-08-23 14:52:51 - [MESSAGE][INFO] - Click Element = Object Repository/Master Data/Data Customer/KodeCabang

2023-08-23 14:52:51 - [MESSAGE][PASSED] - Object: 'Object Repository/Master Data/Data Customer/KodeCabang' is clicked on

2023-08-23 14:52:52 - [MESSAGE][PASSED] - Attribute 'value' of object 'Object Repository/Master Data/Data Customer/KodeCabang' is: ''

2023-08-23 14:52:53 - [MESSAGE][PASSED] - Text '1613724323336' is set on object 'Object Repository/Master Data/Data Customer/KodeCabang'

2023-08-23 14:52:53 - [MESSAGE][PASSED] - Object 'Object Repository/Master Data/Data Customer/ClientID' is clickable

2023-08-23 14:52:53 - [MESSAGE][INFO] - Click Element = Object Repository/Master Data/Data Customer/ClientID

2023-08-23 14:52:53 - [MESSAGE][PASSED] - Object: 'Object Repository/Master Data/Data Customer/ClientID' is clicked on

2023-08-23 14:52:54 - [MESSAGE][PASSED] - Attribute 'value' of object 'Object Repository/Master Data/Data Customer/ClientID' is: ''

2023-08-23 14:52:54 - [MESSAGE][PASSED] - Text 'Katalon00004' is set on object 'Object Repository/Master Data/Data Customer/ClientID'

2023-08-23 14:52:55 - [MESSAGE][PASSED] - Object 'Object Repository/Master Data/Data Customer/KodeDistributor' is clickable

2023-08-23 14:52:55 - [MESSAGE][INFO] - Click Element = Object Repository/Master Data/Data Customer/KodeDistributor

2023-08-23 14:52:55 - [MESSAGE][PASSED] - Object: 'Object Repository/Master Data/Data Customer/KodeDistributor' is clicked on

2023-08-23 14:52:55 - [MESSAGE][PASSED] - Attribute 'value' of object 'Object Repository/Master Data/Data Customer/KodeDistributor' is: ''

2023-08-23 14:52:56 - [MESSAGE][PASSED] - Text 'DistCode04' is set on object 'Object Repository/Master Data/Data Customer/KodeDistributor'

2023-08-23 14:52:57 - [MESSAGE][PASSED] - Object 'Object Repository/Master Data/Data Customer/Status' is clickable

2023-08-23 14:52:57 - [MESSAGE][INFO] - Click Element = Object Repository/Master Data/Data Customer/Status

2023-08-23 14:52:57 - [MESSAGE][PASSED] - Object: 'Object Repository/Master Data/Data Customer/Status' is clicked on

2023-08-23 14:52:57 - [MESSAGE][PASSED] - Keys 'Aktif' sent to object: 'Object Repository/Master Data/Data Customer/SelectStatus'

2023-08-23 14:52:58 - [MESSAGE][PASSED] - Object 'Object Repository/Master Data/Data Customer/SelectStatus' is present

2023-08-23 14:52:58 - [MESSAGE][PASSED] - Keys 'ENTER + ' sent to object: 'Object Repository/Master Data/Data Customer/SelectStatus'

2023-08-23 14:52:59 - [MESSAGE][PASSED] - Object 'Object Repository/Master Data/Data Customer/Tambah' is clickable

2023-08-23 14:52:59 - [MESSAGE][INFO] - Click Element = Object Repository/Master Data/Data Customer/Tambah

2023-08-23 14:52:59 - [MESSAGE][PASSED] - Object: 'Object Repository/Master Data/Data Customer/Tambah' is clicked on

2023-08-23 14:52:59 - [TEST_STEP][PASSED] - try: Object: 'Object Repository/Master Data/Data Customer/Tambah' is clicked on

2023-08-23 14:52:59 - [TEST_STEP][PASSED] - getHashMapDataCustomer = listHashMapDataCustomer.get(i): null

2023-08-23 14:52:59 - [TEST_STEP][PASSED] - testDataNumber = getHashMapDataCustomer.get("TD"): null

2023-08-23 14:52:59 - [TEST_STEP][PASSED] - customerName = getHashMapDataCustomer.get("customerName"): null

2023-08-23 14:52:59 - [TEST_STEP][PASSED] - category = getHashMapDataCustomer.get("category"): null

2023-08-23 14:52:59 - [TEST_STEP][PASSED] - msg = getHashMapDataCustomer.get("msg"): null

2023-08-23 14:52:59 - [TEST_STEP][PASSED] - if (category.equalsIgnoreCase("positive")): Object: 'Object Repository/Master Data/Data Customer/Tambah' is clicked on

2023-08-23 14:52:59 - [TEST_STEP][PASSED] - if (namaCustomer.equals("")): null

2023-08-23 14:52:59 - [TEST_STEP][PASSED] - namaCustomer = customerName: null

2023-08-23 14:52:59 - [TEST_STEP][PASSED] - dataCustomer.setDataCustomer(getHashMapDataCustomer): Object: 'Object Repository/Master Data/Data Customer/Tambah' is clicked on

2023-08-23 14:53:01 - [MESSAGE][PASSED] - Delayed 2 second(s)

2023-08-23 14:53:02 - [MESSAGE][PASSED] - Object 'Object Repository/Master Data/Data Customer/TambahKolom' is clickable

2023-08-23 14:53:02 - [MESSAGE][INFO] - Click Element = Object Repository/Master Data/Data Customer/TambahKolom

2023-08-23 14:53:02 - [MESSAGE][PASSED] - Object: 'Object Repository/Master Data/Data Customer/TambahKolom' is clicked on

2023-08-23 14:53:02 - [MESSAGE][INFO] - PRINCIPAL NAME: Nestle

2023-08-23 14:53:02 - [MESSAGE][PASSED] - Object 'Object Repository/Master Data/Data Customer/Pilih Principal' is clickable

2023-08-23 14:53:02 - [MESSAGE][INFO] - Click Element = Object Repository/Master Data/Data Customer/Pilih Principal

2023-08-23 14:53:03 - [MESSAGE][PASSED] - Object: 'Object Repository/Master Data/Data Customer/Pilih Principal' is clicked on

2023-08-23 14:53:03 - [MESSAGE][PASSED] - Keys 'Nestle' sent to object: 'Object Repository/Master Data/Data Customer/SelectPrincipal'

2023-08-23 14:53:04 - [MESSAGE][PASSED] - Object 'Object Repository/Master Data/Data Customer/SelectPrincipal' is present

2023-08-23 14:53:04 - [MESSAGE][PASSED] - Keys 'ENTER + ' sent to object: 'Object Repository/Master Data/Data Customer/SelectPrincipal'

2023-08-23 14:53:05 - [MESSAGE][PASSED] - Object 'Object Repository/Master Data/Data Customer/KodePelanggan' is clickable

2023-08-23 14:53:05 - [MESSAGE][INFO] - Click Element = Object Repository/Master Data/Data Customer/KodePelanggan

2023-08-23 14:53:05 - [MESSAGE][PASSED] - Object: 'Object Repository/Master Data/Data Customer/KodePelanggan' is clicked on

2023-08-23 14:53:06 - [MESSAGE][PASSED] - Attribute 'value' of object 'Object Repository/Master Data/Data Customer/KodePelanggan' is: 'NESTLE'

2023-08-23 14:53:06 - [MESSAGE][PASSED] - Keys 'CONTROL + a' sent to object: 'Object Repository/Master Data/Data Customer/KodePelanggan'

2023-08-23 14:53:06 - [MESSAGE][PASSED] - Keys 'BACK_SPACE + ' sent to object: 'Object Repository/Master Data/Data Customer/KodePelanggan'

2023-08-23 14:53:07 - [MESSAGE][PASSED] - Text 'NS6143060002877' is set on object 'Object Repository/Master Data/Data Customer/KodePelanggan'

2023-08-23 14:53:08 - [MESSAGE][PASSED] - Object 'Object Repository/Master Data/Data Customer/KodeCabang' is clickable

2023-08-23 14:53:08 - [MESSAGE][INFO] - Click Element = Object Repository/Master Data/Data Customer/KodeCabang

2023-08-23 14:53:08 - [MESSAGE][PASSED] - Object: 'Object Repository/Master Data/Data Customer/KodeCabang' is clicked on

2023-08-23 14:53:08 - [MESSAGE][PASSED] - Attribute 'value' of object 'Object Repository/Master Data/Data Customer/KodeCabang' is: '1613724323336'

2023-08-23 14:53:09 - [MESSAGE][PASSED] - Keys 'CONTROL + a' sent to object: 'Object Repository/Master Data/Data Customer/KodeCabang'

2023-08-23 14:53:09 - [MESSAGE][PASSED] - Keys 'BACK_SPACE + ' sent to object: 'Object Repository/Master Data/Data Customer/KodeCabang'

2023-08-23 14:53:10 - [MESSAGE][PASSED] - Text '1613724333337' is set on object 'Object Repository/Master Data/Data Customer/KodeCabang'

2023-08-23 14:53:10 - [MESSAGE][PASSED] - Object 'Object Repository/Master Data/Data Customer/ClientID' is clickable

2023-08-23 14:53:10 - [MESSAGE][INFO] - Click Element = Object Repository/Master Data/Data Customer/ClientID

2023-08-23 14:53:10 - [MESSAGE][PASSED] - Object: 'Object Repository/Master Data/Data Customer/ClientID' is clicked on

2023-08-23 14:53:11 - [MESSAGE][PASSED] - Attribute 'value' of object 'Object Repository/Master Data/Data Customer/ClientID' is: 'Katalon00004'

2023-08-23 14:53:11 - [MESSAGE][PASSED] - Keys 'CONTROL + a' sent to object: 'Object Repository/Master Data/Data Customer/ClientID'

2023-08-23 14:53:11 - [MESSAGE][PASSED] - Keys 'BACK_SPACE + ' sent to object: 'Object Repository/Master Data/Data Customer/ClientID'

2023-08-23 14:53:12 - [MESSAGE][PASSED] - Text 'Katalon00005' is set on object 'Object Repository/Master Data/Data Customer/ClientID'

2023-08-23 14:53:12 - [MESSAGE][PASSED] - Object 'Object Repository/Master Data/Data Customer/KodeDistributor' is clickable

2023-08-23 14:53:12 - [MESSAGE][INFO] - Click Element = Object Repository/Master Data/Data Customer/KodeDistributor

2023-08-23 14:53:13 - [MESSAGE][PASSED] - Object: 'Object Repository/Master Data/Data Customer/KodeDistributor' is clicked on

2023-08-23 14:53:13 - [MESSAGE][PASSED] - Attribute 'value' of object 'Object Repository/Master Data/Data Customer/KodeDistributor' is: 'DistCode04'

2023-08-23 14:53:13 - [MESSAGE][PASSED] - Keys 'CONTROL + a' sent to object: 'Object Repository/Master Data/Data Customer/KodeDistributor'

2023-08-23 14:53:14 - [MESSAGE][PASSED] - Keys 'BACK_SPACE + ' sent to object: 'Object Repository/Master Data/Data Customer/KodeDistributor'

2023-08-23 14:53:15 - [MESSAGE][PASSED] - Text 'DistCode05' is set on object 'Object Repository/Master Data/Data Customer/KodeDistributor'

2023-08-23 14:53:15 - [MESSAGE][PASSED] - Object 'Object Repository/Master Data/Data Customer/Status' is clickable

2023-08-23 14:53:15 - [MESSAGE][INFO] - Click Element = Object Repository/Master Data/Data Customer/Status

2023-08-23 14:53:15 - [MESSAGE][PASSED] - Object: 'Object Repository/Master Data/Data Customer/Status' is clicked on

2023-08-23 14:53:16 - [MESSAGE][PASSED] - Keys 'Aktif' sent to object: 'Object Repository/Master Data/Data Customer/SelectStatus'

2023-08-23 14:53:16 - [MESSAGE][PASSED] - Object 'Object Repository/Master Data/Data Customer/SelectStatus' is present

2023-08-23 14:53:17 - [MESSAGE][PASSED] - Keys 'ENTER + ' sent to object: 'Object Repository/Master Data/Data Customer/SelectStatus'

2023-08-23 14:53:17 - [MESSAGE][PASSED] - Object 'Object Repository/Master Data/Data Customer/Tambah' is clickable

2023-08-23 14:53:17 - [MESSAGE][INFO] - Click Element = Object Repository/Master Data/Data Customer/Tambah

2023-08-23 14:53:18 - [MESSAGE][PASSED] - Object: 'Object Repository/Master Data/Data Customer/Tambah' is clicked on

2023-08-23 14:53:18 - [TEST_STEP][PASSED] - try: Object: 'Object Repository/Master Data/Data Customer/Tambah' is clicked on

2023-08-23 14:53:18 - [TEST_STEP][PASSED] - getHashMapDataCustomer = listHashMapDataCustomer.get(i): null

2023-08-23 14:53:18 - [TEST_STEP][PASSED] - testDataNumber = getHashMapDataCustomer.get("TD"): null

2023-08-23 14:53:18 - [TEST_STEP][PASSED] - customerName = getHashMapDataCustomer.get("customerName"): null

2023-08-23 14:53:18 - [TEST_STEP][PASSED] - category = getHashMapDataCustomer.get("category"): null

2023-08-23 14:53:18 - [TEST_STEP][PASSED] - msg = getHashMapDataCustomer.get("msg"): null

2023-08-23 14:53:18 - [TEST_STEP][PASSED] - if (category.equalsIgnoreCase("positive")): Object: 'Object Repository/Master Data/Data Customer/Tambah' is clicked on

2023-08-23 14:53:18 - [TEST_STEP][PASSED] - if (namaCustomer.equals("")): null

2023-08-23 14:53:18 - [TEST_STEP][PASSED] - namaCustomer = customerName: null

2023-08-23 14:53:18 - [TEST_STEP][PASSED] - dataCustomer.setDataCustomer(getHashMapDataCustomer): Object: 'Object Repository/Master Data/Data Customer/Tambah' is clicked on

2023-08-23 14:53:20 - [MESSAGE][PASSED] - Delayed 2 second(s)

2023-08-23 14:53:20 - [MESSAGE][PASSED] - Object 'Object Repository/Master Data/Data Customer/TambahKolom' is clickable

2023-08-23 14:53:20 - [MESSAGE][INFO] - Click Element = Object Repository/Master Data/Data Customer/TambahKolom

2023-08-23 14:53:20 - [MESSAGE][PASSED] - Object: 'Object Repository/Master Data/Data Customer/TambahKolom' is clicked on

2023-08-23 14:53:20 - [MESSAGE][INFO] - PRINCIPAL NAME: Nestle

2023-08-23 14:53:21 - [MESSAGE][PASSED] - Object 'Object Repository/Master Data/Data Customer/Pilih Principal' is clickable

2023-08-23 14:53:21 - [MESSAGE][INFO] - Click Element = Object Repository/Master Data/Data Customer/Pilih Principal

2023-08-23 14:53:21 - [MESSAGE][PASSED] - Object: 'Object Repository/Master Data/Data Customer/Pilih Principal' is clicked on

2023-08-23 14:53:22 - [MESSAGE][PASSED] - Keys 'Nestle' sent to object: 'Object Repository/Master Data/Data Customer/SelectPrincipal'

2023-08-23 14:53:22 - [MESSAGE][PASSED] - Object 'Object Repository/Master Data/Data Customer/SelectPrincipal' is present

2023-08-23 14:53:23 - [MESSAGE][PASSED] - Keys 'ENTER + ' sent to object: 'Object Repository/Master Data/Data Customer/SelectPrincipal'

2023-08-23 14:53:23 - [MESSAGE][PASSED] - Object 'Object Repository/Master Data/Data Customer/KodePelanggan' is clickable

2023-08-23 14:53:23 - [MESSAGE][INFO] - Click Element = Object Repository/Master Data/Data Customer/KodePelanggan

2023-08-23 14:53:24 - [MESSAGE][PASSED] - Object: 'Object Repository/Master Data/Data Customer/KodePelanggan' is clicked on

2023-08-23 14:53:24 - [MESSAGE][PASSED] - Attribute 'value' of object 'Object Repository/Master Data/Data Customer/KodePelanggan' is: 'NESTLE'

2023-08-23 14:53:25 - [MESSAGE][PASSED] - Keys 'CONTROL + a' sent to object: 'Object Repository/Master Data/Data Customer/KodePelanggan'

2023-08-23 14:53:25 - [MESSAGE][PASSED] - Keys 'BACK_SPACE + ' sent to object: 'Object Repository/Master Data/Data Customer/KodePelanggan'

2023-08-23 14:53:26 - [MESSAGE][PASSED] - Text 'NS6143060002877' is set on object 'Object Repository/Master Data/Data Customer/KodePelanggan'

2023-08-23 14:53:26 - [MESSAGE][PASSED] - Object 'Object Repository/Master Data/Data Customer/KodeCabang' is clickable

2023-08-23 14:53:26 - [MESSAGE][INFO] - Click Element = Object Repository/Master Data/Data Customer/KodeCabang

2023-08-23 14:53:26 - [MESSAGE][PASSED] - Object: 'Object Repository/Master Data/Data Customer/KodeCabang' is clicked on

2023-08-23 14:53:27 - [MESSAGE][PASSED] - Attribute 'value' of object 'Object Repository/Master Data/Data Customer/KodeCabang' is: '1613724333337'

2023-08-23 14:53:27 - [MESSAGE][PASSED] - Keys 'CONTROL + a' sent to object: 'Object Repository/Master Data/Data Customer/KodeCabang'

2023-08-23 14:53:27 - [MESSAGE][PASSED] - Keys 'BACK_SPACE + ' sent to object: 'Object Repository/Master Data/Data Customer/KodeCabang'

2023-08-23 14:53:28 - [MESSAGE][PASSED] - Text '1613724323338' is set on object 'Object Repository/Master Data/Data Customer/KodeCabang'

2023-08-23 14:53:28 - [MESSAGE][PASSED] - Object 'Object Repository/Master Data/Data Customer/ClientID' is clickable

2023-08-23 14:53:28 - [MESSAGE][INFO] - Click Element = Object Repository/Master Data/Data Customer/ClientID

2023-08-23 14:53:29 - [MESSAGE][PASSED] - Object: 'Object Repository/Master Data/Data Customer/ClientID' is clicked on

2023-08-23 14:53:29 - [MESSAGE][PASSED] - Attribute 'value' of object 'Object Repository/Master Data/Data Customer/ClientID' is: 'Katalon00005'

2023-08-23 14:53:29 - [MESSAGE][PASSED] - Keys 'CONTROL + a' sent to object: 'Object Repository/Master Data/Data Customer/ClientID'

2023-08-23 14:53:30 - [MESSAGE][PASSED] - Keys 'BACK_SPACE + ' sent to object: 'Object Repository/Master Data/Data Customer/ClientID'

2023-08-23 14:53:31 - [MESSAGE][PASSED] - Text 'Katalon00006' is set on object 'Object Repository/Master Data/Data Customer/ClientID'

2023-08-23 14:53:31 - [MESSAGE][PASSED] - Object 'Object Repository/Master Data/Data Customer/KodeDistributor' is clickable

2023-08-23 14:53:31 - [MESSAGE][INFO] - Click Element = Object Repository/Master Data/Data Customer/KodeDistributor

2023-08-23 14:53:31 - [MESSAGE][PASSED] - Object: 'Object Repository/Master Data/Data Customer/KodeDistributor' is clicked on

2023-08-23 14:53:32 - [MESSAGE][PASSED] - Attribute 'value' of object 'Object Repository/Master Data/Data Customer/KodeDistributor' is: 'DistCode05'

2023-08-23 14:53:32 - [MESSAGE][PASSED] - Keys 'CONTROL + a' sent to object: 'Object Repository/Master Data/Data Customer/KodeDistributor'

2023-08-23 14:53:32 - [MESSAGE][PASSED] - Keys 'BACK_SPACE + ' sent to object: 'Object Repository/Master Data/Data Customer/KodeDistributor'

2023-08-23 14:53:33 - [MESSAGE][PASSED] - Text 'DistCode06' is set on object 'Object Repository/Master Data/Data Customer/KodeDistributor'

2023-08-23 14:53:33 - [MESSAGE][PASSED] - Object 'Object Repository/Master Data/Data Customer/Status' is clickable

2023-08-23 14:53:33 - [MESSAGE][INFO] - Click Element = Object Repository/Master Data/Data Customer/Status

2023-08-23 14:53:34 - [MESSAGE][PASSED] - Object: 'Object Repository/Master Data/Data Customer/Status' is clicked on

2023-08-23 14:53:34 - [MESSAGE][PASSED] - Keys 'Aktif' sent to object: 'Object Repository/Master Data/Data Customer/SelectStatus'

2023-08-23 14:53:35 - [MESSAGE][PASSED] - Object 'Object Repository/Master Data/Data Customer/SelectStatus' is present

2023-08-23 14:53:35 - [MESSAGE][PASSED] - Keys 'ENTER + ' sent to object: 'Object Repository/Master Data/Data Customer/SelectStatus'

2023-08-23 14:53:36 - [MESSAGE][PASSED] - Object 'Object Repository/Master Data/Data Customer/Tambah' is clickable

2023-08-23 14:53:36 - [MESSAGE][INFO] - Click Element = Object Repository/Master Data/Data Customer/Tambah

2023-08-23 14:53:36 - [MESSAGE][PASSED] - Object: 'Object Repository/Master Data/Data Customer/Tambah' is clicked on

2023-08-23 14:53:36 - [TEST_STEP][PASSED] - try: Object: 'Object Repository/Master Data/Data Customer/button_OK' is clicked on

2023-08-23 14:53:36 - [TEST_STEP][PASSED] - getHashMapDataCustomer = listHashMapDataCustomer.get(i): null

2023-08-23 14:53:36 - [TEST_STEP][PASSED] - testDataNumber = getHashMapDataCustomer.get("TD"): null

2023-08-23 14:53:36 - [TEST_STEP][PASSED] - customerName = getHashMapDataCustomer.get("customerName"): null

2023-08-23 14:53:36 - [TEST_STEP][PASSED] - category = getHashMapDataCustomer.get("category"): null

2023-08-23 14:53:36 - [TEST_STEP][PASSED] - msg = getHashMapDataCustomer.get("msg"): null

2023-08-23 14:53:36 - [TEST_STEP][PASSED] - if (category.equalsIgnoreCase("positive")): null

2023-08-23 14:53:36 - [TEST_STEP][PASSED] - else: Object: 'Object Repository/Master Data/Data Customer/button_OK' is clicked on

2023-08-23 14:53:36 - [TEST_STEP][PASSED] - if (!(namaCustomer.equalsIgnoreCase(customerName))): Delayed 3 second(s)

2023-08-23 14:53:36 - [TEST_STEP][PASSED] - dataCustomer.saveDocument(): Wait for page load successfully

2023-08-23 14:53:37 - [MESSAGE][PASSED] - Object 'Object Repository/Master Data/Data Customer/Simpan' is clickable

2023-08-23 14:53:37 - [MESSAGE][INFO] - Click Element = Object Repository/Master Data/Data Customer/Simpan

2023-08-23 14:53:37 - [MESSAGE][PASSED] - Object: 'Object Repository/Master Data/Data Customer/Simpan' is clicked on

2023-08-23 14:53:37 - [MESSAGE][PASSED] - Wait for page load successfully

2023-08-23 14:53:37 - [TEST_STEP][PASSED] - delay(3): Delayed 3 second(s)

2023-08-23 14:53:40 - [MESSAGE][PASSED] - Delayed 3 second(s)

2023-08-23 14:53:40 - [TEST_STEP][PASSED] - namaCustomer = customerName: null

2023-08-23 14:53:40 - [TEST_STEP][PASSED] - dataCustomer.refreshWeb(): Delayed 1 second(s)

2023-08-23 14:53:40 - [MESSAGE][PASSED] - Refresh successfully

2023-08-23 14:53:41 - [MESSAGE][PASSED] - Delayed 1 second(s)

2023-08-23 14:53:41 - [TEST_STEP][PASSED] - dataCustomer.cariPelanggan(customerName): Keys 'ENTER + ' sent to object: 'Object Repository/Master Data/Data Customer/SelectPelanggan'

2023-08-23 14:53:42 - [MESSAGE][PASSED] - Object 'Object Repository/Master Data/Data Customer/CariPelanggan' is clickable

2023-08-23 14:53:42 - [MESSAGE][PASSED] - Object 'Object Repository/Master Data/Data Customer/CariPelanggan' is clickable

2023-08-23 14:53:42 - [MESSAGE][INFO] - Click Element = Object Repository/Master Data/Data Customer/CariPelanggan

2023-08-23 14:53:42 - [MESSAGE][PASSED] - Object: 'Object Repository/Master Data/Data Customer/CariPelanggan' is clicked on

2023-08-23 14:53:43 - [MESSAGE][PASSED] - Keys 'Belum Ada' sent to object: 'Object Repository/Master Data/Data Customer/SelectPelanggan'

2023-08-23 14:53:43 - [MESSAGE][PASSED] - Object 'Object Repository/Master Data/Data Customer/SelectPelanggan' is present

2023-08-23 14:53:44 - [MESSAGE][PASSED] - Keys 'ENTER + ' sent to object: 'Object Repository/Master Data/Data Customer/SelectPelanggan'

2023-08-23 14:53:44 - [TEST_STEP][PASSED] - dataCustomer.setDataCustomer(getHashMapDataCustomer): Object: 'Object Repository/Master Data/Data Customer/Tambah' is clicked on

2023-08-23 14:53:46 - [MESSAGE][PASSED] - Delayed 2 second(s)

2023-08-23 14:53:46 - [MESSAGE][PASSED] - Object 'Object Repository/Master Data/Data Customer/TambahKolom' is clickable

2023-08-23 14:53:46 - [MESSAGE][INFO] - Click Element = Object Repository/Master Data/Data Customer/TambahKolom

2023-08-23 14:53:47 - [MESSAGE][PASSED] - Object: 'Object Repository/Master Data/Data Customer/TambahKolom' is clicked on

2023-08-23 14:53:47 - [MESSAGE][INFO] - PRINCIPAL NAME: 

2023-08-23 14:53:47 - [MESSAGE][PASSED] - Object 'Object Repository/Master Data/Data Customer/KodePelanggan' is clickable

2023-08-23 14:53:47 - [MESSAGE][INFO] - Click Element = Object Repository/Master Data/Data Customer/KodePelanggan

2023-08-23 14:53:47 - [MESSAGE][PASSED] - Object: 'Object Repository/Master Data/Data Customer/KodePelanggan' is clicked on

2023-08-23 14:53:48 - [MESSAGE][PASSED] - Attribute 'value' of object 'Object Repository/Master Data/Data Customer/KodePelanggan' is: ''

2023-08-23 14:53:48 - [MESSAGE][PASSED] - Text 'NS6143060002877' is set on object 'Object Repository/Master Data/Data Customer/KodePelanggan'

2023-08-23 14:53:49 - [MESSAGE][PASSED] - Object 'Object Repository/Master Data/Data Customer/KodeCabang' is clickable

2023-08-23 14:53:49 - [MESSAGE][INFO] - Click Element = Object Repository/Master Data/Data Customer/KodeCabang

2023-08-23 14:53:49 - [MESSAGE][PASSED] - Object: 'Object Repository/Master Data/Data Customer/KodeCabang' is clicked on

2023-08-23 14:53:49 - [MESSAGE][PASSED] - Attribute 'value' of object 'Object Repository/Master Data/Data Customer/KodeCabang' is: ''

2023-08-23 14:53:50 - [MESSAGE][PASSED] - Text '1613724323339' is set on object 'Object Repository/Master Data/Data Customer/KodeCabang'

2023-08-23 14:53:51 - [MESSAGE][PASSED] - Object 'Object Repository/Master Data/Data Customer/ClientID' is clickable

2023-08-23 14:53:51 - [MESSAGE][INFO] - Click Element = Object Repository/Master Data/Data Customer/ClientID

2023-08-23 14:53:51 - [MESSAGE][PASSED] - Object: 'Object Repository/Master Data/Data Customer/ClientID' is clicked on

2023-08-23 14:53:51 - [MESSAGE][PASSED] - Attribute 'value' of object 'Object Repository/Master Data/Data Customer/ClientID' is: ''

2023-08-23 14:53:52 - [MESSAGE][PASSED] - Text 'Katalon00006' is set on object 'Object Repository/Master Data/Data Customer/ClientID'

2023-08-23 14:53:52 - [MESSAGE][PASSED] - Object 'Object Repository/Master Data/Data Customer/KodeDistributor' is clickable

2023-08-23 14:53:52 - [MESSAGE][INFO] - Click Element = Object Repository/Master Data/Data Customer/KodeDistributor

2023-08-23 14:53:53 - [MESSAGE][PASSED] - Object: 'Object Repository/Master Data/Data Customer/KodeDistributor' is clicked on

2023-08-23 14:53:53 - [MESSAGE][PASSED] - Attribute 'value' of object 'Object Repository/Master Data/Data Customer/KodeDistributor' is: ''

2023-08-23 14:53:54 - [MESSAGE][PASSED] - Text 'DistCode06' is set on object 'Object Repository/Master Data/Data Customer/KodeDistributor'

2023-08-23 14:53:54 - [MESSAGE][PASSED] - Object 'Object Repository/Master Data/Data Customer/Status' is clickable

2023-08-23 14:53:54 - [MESSAGE][INFO] - Click Element = Object Repository/Master Data/Data Customer/Status

2023-08-23 14:53:54 - [MESSAGE][PASSED] - Object: 'Object Repository/Master Data/Data Customer/Status' is clicked on

2023-08-23 14:53:55 - [MESSAGE][PASSED] - Keys 'Aktif' sent to object: 'Object Repository/Master Data/Data Customer/SelectStatus'

2023-08-23 14:53:56 - [MESSAGE][PASSED] - Object 'Object Repository/Master Data/Data Customer/SelectStatus' is present

2023-08-23 14:53:56 - [MESSAGE][PASSED] - Keys 'ENTER + ' sent to object: 'Object Repository/Master Data/Data Customer/SelectStatus'

2023-08-23 14:53:56 - [MESSAGE][PASSED] - Object 'Object Repository/Master Data/Data Customer/Tambah' is clickable

2023-08-23 14:53:56 - [MESSAGE][INFO] - Click Element = Object Repository/Master Data/Data Customer/Tambah

2023-08-23 14:53:57 - [MESSAGE][PASSED] - Object: 'Object Repository/Master Data/Data Customer/Tambah' is clicked on

2023-08-23 14:53:57 - [TEST_STEP][PASSED] - dataCustomer.saveDocument(): Wait for page load successfully

2023-08-23 14:53:57 - [MESSAGE][PASSED] - Object 'Object Repository/Master Data/Data Customer/Simpan' is clickable

2023-08-23 14:53:57 - [MESSAGE][INFO] - Click Element = Object Repository/Master Data/Data Customer/Simpan

2023-08-23 14:53:58 - [MESSAGE][PASSED] - Object: 'Object Repository/Master Data/Data Customer/Simpan' is clicked on

2023-08-23 14:53:58 - [MESSAGE][PASSED] - Wait for page load successfully

2023-08-23 14:53:58 - [TEST_STEP][PASSED] - dataCustomer.verifyMsg(msg, testDataNumber, category): Object: 'Object Repository/Master Data/Data Customer/button_OK' is clicked on

2023-08-23 14:53:59 - [MESSAGE][PASSED] - Delayed 1 second(s)

2023-08-23 14:53:59 - [MESSAGE][PASSED] - Text of object 'Object Repository/Master Data/Data Customer/msgValidation' is: 'Data principal_id 0 tidak diketahui'

2023-08-23 14:53:59 - [MESSAGE][INFO] - MSG =  Data principal_id 0 tidak diketahui

2023-08-23 14:53:59 - [MESSAGE][INFO] - Message: TDG220607 - Data principal_id 0 tidak diketahui

2023-08-23 14:53:59 - [MESSAGE][PASSED] - Object 'Object Repository/Master Data/Data Customer/button_OK' is clickable

2023-08-23 14:53:59 - [MESSAGE][INFO] - Click Element = Object Repository/Master Data/Data Customer/button_OK

2023-08-23 14:54:00 - [MESSAGE][PASSED] - Object: 'Object Repository/Master Data/Data Customer/button_OK' is clicked on

2023-08-23 14:54:00 - [TEST_STEP][PASSED] - try: Object: 'Object Repository/Master Data/Data Customer/button_OK' is clicked on

2023-08-23 14:54:00 - [TEST_STEP][PASSED] - getHashMapDataCustomer = listHashMapDataCustomer.get(i): null

2023-08-23 14:54:00 - [TEST_STEP][PASSED] - testDataNumber = getHashMapDataCustomer.get("TD"): null

2023-08-23 14:54:00 - [TEST_STEP][PASSED] - customerName = getHashMapDataCustomer.get("customerName"): null

2023-08-23 14:54:00 - [TEST_STEP][PASSED] - category = getHashMapDataCustomer.get("category"): null

2023-08-23 14:54:00 - [TEST_STEP][PASSED] - msg = getHashMapDataCustomer.get("msg"): null

2023-08-23 14:54:00 - [TEST_STEP][PASSED] - if (category.equalsIgnoreCase("positive")): null

2023-08-23 14:54:00 - [TEST_STEP][PASSED] - else: Object: 'Object Repository/Master Data/Data Customer/button_OK' is clicked on

2023-08-23 14:54:00 - [TEST_STEP][PASSED] - if (!(namaCustomer.equalsIgnoreCase(customerName))): null

2023-08-23 14:54:00 - [TEST_STEP][PASSED] - namaCustomer = customerName: null

2023-08-23 14:54:00 - [TEST_STEP][PASSED] - dataCustomer.refreshWeb(): Delayed 1 second(s)

2023-08-23 14:54:00 - [MESSAGE][PASSED] - Refresh successfully

2023-08-23 14:54:01 - [MESSAGE][PASSED] - Delayed 1 second(s)

2023-08-23 14:54:01 - [TEST_STEP][PASSED] - dataCustomer.cariPelanggan(customerName): Keys 'ENTER + ' sent to object: 'Object Repository/Master Data/Data Customer/SelectPelanggan'

2023-08-23 14:54:01 - [MESSAGE][PASSED] - Object 'Object Repository/Master Data/Data Customer/CariPelanggan' is clickable

2023-08-23 14:54:02 - [MESSAGE][PASSED] - Object 'Object Repository/Master Data/Data Customer/CariPelanggan' is clickable

2023-08-23 14:54:02 - [MESSAGE][INFO] - Click Element = Object Repository/Master Data/Data Customer/CariPelanggan

2023-08-23 14:54:02 - [MESSAGE][PASSED] - Object: 'Object Repository/Master Data/Data Customer/CariPelanggan' is clicked on

2023-08-23 14:54:03 - [MESSAGE][PASSED] - Keys 'Belum Ada' sent to object: 'Object Repository/Master Data/Data Customer/SelectPelanggan'

2023-08-23 14:54:03 - [MESSAGE][PASSED] - Object 'Object Repository/Master Data/Data Customer/SelectPelanggan' is present

2023-08-23 14:54:04 - [MESSAGE][PASSED] - Keys 'ENTER + ' sent to object: 'Object Repository/Master Data/Data Customer/SelectPelanggan'

2023-08-23 14:54:04 - [TEST_STEP][PASSED] - dataCustomer.setDataCustomer(getHashMapDataCustomer): Object: 'Object Repository/Master Data/Data Customer/Tambah' is clicked on

2023-08-23 14:54:06 - [MESSAGE][PASSED] - Delayed 2 second(s)

2023-08-23 14:54:06 - [MESSAGE][PASSED] - Object 'Object Repository/Master Data/Data Customer/TambahKolom' is clickable

2023-08-23 14:54:06 - [MESSAGE][INFO] - Click Element = Object Repository/Master Data/Data Customer/TambahKolom

2023-08-23 14:54:06 - [MESSAGE][PASSED] - Object: 'Object Repository/Master Data/Data Customer/TambahKolom' is clicked on

2023-08-23 14:54:06 - [MESSAGE][INFO] - PRINCIPAL NAME: Nestle

2023-08-23 14:54:07 - [MESSAGE][PASSED] - Object 'Object Repository/Master Data/Data Customer/Pilih Principal' is clickable

2023-08-23 14:54:07 - [MESSAGE][INFO] - Click Element = Object Repository/Master Data/Data Customer/Pilih Principal

2023-08-23 14:54:07 - [MESSAGE][PASSED] - Object: 'Object Repository/Master Data/Data Customer/Pilih Principal' is clicked on

2023-08-23 14:54:08 - [MESSAGE][PASSED] - Keys 'Nestle' sent to object: 'Object Repository/Master Data/Data Customer/SelectPrincipal'

2023-08-23 14:54:09 - [MESSAGE][PASSED] - Object 'Object Repository/Master Data/Data Customer/SelectPrincipal' is present

2023-08-23 14:54:09 - [MESSAGE][PASSED] - Keys 'ENTER + ' sent to object: 'Object Repository/Master Data/Data Customer/SelectPrincipal'

2023-08-23 14:54:09 - [MESSAGE][PASSED] - Object 'Object Repository/Master Data/Data Customer/KodePelanggan' is clickable

2023-08-23 14:54:09 - [MESSAGE][INFO] - Click Element = Object Repository/Master Data/Data Customer/KodePelanggan

2023-08-23 14:54:10 - [MESSAGE][PASSED] - Object: 'Object Repository/Master Data/Data Customer/KodePelanggan' is clicked on

2023-08-23 14:54:10 - [MESSAGE][PASSED] - Attribute 'value' of object 'Object Repository/Master Data/Data Customer/KodePelanggan' is: 'NESTLE'

2023-08-23 14:54:11 - [MESSAGE][PASSED] - Keys 'CONTROL + a' sent to object: 'Object Repository/Master Data/Data Customer/KodePelanggan'

2023-08-23 14:54:11 - [MESSAGE][PASSED] - Keys 'BACK_SPACE + ' sent to object: 'Object Repository/Master Data/Data Customer/KodePelanggan'

2023-08-23 14:54:12 - [MESSAGE][PASSED] - Text 'NS6143060002877NS61430600028779' is set on object 'Object Repository/Master Data/Data Customer/KodePelanggan'

2023-08-23 14:54:12 - [MESSAGE][PASSED] - Object 'Object Repository/Master Data/Data Customer/KodeCabang' is clickable

2023-08-23 14:54:12 - [MESSAGE][INFO] - Click Element = Object Repository/Master Data/Data Customer/KodeCabang

2023-08-23 14:54:13 - [MESSAGE][PASSED] - Object: 'Object Repository/Master Data/Data Customer/KodeCabang' is clicked on

2023-08-23 14:54:13 - [MESSAGE][PASSED] - Attribute 'value' of object 'Object Repository/Master Data/Data Customer/KodeCabang' is: ''

2023-08-23 14:54:14 - [MESSAGE][PASSED] - Text '1613724333331' is set on object 'Object Repository/Master Data/Data Customer/KodeCabang'

2023-08-23 14:54:14 - [MESSAGE][PASSED] - Object 'Object Repository/Master Data/Data Customer/ClientID' is clickable

2023-08-23 14:54:14 - [MESSAGE][INFO] - Click Element = Object Repository/Master Data/Data Customer/ClientID

2023-08-23 14:54:14 - [MESSAGE][PASSED] - Object: 'Object Repository/Master Data/Data Customer/ClientID' is clicked on

2023-08-23 14:54:15 - [MESSAGE][PASSED] - Attribute 'value' of object 'Object Repository/Master Data/Data Customer/ClientID' is: ''

2023-08-23 14:54:15 - [MESSAGE][PASSED] - Text 'Katalon00006' is set on object 'Object Repository/Master Data/Data Customer/ClientID'

2023-08-23 14:54:16 - [MESSAGE][PASSED] - Object 'Object Repository/Master Data/Data Customer/KodeDistributor' is clickable

2023-08-23 14:54:16 - [MESSAGE][INFO] - Click Element = Object Repository/Master Data/Data Customer/KodeDistributor

2023-08-23 14:54:16 - [MESSAGE][PASSED] - Object: 'Object Repository/Master Data/Data Customer/KodeDistributor' is clicked on

2023-08-23 14:54:16 - [MESSAGE][PASSED] - Attribute 'value' of object 'Object Repository/Master Data/Data Customer/KodeDistributor' is: ''

2023-08-23 14:54:17 - [MESSAGE][PASSED] - Text 'DistCode06' is set on object 'Object Repository/Master Data/Data Customer/KodeDistributor'

2023-08-23 14:54:17 - [MESSAGE][PASSED] - Object 'Object Repository/Master Data/Data Customer/Status' is clickable

2023-08-23 14:54:17 - [MESSAGE][INFO] - Click Element = Object Repository/Master Data/Data Customer/Status

2023-08-23 14:54:18 - [MESSAGE][PASSED] - Object: 'Object Repository/Master Data/Data Customer/Status' is clicked on

2023-08-23 14:54:18 - [MESSAGE][PASSED] - Keys 'Aktif' sent to object: 'Object Repository/Master Data/Data Customer/SelectStatus'

2023-08-23 14:54:19 - [MESSAGE][PASSED] - Object 'Object Repository/Master Data/Data Customer/SelectStatus' is present

2023-08-23 14:54:19 - [MESSAGE][PASSED] - Keys 'ENTER + ' sent to object: 'Object Repository/Master Data/Data Customer/SelectStatus'

2023-08-23 14:54:20 - [MESSAGE][PASSED] - Object 'Object Repository/Master Data/Data Customer/Tambah' is clickable

2023-08-23 14:54:20 - [MESSAGE][INFO] - Click Element = Object Repository/Master Data/Data Customer/Tambah

2023-08-23 14:54:20 - [MESSAGE][PASSED] - Object: 'Object Repository/Master Data/Data Customer/Tambah' is clicked on

2023-08-23 14:54:20 - [TEST_STEP][PASSED] - dataCustomer.saveDocument(): Wait for page load successfully

2023-08-23 14:54:21 - [MESSAGE][PASSED] - Object 'Object Repository/Master Data/Data Customer/Simpan' is clickable

2023-08-23 14:54:21 - [MESSAGE][INFO] - Click Element = Object Repository/Master Data/Data Customer/Simpan

2023-08-23 14:54:21 - [MESSAGE][PASSED] - Object: 'Object Repository/Master Data/Data Customer/Simpan' is clicked on

2023-08-23 14:54:21 - [MESSAGE][PASSED] - Wait for page load successfully

2023-08-23 14:54:21 - [TEST_STEP][PASSED] - dataCustomer.verifyMsg(msg, testDataNumber, category): Object: 'Object Repository/Master Data/Data Customer/button_OK' is clicked on

2023-08-23 14:54:22 - [MESSAGE][PASSED] - Delayed 1 second(s)

2023-08-23 14:54:22 - [MESSAGE][PASSED] - Text of object 'Object Repository/Master Data/Data Customer/msgValidation' is: 'Jumlah karakter pada ns_code harus lebih kecil dari 30'

2023-08-23 14:54:22 - [MESSAGE][INFO] - MSG =  Jumlah karakter pada ns_code harus lebih kecil dari 30

2023-08-23 14:54:22 - [MESSAGE][INFO] - Message: TDG220608 - Jumlah karakter pada ns_code harus lebih kecil dari 30

2023-08-23 14:54:23 - [MESSAGE][PASSED] - Object 'Object Repository/Master Data/Data Customer/button_OK' is clickable

2023-08-23 14:54:23 - [MESSAGE][INFO] - Click Element = Object Repository/Master Data/Data Customer/button_OK

2023-08-23 14:54:23 - [MESSAGE][PASSED] - Object: 'Object Repository/Master Data/Data Customer/button_OK' is clicked on

2023-08-23 14:54:23 - [TEST_STEP][PASSED] - try: Object: 'Object Repository/Master Data/Data Customer/button_OK' is clicked on

2023-08-23 14:54:23 - [TEST_STEP][PASSED] - getHashMapDataCustomer = listHashMapDataCustomer.get(i): null

2023-08-23 14:54:23 - [TEST_STEP][PASSED] - testDataNumber = getHashMapDataCustomer.get("TD"): null

2023-08-23 14:54:23 - [TEST_STEP][PASSED] - customerName = getHashMapDataCustomer.get("customerName"): null

2023-08-23 14:54:23 - [TEST_STEP][PASSED] - category = getHashMapDataCustomer.get("category"): null

2023-08-23 14:54:23 - [TEST_STEP][PASSED] - msg = getHashMapDataCustomer.get("msg"): null

2023-08-23 14:54:23 - [TEST_STEP][PASSED] - if (category.equalsIgnoreCase("positive")): null

2023-08-23 14:54:23 - [TEST_STEP][PASSED] - else: Object: 'Object Repository/Master Data/Data Customer/button_OK' is clicked on

2023-08-23 14:54:23 - [TEST_STEP][PASSED] - if (!(namaCustomer.equalsIgnoreCase(customerName))): null

2023-08-23 14:54:23 - [TEST_STEP][PASSED] - namaCustomer = customerName: null

2023-08-23 14:54:23 - [TEST_STEP][PASSED] - dataCustomer.refreshWeb(): Delayed 1 second(s)

2023-08-23 14:54:23 - [MESSAGE][PASSED] - Refresh successfully

2023-08-23 14:54:24 - [MESSAGE][PASSED] - Delayed 1 second(s)

2023-08-23 14:54:24 - [TEST_STEP][PASSED] - dataCustomer.cariPelanggan(customerName): Keys 'ENTER + ' sent to object: 'Object Repository/Master Data/Data Customer/SelectPelanggan'

2023-08-23 14:54:25 - [MESSAGE][PASSED] - Object 'Object Repository/Master Data/Data Customer/CariPelanggan' is clickable

2023-08-23 14:54:25 - [MESSAGE][PASSED] - Object 'Object Repository/Master Data/Data Customer/CariPelanggan' is clickable

2023-08-23 14:54:25 - [MESSAGE][INFO] - Click Element = Object Repository/Master Data/Data Customer/CariPelanggan

2023-08-23 14:54:25 - [MESSAGE][PASSED] - Object: 'Object Repository/Master Data/Data Customer/CariPelanggan' is clicked on

2023-08-23 14:54:26 - [MESSAGE][PASSED] - Keys 'Belum Ada' sent to object: 'Object Repository/Master Data/Data Customer/SelectPelanggan'

2023-08-23 14:54:27 - [MESSAGE][PASSED] - Object 'Object Repository/Master Data/Data Customer/SelectPelanggan' is present

2023-08-23 14:54:27 - [MESSAGE][PASSED] - Keys 'ENTER + ' sent to object: 'Object Repository/Master Data/Data Customer/SelectPelanggan'

2023-08-23 14:54:27 - [TEST_STEP][PASSED] - dataCustomer.setDataCustomer(getHashMapDataCustomer): Object: 'Object Repository/Master Data/Data Customer/Tambah' is clicked on

2023-08-23 14:54:29 - [MESSAGE][PASSED] - Delayed 2 second(s)

2023-08-23 14:54:29 - [MESSAGE][PASSED] - Object 'Object Repository/Master Data/Data Customer/TambahKolom' is clickable

2023-08-23 14:54:29 - [MESSAGE][INFO] - Click Element = Object Repository/Master Data/Data Customer/TambahKolom

2023-08-23 14:54:30 - [MESSAGE][PASSED] - Object: 'Object Repository/Master Data/Data Customer/TambahKolom' is clicked on

2023-08-23 14:54:30 - [MESSAGE][INFO] - PRINCIPAL NAME: Nestle

2023-08-23 14:54:30 - [MESSAGE][PASSED] - Object 'Object Repository/Master Data/Data Customer/Pilih Principal' is clickable

2023-08-23 14:54:30 - [MESSAGE][INFO] - Click Element = Object Repository/Master Data/Data Customer/Pilih Principal

2023-08-23 14:54:31 - [MESSAGE][PASSED] - Object: 'Object Repository/Master Data/Data Customer/Pilih Principal' is clicked on

2023-08-23 14:54:31 - [MESSAGE][PASSED] - Keys 'Nestle' sent to object: 'Object Repository/Master Data/Data Customer/SelectPrincipal'

2023-08-23 14:54:32 - [MESSAGE][PASSED] - Object 'Object Repository/Master Data/Data Customer/SelectPrincipal' is present

2023-08-23 14:54:32 - [MESSAGE][PASSED] - Keys 'ENTER + ' sent to object: 'Object Repository/Master Data/Data Customer/SelectPrincipal'

2023-08-23 14:54:32 - [MESSAGE][PASSED] - Object 'Object Repository/Master Data/Data Customer/KodePelanggan' is clickable

2023-08-23 14:54:32 - [MESSAGE][INFO] - Click Element = Object Repository/Master Data/Data Customer/KodePelanggan

2023-08-23 14:54:33 - [MESSAGE][PASSED] - Object: 'Object Repository/Master Data/Data Customer/KodePelanggan' is clicked on

2023-08-23 14:54:33 - [MESSAGE][PASSED] - Attribute 'value' of object 'Object Repository/Master Data/Data Customer/KodePelanggan' is: 'NESTLE'

2023-08-23 14:54:34 - [MESSAGE][PASSED] - Keys 'CONTROL + a' sent to object: 'Object Repository/Master Data/Data Customer/KodePelanggan'

2023-08-23 14:54:34 - [MESSAGE][PASSED] - Keys 'BACK_SPACE + ' sent to object: 'Object Repository/Master Data/Data Customer/KodePelanggan'

2023-08-23 14:54:35 - [MESSAGE][PASSED] - Text 'NS6143060002877' is set on object 'Object Repository/Master Data/Data Customer/KodePelanggan'

2023-08-23 14:54:35 - [MESSAGE][PASSED] - Object 'Object Repository/Master Data/Data Customer/KodeCabang' is clickable

2023-08-23 14:54:35 - [MESSAGE][INFO] - Click Element = Object Repository/Master Data/Data Customer/KodeCabang

2023-08-23 14:54:36 - [MESSAGE][PASSED] - Object: 'Object Repository/Master Data/Data Customer/KodeCabang' is clicked on

2023-08-23 14:54:36 - [MESSAGE][PASSED] - Attribute 'value' of object 'Object Repository/Master Data/Data Customer/KodeCabang' is: ''

2023-08-23 14:54:37 - [MESSAGE][PASSED] - Text 'NS6143060002877NS61430600028779' is set on object 'Object Repository/Master Data/Data Customer/KodeCabang'

2023-08-23 14:54:37 - [MESSAGE][PASSED] - Object 'Object Repository/Master Data/Data Customer/ClientID' is clickable

2023-08-23 14:54:37 - [MESSAGE][INFO] - Click Element = Object Repository/Master Data/Data Customer/ClientID

2023-08-23 14:54:37 - [MESSAGE][PASSED] - Object: 'Object Repository/Master Data/Data Customer/ClientID' is clicked on

2023-08-23 14:54:38 - [MESSAGE][PASSED] - Attribute 'value' of object 'Object Repository/Master Data/Data Customer/ClientID' is: ''

2023-08-23 14:54:38 - [MESSAGE][PASSED] - Text 'Katalon00006' is set on object 'Object Repository/Master Data/Data Customer/ClientID'

2023-08-23 14:54:39 - [MESSAGE][PASSED] - Object 'Object Repository/Master Data/Data Customer/KodeDistributor' is clickable

2023-08-23 14:54:39 - [MESSAGE][INFO] - Click Element = Object Repository/Master Data/Data Customer/KodeDistributor

2023-08-23 14:54:39 - [MESSAGE][PASSED] - Object: 'Object Repository/Master Data/Data Customer/KodeDistributor' is clicked on

2023-08-23 14:54:39 - [MESSAGE][PASSED] - Attribute 'value' of object 'Object Repository/Master Data/Data Customer/KodeDistributor' is: ''

2023-08-23 14:54:40 - [MESSAGE][PASSED] - Text 'DistCode06' is set on object 'Object Repository/Master Data/Data Customer/KodeDistributor'

2023-08-23 14:54:41 - [MESSAGE][PASSED] - Object 'Object Repository/Master Data/Data Customer/Status' is clickable

2023-08-23 14:54:41 - [MESSAGE][INFO] - Click Element = Object Repository/Master Data/Data Customer/Status

2023-08-23 14:54:41 - [MESSAGE][PASSED] - Object: 'Object Repository/Master Data/Data Customer/Status' is clicked on

2023-08-23 14:54:41 - [MESSAGE][PASSED] - Keys 'Aktif' sent to object: 'Object Repository/Master Data/Data Customer/SelectStatus'

2023-08-23 14:54:42 - [MESSAGE][PASSED] - Object 'Object Repository/Master Data/Data Customer/SelectStatus' is present

2023-08-23 14:54:42 - [MESSAGE][PASSED] - Keys 'ENTER + ' sent to object: 'Object Repository/Master Data/Data Customer/SelectStatus'

2023-08-23 14:54:43 - [MESSAGE][PASSED] - Object 'Object Repository/Master Data/Data Customer/Tambah' is clickable

2023-08-23 14:54:43 - [MESSAGE][INFO] - Click Element = Object Repository/Master Data/Data Customer/Tambah

2023-08-23 14:54:43 - [MESSAGE][PASSED] - Object: 'Object Repository/Master Data/Data Customer/Tambah' is clicked on

2023-08-23 14:54:43 - [TEST_STEP][PASSED] - dataCustomer.saveDocument(): Wait for page load successfully

2023-08-23 14:54:44 - [MESSAGE][PASSED] - Object 'Object Repository/Master Data/Data Customer/Simpan' is clickable

2023-08-23 14:54:44 - [MESSAGE][INFO] - Click Element = Object Repository/Master Data/Data Customer/Simpan

2023-08-23 14:54:44 - [MESSAGE][PASSED] - Object: 'Object Repository/Master Data/Data Customer/Simpan' is clicked on

2023-08-23 14:54:44 - [MESSAGE][PASSED] - Wait for page load successfully

2023-08-23 14:54:44 - [TEST_STEP][PASSED] - dataCustomer.verifyMsg(msg, testDataNumber, category): Object: 'Object Repository/Master Data/Data Customer/button_OK' is clicked on

2023-08-23 14:54:45 - [MESSAGE][PASSED] - Delayed 1 second(s)

2023-08-23 14:54:45 - [MESSAGE][PASSED] - Text of object 'Object Repository/Master Data/Data Customer/msgValidation' is: 'Jumlah karakter pada branch_id harus lebih kecil dari 30'

2023-08-23 14:54:45 - [MESSAGE][INFO] - MSG =  Jumlah karakter pada branch_id harus lebih kecil dari 30

2023-08-23 14:54:45 - [MESSAGE][INFO] - Message: TDG220609 - Jumlah karakter pada branch_id harus lebih kecil dari 30

2023-08-23 14:54:46 - [MESSAGE][PASSED] - Object 'Object Repository/Master Data/Data Customer/button_OK' is clickable

2023-08-23 14:54:46 - [MESSAGE][INFO] - Click Element = Object Repository/Master Data/Data Customer/button_OK

2023-08-23 14:54:46 - [MESSAGE][PASSED] - Object: 'Object Repository/Master Data/Data Customer/button_OK' is clicked on

2023-08-23 14:54:46 - [TEST_STEP][PASSED] - try: Object: 'Object Repository/Master Data/Data Customer/button_OK' is clicked on

2023-08-23 14:54:46 - [TEST_STEP][PASSED] - getHashMapDataCustomer = listHashMapDataCustomer.get(i): null

2023-08-23 14:54:46 - [TEST_STEP][PASSED] - testDataNumber = getHashMapDataCustomer.get("TD"): null

2023-08-23 14:54:46 - [TEST_STEP][PASSED] - customerName = getHashMapDataCustomer.get("customerName"): null

2023-08-23 14:54:46 - [TEST_STEP][PASSED] - category = getHashMapDataCustomer.get("category"): null

2023-08-23 14:54:46 - [TEST_STEP][PASSED] - msg = getHashMapDataCustomer.get("msg"): null

2023-08-23 14:54:46 - [TEST_STEP][PASSED] - if (category.equalsIgnoreCase("positive")): null

2023-08-23 14:54:46 - [TEST_STEP][PASSED] - else: Object: 'Object Repository/Master Data/Data Customer/button_OK' is clicked on

2023-08-23 14:54:46 - [TEST_STEP][PASSED] - if (!(namaCustomer.equalsIgnoreCase(customerName))): null

2023-08-23 14:54:46 - [TEST_STEP][PASSED] - namaCustomer = customerName: null

2023-08-23 14:54:46 - [TEST_STEP][PASSED] - dataCustomer.refreshWeb(): Delayed 1 second(s)

2023-08-23 14:54:46 - [MESSAGE][PASSED] - Refresh successfully

2023-08-23 14:54:47 - [MESSAGE][PASSED] - Delayed 1 second(s)

2023-08-23 14:54:47 - [TEST_STEP][PASSED] - dataCustomer.cariPelanggan(customerName): Keys 'ENTER + ' sent to object: 'Object Repository/Master Data/Data Customer/SelectPelanggan'

2023-08-23 14:54:48 - [MESSAGE][PASSED] - Object 'Object Repository/Master Data/Data Customer/CariPelanggan' is clickable

2023-08-23 14:54:48 - [MESSAGE][PASSED] - Object 'Object Repository/Master Data/Data Customer/CariPelanggan' is clickable

2023-08-23 14:54:48 - [MESSAGE][INFO] - Click Element = Object Repository/Master Data/Data Customer/CariPelanggan

2023-08-23 14:54:48 - [MESSAGE][PASSED] - Object: 'Object Repository/Master Data/Data Customer/CariPelanggan' is clicked on

2023-08-23 14:54:49 - [MESSAGE][PASSED] - Keys 'Belum Ada' sent to object: 'Object Repository/Master Data/Data Customer/SelectPelanggan'

2023-08-23 14:54:50 - [MESSAGE][PASSED] - Object 'Object Repository/Master Data/Data Customer/SelectPelanggan' is present

2023-08-23 14:54:50 - [MESSAGE][PASSED] - Keys 'ENTER + ' sent to object: 'Object Repository/Master Data/Data Customer/SelectPelanggan'

2023-08-23 14:54:50 - [TEST_STEP][PASSED] - dataCustomer.setDataCustomer(getHashMapDataCustomer): Object: 'Object Repository/Master Data/Data Customer/Tambah' is clicked on

2023-08-23 14:54:52 - [MESSAGE][PASSED] - Delayed 2 second(s)

2023-08-23 14:54:52 - [MESSAGE][PASSED] - Object 'Object Repository/Master Data/Data Customer/TambahKolom' is clickable

2023-08-23 14:54:52 - [MESSAGE][INFO] - Click Element = Object Repository/Master Data/Data Customer/TambahKolom

2023-08-23 14:54:53 - [MESSAGE][PASSED] - Object: 'Object Repository/Master Data/Data Customer/TambahKolom' is clicked on

2023-08-23 14:54:53 - [MESSAGE][INFO] - PRINCIPAL NAME: Nestle

2023-08-23 14:54:53 - [MESSAGE][PASSED] - Object 'Object Repository/Master Data/Data Customer/Pilih Principal' is clickable

2023-08-23 14:54:53 - [MESSAGE][INFO] - Click Element = Object Repository/Master Data/Data Customer/Pilih Principal

2023-08-23 14:54:54 - [MESSAGE][PASSED] - Object: 'Object Repository/Master Data/Data Customer/Pilih Principal' is clicked on

2023-08-23 14:54:54 - [MESSAGE][PASSED] - Keys 'Nestle' sent to object: 'Object Repository/Master Data/Data Customer/SelectPrincipal'

2023-08-23 14:54:55 - [MESSAGE][PASSED] - Object 'Object Repository/Master Data/Data Customer/SelectPrincipal' is present

2023-08-23 14:54:55 - [MESSAGE][PASSED] - Keys 'ENTER + ' sent to object: 'Object Repository/Master Data/Data Customer/SelectPrincipal'

2023-08-23 14:54:56 - [MESSAGE][PASSED] - Object 'Object Repository/Master Data/Data Customer/KodePelanggan' is clickable

2023-08-23 14:54:56 - [MESSAGE][INFO] - Click Element = Object Repository/Master Data/Data Customer/KodePelanggan

2023-08-23 14:54:56 - [MESSAGE][PASSED] - Object: 'Object Repository/Master Data/Data Customer/KodePelanggan' is clicked on

2023-08-23 14:54:57 - [MESSAGE][PASSED] - Attribute 'value' of object 'Object Repository/Master Data/Data Customer/KodePelanggan' is: 'NESTLE'

2023-08-23 14:54:57 - [MESSAGE][PASSED] - Keys 'CONTROL + a' sent to object: 'Object Repository/Master Data/Data Customer/KodePelanggan'

2023-08-23 14:54:57 - [MESSAGE][PASSED] - Keys 'BACK_SPACE + ' sent to object: 'Object Repository/Master Data/Data Customer/KodePelanggan'

2023-08-23 14:54:58 - [MESSAGE][PASSED] - Text 'NS6143060002877' is set on object 'Object Repository/Master Data/Data Customer/KodePelanggan'

2023-08-23 14:54:58 - [MESSAGE][PASSED] - Object 'Object Repository/Master Data/Data Customer/KodeCabang' is clickable

2023-08-23 14:54:58 - [MESSAGE][INFO] - Click Element = Object Repository/Master Data/Data Customer/KodeCabang

2023-08-23 14:54:59 - [MESSAGE][PASSED] - Object: 'Object Repository/Master Data/Data Customer/KodeCabang' is clicked on

2023-08-23 14:54:59 - [MESSAGE][PASSED] - Attribute 'value' of object 'Object Repository/Master Data/Data Customer/KodeCabang' is: ''

2023-08-23 14:55:00 - [MESSAGE][PASSED] - Text '1633333333332' is set on object 'Object Repository/Master Data/Data Customer/KodeCabang'

2023-08-23 14:55:01 - [MESSAGE][PASSED] - Object 'Object Repository/Master Data/Data Customer/ClientID' is clickable

2023-08-23 14:55:01 - [MESSAGE][INFO] - Click Element = Object Repository/Master Data/Data Customer/ClientID

2023-08-23 14:55:01 - [MESSAGE][PASSED] - Object: 'Object Repository/Master Data/Data Customer/ClientID' is clicked on

2023-08-23 14:55:01 - [MESSAGE][PASSED] - Attribute 'value' of object 'Object Repository/Master Data/Data Customer/ClientID' is: ''

2023-08-23 14:55:02 - [MESSAGE][PASSED] - Text 'Katalon00006' is set on object 'Object Repository/Master Data/Data Customer/ClientID'

2023-08-23 14:55:02 - [MESSAGE][PASSED] - Object 'Object Repository/Master Data/Data Customer/KodeDistributor' is clickable

2023-08-23 14:55:02 - [MESSAGE][INFO] - Click Element = Object Repository/Master Data/Data Customer/KodeDistributor

2023-08-23 14:55:03 - [MESSAGE][PASSED] - Object: 'Object Repository/Master Data/Data Customer/KodeDistributor' is clicked on

2023-08-23 14:55:03 - [MESSAGE][PASSED] - Attribute 'value' of object 'Object Repository/Master Data/Data Customer/KodeDistributor' is: ''

2023-08-23 14:55:04 - [MESSAGE][PASSED] - Text 'NS6143060002877NS61430600028779' is set on object 'Object Repository/Master Data/Data Customer/KodeDistributor'

2023-08-23 14:55:04 - [MESSAGE][PASSED] - Object 'Object Repository/Master Data/Data Customer/Status' is clickable

2023-08-23 14:55:04 - [MESSAGE][INFO] - Click Element = Object Repository/Master Data/Data Customer/Status

2023-08-23 14:55:05 - [MESSAGE][PASSED] - Object: 'Object Repository/Master Data/Data Customer/Status' is clicked on

2023-08-23 14:55:05 - [MESSAGE][PASSED] - Keys 'Aktif' sent to object: 'Object Repository/Master Data/Data Customer/SelectStatus'

2023-08-23 14:55:06 - [MESSAGE][PASSED] - Object 'Object Repository/Master Data/Data Customer/SelectStatus' is present

2023-08-23 14:55:06 - [MESSAGE][PASSED] - Keys 'ENTER + ' sent to object: 'Object Repository/Master Data/Data Customer/SelectStatus'

2023-08-23 14:55:07 - [MESSAGE][PASSED] - Object 'Object Repository/Master Data/Data Customer/Tambah' is clickable

2023-08-23 14:55:07 - [MESSAGE][INFO] - Click Element = Object Repository/Master Data/Data Customer/Tambah

2023-08-23 14:55:07 - [MESSAGE][PASSED] - Object: 'Object Repository/Master Data/Data Customer/Tambah' is clicked on

2023-08-23 14:55:07 - [TEST_STEP][PASSED] - dataCustomer.saveDocument(): Wait for page load successfully

2023-08-23 14:55:08 - [MESSAGE][PASSED] - Object 'Object Repository/Master Data/Data Customer/Simpan' is clickable

2023-08-23 14:55:08 - [MESSAGE][INFO] - Click Element = Object Repository/Master Data/Data Customer/Simpan

2023-08-23 14:55:08 - [MESSAGE][PASSED] - Object: 'Object Repository/Master Data/Data Customer/Simpan' is clicked on

2023-08-23 14:55:08 - [MESSAGE][PASSED] - Wait for page load successfully

2023-08-23 14:55:08 - [TEST_STEP][PASSED] - dataCustomer.verifyMsg(msg, testDataNumber, category): Object: 'Object Repository/Master Data/Data Customer/button_OK' is clicked on

2023-08-23 14:55:09 - [MESSAGE][PASSED] - Delayed 1 second(s)

2023-08-23 14:55:09 - [MESSAGE][PASSED] - Text of object 'Object Repository/Master Data/Data Customer/msgValidation' is: 'Jumlah karakter pada distributor_code harus lebih kecil dari 30'

2023-08-23 14:55:09 - [MESSAGE][INFO] - MSG =  Jumlah karakter pada distributor_code harus lebih kecil dari 30

2023-08-23 14:55:09 - [MESSAGE][INFO] - Message: TDG220610 - Jumlah karakter pada distributor_code harus lebih kecil dari 30

2023-08-23 14:55:10 - [MESSAGE][PASSED] - Object 'Object Repository/Master Data/Data Customer/button_OK' is clickable

2023-08-23 14:55:10 - [MESSAGE][INFO] - Click Element = Object Repository/Master Data/Data Customer/button_OK

2023-08-23 14:55:10 - [MESSAGE][PASSED] - Object: 'Object Repository/Master Data/Data Customer/button_OK' is clicked on

2023-08-23 14:55:10 - [TEST_STEP][PASSED] - try: Object: 'Object Repository/Master Data/Data Customer/button_OK' is clicked on

2023-08-23 14:55:10 - [TEST_STEP][PASSED] - getHashMapDataCustomer = listHashMapDataCustomer.get(i): null

2023-08-23 14:55:10 - [TEST_STEP][PASSED] - testDataNumber = getHashMapDataCustomer.get("TD"): null

2023-08-23 14:55:10 - [TEST_STEP][PASSED] - customerName = getHashMapDataCustomer.get("customerName"): null

2023-08-23 14:55:10 - [TEST_STEP][PASSED] - category = getHashMapDataCustomer.get("category"): null

2023-08-23 14:55:10 - [TEST_STEP][PASSED] - msg = getHashMapDataCustomer.get("msg"): null

2023-08-23 14:55:10 - [TEST_STEP][PASSED] - if (category.equalsIgnoreCase("positive")): null

2023-08-23 14:55:10 - [TEST_STEP][PASSED] - else: Object: 'Object Repository/Master Data/Data Customer/button_OK' is clicked on

2023-08-23 14:55:10 - [TEST_STEP][PASSED] - if (!(namaCustomer.equalsIgnoreCase(customerName))): null

2023-08-23 14:55:10 - [TEST_STEP][PASSED] - namaCustomer = customerName: null

2023-08-23 14:55:10 - [TEST_STEP][PASSED] - dataCustomer.refreshWeb(): Delayed 1 second(s)

2023-08-23 14:55:10 - [MESSAGE][PASSED] - Refresh successfully

2023-08-23 14:55:11 - [MESSAGE][PASSED] - Delayed 1 second(s)

2023-08-23 14:55:11 - [TEST_STEP][PASSED] - dataCustomer.cariPelanggan(customerName): Keys 'ENTER + ' sent to object: 'Object Repository/Master Data/Data Customer/SelectPelanggan'

2023-08-23 14:55:12 - [MESSAGE][PASSED] - Object 'Object Repository/Master Data/Data Customer/CariPelanggan' is clickable

2023-08-23 14:55:12 - [MESSAGE][PASSED] - Object 'Object Repository/Master Data/Data Customer/CariPelanggan' is clickable

2023-08-23 14:55:12 - [MESSAGE][INFO] - Click Element = Object Repository/Master Data/Data Customer/CariPelanggan

2023-08-23 14:55:12 - [MESSAGE][PASSED] - Object: 'Object Repository/Master Data/Data Customer/CariPelanggan' is clicked on

2023-08-23 14:55:13 - [MESSAGE][PASSED] - Keys 'Belum Ada' sent to object: 'Object Repository/Master Data/Data Customer/SelectPelanggan'

2023-08-23 14:55:13 - [MESSAGE][PASSED] - Object 'Object Repository/Master Data/Data Customer/SelectPelanggan' is present

2023-08-23 14:55:14 - [MESSAGE][PASSED] - Keys 'ENTER + ' sent to object: 'Object Repository/Master Data/Data Customer/SelectPelanggan'

2023-08-23 14:55:14 - [TEST_STEP][PASSED] - dataCustomer.setDataCustomer(getHashMapDataCustomer): Object: 'Object Repository/Master Data/Data Customer/Tambah' is clicked on

2023-08-23 14:55:16 - [MESSAGE][PASSED] - Delayed 2 second(s)

2023-08-23 14:55:16 - [MESSAGE][PASSED] - Object 'Object Repository/Master Data/Data Customer/TambahKolom' is clickable

2023-08-23 14:55:16 - [MESSAGE][INFO] - Click Element = Object Repository/Master Data/Data Customer/TambahKolom

2023-08-23 14:55:17 - [MESSAGE][PASSED] - Object: 'Object Repository/Master Data/Data Customer/TambahKolom' is clicked on

2023-08-23 14:55:17 - [MESSAGE][INFO] - PRINCIPAL NAME: Nestle

2023-08-23 14:55:17 - [MESSAGE][PASSED] - Object 'Object Repository/Master Data/Data Customer/Pilih Principal' is clickable

2023-08-23 14:55:17 - [MESSAGE][INFO] - Click Element = Object Repository/Master Data/Data Customer/Pilih Principal

2023-08-23 14:55:17 - [MESSAGE][PASSED] - Object: 'Object Repository/Master Data/Data Customer/Pilih Principal' is clicked on

2023-08-23 14:55:18 - [MESSAGE][PASSED] - Keys 'Nestle' sent to object: 'Object Repository/Master Data/Data Customer/SelectPrincipal'

2023-08-23 14:55:19 - [MESSAGE][PASSED] - Object 'Object Repository/Master Data/Data Customer/SelectPrincipal' is present

2023-08-23 14:55:19 - [MESSAGE][PASSED] - Keys 'ENTER + ' sent to object: 'Object Repository/Master Data/Data Customer/SelectPrincipal'

2023-08-23 14:55:19 - [MESSAGE][PASSED] - Object 'Object Repository/Master Data/Data Customer/KodePelanggan' is clickable

2023-08-23 14:55:19 - [MESSAGE][INFO] - Click Element = Object Repository/Master Data/Data Customer/KodePelanggan

2023-08-23 14:55:20 - [MESSAGE][PASSED] - Object: 'Object Repository/Master Data/Data Customer/KodePelanggan' is clicked on

2023-08-23 14:55:20 - [MESSAGE][PASSED] - Attribute 'value' of object 'Object Repository/Master Data/Data Customer/KodePelanggan' is: 'NESTLE'

2023-08-23 14:55:21 - [MESSAGE][PASSED] - Keys 'CONTROL + a' sent to object: 'Object Repository/Master Data/Data Customer/KodePelanggan'

2023-08-23 14:55:21 - [MESSAGE][PASSED] - Keys 'BACK_SPACE + ' sent to object: 'Object Repository/Master Data/Data Customer/KodePelanggan'

2023-08-23 14:55:22 - [MESSAGE][PASSED] - Text 'NS6143060002877' is set on object 'Object Repository/Master Data/Data Customer/KodePelanggan'

2023-08-23 14:55:22 - [MESSAGE][PASSED] - Object 'Object Repository/Master Data/Data Customer/KodeCabang' is clickable

2023-08-23 14:55:22 - [MESSAGE][INFO] - Click Element = Object Repository/Master Data/Data Customer/KodeCabang

2023-08-23 14:55:23 - [MESSAGE][PASSED] - Object: 'Object Repository/Master Data/Data Customer/KodeCabang' is clicked on

2023-08-23 14:55:23 - [MESSAGE][PASSED] - Attribute 'value' of object 'Object Repository/Master Data/Data Customer/KodeCabang' is: ''

2023-08-23 14:55:24 - [MESSAGE][PASSED] - Text '1633333333313' is set on object 'Object Repository/Master Data/Data Customer/KodeCabang'

2023-08-23 14:55:24 - [MESSAGE][PASSED] - Object 'Object Repository/Master Data/Data Customer/ClientID' is clickable

2023-08-23 14:55:24 - [MESSAGE][INFO] - Click Element = Object Repository/Master Data/Data Customer/ClientID

2023-08-23 14:55:24 - [MESSAGE][PASSED] - Object: 'Object Repository/Master Data/Data Customer/ClientID' is clicked on

2023-08-23 14:55:25 - [MESSAGE][PASSED] - Attribute 'value' of object 'Object Repository/Master Data/Data Customer/ClientID' is: ''

2023-08-23 14:55:25 - [MESSAGE][PASSED] - Text 'Katalon00006' is set on object 'Object Repository/Master Data/Data Customer/ClientID'

2023-08-23 14:55:26 - [MESSAGE][PASSED] - Object 'Object Repository/Master Data/Data Customer/KodeDistributor' is clickable

2023-08-23 14:55:26 - [MESSAGE][INFO] - Click Element = Object Repository/Master Data/Data Customer/KodeDistributor

2023-08-23 14:55:26 - [MESSAGE][PASSED] - Object: 'Object Repository/Master Data/Data Customer/KodeDistributor' is clicked on

2023-08-23 14:55:27 - [MESSAGE][PASSED] - Attribute 'value' of object 'Object Repository/Master Data/Data Customer/KodeDistributor' is: ''

2023-08-23 14:55:27 - [MESSAGE][PASSED] - Text 'DistCode06' is set on object 'Object Repository/Master Data/Data Customer/KodeDistributor'

2023-08-23 14:55:28 - [MESSAGE][PASSED] - Object 'Object Repository/Master Data/Data Customer/Tambah' is clickable

2023-08-23 14:55:28 - [MESSAGE][INFO] - Click Element = Object Repository/Master Data/Data Customer/Tambah

2023-08-23 14:55:28 - [MESSAGE][PASSED] - Object: 'Object Repository/Master Data/Data Customer/Tambah' is clicked on

2023-08-23 14:55:28 - [TEST_STEP][PASSED] - dataCustomer.saveDocument(): Wait for page load successfully

2023-08-23 14:55:29 - [MESSAGE][PASSED] - Object 'Object Repository/Master Data/Data Customer/Simpan' is clickable

2023-08-23 14:55:29 - [MESSAGE][INFO] - Click Element = Object Repository/Master Data/Data Customer/Simpan

2023-08-23 14:55:29 - [MESSAGE][PASSED] - Object: 'Object Repository/Master Data/Data Customer/Simpan' is clicked on

2023-08-23 14:55:29 - [MESSAGE][PASSED] - Wait for page load successfully

2023-08-23 14:55:29 - [TEST_STEP][PASSED] - dataCustomer.verifyMsg(msg, testDataNumber, category): Object: 'Object Repository/Master Data/Data Customer/button_OK' is clicked on

2023-08-23 14:55:30 - [MESSAGE][PASSED] - Delayed 1 second(s)

2023-08-23 14:55:30 - [MESSAGE][PASSED] - Text of object 'Object Repository/Master Data/Data Customer/msgValidation' is: 'Kolom license belum diisi. Silakan cek kembali'

2023-08-23 14:55:30 - [MESSAGE][INFO] - MSG =  Kolom license belum diisi. Silakan cek kembali

2023-08-23 14:55:30 - [MESSAGE][INFO] - Message: TDG220611 - Kolom license belum diisi. Silakan cek kembali

2023-08-23 14:55:31 - [MESSAGE][PASSED] - Object 'Object Repository/Master Data/Data Customer/button_OK' is clickable

2023-08-23 14:55:31 - [MESSAGE][INFO] - Click Element = Object Repository/Master Data/Data Customer/button_OK

2023-08-23 14:55:31 - [MESSAGE][PASSED] - Object: 'Object Repository/Master Data/Data Customer/button_OK' is clicked on

2023-08-23 14:55:31 - [TEST_STEP][PASSED] - try: Object: 'Object Repository/Master Data/Data Customer/button_OK' is clicked on

2023-08-23 14:55:31 - [TEST_STEP][PASSED] - getHashMapDataCustomer = listHashMapDataCustomer.get(i): null

2023-08-23 14:55:31 - [TEST_STEP][PASSED] - testDataNumber = getHashMapDataCustomer.get("TD"): null

2023-08-23 14:55:31 - [TEST_STEP][PASSED] - customerName = getHashMapDataCustomer.get("customerName"): null

2023-08-23 14:55:31 - [TEST_STEP][PASSED] - category = getHashMapDataCustomer.get("category"): null

2023-08-23 14:55:31 - [TEST_STEP][PASSED] - msg = getHashMapDataCustomer.get("msg"): null

2023-08-23 14:55:31 - [TEST_STEP][PASSED] - if (category.equalsIgnoreCase("positive")): null

2023-08-23 14:55:31 - [TEST_STEP][PASSED] - else: Object: 'Object Repository/Master Data/Data Customer/button_OK' is clicked on

2023-08-23 14:55:31 - [TEST_STEP][PASSED] - if (!(namaCustomer.equalsIgnoreCase(customerName))): null

2023-08-23 14:55:31 - [TEST_STEP][PASSED] - namaCustomer = customerName: null

2023-08-23 14:55:31 - [TEST_STEP][PASSED] - dataCustomer.refreshWeb(): Delayed 1 second(s)

2023-08-23 14:55:31 - [MESSAGE][PASSED] - Refresh successfully

2023-08-23 14:55:32 - [MESSAGE][PASSED] - Delayed 1 second(s)

2023-08-23 14:55:32 - [TEST_STEP][PASSED] - dataCustomer.cariPelanggan(customerName): Keys 'ENTER + ' sent to object: 'Object Repository/Master Data/Data Customer/SelectPelanggan'

2023-08-23 14:55:33 - [MESSAGE][PASSED] - Object 'Object Repository/Master Data/Data Customer/CariPelanggan' is clickable

2023-08-23 14:55:33 - [MESSAGE][PASSED] - Object 'Object Repository/Master Data/Data Customer/CariPelanggan' is clickable

2023-08-23 14:55:33 - [MESSAGE][INFO] - Click Element = Object Repository/Master Data/Data Customer/CariPelanggan

2023-08-23 14:55:33 - [MESSAGE][PASSED] - Object: 'Object Repository/Master Data/Data Customer/CariPelanggan' is clicked on

2023-08-23 14:55:34 - [MESSAGE][PASSED] - Keys 'Belum Ada' sent to object: 'Object Repository/Master Data/Data Customer/SelectPelanggan'

2023-08-23 14:55:34 - [MESSAGE][PASSED] - Object 'Object Repository/Master Data/Data Customer/SelectPelanggan' is present

2023-08-23 14:55:35 - [MESSAGE][PASSED] - Keys 'ENTER + ' sent to object: 'Object Repository/Master Data/Data Customer/SelectPelanggan'

2023-08-23 14:55:35 - [TEST_STEP][PASSED] - dataCustomer.setDataCustomer(getHashMapDataCustomer): Object: 'Object Repository/Master Data/Data Customer/Tambah' is clicked on

2023-08-23 14:55:37 - [MESSAGE][PASSED] - Delayed 2 second(s)

2023-08-23 14:55:37 - [MESSAGE][PASSED] - Object 'Object Repository/Master Data/Data Customer/TambahKolom' is clickable

2023-08-23 14:55:37 - [MESSAGE][INFO] - Click Element = Object Repository/Master Data/Data Customer/TambahKolom

2023-08-23 14:55:37 - [MESSAGE][PASSED] - Object: 'Object Repository/Master Data/Data Customer/TambahKolom' is clicked on

2023-08-23 14:55:37 - [MESSAGE][INFO] - PRINCIPAL NAME: Nestle

2023-08-23 14:55:38 - [MESSAGE][PASSED] - Object 'Object Repository/Master Data/Data Customer/Pilih Principal' is clickable

2023-08-23 14:55:38 - [MESSAGE][INFO] - Click Element = Object Repository/Master Data/Data Customer/Pilih Principal

2023-08-23 14:55:38 - [MESSAGE][PASSED] - Object: 'Object Repository/Master Data/Data Customer/Pilih Principal' is clicked on

2023-08-23 14:55:39 - [MESSAGE][PASSED] - Keys 'Nestle' sent to object: 'Object Repository/Master Data/Data Customer/SelectPrincipal'

2023-08-23 14:55:40 - [MESSAGE][PASSED] - Object 'Object Repository/Master Data/Data Customer/SelectPrincipal' is present

2023-08-23 14:55:40 - [MESSAGE][PASSED] - Keys 'ENTER + ' sent to object: 'Object Repository/Master Data/Data Customer/SelectPrincipal'

2023-08-23 14:55:40 - [MESSAGE][PASSED] - Object 'Object Repository/Master Data/Data Customer/KodePelanggan' is clickable

2023-08-23 14:55:40 - [MESSAGE][INFO] - Click Element = Object Repository/Master Data/Data Customer/KodePelanggan

2023-08-23 14:55:41 - [MESSAGE][PASSED] - Object: 'Object Repository/Master Data/Data Customer/KodePelanggan' is clicked on

2023-08-23 14:55:41 - [MESSAGE][PASSED] - Attribute 'value' of object 'Object Repository/Master Data/Data Customer/KodePelanggan' is: 'NESTLE'

2023-08-23 14:55:42 - [MESSAGE][PASSED] - Keys 'CONTROL + a' sent to object: 'Object Repository/Master Data/Data Customer/KodePelanggan'

2023-08-23 14:55:42 - [MESSAGE][PASSED] - Keys 'BACK_SPACE + ' sent to object: 'Object Repository/Master Data/Data Customer/KodePelanggan'

2023-08-23 14:55:43 - [MESSAGE][PASSED] - Text 'NS6143060002877' is set on object 'Object Repository/Master Data/Data Customer/KodePelanggan'

2023-08-23 14:55:43 - [MESSAGE][PASSED] - Object 'Object Repository/Master Data/Data Customer/KodeCabang' is clickable

2023-08-23 14:55:43 - [MESSAGE][INFO] - Click Element = Object Repository/Master Data/Data Customer/KodeCabang

2023-08-23 14:55:44 - [MESSAGE][PASSED] - Object: 'Object Repository/Master Data/Data Customer/KodeCabang' is clicked on

2023-08-23 14:55:44 - [MESSAGE][PASSED] - Attribute 'value' of object 'Object Repository/Master Data/Data Customer/KodeCabang' is: ''

2023-08-23 14:55:45 - [MESSAGE][PASSED] - Text '1633333333323' is set on object 'Object Repository/Master Data/Data Customer/KodeCabang'

2023-08-23 14:55:45 - [MESSAGE][PASSED] - Object 'Object Repository/Master Data/Data Customer/ClientID' is clickable

2023-08-23 14:55:45 - [MESSAGE][INFO] - Click Element = Object Repository/Master Data/Data Customer/ClientID

2023-08-23 14:55:45 - [MESSAGE][PASSED] - Object: 'Object Repository/Master Data/Data Customer/ClientID' is clicked on

2023-08-23 14:55:46 - [MESSAGE][PASSED] - Attribute 'value' of object 'Object Repository/Master Data/Data Customer/ClientID' is: ''

2023-08-23 14:55:47 - [MESSAGE][PASSED] - Text 'adasavsaasdasdasdjaslkdjsakdjajdaiwdakdskaljdaklsndasmnzx,mvbdhfawiojdaskldascbsmczx,mcnzx,mcndhakdjadasjkdhasjkdhajkdhqioweujsdljaldkjasdnnczx,nzxmcnmxcnxmcnz,cnxz,cnz,wjwqeuqieuopfiehjgbdmfsmnkwl2313dskfslkdjakldjsakaadjwi23jdksfjsklfjsklfjdsfjlskejfekslf' is set on object 'Object Repository/Master Data/Data Customer/ClientID'

2023-08-23 14:55:47 - [MESSAGE][PASSED] - Object 'Object Repository/Master Data/Data Customer/KodeDistributor' is clickable

2023-08-23 14:55:47 - [MESSAGE][INFO] - Click Element = Object Repository/Master Data/Data Customer/KodeDistributor

2023-08-23 14:55:48 - [MESSAGE][PASSED] - Object: 'Object Repository/Master Data/Data Customer/KodeDistributor' is clicked on

2023-08-23 14:55:48 - [MESSAGE][PASSED] - Attribute 'value' of object 'Object Repository/Master Data/Data Customer/KodeDistributor' is: ''

2023-08-23 14:55:49 - [MESSAGE][PASSED] - Text 'DistCode06' is set on object 'Object Repository/Master Data/Data Customer/KodeDistributor'

2023-08-23 14:55:49 - [MESSAGE][PASSED] - Object 'Object Repository/Master Data/Data Customer/Status' is clickable

2023-08-23 14:55:49 - [MESSAGE][INFO] - Click Element = Object Repository/Master Data/Data Customer/Status

2023-08-23 14:55:49 - [MESSAGE][PASSED] - Object: 'Object Repository/Master Data/Data Customer/Status' is clicked on

2023-08-23 14:55:50 - [MESSAGE][PASSED] - Keys 'Aktif' sent to object: 'Object Repository/Master Data/Data Customer/SelectStatus'

2023-08-23 14:55:51 - [MESSAGE][PASSED] - Object 'Object Repository/Master Data/Data Customer/SelectStatus' is present

2023-08-23 14:55:51 - [MESSAGE][PASSED] - Keys 'ENTER + ' sent to object: 'Object Repository/Master Data/Data Customer/SelectStatus'

2023-08-23 14:55:51 - [MESSAGE][PASSED] - Object 'Object Repository/Master Data/Data Customer/Tambah' is clickable

2023-08-23 14:55:51 - [MESSAGE][INFO] - Click Element = Object Repository/Master Data/Data Customer/Tambah

2023-08-23 14:55:52 - [MESSAGE][PASSED] - Object: 'Object Repository/Master Data/Data Customer/Tambah' is clicked on

2023-08-23 14:55:52 - [TEST_STEP][PASSED] - dataCustomer.saveDocument(): Wait for page load successfully

2023-08-23 14:55:52 - [MESSAGE][PASSED] - Object 'Object Repository/Master Data/Data Customer/Simpan' is clickable

2023-08-23 14:55:52 - [MESSAGE][INFO] - Click Element = Object Repository/Master Data/Data Customer/Simpan

2023-08-23 14:55:53 - [MESSAGE][PASSED] - Object: 'Object Repository/Master Data/Data Customer/Simpan' is clicked on

2023-08-23 14:55:53 - [MESSAGE][PASSED] - Wait for page load successfully

2023-08-23 14:55:53 - [TEST_STEP][PASSED] - dataCustomer.verifyMsg(msg, testDataNumber, category): Object: 'Object Repository/Master Data/Data Customer/button_OK' is clicked on

2023-08-23 14:55:54 - [MESSAGE][PASSED] - Delayed 1 second(s)

2023-08-23 14:55:54 - [MESSAGE][PASSED] - Text of object 'Object Repository/Master Data/Data Customer/msgValidation' is: 'Jumlah karakter pada client_id harus lebih kecil dari 256'

2023-08-23 14:55:54 - [MESSAGE][INFO] - MSG =  Jumlah karakter pada client_id harus lebih kecil dari 256

2023-08-23 14:55:54 - [MESSAGE][INFO] - Message: TDG220612 - Jumlah karakter pada client_id harus lebih kecil dari 256

2023-08-23 14:55:54 - [MESSAGE][PASSED] - Object 'Object Repository/Master Data/Data Customer/button_OK' is clickable

2023-08-23 14:55:54 - [MESSAGE][INFO] - Click Element = Object Repository/Master Data/Data Customer/button_OK

2023-08-23 14:55:55 - [MESSAGE][PASSED] - Object: 'Object Repository/Master Data/Data Customer/button_OK' is clicked on

2023-08-23 14:55:55 - [TEST_STEP][PASSED] - try: MSG =  Berhasil Mengupdate Data Customer!

2023-08-23 14:55:55 - [TEST_STEP][PASSED] - getHashMapDataCustomer = listHashMapDataCustomer.get(i): null

2023-08-23 14:55:55 - [TEST_STEP][PASSED] - testDataNumber = getHashMapDataCustomer.get("TD"): null

2023-08-23 14:55:55 - [TEST_STEP][PASSED] - customerName = getHashMapDataCustomer.get("customerName"): null

2023-08-23 14:55:55 - [TEST_STEP][PASSED] - category = getHashMapDataCustomer.get("category"): null

2023-08-23 14:55:55 - [TEST_STEP][PASSED] - msg = getHashMapDataCustomer.get("msg"): null

2023-08-23 14:55:55 - [TEST_STEP][PASSED] - if (category.equalsIgnoreCase("positive")): null

2023-08-23 14:55:55 - [TEST_STEP][PASSED] - else: MSG =  Berhasil Mengupdate Data Customer!

2023-08-23 14:55:55 - [TEST_STEP][PASSED] - if (!(namaCustomer.equalsIgnoreCase(customerName))): Delayed 3 second(s)

2023-08-23 14:55:55 - [TEST_STEP][PASSED] - dataCustomer.saveDocument(): Wait for page load successfully

2023-08-23 14:55:55 - [MESSAGE][PASSED] - Object 'Object Repository/Master Data/Data Customer/Simpan' is clickable

2023-08-23 14:55:55 - [MESSAGE][INFO] - Click Element = Object Repository/Master Data/Data Customer/Simpan

2023-08-23 14:55:56 - [MESSAGE][PASSED] - Object: 'Object Repository/Master Data/Data Customer/Simpan' is clicked on

2023-08-23 14:55:56 - [MESSAGE][PASSED] - Wait for page load successfully

2023-08-23 14:55:56 - [TEST_STEP][PASSED] - delay(3): Delayed 3 second(s)

2023-08-23 14:55:59 - [MESSAGE][PASSED] - Delayed 3 second(s)

2023-08-23 14:55:59 - [TEST_STEP][PASSED] - namaCustomer = customerName: null

2023-08-23 14:55:59 - [TEST_STEP][PASSED] - dataCustomer.refreshWeb(): Delayed 1 second(s)

2023-08-23 14:55:59 - [MESSAGE][PASSED] - Refresh successfully

2023-08-23 14:56:00 - [MESSAGE][PASSED] - Delayed 1 second(s)

2023-08-23 14:56:00 - [TEST_STEP][PASSED] - dataCustomer.cariPelanggan(customerName): Keys 'ENTER + ' sent to object: 'Object Repository/Master Data/Data Customer/SelectPelanggan'

2023-08-23 14:56:00 - [MESSAGE][PASSED] - Object 'Object Repository/Master Data/Data Customer/CariPelanggan' is clickable

2023-08-23 14:56:01 - [MESSAGE][PASSED] - Object 'Object Repository/Master Data/Data Customer/CariPelanggan' is clickable

2023-08-23 14:56:01 - [MESSAGE][INFO] - Click Element = Object Repository/Master Data/Data Customer/CariPelanggan

2023-08-23 14:56:01 - [MESSAGE][PASSED] - Object: 'Object Repository/Master Data/Data Customer/CariPelanggan' is clicked on

2023-08-23 14:56:02 - [MESSAGE][PASSED] - Keys '' sent to object: 'Object Repository/Master Data/Data Customer/SelectPelanggan'

2023-08-23 14:56:02 - [MESSAGE][PASSED] - Object 'Object Repository/Master Data/Data Customer/SelectPelanggan' is present

2023-08-23 14:56:02 - [MESSAGE][PASSED] - Keys 'ENTER + ' sent to object: 'Object Repository/Master Data/Data Customer/SelectPelanggan'

2023-08-23 14:56:02 - [TEST_STEP][PASSED] - dataCustomer.setDataCustomer(getHashMapDataCustomer): Object: 'Object Repository/Master Data/Data Customer/Tambah' is clicked on

2023-08-23 14:56:04 - [MESSAGE][PASSED] - Delayed 2 second(s)

2023-08-23 14:56:05 - [MESSAGE][PASSED] - Object 'Object Repository/Master Data/Data Customer/TambahKolom' is clickable

2023-08-23 14:56:05 - [MESSAGE][INFO] - Click Element = Object Repository/Master Data/Data Customer/TambahKolom

2023-08-23 14:56:05 - [MESSAGE][PASSED] - Object: 'Object Repository/Master Data/Data Customer/TambahKolom' is clicked on

2023-08-23 14:56:05 - [MESSAGE][INFO] - PRINCIPAL NAME: 

2023-08-23 14:56:05 - [MESSAGE][PASSED] - Object 'Object Repository/Master Data/Data Customer/KodePelanggan' is clickable

2023-08-23 14:56:05 - [MESSAGE][INFO] - Click Element = Object Repository/Master Data/Data Customer/KodePelanggan

2023-08-23 14:56:06 - [MESSAGE][PASSED] - Object: 'Object Repository/Master Data/Data Customer/KodePelanggan' is clicked on

2023-08-23 14:56:06 - [MESSAGE][PASSED] - Attribute 'value' of object 'Object Repository/Master Data/Data Customer/KodePelanggan' is: ''

2023-08-23 14:56:07 - [MESSAGE][PASSED] - Text '' is set on object 'Object Repository/Master Data/Data Customer/KodePelanggan'

2023-08-23 14:56:07 - [MESSAGE][PASSED] - Object 'Object Repository/Master Data/Data Customer/KodeCabang' is clickable

2023-08-23 14:56:07 - [MESSAGE][INFO] - Click Element = Object Repository/Master Data/Data Customer/KodeCabang

2023-08-23 14:56:08 - [MESSAGE][PASSED] - Object: 'Object Repository/Master Data/Data Customer/KodeCabang' is clicked on

2023-08-23 14:56:08 - [MESSAGE][PASSED] - Attribute 'value' of object 'Object Repository/Master Data/Data Customer/KodeCabang' is: ''

2023-08-23 14:56:09 - [MESSAGE][PASSED] - Text '' is set on object 'Object Repository/Master Data/Data Customer/KodeCabang'

2023-08-23 14:56:09 - [MESSAGE][PASSED] - Object 'Object Repository/Master Data/Data Customer/ClientID' is clickable

2023-08-23 14:56:09 - [MESSAGE][INFO] - Click Element = Object Repository/Master Data/Data Customer/ClientID

2023-08-23 14:56:09 - [MESSAGE][PASSED] - Object: 'Object Repository/Master Data/Data Customer/ClientID' is clicked on

2023-08-23 14:56:10 - [MESSAGE][PASSED] - Attribute 'value' of object 'Object Repository/Master Data/Data Customer/ClientID' is: ''

2023-08-23 14:56:11 - [MESSAGE][PASSED] - Text '' is set on object 'Object Repository/Master Data/Data Customer/ClientID'

2023-08-23 14:56:11 - [MESSAGE][PASSED] - Object 'Object Repository/Master Data/Data Customer/KodeDistributor' is clickable

2023-08-23 14:56:11 - [MESSAGE][INFO] - Click Element = Object Repository/Master Data/Data Customer/KodeDistributor

2023-08-23 14:56:11 - [MESSAGE][PASSED] - Object: 'Object Repository/Master Data/Data Customer/KodeDistributor' is clicked on

2023-08-23 14:56:12 - [MESSAGE][PASSED] - Attribute 'value' of object 'Object Repository/Master Data/Data Customer/KodeDistributor' is: ''

2023-08-23 14:56:12 - [MESSAGE][PASSED] - Text '' is set on object 'Object Repository/Master Data/Data Customer/KodeDistributor'

2023-08-23 14:56:13 - [MESSAGE][PASSED] - Object 'Object Repository/Master Data/Data Customer/Tambah' is clickable

2023-08-23 14:56:13 - [MESSAGE][INFO] - Click Element = Object Repository/Master Data/Data Customer/Tambah

2023-08-23 14:56:13 - [MESSAGE][PASSED] - Object: 'Object Repository/Master Data/Data Customer/Tambah' is clicked on

2023-08-23 14:56:13 - [TEST_STEP][PASSED] - dataCustomer.saveDocument(): Wait for page load successfully

2023-08-23 14:56:13 - [MESSAGE][PASSED] - Object 'Object Repository/Master Data/Data Customer/Simpan' is clickable

2023-08-23 14:56:13 - [MESSAGE][INFO] - Click Element = Object Repository/Master Data/Data Customer/Simpan

2023-08-23 14:56:14 - [MESSAGE][PASSED] - Object: 'Object Repository/Master Data/Data Customer/Simpan' is clicked on

2023-08-23 14:56:14 - [MESSAGE][PASSED] - Wait for page load successfully

2023-08-23 14:56:14 - [TEST_STEP][PASSED] - dataCustomer.verifyMsg(msg, testDataNumber, category): MSG =  Berhasil Mengupdate Data Customer!

2023-08-23 14:56:15 - [MESSAGE][PASSED] - Delayed 1 second(s)

2023-08-23 14:56:15 - [MESSAGE][PASSED] - Text of object 'Object Repository/Master Data/Data Customer/msgValidation' is: 'Berhasil Mengupdate Data Customer!'

2023-08-23 14:56:15 - [MESSAGE][INFO] - MSG =  Berhasil Mengupdate Data Customer!

2023-08-23 14:56:15 - [TEST_STEP][PASSED] - try: MSG =  Berhasil Mengupdate Data Customer!

2023-08-23 14:56:15 - [TEST_STEP][PASSED] - getHashMapDataCustomer = listHashMapDataCustomer.get(i): null

2023-08-23 14:56:15 - [TEST_STEP][PASSED] - testDataNumber = getHashMapDataCustomer.get("TD"): null

2023-08-23 14:56:15 - [TEST_STEP][PASSED] - customerName = getHashMapDataCustomer.get("customerName"): null

2023-08-23 14:56:15 - [TEST_STEP][PASSED] - category = getHashMapDataCustomer.get("category"): null

2023-08-23 14:56:15 - [TEST_STEP][PASSED] - msg = getHashMapDataCustomer.get("msg"): null

2023-08-23 14:56:15 - [TEST_STEP][PASSED] - if (category.equalsIgnoreCase("positive")): null

2023-08-23 14:56:15 - [TEST_STEP][PASSED] - else: MSG =  Berhasil Mengupdate Data Customer!

2023-08-23 14:56:15 - [TEST_STEP][PASSED] - if (!(namaCustomer.equalsIgnoreCase(customerName))): null

2023-08-23 14:56:15 - [TEST_STEP][PASSED] - namaCustomer = customerName: null

2023-08-23 14:56:15 - [TEST_STEP][PASSED] - dataCustomer.refreshWeb(): Delayed 1 second(s)

2023-08-23 14:56:15 - [MESSAGE][PASSED] - Refresh successfully

2023-08-23 14:56:16 - [MESSAGE][PASSED] - Delayed 1 second(s)

2023-08-23 14:56:16 - [TEST_STEP][PASSED] - dataCustomer.cariPelanggan(customerName): Keys 'ENTER + ' sent to object: 'Object Repository/Master Data/Data Customer/SelectPelanggan'

2023-08-23 14:56:17 - [MESSAGE][PASSED] - Object 'Object Repository/Master Data/Data Customer/CariPelanggan' is clickable

2023-08-23 14:56:17 - [MESSAGE][PASSED] - Object 'Object Repository/Master Data/Data Customer/CariPelanggan' is clickable

2023-08-23 14:56:17 - [MESSAGE][INFO] - Click Element = Object Repository/Master Data/Data Customer/CariPelanggan

2023-08-23 14:56:17 - [MESSAGE][PASSED] - Object: 'Object Repository/Master Data/Data Customer/CariPelanggan' is clicked on

2023-08-23 14:56:18 - [MESSAGE][PASSED] - Keys '' sent to object: 'Object Repository/Master Data/Data Customer/SelectPelanggan'

2023-08-23 14:56:18 - [MESSAGE][PASSED] - Object 'Object Repository/Master Data/Data Customer/SelectPelanggan' is present

2023-08-23 14:56:19 - [MESSAGE][PASSED] - Keys 'ENTER + ' sent to object: 'Object Repository/Master Data/Data Customer/SelectPelanggan'

2023-08-23 14:56:19 - [TEST_STEP][PASSED] - dataCustomer.setDataCustomer(getHashMapDataCustomer): Object: 'Object Repository/Master Data/Data Customer/Tambah' is clicked on

2023-08-23 14:56:21 - [MESSAGE][PASSED] - Delayed 2 second(s)

2023-08-23 14:56:21 - [MESSAGE][PASSED] - Object 'Object Repository/Master Data/Data Customer/TambahKolom' is clickable

2023-08-23 14:56:21 - [MESSAGE][INFO] - Click Element = Object Repository/Master Data/Data Customer/TambahKolom

2023-08-23 14:56:21 - [MESSAGE][PASSED] - Object: 'Object Repository/Master Data/Data Customer/TambahKolom' is clicked on

2023-08-23 14:56:21 - [MESSAGE][INFO] - PRINCIPAL NAME: 

2023-08-23 14:56:22 - [MESSAGE][PASSED] - Object 'Object Repository/Master Data/Data Customer/KodePelanggan' is clickable

2023-08-23 14:56:22 - [MESSAGE][INFO] - Click Element = Object Repository/Master Data/Data Customer/KodePelanggan

2023-08-23 14:56:22 - [MESSAGE][PASSED] - Object: 'Object Repository/Master Data/Data Customer/KodePelanggan' is clicked on

2023-08-23 14:56:23 - [MESSAGE][PASSED] - Attribute 'value' of object 'Object Repository/Master Data/Data Customer/KodePelanggan' is: ''

2023-08-23 14:56:23 - [MESSAGE][PASSED] - Text '' is set on object 'Object Repository/Master Data/Data Customer/KodePelanggan'

2023-08-23 14:56:24 - [MESSAGE][PASSED] - Object 'Object Repository/Master Data/Data Customer/KodeCabang' is clickable

2023-08-23 14:56:24 - [MESSAGE][INFO] - Click Element = Object Repository/Master Data/Data Customer/KodeCabang

2023-08-23 14:56:24 - [MESSAGE][PASSED] - Object: 'Object Repository/Master Data/Data Customer/KodeCabang' is clicked on

2023-08-23 14:56:24 - [MESSAGE][PASSED] - Attribute 'value' of object 'Object Repository/Master Data/Data Customer/KodeCabang' is: ''

2023-08-23 14:56:25 - [MESSAGE][PASSED] - Text '' is set on object 'Object Repository/Master Data/Data Customer/KodeCabang'

2023-08-23 14:56:25 - [MESSAGE][PASSED] - Object 'Object Repository/Master Data/Data Customer/ClientID' is clickable

2023-08-23 14:56:25 - [MESSAGE][INFO] - Click Element = Object Repository/Master Data/Data Customer/ClientID

2023-08-23 14:56:26 - [MESSAGE][PASSED] - Object: 'Object Repository/Master Data/Data Customer/ClientID' is clicked on

2023-08-23 14:56:26 - [MESSAGE][PASSED] - Attribute 'value' of object 'Object Repository/Master Data/Data Customer/ClientID' is: ''

2023-08-23 14:56:27 - [MESSAGE][PASSED] - Text '' is set on object 'Object Repository/Master Data/Data Customer/ClientID'

2023-08-23 14:56:27 - [MESSAGE][PASSED] - Object 'Object Repository/Master Data/Data Customer/KodeDistributor' is clickable

2023-08-23 14:56:27 - [MESSAGE][INFO] - Click Element = Object Repository/Master Data/Data Customer/KodeDistributor

2023-08-23 14:56:28 - [MESSAGE][PASSED] - Object: 'Object Repository/Master Data/Data Customer/KodeDistributor' is clicked on

2023-08-23 14:56:28 - [MESSAGE][PASSED] - Attribute 'value' of object 'Object Repository/Master Data/Data Customer/KodeDistributor' is: ''

2023-08-23 14:56:29 - [MESSAGE][PASSED] - Text '' is set on object 'Object Repository/Master Data/Data Customer/KodeDistributor'

2023-08-23 14:56:29 - [MESSAGE][PASSED] - Object 'Object Repository/Master Data/Data Customer/Tambah' is clickable

2023-08-23 14:56:29 - [MESSAGE][INFO] - Click Element = Object Repository/Master Data/Data Customer/Tambah

2023-08-23 14:56:29 - [MESSAGE][PASSED] - Object: 'Object Repository/Master Data/Data Customer/Tambah' is clicked on

2023-08-23 14:56:29 - [TEST_STEP][PASSED] - dataCustomer.saveDocument(): Wait for page load successfully

2023-08-23 14:56:30 - [MESSAGE][PASSED] - Object 'Object Repository/Master Data/Data Customer/Simpan' is clickable

2023-08-23 14:56:30 - [MESSAGE][INFO] - Click Element = Object Repository/Master Data/Data Customer/Simpan

2023-08-23 14:56:30 - [MESSAGE][PASSED] - Object: 'Object Repository/Master Data/Data Customer/Simpan' is clicked on

2023-08-23 14:56:30 - [MESSAGE][PASSED] - Wait for page load successfully

2023-08-23 14:56:30 - [TEST_STEP][PASSED] - dataCustomer.verifyMsg(msg, testDataNumber, category): MSG =  Berhasil Mengupdate Data Customer!

2023-08-23 14:56:31 - [MESSAGE][PASSED] - Delayed 1 second(s)

2023-08-23 14:56:31 - [MESSAGE][PASSED] - Text of object 'Object Repository/Master Data/Data Customer/msgValidation' is: 'Berhasil Mengupdate Data Customer!'

2023-08-23 14:56:31 - [MESSAGE][INFO] - MSG =  Berhasil Mengupdate Data Customer!

2023-08-23 14:56:31 - [TEST_STEP][PASSED] - generalAction.logoutAndCloseBrowser(): Browser is closed

2023-08-23 14:56:34 - [MESSAGE][PASSED] - Delayed 3 second(s)

2023-08-23 14:56:35 - [MESSAGE][PASSED] - Object 'Object Repository/Home Page(General)/Page_NexCARE/btnLogOut' is clickable

2023-08-23 14:56:35 - [MESSAGE][PASSED] - Object 'Object Repository/Home Page(General)/Page_NexCARE/btnLogOut' is clickable

2023-08-23 14:56:35 - [MESSAGE][INFO] - Click Element = Object Repository/Home Page(General)/Page_NexCARE/btnLogOut

2023-08-23 14:56:36 - [MESSAGE][PASSED] - Object: 'Object Repository/Home Page(General)/Page_NexCARE/btnLogOut' is clicked on

2023-08-23 14:56:36 - [MESSAGE][PASSED] - Object 'Object Repository/Home Page(General)/Konfrimasi Keluar' is clickable

2023-08-23 14:56:36 - [MESSAGE][INFO] - Click Element = Object Repository/Home Page(General)/Konfrimasi Keluar

2023-08-23 14:56:36 - [MESSAGE][PASSED] - Object: 'Object Repository/Home Page(General)/Konfrimasi Keluar' is clicked on

2023-08-23 14:56:39 - [MESSAGE][PASSED] - Delayed 3 second(s)

2023-08-23 14:56:40 - [MESSAGE][PASSED] - Browser is closed

2023-08-23 14:56:40 - [TEST_STEP][PASSED] - Start listener action : afterTestCase: message: 

2023-08-23 14:56:40 - [TEST_STEP][PASSED] - if (!(isSkipTestListener)): message: 

2023-08-23 14:56:40 - [TEST_STEP][PASSED] - if (!(isSkipReport)): message: 

2023-08-23 14:56:40 - [TEST_STEP][PASSED] - driver = getWebDriver(): null

2023-08-23 14:56:40 - [TEST_STEP][PASSED] - endTimeTC = simpleDateFormat.format(new java.util.Date()): null

2023-08-23 14:56:40 - [TEST_STEP][PASSED] - projectId = projectID: null

2023-08-23 14:56:40 - [TEST_STEP][PASSED] - testCase = currentTestCaseId: null

2023-08-23 14:56:40 - [TEST_STEP][PASSED] - tc = findTestCase(testCase): null

2023-08-23 14:56:40 - [TEST_STEP][PASSED] - subject = name: null

2023-08-23 14:56:40 - [TEST_STEP][PASSED] - tag = tc.getTag(): null

2023-08-23 14:56:40 - [TEST_STEP][PASSED] - desc = tc.getDescription(): null

2023-08-23 14:56:40 - [TEST_STEP][PASSED] - status = testCaseContext.getTestCaseStatus(): null

2023-08-23 14:56:40 - [TEST_STEP][PASSED] - caps = driver.getCapabilities(): null

2023-08-23 14:56:40 - [TEST_STEP][PASSED] - platform = getBrowserName().capitalize(): null

2023-08-23 14:56:40 - [TEST_STEP][PASSED] - platformVersion = caps.getVersion(): null

2023-08-23 14:56:40 - [TEST_STEP][PASSED] - appVersion = appVersion: null

2023-08-23 14:56:40 - [TEST_STEP][PASSED] - profile = getExecutionProfile(): null

2023-08-23 14:56:40 - [TEST_STEP][PASSED] - startExecutionTime = startTimeTC: null

2023-08-23 14:56:40 - [TEST_STEP][PASSED] - endExecutionTime = endTimeTC: null

2023-08-23 14:56:40 - [TEST_STEP][PASSED] - addProperties = testCaseContext.getMessage(): null

2023-08-23 14:56:40 - [TEST_STEP][PASSED] - hostName = getHostName(): null

2023-08-23 14:56:40 - [TEST_STEP][PASSED] - os = getOS(): null

2023-08-23 14:56:40 - [TEST_STEP][PASSED] - hostAddress = getHostAddress(): null

2023-08-23 14:56:40 - [TEST_STEP][PASSED] - katalonVersion = getAppVersion(): null

2023-08-23 14:56:40 - [TEST_STEP][PASSED] - lstKeyOfAddValues = new java.util.ArrayList(): null

2023-08-23 14:56:40 - [TEST_STEP][PASSED] - lstKeyOfAddValues.add("Host Name"): null

2023-08-23 14:56:40 - [TEST_STEP][PASSED] - lstKeyOfAddValues.add("OS"): null

2023-08-23 14:56:40 - [TEST_STEP][PASSED] - lstKeyOfAddValues.add("Host Address"): null

2023-08-23 14:56:40 - [TEST_STEP][PASSED] - lstKeyOfAddValues.add("Katalon Version"): null

2023-08-23 14:56:40 - [TEST_STEP][PASSED] - lstValueOfAddValues = new java.util.ArrayList(): null

2023-08-23 14:56:40 - [TEST_STEP][PASSED] - lstValueOfAddValues.add(hostName): null

2023-08-23 14:56:40 - [TEST_STEP][PASSED] - lstValueOfAddValues.add(os): null

2023-08-23 14:56:40 - [TEST_STEP][PASSED] - lstValueOfAddValues.add(hostAddress): null

2023-08-23 14:56:40 - [TEST_STEP][PASSED] - lstValueOfAddValues.add(katalonVersion): null

2023-08-23 14:56:40 - [TEST_STEP][PASSED] - addValues = [lstKeyOfAddValues.toArray(), lstValueOfAddValues.toArray()]: null

2023-08-23 14:56:40 - [TEST_STEP][PASSED] - body = QMARequestResponseObject.convertToJSON(projectId, testCase, subject, tag, desc, status, platform, platformVersion, appVersion, profile, startExecutionTime, endExecutionTime, addProperties, addValues): null

2023-08-23 14:56:40 - [TEST_STEP][PASSED] - logInfo("Body: " + body): Body: {"project_id":13,"test_case":"Test Cases/Master Data/Data Customer/Data Customer - Add","subject":"Data Customer - Add","tag":"","description":"","status":"PASSED","platform":"Chrome","platform_version":"116.0.5845.97","app_version":"5.0.0","profile":"default","start_execution_time":"2023-08-23T14:51:19Z","end_execution_time":"2023-08-23T14:56:40Z","additional_properties":"","additional_values":[["Host Name","OS","Host Address","Katalon Version"],["NEXSOFT - DESKTOP-C56VD1H","Windows 11 64bit","10.10.18.38","8.6.6.208"]]}

2023-08-23 14:56:40 - [MESSAGE][INFO] - Body: {"project_id":13,"test_case":"Test Cases/Master Data/Data Customer/Data Customer - Add","subject":"Data Customer - Add","tag":"","description":"","status":"PASSED","platform":"Chrome","platform_version":"116.0.5845.97","app_version":"5.0.0","profile":"default","start_execution_time":"2023-08-23T14:51:19Z","end_execution_time":"2023-08-23T14:56:40Z","additional_properties":"","additional_values":[["Host Name","OS","Host Address","Katalon Version"],["NEXSOFT - DESKTOP-C56VD1H","Windows 11 64bit","10.10.18.38","8.6.6.208"]]}

2023-08-23 14:56:40 - [TEST_STEP][PASSED] - resp = QMARequestResponseObject.automationLogRequest(token, body): Send request successfully

2023-08-23 14:56:40 - [MESSAGE][INFO] - HAR: C:\Users\NEXSOFT\Documents\Nexsoft\Katalon\Katalon_nexcare\Reports\20230823_145113\Master Data\Data Distributor\Data Distributor\20230823_145113\requests\main\1.har

2023-08-23 14:56:40 - [MESSAGE][PASSED] - Send request successfully

2023-08-23 14:56:40 - [TEST_STEP][PASSED] - if (QMARequestResponseObject.getStatusCode(resp) != 201 || QMARequestResponseObject.getWaitingTime(resp) > 5000): null

2023-08-23 14:56:40 - [TEST_STEP][PASSED] - else: message: 

2023-08-23 14:56:40 - [TEST_STEP][PASSED] - resText = QMARequestResponseObject.getResponseText(resp): null

2023-08-23 14:56:40 - [TEST_STEP][PASSED] - logInfo("Text: " + resText): Text: {"code":200,"message":"","internalmessage":"Log Success"}

2023-08-23 14:56:40 - [MESSAGE][INFO] - Text: {"code":200,"message":"","internalmessage":"Log Success"}

2023-08-23 14:56:40 - [TEST_STEP][PASSED] - object = js.parseText(resText): null

2023-08-23 14:56:40 - [TEST_STEP][PASSED] - code = code: null

2023-08-23 14:56:40 - [TEST_STEP][PASSED] - message = message: null

2023-08-23 14:56:40 - [TEST_STEP][PASSED] - logInfo("code: " + code): code: 200

2023-08-23 14:56:40 - [MESSAGE][INFO] - code: 200

2023-08-23 14:56:40 - [TEST_STEP][PASSED] - logInfo("message: " + message): message: 

2023-08-23 14:56:40 - [MESSAGE][INFO] - message:]]></system-out>
         <system-err><![CDATA[]]></system-err>
      </testcase>
      <testcase name="Test Cases/Master Data/Data Customer/Data Customer - Edit" time="142.796" classname="Test Cases/Master Data/Data Customer/Data Customer - Edit" status="PASSED">
         <system-out><![CDATA[2023-08-23 14:56:40 - [TEST_CASE][PASSED] - Test Cases/Master Data/Data Customer/Data Customer - Edit: Test Cases/Master Data/Data Customer/Data Customer - Edit

2023-08-23 14:56:40 - [TEST_STEP][PASSED] - Start listener action : beforeTestCase: null

2023-08-23 14:56:40 - [TEST_STEP][PASSED] - if (!(isSkipTestListener)): null

2023-08-23 14:56:40 - [TEST_STEP][PASSED] - if (!(isSkipReport)): null

2023-08-23 14:56:40 - [TEST_STEP][PASSED] - startTimeTC = simpleDateFormat.format(new java.util.Date()): null

2023-08-23 14:56:40 - [TEST_STEP][PASSED] - currentTestCaseId = testCaseContext.getTestCaseId(): null

2023-08-23 14:56:41 - [TEST_STEP][PASSED] - handleWebDriver = new care.katalon.HandleWebDriver(): null

2023-08-23 14:56:41 - [TEST_STEP][PASSED] - handleWebDriver.startAndOpenWebBrowser(baseUrl): Wait for page load successfully

2023-08-23 14:56:41 - [MESSAGE][INFO] - URL ENV = https://staging-care.nexcloud.id/

2023-08-23 14:56:41 - [MESSAGE][INFO] - Starting 'Chrome' driver

2023-08-23 14:56:41 - [MESSAGE][INFO] - Action delay is set to 0 milliseconds

2023-08-23 14:56:42 - [MESSAGE][PASSED] - Browser is opened with url: ''

2023-08-23 14:56:42 - [MESSAGE][PASSED] - Wait for page load successfully

2023-08-23 14:56:42 - [MESSAGE][PASSED] - Current window maximized

2023-08-23 14:56:43 - [MESSAGE][PASSED] - Navigate to 'https://staging-care.nexcloud.id/' successfully

2023-08-23 14:56:43 - [MESSAGE][PASSED] - Wait for page load successfully

2023-08-23 14:56:43 - [TEST_STEP][PASSED] - generalAction = new care.katalon.GeneralAction(): null

2023-08-23 14:56:43 - [TEST_STEP][PASSED] - handleTestData = new care.katalon.HandleTestData(): null

2023-08-23 14:56:43 - [TEST_STEP][PASSED] - dataCustomer = new masterdata.care.DataCustomer(): null

2023-08-23 14:56:43 - [TEST_STEP][PASSED] - generalAction.login(""): Wait for page load successfully

2023-08-23 14:56:43 - [MESSAGE][PASSED] - Object 'Object Repository/Login/username' is clickable

2023-08-23 14:56:43 - [MESSAGE][INFO] - Click Element = Object Repository/Login/username

2023-08-23 14:56:44 - [MESSAGE][PASSED] - Object: 'Object Repository/Login/username' is clicked on

2023-08-23 14:56:44 - [MESSAGE][PASSED] - Attribute 'value' of object 'Object Repository/Login/username' is: ''

2023-08-23 14:56:45 - [MESSAGE][PASSED] - Text 'admin' is set on object 'Object Repository/Login/username'

2023-08-23 14:56:45 - [MESSAGE][PASSED] - Object 'Object Repository/Login/password' is clickable

2023-08-23 14:56:45 - [MESSAGE][INFO] - Click Element = Object Repository/Login/password

2023-08-23 14:56:46 - [MESSAGE][PASSED] - Object: 'Object Repository/Login/password' is clicked on

2023-08-23 14:56:46 - [MESSAGE][PASSED] - Attribute 'value' of object 'Object Repository/Login/password' is: ''

2023-08-23 14:56:47 - [MESSAGE][PASSED] - Text 'Auth_server_2020' is set on object 'Object Repository/Login/password'

2023-08-23 14:56:47 - [MESSAGE][PASSED] - Object 'Object Repository/Login/masuk' is clickable

2023-08-23 14:56:47 - [MESSAGE][INFO] - Click Element = Object Repository/Login/masuk

2023-08-23 14:56:47 - [MESSAGE][PASSED] - Object: 'Object Repository/Login/masuk' is clicked on

2023-08-23 14:56:48 - [MESSAGE][PASSED] - Object 'Object Repository/Login/button_Tidak' is present

2023-08-23 14:56:48 - [MESSAGE][PASSED] - Object 'Object Repository/Login/button_Tidak' is clickable

2023-08-23 14:56:48 - [MESSAGE][INFO] - Click Element = Object Repository/Login/button_Tidak

2023-08-23 14:56:49 - [MESSAGE][PASSED] - Object: 'Object Repository/Login/button_Tidak' is clicked on

2023-08-23 14:56:49 - [MESSAGE][PASSED] - Wait for page load successfully

2023-08-23 14:56:49 - [TEST_STEP][PASSED] - dataCustomer.menuDataCustomer(): Delayed 1 second(s)

2023-08-23 14:56:52 - [MESSAGE][PASSED] - Object 'Object Repository/Sidebar/Sidebar Master Data' is clickable

2023-08-23 14:56:52 - [MESSAGE][INFO] - Click Element = Object Repository/Sidebar/Sidebar Master Data

2023-08-23 14:56:53 - [MESSAGE][PASSED] - Object: 'Object Repository/Sidebar/Sidebar Master Data' is clicked on

2023-08-23 14:56:53 - [MESSAGE][PASSED] - Object 'Object Repository/Home Page(General)/btnDataDistributor' is clickable

2023-08-23 14:56:53 - [MESSAGE][INFO] - Click Element = Object Repository/Home Page(General)/btnDataDistributor

2023-08-23 14:56:54 - [MESSAGE][PASSED] - Object: 'Object Repository/Home Page(General)/btnDataDistributor' is clicked on

2023-08-23 14:56:54 - [MESSAGE][PASSED] - Refresh successfully

2023-08-23 14:56:55 - [MESSAGE][PASSED] - Delayed 1 second(s)

2023-08-23 14:56:55 - [TEST_STEP][PASSED] - excelLocation = "Master Data\Data Customer\dataCustomer - edit.xlsx": null

2023-08-23 14:56:55 - [TEST_STEP][PASSED] - sheetNameEditDataCustomer = "DataCustomer-Edit": null

2023-08-23 14:56:55 - [TEST_STEP][PASSED] - listHashMapEditDataCustomer = handleTestData.readTestData(excelLocation, sheetNameEditDataCustomer, true): listHashMap di Method readTestData class care.katalon.HandleTestData : [[TD:TDG220601, branchCode:1613724323333, msg:Berhasil mengupdate data customer!, Action:Edit, clientID:EditKatalon00001, branchCodeEdit:1613724323333, principalName:Nestle, distributorCode:EditDistCode01, nsCode:NS6143060002877, category:positive, customerName:Pt Rukun Mitra Sejati Yogyakarta, status:Kadaluwarsa], [TD:TDG220602, branchCode:1613724333334, msg:Berhasil mengupdate data customer!, Action:Edit, clientID:EditKatalon00002, branchCodeEdit:1613724333334, principalName:Nestle, distributorCode:EditDistCode02, nsCode:NS6143060002877, category:positive, customerName:Pt Rukun Mitra Sejati Yogyakarta, status:Aktif], [TD:TDG220603, branchCode:1613724323335, msg:Berhasil mengupdate data customer!, Action:Edit, clientID:EditKatalon00003, branchCodeEdit:1613724323335, principalName:Nestle, distributorCode:EditDistCode03, nsCode:NS6143060002877, category:positive, customerName:Pt Rukun Mitra Sejati Yogyakarta, status:Kadaluwarsa], [TD:TDG220604, branchCode:1613724323336, msg:Berhasil mengupdate data customer!, Action:Edit, clientID:EditKatalon00004, branchCodeEdit:1613724323336, principalName:Nestle, distributorCode:EditDistCode04, nsCode:NS6143060002877, category:positive, customerName:Pt Rukun Mitra Sejati Blitar, status:Aktif], [TD:TDG220605, branchCode:1613724333337, msg:Berhasil mengupdate data customer!, Action:Edit, clientID:EditKatalon00005, branchCodeEdit:1613724333337, principalName:Nestle, distributorCode:EditDistCode05, nsCode:NS6143060002877, category:positive, customerName:Pt Rukun Mitra Sejati Blitar, status:Kadaluwarsa], [TD:TDG220606, branchCode:1613724323338, msg:Berhasil mengupdate data customer!, Action:Edit, clientID:EditKatalon00006, branchCodeEdit:1613724323338, principalName:Nestle, distributorCode:EditDistCode06, nsCode:NS6143060002877, category:positive, customerName:Pt Rukun Mitra Sejati Blitar, status:Aktif]]

2023-08-23 14:56:55 - [MESSAGE][INFO] - listHashMap di Method readTestData class care.katalon.HandleTestData : [[TD:TDG220601, branchCode:1613724323333, msg:Berhasil mengupdate data customer!, Action:Edit, clientID:EditKatalon00001, branchCodeEdit:1613724323333, principalName:Nestle, distributorCode:EditDistCode01, nsCode:NS6143060002877, category:positive, customerName:Pt Rukun Mitra Sejati Yogyakarta, status:Kadaluwarsa], [TD:TDG220602, branchCode:1613724333334, msg:Berhasil mengupdate data customer!, Action:Edit, clientID:EditKatalon00002, branchCodeEdit:1613724333334, principalName:Nestle, distributorCode:EditDistCode02, nsCode:NS6143060002877, category:positive, customerName:Pt Rukun Mitra Sejati Yogyakarta, status:Aktif], [TD:TDG220603, branchCode:1613724323335, msg:Berhasil mengupdate data customer!, Action:Edit, clientID:EditKatalon00003, branchCodeEdit:1613724323335, principalName:Nestle, distributorCode:EditDistCode03, nsCode:NS6143060002877, category:positive, customerName:Pt Rukun Mitra Sejati Yogyakarta, status:Kadaluwarsa], [TD:TDG220604, branchCode:1613724323336, msg:Berhasil mengupdate data customer!, Action:Edit, clientID:EditKatalon00004, branchCodeEdit:1613724323336, principalName:Nestle, distributorCode:EditDistCode04, nsCode:NS6143060002877, category:positive, customerName:Pt Rukun Mitra Sejati Blitar, status:Aktif], [TD:TDG220605, branchCode:1613724333337, msg:Berhasil mengupdate data customer!, Action:Edit, clientID:EditKatalon00005, branchCodeEdit:1613724333337, principalName:Nestle, distributorCode:EditDistCode05, nsCode:NS6143060002877, category:positive, customerName:Pt Rukun Mitra Sejati Blitar, status:Kadaluwarsa], [TD:TDG220606, branchCode:1613724323338, msg:Berhasil mengupdate data customer!, Action:Edit, clientID:EditKatalon00006, branchCodeEdit:1613724323338, principalName:Nestle, distributorCode:EditDistCode06, nsCode:NS6143060002877, category:positive, customerName:Pt Rukun Mitra Sejati Blitar, status:Aktif]]

2023-08-23 14:56:55 - [TEST_STEP][PASSED] - namaCustomer = "": null

2023-08-23 14:56:55 - [TEST_STEP][PASSED] - dataEdit = new java.util.HashMap(): null

2023-08-23 14:56:55 - [TEST_STEP][PASSED] - dataWithSameCustomerName = new java.util.ArrayList(): null

2023-08-23 14:56:55 - [TEST_STEP][PASSED] - testData = "": null

2023-08-23 14:56:55 - [TEST_STEP][PASSED] - cat = "": null

2023-08-23 14:56:55 - [TEST_STEP][PASSED] - message = "": null

2023-08-23 14:56:55 - [TEST_STEP][PASSED] - for ([i = 0, i < listHashMapEditDataCustomer.size(), (i++)]): null

2023-08-23 14:56:55 - [TEST_STEP][PASSED] - getHashMapEditDataCustomer = listHashMapEditDataCustomer.get(i): null

2023-08-23 14:56:55 - [TEST_STEP][PASSED] - TD = getHashMapEditDataCustomer.get("TD"): null

2023-08-23 14:56:55 - [TEST_STEP][PASSED] - customerName = getHashMapEditDataCustomer.get("customerName"): null

2023-08-23 14:56:55 - [TEST_STEP][PASSED] - category = getHashMapEditDataCustomer.get("category"): null

2023-08-23 14:56:55 - [TEST_STEP][PASSED] - msg = getHashMapEditDataCustomer.get("msg"): null

2023-08-23 14:56:55 - [TEST_STEP][PASSED] - logInfo("TD: " + TD): TD: TDG220601

2023-08-23 14:56:55 - [MESSAGE][INFO] - TD: TDG220601

2023-08-23 14:56:55 - [TEST_STEP][PASSED] - testData = TD: null

2023-08-23 14:56:55 - [TEST_STEP][PASSED] - cat = category: null

2023-08-23 14:56:55 - [TEST_STEP][PASSED] - message = msg: null

2023-08-23 14:56:55 - [TEST_STEP][PASSED] - if (namaCustomer.equals("") || namaCustomer.equals(customerName)): null

2023-08-23 14:56:55 - [TEST_STEP][PASSED] - namaCustomer = customerName: null

2023-08-23 14:56:55 - [TEST_STEP][PASSED] - dataWithSameCustomerName.add(getHashMapEditDataCustomer): null

2023-08-23 14:56:55 - [TEST_STEP][PASSED] - if (i == listHashMapEditDataCustomer.size() - 1): null

2023-08-23 14:56:55 - [TEST_STEP][PASSED] - getHashMapEditDataCustomer = listHashMapEditDataCustomer.get(i): null

2023-08-23 14:56:55 - [TEST_STEP][PASSED] - TD = getHashMapEditDataCustomer.get("TD"): null

2023-08-23 14:56:55 - [TEST_STEP][PASSED] - customerName = getHashMapEditDataCustomer.get("customerName"): null

2023-08-23 14:56:55 - [TEST_STEP][PASSED] - category = getHashMapEditDataCustomer.get("category"): null

2023-08-23 14:56:55 - [TEST_STEP][PASSED] - msg = getHashMapEditDataCustomer.get("msg"): null

2023-08-23 14:56:55 - [TEST_STEP][PASSED] - logInfo("TD: " + TD): TD: TDG220602

2023-08-23 14:56:55 - [MESSAGE][INFO] - TD: TDG220602

2023-08-23 14:56:55 - [TEST_STEP][PASSED] - testData = TD: null

2023-08-23 14:56:55 - [TEST_STEP][PASSED] - cat = category: null

2023-08-23 14:56:55 - [TEST_STEP][PASSED] - message = msg: null

2023-08-23 14:56:55 - [TEST_STEP][PASSED] - if (namaCustomer.equals("") || namaCustomer.equals(customerName)): null

2023-08-23 14:56:55 - [TEST_STEP][PASSED] - namaCustomer = customerName: null

2023-08-23 14:56:55 - [TEST_STEP][PASSED] - dataWithSameCustomerName.add(getHashMapEditDataCustomer): null

2023-08-23 14:56:55 - [TEST_STEP][PASSED] - if (i == listHashMapEditDataCustomer.size() - 1): null

2023-08-23 14:56:55 - [TEST_STEP][PASSED] - getHashMapEditDataCustomer = listHashMapEditDataCustomer.get(i): null

2023-08-23 14:56:55 - [TEST_STEP][PASSED] - TD = getHashMapEditDataCustomer.get("TD"): null

2023-08-23 14:56:55 - [TEST_STEP][PASSED] - customerName = getHashMapEditDataCustomer.get("customerName"): null

2023-08-23 14:56:55 - [TEST_STEP][PASSED] - category = getHashMapEditDataCustomer.get("category"): null

2023-08-23 14:56:55 - [TEST_STEP][PASSED] - msg = getHashMapEditDataCustomer.get("msg"): null

2023-08-23 14:56:55 - [TEST_STEP][PASSED] - logInfo("TD: " + TD): TD: TDG220603

2023-08-23 14:56:55 - [MESSAGE][INFO] - TD: TDG220603

2023-08-23 14:56:55 - [TEST_STEP][PASSED] - testData = TD: null

2023-08-23 14:56:55 - [TEST_STEP][PASSED] - cat = category: null

2023-08-23 14:56:55 - [TEST_STEP][PASSED] - message = msg: null

2023-08-23 14:56:55 - [TEST_STEP][PASSED] - if (namaCustomer.equals("") || namaCustomer.equals(customerName)): null

2023-08-23 14:56:55 - [TEST_STEP][PASSED] - namaCustomer = customerName: null

2023-08-23 14:56:55 - [TEST_STEP][PASSED] - dataWithSameCustomerName.add(getHashMapEditDataCustomer): null

2023-08-23 14:56:55 - [TEST_STEP][PASSED] - if (i == listHashMapEditDataCustomer.size() - 1): null

2023-08-23 14:56:55 - [TEST_STEP][PASSED] - getHashMapEditDataCustomer = listHashMapEditDataCustomer.get(i): null

2023-08-23 14:56:55 - [TEST_STEP][PASSED] - TD = getHashMapEditDataCustomer.get("TD"): null

2023-08-23 14:56:55 - [TEST_STEP][PASSED] - customerName = getHashMapEditDataCustomer.get("customerName"): null

2023-08-23 14:56:55 - [TEST_STEP][PASSED] - category = getHashMapEditDataCustomer.get("category"): null

2023-08-23 14:56:55 - [TEST_STEP][PASSED] - msg = getHashMapEditDataCustomer.get("msg"): null

2023-08-23 14:56:55 - [TEST_STEP][PASSED] - logInfo("TD: " + TD): TD: TDG220604

2023-08-23 14:56:55 - [MESSAGE][INFO] - TD: TDG220604

2023-08-23 14:56:55 - [TEST_STEP][PASSED] - testData = TD: null

2023-08-23 14:56:55 - [TEST_STEP][PASSED] - cat = category: null

2023-08-23 14:56:55 - [TEST_STEP][PASSED] - message = msg: null

2023-08-23 14:56:55 - [TEST_STEP][PASSED] - if (namaCustomer.equals("") || namaCustomer.equals(customerName)): null

2023-08-23 14:56:55 - [TEST_STEP][PASSED] - else: null

2023-08-23 14:56:55 - [TEST_STEP][PASSED] - dataEdit.put(namaCustomer, dataWithSameCustomerName): null

2023-08-23 14:56:55 - [TEST_STEP][PASSED] - dataWithSameCustomerName = new java.util.ArrayList(): null

2023-08-23 14:56:55 - [TEST_STEP][PASSED] - namaCustomer = customerName: null

2023-08-23 14:56:55 - [TEST_STEP][PASSED] - i -= 1: null

2023-08-23 14:56:55 - [TEST_STEP][PASSED] - getHashMapEditDataCustomer = listHashMapEditDataCustomer.get(i): null

2023-08-23 14:56:55 - [TEST_STEP][PASSED] - TD = getHashMapEditDataCustomer.get("TD"): null

2023-08-23 14:56:55 - [TEST_STEP][PASSED] - customerName = getHashMapEditDataCustomer.get("customerName"): null

2023-08-23 14:56:55 - [TEST_STEP][PASSED] - category = getHashMapEditDataCustomer.get("category"): null

2023-08-23 14:56:55 - [TEST_STEP][PASSED] - msg = getHashMapEditDataCustomer.get("msg"): null

2023-08-23 14:56:55 - [TEST_STEP][PASSED] - logInfo("TD: " + TD): TD: TDG220604

2023-08-23 14:56:55 - [MESSAGE][INFO] - TD: TDG220604

2023-08-23 14:56:55 - [TEST_STEP][PASSED] - testData = TD: null

2023-08-23 14:56:55 - [TEST_STEP][PASSED] - cat = category: null

2023-08-23 14:56:55 - [TEST_STEP][PASSED] - message = msg: null

2023-08-23 14:56:55 - [TEST_STEP][PASSED] - if (namaCustomer.equals("") || namaCustomer.equals(customerName)): null

2023-08-23 14:56:55 - [TEST_STEP][PASSED] - namaCustomer = customerName: null

2023-08-23 14:56:55 - [TEST_STEP][PASSED] - dataWithSameCustomerName.add(getHashMapEditDataCustomer): null

2023-08-23 14:56:55 - [TEST_STEP][PASSED] - if (i == listHashMapEditDataCustomer.size() - 1): null

2023-08-23 14:56:55 - [TEST_STEP][PASSED] - getHashMapEditDataCustomer = listHashMapEditDataCustomer.get(i): null

2023-08-23 14:56:55 - [TEST_STEP][PASSED] - TD = getHashMapEditDataCustomer.get("TD"): null

2023-08-23 14:56:55 - [TEST_STEP][PASSED] - customerName = getHashMapEditDataCustomer.get("customerName"): null

2023-08-23 14:56:55 - [TEST_STEP][PASSED] - category = getHashMapEditDataCustomer.get("category"): null

2023-08-23 14:56:55 - [TEST_STEP][PASSED] - msg = getHashMapEditDataCustomer.get("msg"): null

2023-08-23 14:56:55 - [TEST_STEP][PASSED] - logInfo("TD: " + TD): TD: TDG220605

2023-08-23 14:56:55 - [MESSAGE][INFO] - TD: TDG220605

2023-08-23 14:56:55 - [TEST_STEP][PASSED] - testData = TD: null

2023-08-23 14:56:55 - [TEST_STEP][PASSED] - cat = category: null

2023-08-23 14:56:55 - [TEST_STEP][PASSED] - message = msg: null

2023-08-23 14:56:55 - [TEST_STEP][PASSED] - if (namaCustomer.equals("") || namaCustomer.equals(customerName)): null

2023-08-23 14:56:55 - [TEST_STEP][PASSED] - namaCustomer = customerName: null

2023-08-23 14:56:55 - [TEST_STEP][PASSED] - dataWithSameCustomerName.add(getHashMapEditDataCustomer): null

2023-08-23 14:56:55 - [TEST_STEP][PASSED] - if (i == listHashMapEditDataCustomer.size() - 1): null

2023-08-23 14:56:55 - [TEST_STEP][PASSED] - getHashMapEditDataCustomer = listHashMapEditDataCustomer.get(i): null

2023-08-23 14:56:55 - [TEST_STEP][PASSED] - TD = getHashMapEditDataCustomer.get("TD"): null

2023-08-23 14:56:55 - [TEST_STEP][PASSED] - customerName = getHashMapEditDataCustomer.get("customerName"): null

2023-08-23 14:56:55 - [TEST_STEP][PASSED] - category = getHashMapEditDataCustomer.get("category"): null

2023-08-23 14:56:55 - [TEST_STEP][PASSED] - msg = getHashMapEditDataCustomer.get("msg"): null

2023-08-23 14:56:55 - [TEST_STEP][PASSED] - logInfo("TD: " + TD): TD: TDG220606

2023-08-23 14:56:55 - [MESSAGE][INFO] - TD: TDG220606

2023-08-23 14:56:55 - [TEST_STEP][PASSED] - testData = TD: null

2023-08-23 14:56:55 - [TEST_STEP][PASSED] - cat = category: null

2023-08-23 14:56:55 - [TEST_STEP][PASSED] - message = msg: null

2023-08-23 14:56:55 - [TEST_STEP][PASSED] - if (namaCustomer.equals("") || namaCustomer.equals(customerName)): null

2023-08-23 14:56:55 - [TEST_STEP][PASSED] - namaCustomer = customerName: null

2023-08-23 14:56:55 - [TEST_STEP][PASSED] - dataWithSameCustomerName.add(getHashMapEditDataCustomer): null

2023-08-23 14:56:55 - [TEST_STEP][PASSED] - if (i == listHashMapEditDataCustomer.size() - 1): null

2023-08-23 14:56:55 - [TEST_STEP][PASSED] - dataEdit.put(namaCustomer, dataWithSameCustomerName): null

2023-08-23 14:56:55 - [TEST_STEP][PASSED] - for (String i : dataEdit.keySet()): Actual text 'Aktif' and expected text 'Aktif' are matched 

2023-08-23 14:56:55 - [TEST_STEP][PASSED] - try: Actual text 'Kadaluwarsa' and expected text 'Kadaluwarsa' are matched 

2023-08-23 14:56:55 - [TEST_STEP][PASSED] - customerName = i: null

2023-08-23 14:56:55 - [TEST_STEP][PASSED] - hashMapEditDetail = dataEdit.get(customerName): null

2023-08-23 14:56:55 - [TEST_STEP][PASSED] - dataCustomer.refreshWeb(): Delayed 1 second(s)

2023-08-23 14:56:55 - [MESSAGE][PASSED] - Refresh successfully

2023-08-23 14:56:56 - [MESSAGE][PASSED] - Delayed 1 second(s)

2023-08-23 14:56:56 - [TEST_STEP][PASSED] - dataCustomer.viewData(customerName): Keys 'ENTER + ' sent to object: 'Object Repository/Master Data/Data Customer/SelectPelanggan'

2023-08-23 14:56:59 - [MESSAGE][PASSED] - Delayed 3 second(s)

2023-08-23 14:56:59 - [MESSAGE][PASSED] - Object 'Object Repository/Master Data/Data Customer/CariPelanggan' is clickable

2023-08-23 14:57:00 - [MESSAGE][PASSED] - Object 'Object Repository/Master Data/Data Customer/CariPelanggan' is clickable

2023-08-23 14:57:00 - [MESSAGE][INFO] - Click Element = Object Repository/Master Data/Data Customer/CariPelanggan

2023-08-23 14:57:00 - [MESSAGE][PASSED] - Object: 'Object Repository/Master Data/Data Customer/CariPelanggan' is clicked on

2023-08-23 14:57:01 - [MESSAGE][PASSED] - Keys 'Pt Rukun Mitra Sejati Yogyakarta' sent to object: 'Object Repository/Master Data/Data Customer/SelectPelanggan'

2023-08-23 14:57:01 - [MESSAGE][PASSED] - Object 'Object Repository/Master Data/Data Customer/SelectPelanggan' is present

2023-08-23 14:57:02 - [MESSAGE][PASSED] - Keys 'ENTER + ' sent to object: 'Object Repository/Master Data/Data Customer/SelectPelanggan'

2023-08-23 14:57:02 - [TEST_STEP][PASSED] - dataCustomer.editDocumentDetail(hashMapEditDetail): Object: 'Object Repository/Master Data/Data Customer/EditStatusValue' is clicked on

2023-08-23 14:57:02 - [MESSAGE][PASSED] - Object 'Object Repository/Master Data/Data Customer/editDataCustomer' is clickable

2023-08-23 14:57:02 - [MESSAGE][INFO] - Click Element = Object Repository/Master Data/Data Customer/editDataCustomer

2023-08-23 14:57:02 - [MESSAGE][PASSED] - Object: 'Object Repository/Master Data/Data Customer/editDataCustomer' is clicked on

2023-08-23 14:57:02 - [MESSAGE][PASSED] - Wait for page load successfully

2023-08-23 14:57:03 - [MESSAGE][PASSED] - Object 'Object Repository/Master Data/Data Customer/EditKodePelanggan' is clickable

2023-08-23 14:57:03 - [MESSAGE][INFO] - Click Element = Object Repository/Master Data/Data Customer/EditKodePelanggan

2023-08-23 14:57:03 - [MESSAGE][PASSED] - Object: 'Object Repository/Master Data/Data Customer/EditKodePelanggan' is clicked on

2023-08-23 14:57:04 - [MESSAGE][PASSED] - Attribute 'value' of object 'Object Repository/Master Data/Data Customer/EditKodePelanggan' is: 'NS6143060002877'

2023-08-23 14:57:04 - [MESSAGE][PASSED] - Keys 'CONTROL + a' sent to object: 'Object Repository/Master Data/Data Customer/EditKodePelanggan'

2023-08-23 14:57:04 - [MESSAGE][PASSED] - Keys 'BACK_SPACE + ' sent to object: 'Object Repository/Master Data/Data Customer/EditKodePelanggan'

2023-08-23 14:57:05 - [MESSAGE][PASSED] - Text 'NS6143060002877' is set on object 'Object Repository/Master Data/Data Customer/EditKodePelanggan'

2023-08-23 14:57:05 - [MESSAGE][PASSED] - Object 'Object Repository/Master Data/Data Customer/EditKodeCabang' is clickable

2023-08-23 14:57:05 - [MESSAGE][INFO] - Click Element = Object Repository/Master Data/Data Customer/EditKodeCabang

2023-08-23 14:57:06 - [MESSAGE][PASSED] - Object: 'Object Repository/Master Data/Data Customer/EditKodeCabang' is clicked on

2023-08-23 14:57:06 - [MESSAGE][PASSED] - Attribute 'value' of object 'Object Repository/Master Data/Data Customer/EditKodeCabang' is: '1613724323333'

2023-08-23 14:57:06 - [MESSAGE][PASSED] - Keys 'CONTROL + a' sent to object: 'Object Repository/Master Data/Data Customer/EditKodeCabang'

2023-08-23 14:57:07 - [MESSAGE][PASSED] - Keys 'BACK_SPACE + ' sent to object: 'Object Repository/Master Data/Data Customer/EditKodeCabang'

2023-08-23 14:57:07 - [MESSAGE][PASSED] - Text '1613724323333' is set on object 'Object Repository/Master Data/Data Customer/EditKodeCabang'

2023-08-23 14:57:08 - [MESSAGE][PASSED] - Object 'Object Repository/Master Data/Data Customer/EditClientID' is clickable

2023-08-23 14:57:08 - [MESSAGE][INFO] - Click Element = Object Repository/Master Data/Data Customer/EditClientID

2023-08-23 14:57:08 - [MESSAGE][PASSED] - Object: 'Object Repository/Master Data/Data Customer/EditClientID' is clicked on

2023-08-23 14:57:08 - [MESSAGE][PASSED] - Attribute 'value' of object 'Object Repository/Master Data/Data Customer/EditClientID' is: 'Katalon00001'

2023-08-23 14:57:09 - [MESSAGE][PASSED] - Keys 'CONTROL + a' sent to object: 'Object Repository/Master Data/Data Customer/EditClientID'

2023-08-23 14:57:09 - [MESSAGE][PASSED] - Keys 'BACK_SPACE + ' sent to object: 'Object Repository/Master Data/Data Customer/EditClientID'

2023-08-23 14:57:10 - [MESSAGE][PASSED] - Text 'EditKatalon00001' is set on object 'Object Repository/Master Data/Data Customer/EditClientID'

2023-08-23 14:57:10 - [MESSAGE][PASSED] - Object 'Object Repository/Master Data/Data Customer/EditKodeDistributor' is clickable

2023-08-23 14:57:10 - [MESSAGE][INFO] - Click Element = Object Repository/Master Data/Data Customer/EditKodeDistributor

2023-08-23 14:57:11 - [MESSAGE][PASSED] - Object: 'Object Repository/Master Data/Data Customer/EditKodeDistributor' is clicked on

2023-08-23 14:57:11 - [MESSAGE][PASSED] - Attribute 'value' of object 'Object Repository/Master Data/Data Customer/EditKodeDistributor' is: 'DistCode01'

2023-08-23 14:57:11 - [MESSAGE][PASSED] - Keys 'CONTROL + a' sent to object: 'Object Repository/Master Data/Data Customer/EditKodeDistributor'

2023-08-23 14:57:12 - [MESSAGE][PASSED] - Keys 'BACK_SPACE + ' sent to object: 'Object Repository/Master Data/Data Customer/EditKodeDistributor'

2023-08-23 14:57:12 - [MESSAGE][PASSED] - Text 'EditDistCode01' is set on object 'Object Repository/Master Data/Data Customer/EditKodeDistributor'

2023-08-23 14:57:13 - [MESSAGE][PASSED] - Object 'Object Repository/Master Data/Data Customer/EditStatusValue' is clickable

2023-08-23 14:57:13 - [MESSAGE][INFO] - Click Element = Object Repository/Master Data/Data Customer/EditStatusValue

2023-08-23 14:57:13 - [MESSAGE][PASSED] - Object: 'Object Repository/Master Data/Data Customer/EditStatusValue' is clicked on

2023-08-23 14:57:14 - [MESSAGE][PASSED] - All options with label 'Kadaluwarsa' are selected in object 'Object Repository/Master Data/Data Customer/EditStatusValue' 

2023-08-23 14:57:14 - [MESSAGE][PASSED] - Object 'Object Repository/Master Data/Data Customer/EditStatusValue' is clickable

2023-08-23 14:57:14 - [MESSAGE][INFO] - Click Element = Object Repository/Master Data/Data Customer/EditStatusValue

2023-08-23 14:57:15 - [MESSAGE][PASSED] - Object: 'Object Repository/Master Data/Data Customer/EditStatusValue' is clicked on

2023-08-23 14:57:15 - [MESSAGE][PASSED] - Object 'Object Repository/Master Data/Data Customer/editDataCustomer' is clickable

2023-08-23 14:57:15 - [MESSAGE][INFO] - Click Element = Object Repository/Master Data/Data Customer/editDataCustomer

2023-08-23 14:57:15 - [MESSAGE][PASSED] - Object: 'Object Repository/Master Data/Data Customer/editDataCustomer' is clicked on

2023-08-23 14:57:15 - [MESSAGE][PASSED] - Wait for page load successfully

2023-08-23 14:57:16 - [MESSAGE][PASSED] - Object 'Object Repository/Master Data/Data Customer/EditKodePelanggan' is clickable

2023-08-23 14:57:16 - [MESSAGE][INFO] - Click Element = Object Repository/Master Data/Data Customer/EditKodePelanggan

2023-08-23 14:57:16 - [MESSAGE][PASSED] - Object: 'Object Repository/Master Data/Data Customer/EditKodePelanggan' is clicked on

2023-08-23 14:57:16 - [MESSAGE][PASSED] - Attribute 'value' of object 'Object Repository/Master Data/Data Customer/EditKodePelanggan' is: 'NS6143060002877'

2023-08-23 14:57:17 - [MESSAGE][PASSED] - Keys 'CONTROL + a' sent to object: 'Object Repository/Master Data/Data Customer/EditKodePelanggan'

2023-08-23 14:57:17 - [MESSAGE][PASSED] - Keys 'BACK_SPACE + ' sent to object: 'Object Repository/Master Data/Data Customer/EditKodePelanggan'

2023-08-23 14:57:18 - [MESSAGE][PASSED] - Text 'NS6143060002877' is set on object 'Object Repository/Master Data/Data Customer/EditKodePelanggan'

2023-08-23 14:57:18 - [MESSAGE][PASSED] - Object 'Object Repository/Master Data/Data Customer/EditKodeCabang' is clickable

2023-08-23 14:57:18 - [MESSAGE][INFO] - Click Element = Object Repository/Master Data/Data Customer/EditKodeCabang

2023-08-23 14:57:19 - [MESSAGE][PASSED] - Object: 'Object Repository/Master Data/Data Customer/EditKodeCabang' is clicked on

2023-08-23 14:57:19 - [MESSAGE][PASSED] - Attribute 'value' of object 'Object Repository/Master Data/Data Customer/EditKodeCabang' is: '1613724333334'

2023-08-23 14:57:19 - [MESSAGE][PASSED] - Keys 'CONTROL + a' sent to object: 'Object Repository/Master Data/Data Customer/EditKodeCabang'

2023-08-23 14:57:20 - [MESSAGE][PASSED] - Keys 'BACK_SPACE + ' sent to object: 'Object Repository/Master Data/Data Customer/EditKodeCabang'

2023-08-23 14:57:20 - [MESSAGE][PASSED] - Text '1613724333334' is set on object 'Object Repository/Master Data/Data Customer/EditKodeCabang'

2023-08-23 14:57:21 - [MESSAGE][PASSED] - Object 'Object Repository/Master Data/Data Customer/EditClientID' is clickable

2023-08-23 14:57:21 - [MESSAGE][INFO] - Click Element = Object Repository/Master Data/Data Customer/EditClientID

2023-08-23 14:57:21 - [MESSAGE][PASSED] - Object: 'Object Repository/Master Data/Data Customer/EditClientID' is clicked on

2023-08-23 14:57:21 - [MESSAGE][PASSED] - Attribute 'value' of object 'Object Repository/Master Data/Data Customer/EditClientID' is: 'Katalon00002'

2023-08-23 14:57:22 - [MESSAGE][PASSED] - Keys 'CONTROL + a' sent to object: 'Object Repository/Master Data/Data Customer/EditClientID'

2023-08-23 14:57:22 - [MESSAGE][PASSED] - Keys 'BACK_SPACE + ' sent to object: 'Object Repository/Master Data/Data Customer/EditClientID'

2023-08-23 14:57:23 - [MESSAGE][PASSED] - Text 'EditKatalon00002' is set on object 'Object Repository/Master Data/Data Customer/EditClientID'

2023-08-23 14:57:23 - [MESSAGE][PASSED] - Object 'Object Repository/Master Data/Data Customer/EditKodeDistributor' is clickable

2023-08-23 14:57:23 - [MESSAGE][INFO] - Click Element = Object Repository/Master Data/Data Customer/EditKodeDistributor

2023-08-23 14:57:24 - [MESSAGE][PASSED] - Object: 'Object Repository/Master Data/Data Customer/EditKodeDistributor' is clicked on

2023-08-23 14:57:24 - [MESSAGE][PASSED] - Attribute 'value' of object 'Object Repository/Master Data/Data Customer/EditKodeDistributor' is: 'DistCode02'

2023-08-23 14:57:24 - [MESSAGE][PASSED] - Keys 'CONTROL + a' sent to object: 'Object Repository/Master Data/Data Customer/EditKodeDistributor'

2023-08-23 14:57:25 - [MESSAGE][PASSED] - Keys 'BACK_SPACE + ' sent to object: 'Object Repository/Master Data/Data Customer/EditKodeDistributor'

2023-08-23 14:57:25 - [MESSAGE][PASSED] - Text 'EditDistCode02' is set on object 'Object Repository/Master Data/Data Customer/EditKodeDistributor'

2023-08-23 14:57:26 - [MESSAGE][PASSED] - Object 'Object Repository/Master Data/Data Customer/EditStatusValue' is clickable

2023-08-23 14:57:26 - [MESSAGE][INFO] - Click Element = Object Repository/Master Data/Data Customer/EditStatusValue

2023-08-23 14:57:26 - [MESSAGE][PASSED] - Object: 'Object Repository/Master Data/Data Customer/EditStatusValue' is clicked on

2023-08-23 14:57:27 - [MESSAGE][PASSED] - All options with label 'Aktif' are selected in object 'Object Repository/Master Data/Data Customer/EditStatusValue' 

2023-08-23 14:57:27 - [MESSAGE][PASSED] - Object 'Object Repository/Master Data/Data Customer/EditStatusValue' is clickable

2023-08-23 14:57:27 - [MESSAGE][INFO] - Click Element = Object Repository/Master Data/Data Customer/EditStatusValue

2023-08-23 14:57:27 - [MESSAGE][PASSED] - Object: 'Object Repository/Master Data/Data Customer/EditStatusValue' is clicked on

2023-08-23 14:57:28 - [MESSAGE][PASSED] - Object 'Object Repository/Master Data/Data Customer/editDataCustomer' is clickable

2023-08-23 14:57:28 - [MESSAGE][INFO] - Click Element = Object Repository/Master Data/Data Customer/editDataCustomer

2023-08-23 14:57:28 - [MESSAGE][PASSED] - Object: 'Object Repository/Master Data/Data Customer/editDataCustomer' is clicked on

2023-08-23 14:57:28 - [MESSAGE][PASSED] - Wait for page load successfully

2023-08-23 14:57:29 - [MESSAGE][PASSED] - Object 'Object Repository/Master Data/Data Customer/EditKodePelanggan' is clickable

2023-08-23 14:57:29 - [MESSAGE][INFO] - Click Element = Object Repository/Master Data/Data Customer/EditKodePelanggan

2023-08-23 14:57:29 - [MESSAGE][PASSED] - Object: 'Object Repository/Master Data/Data Customer/EditKodePelanggan' is clicked on

2023-08-23 14:57:29 - [MESSAGE][PASSED] - Attribute 'value' of object 'Object Repository/Master Data/Data Customer/EditKodePelanggan' is: 'NS6143060002877'

2023-08-23 14:57:30 - [MESSAGE][PASSED] - Keys 'CONTROL + a' sent to object: 'Object Repository/Master Data/Data Customer/EditKodePelanggan'

2023-08-23 14:57:30 - [MESSAGE][PASSED] - Keys 'BACK_SPACE + ' sent to object: 'Object Repository/Master Data/Data Customer/EditKodePelanggan'

2023-08-23 14:57:31 - [MESSAGE][PASSED] - Text 'NS6143060002877' is set on object 'Object Repository/Master Data/Data Customer/EditKodePelanggan'

2023-08-23 14:57:31 - [MESSAGE][PASSED] - Object 'Object Repository/Master Data/Data Customer/EditKodeCabang' is clickable

2023-08-23 14:57:31 - [MESSAGE][INFO] - Click Element = Object Repository/Master Data/Data Customer/EditKodeCabang

2023-08-23 14:57:32 - [MESSAGE][PASSED] - Object: 'Object Repository/Master Data/Data Customer/EditKodeCabang' is clicked on

2023-08-23 14:57:32 - [MESSAGE][PASSED] - Attribute 'value' of object 'Object Repository/Master Data/Data Customer/EditKodeCabang' is: '1613724323335'

2023-08-23 14:57:32 - [MESSAGE][PASSED] - Keys 'CONTROL + a' sent to object: 'Object Repository/Master Data/Data Customer/EditKodeCabang'

2023-08-23 14:57:33 - [MESSAGE][PASSED] - Keys 'BACK_SPACE + ' sent to object: 'Object Repository/Master Data/Data Customer/EditKodeCabang'

2023-08-23 14:57:33 - [MESSAGE][PASSED] - Text '1613724323335' is set on object 'Object Repository/Master Data/Data Customer/EditKodeCabang'

2023-08-23 14:57:34 - [MESSAGE][PASSED] - Object 'Object Repository/Master Data/Data Customer/EditClientID' is clickable

2023-08-23 14:57:34 - [MESSAGE][INFO] - Click Element = Object Repository/Master Data/Data Customer/EditClientID

2023-08-23 14:57:34 - [MESSAGE][PASSED] - Object: 'Object Repository/Master Data/Data Customer/EditClientID' is clicked on

2023-08-23 14:57:34 - [MESSAGE][PASSED] - Attribute 'value' of object 'Object Repository/Master Data/Data Customer/EditClientID' is: 'Katalon00003'

2023-08-23 14:57:35 - [MESSAGE][PASSED] - Keys 'CONTROL + a' sent to object: 'Object Repository/Master Data/Data Customer/EditClientID'

2023-08-23 14:57:35 - [MESSAGE][PASSED] - Keys 'BACK_SPACE + ' sent to object: 'Object Repository/Master Data/Data Customer/EditClientID'

2023-08-23 14:57:36 - [MESSAGE][PASSED] - Text 'EditKatalon00003' is set on object 'Object Repository/Master Data/Data Customer/EditClientID'

2023-08-23 14:57:36 - [MESSAGE][PASSED] - Object 'Object Repository/Master Data/Data Customer/EditKodeDistributor' is clickable

2023-08-23 14:57:36 - [MESSAGE][INFO] - Click Element = Object Repository/Master Data/Data Customer/EditKodeDistributor

2023-08-23 14:57:37 - [MESSAGE][PASSED] - Object: 'Object Repository/Master Data/Data Customer/EditKodeDistributor' is clicked on

2023-08-23 14:57:37 - [MESSAGE][PASSED] - Attribute 'value' of object 'Object Repository/Master Data/Data Customer/EditKodeDistributor' is: 'DistCode03'

2023-08-23 14:57:37 - [MESSAGE][PASSED] - Keys 'CONTROL + a' sent to object: 'Object Repository/Master Data/Data Customer/EditKodeDistributor'

2023-08-23 14:57:38 - [MESSAGE][PASSED] - Keys 'BACK_SPACE + ' sent to object: 'Object Repository/Master Data/Data Customer/EditKodeDistributor'

2023-08-23 14:57:38 - [MESSAGE][PASSED] - Text 'EditDistCode03' is set on object 'Object Repository/Master Data/Data Customer/EditKodeDistributor'

2023-08-23 14:57:39 - [MESSAGE][PASSED] - Object 'Object Repository/Master Data/Data Customer/EditStatusValue' is clickable

2023-08-23 14:57:39 - [MESSAGE][INFO] - Click Element = Object Repository/Master Data/Data Customer/EditStatusValue

2023-08-23 14:57:39 - [MESSAGE][PASSED] - Object: 'Object Repository/Master Data/Data Customer/EditStatusValue' is clicked on

2023-08-23 14:57:40 - [MESSAGE][PASSED] - All options with label 'Kadaluwarsa' are selected in object 'Object Repository/Master Data/Data Customer/EditStatusValue' 

2023-08-23 14:57:40 - [MESSAGE][PASSED] - Object 'Object Repository/Master Data/Data Customer/EditStatusValue' is clickable

2023-08-23 14:57:40 - [MESSAGE][INFO] - Click Element = Object Repository/Master Data/Data Customer/EditStatusValue

2023-08-23 14:57:41 - [MESSAGE][PASSED] - Object: 'Object Repository/Master Data/Data Customer/EditStatusValue' is clicked on

2023-08-23 14:57:41 - [TEST_STEP][PASSED] - dataCustomer.saveDocument(): Wait for page load successfully

2023-08-23 14:57:41 - [MESSAGE][PASSED] - Object 'Object Repository/Master Data/Data Customer/Simpan' is clickable

2023-08-23 14:57:41 - [MESSAGE][INFO] - Click Element = Object Repository/Master Data/Data Customer/Simpan

2023-08-23 14:57:41 - [MESSAGE][PASSED] - Object: 'Object Repository/Master Data/Data Customer/Simpan' is clicked on

2023-08-23 14:57:41 - [MESSAGE][PASSED] - Wait for page load successfully

2023-08-23 14:57:41 - [TEST_STEP][PASSED] - dataCustomer.verifyMsg(message, testData, cat): Message: TDG220606 - Berhasil Mengupdate Data Customer!

2023-08-23 14:57:42 - [MESSAGE][PASSED] - Delayed 1 second(s)

2023-08-23 14:57:43 - [MESSAGE][PASSED] - Text of object 'Object Repository/Master Data/Data Customer/msgValidation' is: 'Berhasil Mengupdate Data Customer!'

2023-08-23 14:57:43 - [MESSAGE][INFO] - MSG =  Berhasil Mengupdate Data Customer!

2023-08-23 14:57:43 - [MESSAGE][INFO] - Message: TDG220606 - Berhasil Mengupdate Data Customer!

2023-08-23 14:57:43 - [TEST_STEP][PASSED] - dataCustomer.viewData(customerName): Keys 'ENTER + ' sent to object: 'Object Repository/Master Data/Data Customer/SelectPelanggan'

2023-08-23 14:57:46 - [MESSAGE][PASSED] - Delayed 3 second(s)

2023-08-23 14:57:46 - [MESSAGE][PASSED] - Object 'Object Repository/Master Data/Data Customer/CariPelanggan' is clickable

2023-08-23 14:57:46 - [MESSAGE][PASSED] - Object 'Object Repository/Master Data/Data Customer/CariPelanggan' is clickable

2023-08-23 14:57:46 - [MESSAGE][INFO] - Click Element = Object Repository/Master Data/Data Customer/CariPelanggan

2023-08-23 14:57:47 - [MESSAGE][PASSED] - Object: 'Object Repository/Master Data/Data Customer/CariPelanggan' is clicked on

2023-08-23 14:57:48 - [MESSAGE][PASSED] - Keys 'Pt Rukun Mitra Sejati Yogyakarta' sent to object: 'Object Repository/Master Data/Data Customer/SelectPelanggan'

2023-08-23 14:57:48 - [MESSAGE][PASSED] - Object 'Object Repository/Master Data/Data Customer/SelectPelanggan' is present

2023-08-23 14:57:48 - [MESSAGE][PASSED] - Keys 'ENTER + ' sent to object: 'Object Repository/Master Data/Data Customer/SelectPelanggan'

2023-08-23 14:57:48 - [TEST_STEP][PASSED] - dataCustomer.verifyViewDataCustomer(hashMapEditDetail): Actual text 'Kadaluwarsa' and expected text 'Kadaluwarsa' are matched 

2023-08-23 14:57:48 - [MESSAGE][INFO] - Principal Name : Nestle

2023-08-23 14:57:48 - [MESSAGE][INFO] - branchCode : 1613724323333

2023-08-23 14:57:48 - [MESSAGE][INFO] - clientID : EditKatalon00001

2023-08-23 14:57:48 - [MESSAGE][INFO] - distributorCode : EditDistCode01

2023-08-23 14:57:48 - [MESSAGE][INFO] - status : Kadaluwarsa

2023-08-23 14:57:49 - [MESSAGE][PASSED] - Text of object 'Object Repository/Master Data/Data Customer/VerifyNamaPrincipal' is: 'Nestle'

2023-08-23 14:57:49 - [MESSAGE][PASSED] - Actual text 'Nestle' and expected text 'Nestle' are matched 

2023-08-23 14:57:49 - [MESSAGE][PASSED] - Text of object 'Object Repository/Master Data/Data Customer/VerifyNamaPrincipal' is: 'NS6143060002877'

2023-08-23 14:57:49 - [MESSAGE][PASSED] - Actual text 'NS6143060002877' and expected text 'NS6143060002877' are matched 

2023-08-23 14:57:50 - [MESSAGE][PASSED] - Text of object 'Object Repository/Master Data/Data Customer/VerifyNamaPrincipal' is: '1613724323333'

2023-08-23 14:57:50 - [MESSAGE][PASSED] - Actual text '1613724323333' and expected text '1613724323333' are matched 

2023-08-23 14:57:50 - [MESSAGE][PASSED] - Text of object 'Object Repository/Master Data/Data Customer/VerifyNamaPrincipal' is: 'EditKatalon00001'

2023-08-23 14:57:50 - [MESSAGE][PASSED] - Actual text 'EditKatalon00001' and expected text 'EditKatalon00001' are matched 

2023-08-23 14:57:51 - [MESSAGE][PASSED] - Text of object 'Object Repository/Master Data/Data Customer/VerifyNamaPrincipal' is: 'EditDistCode01'

2023-08-23 14:57:51 - [MESSAGE][PASSED] - Actual text 'EditDistCode01' and expected text 'EditDistCode01' are matched 

2023-08-23 14:57:51 - [MESSAGE][PASSED] - Text of object 'Object Repository/Master Data/Data Customer/VerifyNamaPrincipal' is: 'Kadaluwarsa'

2023-08-23 14:57:51 - [MESSAGE][PASSED] - Actual text 'Kadaluwarsa' and expected text 'Kadaluwarsa' are matched 

2023-08-23 14:57:51 - [MESSAGE][INFO] - Principal Name : Nestle

2023-08-23 14:57:51 - [MESSAGE][INFO] - branchCode : 1613724333334

2023-08-23 14:57:51 - [MESSAGE][INFO] - clientID : EditKatalon00002

2023-08-23 14:57:51 - [MESSAGE][INFO] - distributorCode : EditDistCode02

2023-08-23 14:57:51 - [MESSAGE][INFO] - status : Aktif

2023-08-23 14:57:51 - [MESSAGE][PASSED] - Text of object 'Object Repository/Master Data/Data Customer/VerifyNamaPrincipal' is: 'Nestle'

2023-08-23 14:57:51 - [MESSAGE][PASSED] - Actual text 'Nestle' and expected text 'Nestle' are matched 

2023-08-23 14:57:52 - [MESSAGE][PASSED] - Text of object 'Object Repository/Master Data/Data Customer/VerifyNamaPrincipal' is: 'NS6143060002877'

2023-08-23 14:57:52 - [MESSAGE][PASSED] - Actual text 'NS6143060002877' and expected text 'NS6143060002877' are matched 

2023-08-23 14:57:52 - [MESSAGE][PASSED] - Text of object 'Object Repository/Master Data/Data Customer/VerifyNamaPrincipal' is: '1613724333334'

2023-08-23 14:57:52 - [MESSAGE][PASSED] - Actual text '1613724333334' and expected text '1613724333334' are matched 

2023-08-23 14:57:52 - [MESSAGE][PASSED] - Text of object 'Object Repository/Master Data/Data Customer/VerifyNamaPrincipal' is: 'EditKatalon00002'

2023-08-23 14:57:52 - [MESSAGE][PASSED] - Actual text 'EditKatalon00002' and expected text 'EditKatalon00002' are matched 

2023-08-23 14:57:53 - [MESSAGE][PASSED] - Text of object 'Object Repository/Master Data/Data Customer/VerifyNamaPrincipal' is: 'EditDistCode02'

2023-08-23 14:57:53 - [MESSAGE][PASSED] - Actual text 'EditDistCode02' and expected text 'EditDistCode02' are matched 

2023-08-23 14:57:53 - [MESSAGE][PASSED] - Text of object 'Object Repository/Master Data/Data Customer/VerifyNamaPrincipal' is: 'Aktif'

2023-08-23 14:57:53 - [MESSAGE][PASSED] - Actual text 'Aktif' and expected text 'Aktif' are matched 

2023-08-23 14:57:53 - [MESSAGE][INFO] - Principal Name : Nestle

2023-08-23 14:57:53 - [MESSAGE][INFO] - branchCode : 1613724323335

2023-08-23 14:57:53 - [MESSAGE][INFO] - clientID : EditKatalon00003

2023-08-23 14:57:53 - [MESSAGE][INFO] - distributorCode : EditDistCode03

2023-08-23 14:57:53 - [MESSAGE][INFO] - status : Kadaluwarsa

2023-08-23 14:57:54 - [MESSAGE][PASSED] - Text of object 'Object Repository/Master Data/Data Customer/VerifyNamaPrincipal' is: 'Nestle'

2023-08-23 14:57:54 - [MESSAGE][PASSED] - Actual text 'Nestle' and expected text 'Nestle' are matched 

2023-08-23 14:57:54 - [MESSAGE][PASSED] - Text of object 'Object Repository/Master Data/Data Customer/VerifyNamaPrincipal' is: 'NS6143060002877'

2023-08-23 14:57:54 - [MESSAGE][PASSED] - Actual text 'NS6143060002877' and expected text 'NS6143060002877' are matched 

2023-08-23 14:57:54 - [MESSAGE][PASSED] - Text of object 'Object Repository/Master Data/Data Customer/VerifyNamaPrincipal' is: '1613724323335'

2023-08-23 14:57:54 - [MESSAGE][PASSED] - Actual text '1613724323335' and expected text '1613724323335' are matched 

2023-08-23 14:57:55 - [MESSAGE][PASSED] - Text of object 'Object Repository/Master Data/Data Customer/VerifyNamaPrincipal' is: 'EditKatalon00003'

2023-08-23 14:57:55 - [MESSAGE][PASSED] - Actual text 'EditKatalon00003' and expected text 'EditKatalon00003' are matched 

2023-08-23 14:57:55 - [MESSAGE][PASSED] - Text of object 'Object Repository/Master Data/Data Customer/VerifyNamaPrincipal' is: 'EditDistCode03'

2023-08-23 14:57:55 - [MESSAGE][PASSED] - Actual text 'EditDistCode03' and expected text 'EditDistCode03' are matched 

2023-08-23 14:57:55 - [MESSAGE][PASSED] - Text of object 'Object Repository/Master Data/Data Customer/VerifyNamaPrincipal' is: 'Kadaluwarsa'

2023-08-23 14:57:55 - [MESSAGE][PASSED] - Actual text 'Kadaluwarsa' and expected text 'Kadaluwarsa' are matched 

2023-08-23 14:57:55 - [TEST_STEP][PASSED] - try: Actual text 'Aktif' and expected text 'Aktif' are matched 

2023-08-23 14:57:55 - [TEST_STEP][PASSED] - customerName = i: null

2023-08-23 14:57:55 - [TEST_STEP][PASSED] - hashMapEditDetail = dataEdit.get(customerName): null

2023-08-23 14:57:55 - [TEST_STEP][PASSED] - dataCustomer.refreshWeb(): Delayed 1 second(s)

2023-08-23 14:57:55 - [MESSAGE][PASSED] - Refresh successfully

2023-08-23 14:57:56 - [MESSAGE][PASSED] - Delayed 1 second(s)

2023-08-23 14:57:56 - [TEST_STEP][PASSED] - dataCustomer.viewData(customerName): Keys 'ENTER + ' sent to object: 'Object Repository/Master Data/Data Customer/SelectPelanggan'

2023-08-23 14:57:59 - [MESSAGE][PASSED] - Delayed 3 second(s)

2023-08-23 14:58:00 - [MESSAGE][PASSED] - Object 'Object Repository/Master Data/Data Customer/CariPelanggan' is clickable

2023-08-23 14:58:00 - [MESSAGE][PASSED] - Object 'Object Repository/Master Data/Data Customer/CariPelanggan' is clickable

2023-08-23 14:58:00 - [MESSAGE][INFO] - Click Element = Object Repository/Master Data/Data Customer/CariPelanggan

2023-08-23 14:58:01 - [MESSAGE][PASSED] - Object: 'Object Repository/Master Data/Data Customer/CariPelanggan' is clicked on

2023-08-23 14:58:02 - [MESSAGE][PASSED] - Keys 'Pt Rukun Mitra Sejati Blitar' sent to object: 'Object Repository/Master Data/Data Customer/SelectPelanggan'

2023-08-23 14:58:02 - [MESSAGE][PASSED] - Object 'Object Repository/Master Data/Data Customer/SelectPelanggan' is present

2023-08-23 14:58:02 - [MESSAGE][PASSED] - Keys 'ENTER + ' sent to object: 'Object Repository/Master Data/Data Customer/SelectPelanggan'

2023-08-23 14:58:02 - [TEST_STEP][PASSED] - dataCustomer.editDocumentDetail(hashMapEditDetail): Object: 'Object Repository/Master Data/Data Customer/EditStatusValue' is clicked on

2023-08-23 14:58:03 - [MESSAGE][PASSED] - Object 'Object Repository/Master Data/Data Customer/editDataCustomer' is clickable

2023-08-23 14:58:03 - [MESSAGE][INFO] - Click Element = Object Repository/Master Data/Data Customer/editDataCustomer

2023-08-23 14:58:03 - [MESSAGE][PASSED] - Object: 'Object Repository/Master Data/Data Customer/editDataCustomer' is clicked on

2023-08-23 14:58:03 - [MESSAGE][PASSED] - Wait for page load successfully

2023-08-23 14:58:04 - [MESSAGE][PASSED] - Object 'Object Repository/Master Data/Data Customer/EditKodePelanggan' is clickable

2023-08-23 14:58:04 - [MESSAGE][INFO] - Click Element = Object Repository/Master Data/Data Customer/EditKodePelanggan

2023-08-23 14:58:04 - [MESSAGE][PASSED] - Object: 'Object Repository/Master Data/Data Customer/EditKodePelanggan' is clicked on

2023-08-23 14:58:05 - [MESSAGE][PASSED] - Attribute 'value' of object 'Object Repository/Master Data/Data Customer/EditKodePelanggan' is: 'NS6143060002877'

2023-08-23 14:58:05 - [MESSAGE][PASSED] - Keys 'CONTROL + a' sent to object: 'Object Repository/Master Data/Data Customer/EditKodePelanggan'

2023-08-23 14:58:05 - [MESSAGE][PASSED] - Keys 'BACK_SPACE + ' sent to object: 'Object Repository/Master Data/Data Customer/EditKodePelanggan'

2023-08-23 14:58:06 - [MESSAGE][PASSED] - Text 'NS6143060002877' is set on object 'Object Repository/Master Data/Data Customer/EditKodePelanggan'

2023-08-23 14:58:06 - [MESSAGE][PASSED] - Object 'Object Repository/Master Data/Data Customer/EditKodeCabang' is clickable

2023-08-23 14:58:06 - [MESSAGE][INFO] - Click Element = Object Repository/Master Data/Data Customer/EditKodeCabang

2023-08-23 14:58:07 - [MESSAGE][PASSED] - Object: 'Object Repository/Master Data/Data Customer/EditKodeCabang' is clicked on

2023-08-23 14:58:07 - [MESSAGE][PASSED] - Attribute 'value' of object 'Object Repository/Master Data/Data Customer/EditKodeCabang' is: '1613724323336'

2023-08-23 14:58:07 - [MESSAGE][PASSED] - Keys 'CONTROL + a' sent to object: 'Object Repository/Master Data/Data Customer/EditKodeCabang'

2023-08-23 14:58:07 - [MESSAGE][PASSED] - Keys 'BACK_SPACE + ' sent to object: 'Object Repository/Master Data/Data Customer/EditKodeCabang'

2023-08-23 14:58:08 - [MESSAGE][PASSED] - Text '1613724323336' is set on object 'Object Repository/Master Data/Data Customer/EditKodeCabang'

2023-08-23 14:58:09 - [MESSAGE][PASSED] - Object 'Object Repository/Master Data/Data Customer/EditClientID' is clickable

2023-08-23 14:58:09 - [MESSAGE][INFO] - Click Element = Object Repository/Master Data/Data Customer/EditClientID

2023-08-23 14:58:09 - [MESSAGE][PASSED] - Object: 'Object Repository/Master Data/Data Customer/EditClientID' is clicked on

2023-08-23 14:58:09 - [MESSAGE][PASSED] - Attribute 'value' of object 'Object Repository/Master Data/Data Customer/EditClientID' is: 'Katalon00004'

2023-08-23 14:58:09 - [MESSAGE][PASSED] - Keys 'CONTROL + a' sent to object: 'Object Repository/Master Data/Data Customer/EditClientID'

2023-08-23 14:58:10 - [MESSAGE][PASSED] - Keys 'BACK_SPACE + ' sent to object: 'Object Repository/Master Data/Data Customer/EditClientID'

2023-08-23 14:58:10 - [MESSAGE][PASSED] - Text 'EditKatalon00004' is set on object 'Object Repository/Master Data/Data Customer/EditClientID'

2023-08-23 14:58:11 - [MESSAGE][PASSED] - Object 'Object Repository/Master Data/Data Customer/EditKodeDistributor' is clickable

2023-08-23 14:58:11 - [MESSAGE][INFO] - Click Element = Object Repository/Master Data/Data Customer/EditKodeDistributor

2023-08-23 14:58:11 - [MESSAGE][PASSED] - Object: 'Object Repository/Master Data/Data Customer/EditKodeDistributor' is clicked on

2023-08-23 14:58:11 - [MESSAGE][PASSED] - Attribute 'value' of object 'Object Repository/Master Data/Data Customer/EditKodeDistributor' is: 'DistCode04'

2023-08-23 14:58:12 - [MESSAGE][PASSED] - Keys 'CONTROL + a' sent to object: 'Object Repository/Master Data/Data Customer/EditKodeDistributor'

2023-08-23 14:58:12 - [MESSAGE][PASSED] - Keys 'BACK_SPACE + ' sent to object: 'Object Repository/Master Data/Data Customer/EditKodeDistributor'

2023-08-23 14:58:13 - [MESSAGE][PASSED] - Text 'EditDistCode04' is set on object 'Object Repository/Master Data/Data Customer/EditKodeDistributor'

2023-08-23 14:58:13 - [MESSAGE][PASSED] - Object 'Object Repository/Master Data/Data Customer/EditStatusValue' is clickable

2023-08-23 14:58:13 - [MESSAGE][INFO] - Click Element = Object Repository/Master Data/Data Customer/EditStatusValue

2023-08-23 14:58:13 - [MESSAGE][PASSED] - Object: 'Object Repository/Master Data/Data Customer/EditStatusValue' is clicked on

2023-08-23 14:58:14 - [MESSAGE][PASSED] - All options with label 'Aktif' are selected in object 'Object Repository/Master Data/Data Customer/EditStatusValue' 

2023-08-23 14:58:14 - [MESSAGE][PASSED] - Object 'Object Repository/Master Data/Data Customer/EditStatusValue' is clickable

2023-08-23 14:58:14 - [MESSAGE][INFO] - Click Element = Object Repository/Master Data/Data Customer/EditStatusValue

2023-08-23 14:58:15 - [MESSAGE][PASSED] - Object: 'Object Repository/Master Data/Data Customer/EditStatusValue' is clicked on

2023-08-23 14:58:15 - [MESSAGE][PASSED] - Object 'Object Repository/Master Data/Data Customer/editDataCustomer' is clickable

2023-08-23 14:58:15 - [MESSAGE][INFO] - Click Element = Object Repository/Master Data/Data Customer/editDataCustomer

2023-08-23 14:58:15 - [MESSAGE][PASSED] - Object: 'Object Repository/Master Data/Data Customer/editDataCustomer' is clicked on

2023-08-23 14:58:15 - [MESSAGE][PASSED] - Wait for page load successfully

2023-08-23 14:58:16 - [MESSAGE][PASSED] - Object 'Object Repository/Master Data/Data Customer/EditKodePelanggan' is clickable

2023-08-23 14:58:16 - [MESSAGE][INFO] - Click Element = Object Repository/Master Data/Data Customer/EditKodePelanggan

2023-08-23 14:58:16 - [MESSAGE][PASSED] - Object: 'Object Repository/Master Data/Data Customer/EditKodePelanggan' is clicked on

2023-08-23 14:58:17 - [MESSAGE][PASSED] - Attribute 'value' of object 'Object Repository/Master Data/Data Customer/EditKodePelanggan' is: 'NS6143060002877'

2023-08-23 14:58:17 - [MESSAGE][PASSED] - Keys 'CONTROL + a' sent to object: 'Object Repository/Master Data/Data Customer/EditKodePelanggan'

2023-08-23 14:58:17 - [MESSAGE][PASSED] - Keys 'BACK_SPACE + ' sent to object: 'Object Repository/Master Data/Data Customer/EditKodePelanggan'

2023-08-23 14:58:18 - [MESSAGE][PASSED] - Text 'NS6143060002877' is set on object 'Object Repository/Master Data/Data Customer/EditKodePelanggan'

2023-08-23 14:58:18 - [MESSAGE][PASSED] - Object 'Object Repository/Master Data/Data Customer/EditKodeCabang' is clickable

2023-08-23 14:58:18 - [MESSAGE][INFO] - Click Element = Object Repository/Master Data/Data Customer/EditKodeCabang

2023-08-23 14:58:19 - [MESSAGE][PASSED] - Object: 'Object Repository/Master Data/Data Customer/EditKodeCabang' is clicked on

2023-08-23 14:58:19 - [MESSAGE][PASSED] - Attribute 'value' of object 'Object Repository/Master Data/Data Customer/EditKodeCabang' is: '1613724333337'

2023-08-23 14:58:19 - [MESSAGE][PASSED] - Keys 'CONTROL + a' sent to object: 'Object Repository/Master Data/Data Customer/EditKodeCabang'

2023-08-23 14:58:20 - [MESSAGE][PASSED] - Keys 'BACK_SPACE + ' sent to object: 'Object Repository/Master Data/Data Customer/EditKodeCabang'

2023-08-23 14:58:20 - [MESSAGE][PASSED] - Text '1613724333337' is set on object 'Object Repository/Master Data/Data Customer/EditKodeCabang'

2023-08-23 14:58:21 - [MESSAGE][PASSED] - Object 'Object Repository/Master Data/Data Customer/EditClientID' is clickable

2023-08-23 14:58:21 - [MESSAGE][INFO] - Click Element = Object Repository/Master Data/Data Customer/EditClientID

2023-08-23 14:58:21 - [MESSAGE][PASSED] - Object: 'Object Repository/Master Data/Data Customer/EditClientID' is clicked on

2023-08-23 14:58:21 - [MESSAGE][PASSED] - Attribute 'value' of object 'Object Repository/Master Data/Data Customer/EditClientID' is: 'Katalon00005'

2023-08-23 14:58:22 - [MESSAGE][PASSED] - Keys 'CONTROL + a' sent to object: 'Object Repository/Master Data/Data Customer/EditClientID'

2023-08-23 14:58:22 - [MESSAGE][PASSED] - Keys 'BACK_SPACE + ' sent to object: 'Object Repository/Master Data/Data Customer/EditClientID'

2023-08-23 14:58:23 - [MESSAGE][PASSED] - Text 'EditKatalon00005' is set on object 'Object Repository/Master Data/Data Customer/EditClientID'

2023-08-23 14:58:23 - [MESSAGE][PASSED] - Object 'Object Repository/Master Data/Data Customer/EditKodeDistributor' is clickable

2023-08-23 14:58:23 - [MESSAGE][INFO] - Click Element = Object Repository/Master Data/Data Customer/EditKodeDistributor

2023-08-23 14:58:23 - [MESSAGE][PASSED] - Object: 'Object Repository/Master Data/Data Customer/EditKodeDistributor' is clicked on

2023-08-23 14:58:24 - [MESSAGE][PASSED] - Attribute 'value' of object 'Object Repository/Master Data/Data Customer/EditKodeDistributor' is: 'DistCode05'

2023-08-23 14:58:24 - [MESSAGE][PASSED] - Keys 'CONTROL + a' sent to object: 'Object Repository/Master Data/Data Customer/EditKodeDistributor'

2023-08-23 14:58:24 - [MESSAGE][PASSED] - Keys 'BACK_SPACE + ' sent to object: 'Object Repository/Master Data/Data Customer/EditKodeDistributor'

2023-08-23 14:58:25 - [MESSAGE][PASSED] - Text 'EditDistCode05' is set on object 'Object Repository/Master Data/Data Customer/EditKodeDistributor'

2023-08-23 14:58:25 - [MESSAGE][PASSED] - Object 'Object Repository/Master Data/Data Customer/EditStatusValue' is clickable

2023-08-23 14:58:25 - [MESSAGE][INFO] - Click Element = Object Repository/Master Data/Data Customer/EditStatusValue

2023-08-23 14:58:26 - [MESSAGE][PASSED] - Object: 'Object Repository/Master Data/Data Customer/EditStatusValue' is clicked on

2023-08-23 14:58:26 - [MESSAGE][PASSED] - All options with label 'Kadaluwarsa' are selected in object 'Object Repository/Master Data/Data Customer/EditStatusValue' 

2023-08-23 14:58:27 - [MESSAGE][PASSED] - Object 'Object Repository/Master Data/Data Customer/EditStatusValue' is clickable

2023-08-23 14:58:27 - [MESSAGE][INFO] - Click Element = Object Repository/Master Data/Data Customer/EditStatusValue

2023-08-23 14:58:27 - [MESSAGE][PASSED] - Object: 'Object Repository/Master Data/Data Customer/EditStatusValue' is clicked on

2023-08-23 14:58:28 - [MESSAGE][PASSED] - Object 'Object Repository/Master Data/Data Customer/editDataCustomer' is clickable

2023-08-23 14:58:28 - [MESSAGE][INFO] - Click Element = Object Repository/Master Data/Data Customer/editDataCustomer

2023-08-23 14:58:28 - [MESSAGE][PASSED] - Object: 'Object Repository/Master Data/Data Customer/editDataCustomer' is clicked on

2023-08-23 14:58:28 - [MESSAGE][PASSED] - Wait for page load successfully

2023-08-23 14:58:28 - [MESSAGE][PASSED] - Object 'Object Repository/Master Data/Data Customer/EditKodePelanggan' is clickable

2023-08-23 14:58:28 - [MESSAGE][INFO] - Click Element = Object Repository/Master Data/Data Customer/EditKodePelanggan

2023-08-23 14:58:29 - [MESSAGE][PASSED] - Object: 'Object Repository/Master Data/Data Customer/EditKodePelanggan' is clicked on

2023-08-23 14:58:29 - [MESSAGE][PASSED] - Attribute 'value' of object 'Object Repository/Master Data/Data Customer/EditKodePelanggan' is: 'NS6143060002877'

2023-08-23 14:58:29 - [MESSAGE][PASSED] - Keys 'CONTROL + a' sent to object: 'Object Repository/Master Data/Data Customer/EditKodePelanggan'

2023-08-23 14:58:30 - [MESSAGE][PASSED] - Keys 'BACK_SPACE + ' sent to object: 'Object Repository/Master Data/Data Customer/EditKodePelanggan'

2023-08-23 14:58:30 - [MESSAGE][PASSED] - Text 'NS6143060002877' is set on object 'Object Repository/Master Data/Data Customer/EditKodePelanggan'

2023-08-23 14:58:31 - [MESSAGE][PASSED] - Object 'Object Repository/Master Data/Data Customer/EditKodeCabang' is clickable

2023-08-23 14:58:31 - [MESSAGE][INFO] - Click Element = Object Repository/Master Data/Data Customer/EditKodeCabang

2023-08-23 14:58:31 - [MESSAGE][PASSED] - Object: 'Object Repository/Master Data/Data Customer/EditKodeCabang' is clicked on

2023-08-23 14:58:31 - [MESSAGE][PASSED] - Attribute 'value' of object 'Object Repository/Master Data/Data Customer/EditKodeCabang' is: '1613724323338'

2023-08-23 14:58:32 - [MESSAGE][PASSED] - Keys 'CONTROL + a' sent to object: 'Object Repository/Master Data/Data Customer/EditKodeCabang'

2023-08-23 14:58:32 - [MESSAGE][PASSED] - Keys 'BACK_SPACE + ' sent to object: 'Object Repository/Master Data/Data Customer/EditKodeCabang'

2023-08-23 14:58:33 - [MESSAGE][PASSED] - Text '1613724323338' is set on object 'Object Repository/Master Data/Data Customer/EditKodeCabang'

2023-08-23 14:58:33 - [MESSAGE][PASSED] - Object 'Object Repository/Master Data/Data Customer/EditClientID' is clickable

2023-08-23 14:58:33 - [MESSAGE][INFO] - Click Element = Object Repository/Master Data/Data Customer/EditClientID

2023-08-23 14:58:34 - [MESSAGE][PASSED] - Object: 'Object Repository/Master Data/Data Customer/EditClientID' is clicked on

2023-08-23 14:58:34 - [MESSAGE][PASSED] - Attribute 'value' of object 'Object Repository/Master Data/Data Customer/EditClientID' is: 'Katalon00006'

2023-08-23 14:58:34 - [MESSAGE][PASSED] - Keys 'CONTROL + a' sent to object: 'Object Repository/Master Data/Data Customer/EditClientID'

2023-08-23 14:58:35 - [MESSAGE][PASSED] - Keys 'BACK_SPACE + ' sent to object: 'Object Repository/Master Data/Data Customer/EditClientID'

2023-08-23 14:58:35 - [MESSAGE][PASSED] - Text 'EditKatalon00006' is set on object 'Object Repository/Master Data/Data Customer/EditClientID'

2023-08-23 14:58:36 - [MESSAGE][PASSED] - Object 'Object Repository/Master Data/Data Customer/EditKodeDistributor' is clickable

2023-08-23 14:58:36 - [MESSAGE][INFO] - Click Element = Object Repository/Master Data/Data Customer/EditKodeDistributor

2023-08-23 14:58:36 - [MESSAGE][PASSED] - Object: 'Object Repository/Master Data/Data Customer/EditKodeDistributor' is clicked on

2023-08-23 14:58:36 - [MESSAGE][PASSED] - Attribute 'value' of object 'Object Repository/Master Data/Data Customer/EditKodeDistributor' is: 'DistCode06'

2023-08-23 14:58:37 - [MESSAGE][PASSED] - Keys 'CONTROL + a' sent to object: 'Object Repository/Master Data/Data Customer/EditKodeDistributor'

2023-08-23 14:58:37 - [MESSAGE][PASSED] - Keys 'BACK_SPACE + ' sent to object: 'Object Repository/Master Data/Data Customer/EditKodeDistributor'

2023-08-23 14:58:38 - [MESSAGE][PASSED] - Text 'EditDistCode06' is set on object 'Object Repository/Master Data/Data Customer/EditKodeDistributor'

2023-08-23 14:58:38 - [MESSAGE][PASSED] - Object 'Object Repository/Master Data/Data Customer/EditStatusValue' is clickable

2023-08-23 14:58:38 - [MESSAGE][INFO] - Click Element = Object Repository/Master Data/Data Customer/EditStatusValue

2023-08-23 14:58:38 - [MESSAGE][PASSED] - Object: 'Object Repository/Master Data/Data Customer/EditStatusValue' is clicked on

2023-08-23 14:58:39 - [MESSAGE][PASSED] - All options with label 'Aktif' are selected in object 'Object Repository/Master Data/Data Customer/EditStatusValue' 

2023-08-23 14:58:39 - [MESSAGE][PASSED] - Object 'Object Repository/Master Data/Data Customer/EditStatusValue' is clickable

2023-08-23 14:58:39 - [MESSAGE][INFO] - Click Element = Object Repository/Master Data/Data Customer/EditStatusValue

2023-08-23 14:58:40 - [MESSAGE][PASSED] - Object: 'Object Repository/Master Data/Data Customer/EditStatusValue' is clicked on

2023-08-23 14:58:40 - [TEST_STEP][PASSED] - dataCustomer.saveDocument(): Wait for page load successfully

2023-08-23 14:58:40 - [MESSAGE][PASSED] - Object 'Object Repository/Master Data/Data Customer/Simpan' is clickable

2023-08-23 14:58:40 - [MESSAGE][INFO] - Click Element = Object Repository/Master Data/Data Customer/Simpan

2023-08-23 14:58:40 - [MESSAGE][PASSED] - Object: 'Object Repository/Master Data/Data Customer/Simpan' is clicked on

2023-08-23 14:58:40 - [MESSAGE][PASSED] - Wait for page load successfully

2023-08-23 14:58:40 - [TEST_STEP][PASSED] - dataCustomer.verifyMsg(message, testData, cat): Message: TDG220606 - Berhasil Mengupdate Data Customer!

2023-08-23 14:58:41 - [MESSAGE][PASSED] - Delayed 1 second(s)

2023-08-23 14:58:42 - [MESSAGE][PASSED] - Text of object 'Object Repository/Master Data/Data Customer/msgValidation' is: 'Berhasil Mengupdate Data Customer!'

2023-08-23 14:58:42 - [MESSAGE][INFO] - MSG =  Berhasil Mengupdate Data Customer!

2023-08-23 14:58:42 - [MESSAGE][INFO] - Message: TDG220606 - Berhasil Mengupdate Data Customer!

2023-08-23 14:58:42 - [TEST_STEP][PASSED] - dataCustomer.viewData(customerName): Keys 'ENTER + ' sent to object: 'Object Repository/Master Data/Data Customer/SelectPelanggan'

2023-08-23 14:58:45 - [MESSAGE][PASSED] - Delayed 3 second(s)

2023-08-23 14:58:45 - [MESSAGE][PASSED] - Object 'Object Repository/Master Data/Data Customer/CariPelanggan' is clickable

2023-08-23 14:58:46 - [MESSAGE][PASSED] - Object 'Object Repository/Master Data/Data Customer/CariPelanggan' is clickable

2023-08-23 14:58:46 - [MESSAGE][INFO] - Click Element = Object Repository/Master Data/Data Customer/CariPelanggan

2023-08-23 14:58:46 - [MESSAGE][PASSED] - Object: 'Object Repository/Master Data/Data Customer/CariPelanggan' is clicked on

2023-08-23 14:58:47 - [MESSAGE][PASSED] - Keys 'Pt Rukun Mitra Sejati Blitar' sent to object: 'Object Repository/Master Data/Data Customer/SelectPelanggan'

2023-08-23 14:58:47 - [MESSAGE][PASSED] - Object 'Object Repository/Master Data/Data Customer/SelectPelanggan' is present

2023-08-23 14:58:48 - [MESSAGE][PASSED] - Keys 'ENTER + ' sent to object: 'Object Repository/Master Data/Data Customer/SelectPelanggan'

2023-08-23 14:58:48 - [TEST_STEP][PASSED] - dataCustomer.verifyViewDataCustomer(hashMapEditDetail): Actual text 'Aktif' and expected text 'Aktif' are matched 

2023-08-23 14:58:48 - [MESSAGE][INFO] - Principal Name : Nestle

2023-08-23 14:58:48 - [MESSAGE][INFO] - branchCode : 1613724323336

2023-08-23 14:58:48 - [MESSAGE][INFO] - clientID : EditKatalon00004

2023-08-23 14:58:48 - [MESSAGE][INFO] - distributorCode : EditDistCode04

2023-08-23 14:58:48 - [MESSAGE][INFO] - status : Aktif

2023-08-23 14:58:48 - [MESSAGE][PASSED] - Text of object 'Object Repository/Master Data/Data Customer/VerifyNamaPrincipal' is: 'Nestle'

2023-08-23 14:58:48 - [MESSAGE][PASSED] - Actual text 'Nestle' and expected text 'Nestle' are matched 

2023-08-23 14:58:48 - [MESSAGE][PASSED] - Text of object 'Object Repository/Master Data/Data Customer/VerifyNamaPrincipal' is: 'NS6143060002877'

2023-08-23 14:58:48 - [MESSAGE][PASSED] - Actual text 'NS6143060002877' and expected text 'NS6143060002877' are matched 

2023-08-23 14:58:49 - [MESSAGE][PASSED] - Text of object 'Object Repository/Master Data/Data Customer/VerifyNamaPrincipal' is: '1613724323336'

2023-08-23 14:58:49 - [MESSAGE][PASSED] - Actual text '1613724323336' and expected text '1613724323336' are matched 

2023-08-23 14:58:49 - [MESSAGE][PASSED] - Text of object 'Object Repository/Master Data/Data Customer/VerifyNamaPrincipal' is: 'EditKatalon00004'

2023-08-23 14:58:49 - [MESSAGE][PASSED] - Actual text 'EditKatalon00004' and expected text 'EditKatalon00004' are matched 

2023-08-23 14:58:50 - [MESSAGE][PASSED] - Text of object 'Object Repository/Master Data/Data Customer/VerifyNamaPrincipal' is: 'EditDistCode04'

2023-08-23 14:58:50 - [MESSAGE][PASSED] - Actual text 'EditDistCode04' and expected text 'EditDistCode04' are matched 

2023-08-23 14:58:50 - [MESSAGE][PASSED] - Text of object 'Object Repository/Master Data/Data Customer/VerifyNamaPrincipal' is: 'Aktif'

2023-08-23 14:58:50 - [MESSAGE][PASSED] - Actual text 'Aktif' and expected text 'Aktif' are matched 

2023-08-23 14:58:50 - [MESSAGE][INFO] - Principal Name : Nestle

2023-08-23 14:58:50 - [MESSAGE][INFO] - branchCode : 1613724333337

2023-08-23 14:58:50 - [MESSAGE][INFO] - clientID : EditKatalon00005

2023-08-23 14:58:50 - [MESSAGE][INFO] - distributorCode : EditDistCode05

2023-08-23 14:58:50 - [MESSAGE][INFO] - status : Kadaluwarsa

2023-08-23 14:58:50 - [MESSAGE][PASSED] - Text of object 'Object Repository/Master Data/Data Customer/VerifyNamaPrincipal' is: 'Nestle'

2023-08-23 14:58:50 - [MESSAGE][PASSED] - Actual text 'Nestle' and expected text 'Nestle' are matched 

2023-08-23 14:58:51 - [MESSAGE][PASSED] - Text of object 'Object Repository/Master Data/Data Customer/VerifyNamaPrincipal' is: 'NS6143060002877'

2023-08-23 14:58:51 - [MESSAGE][PASSED] - Actual text 'NS6143060002877' and expected text 'NS6143060002877' are matched 

2023-08-23 14:58:51 - [MESSAGE][PASSED] - Text of object 'Object Repository/Master Data/Data Customer/VerifyNamaPrincipal' is: '1613724333337'

2023-08-23 14:58:51 - [MESSAGE][PASSED] - Actual text '1613724333337' and expected text '1613724333337' are matched 

2023-08-23 14:58:51 - [MESSAGE][PASSED] - Text of object 'Object Repository/Master Data/Data Customer/VerifyNamaPrincipal' is: 'EditKatalon00005'

2023-08-23 14:58:51 - [MESSAGE][PASSED] - Actual text 'EditKatalon00005' and expected text 'EditKatalon00005' are matched 

2023-08-23 14:58:52 - [MESSAGE][PASSED] - Text of object 'Object Repository/Master Data/Data Customer/VerifyNamaPrincipal' is: 'EditDistCode05'

2023-08-23 14:58:52 - [MESSAGE][PASSED] - Actual text 'EditDistCode05' and expected text 'EditDistCode05' are matched 

2023-08-23 14:58:52 - [MESSAGE][PASSED] - Text of object 'Object Repository/Master Data/Data Customer/VerifyNamaPrincipal' is: 'Kadaluwarsa'

2023-08-23 14:58:52 - [MESSAGE][PASSED] - Actual text 'Kadaluwarsa' and expected text 'Kadaluwarsa' are matched 

2023-08-23 14:58:52 - [MESSAGE][INFO] - Principal Name : Nestle

2023-08-23 14:58:52 - [MESSAGE][INFO] - branchCode : 1613724323338

2023-08-23 14:58:52 - [MESSAGE][INFO] - clientID : EditKatalon00006

2023-08-23 14:58:52 - [MESSAGE][INFO] - distributorCode : EditDistCode06

2023-08-23 14:58:52 - [MESSAGE][INFO] - status : Aktif

2023-08-23 14:58:52 - [MESSAGE][PASSED] - Text of object 'Object Repository/Master Data/Data Customer/VerifyNamaPrincipal' is: 'Nestle'

2023-08-23 14:58:52 - [MESSAGE][PASSED] - Actual text 'Nestle' and expected text 'Nestle' are matched 

2023-08-23 14:58:53 - [MESSAGE][PASSED] - Text of object 'Object Repository/Master Data/Data Customer/VerifyNamaPrincipal' is: 'NS6143060002877'

2023-08-23 14:58:53 - [MESSAGE][PASSED] - Actual text 'NS6143060002877' and expected text 'NS6143060002877' are matched 

2023-08-23 14:58:53 - [MESSAGE][PASSED] - Text of object 'Object Repository/Master Data/Data Customer/VerifyNamaPrincipal' is: '1613724323338'

2023-08-23 14:58:53 - [MESSAGE][PASSED] - Actual text '1613724323338' and expected text '1613724323338' are matched 

2023-08-23 14:58:54 - [MESSAGE][PASSED] - Text of object 'Object Repository/Master Data/Data Customer/VerifyNamaPrincipal' is: 'EditKatalon00006'

2023-08-23 14:58:54 - [MESSAGE][PASSED] - Actual text 'EditKatalon00006' and expected text 'EditKatalon00006' are matched 

2023-08-23 14:58:54 - [MESSAGE][PASSED] - Text of object 'Object Repository/Master Data/Data Customer/VerifyNamaPrincipal' is: 'EditDistCode06'

2023-08-23 14:58:54 - [MESSAGE][PASSED] - Actual text 'EditDistCode06' and expected text 'EditDistCode06' are matched 

2023-08-23 14:58:54 - [MESSAGE][PASSED] - Text of object 'Object Repository/Master Data/Data Customer/VerifyNamaPrincipal' is: 'Aktif'

2023-08-23 14:58:54 - [MESSAGE][PASSED] - Actual text 'Aktif' and expected text 'Aktif' are matched 

2023-08-23 14:58:54 - [TEST_STEP][PASSED] - generalAction.logoutAndCloseBrowser(): Browser is closed

2023-08-23 14:58:57 - [MESSAGE][PASSED] - Delayed 3 second(s)

2023-08-23 14:58:58 - [MESSAGE][PASSED] - Object 'Object Repository/Home Page(General)/Page_NexCARE/btnLogOut' is clickable

2023-08-23 14:58:58 - [MESSAGE][PASSED] - Object 'Object Repository/Home Page(General)/Page_NexCARE/btnLogOut' is clickable

2023-08-23 14:58:58 - [MESSAGE][INFO] - Click Element = Object Repository/Home Page(General)/Page_NexCARE/btnLogOut

2023-08-23 14:58:58 - [MESSAGE][PASSED] - Object: 'Object Repository/Home Page(General)/Page_NexCARE/btnLogOut' is clicked on

2023-08-23 14:58:59 - [MESSAGE][PASSED] - Object 'Object Repository/Home Page(General)/Konfrimasi Keluar' is clickable

2023-08-23 14:58:59 - [MESSAGE][INFO] - Click Element = Object Repository/Home Page(General)/Konfrimasi Keluar

2023-08-23 14:58:59 - [MESSAGE][PASSED] - Object: 'Object Repository/Home Page(General)/Konfrimasi Keluar' is clicked on

2023-08-23 14:59:02 - [MESSAGE][PASSED] - Delayed 3 second(s)

2023-08-23 14:59:03 - [MESSAGE][PASSED] - Browser is closed

2023-08-23 14:59:03 - [TEST_STEP][PASSED] - Start listener action : afterTestCase: message: 

2023-08-23 14:59:03 - [TEST_STEP][PASSED] - if (!(isSkipTestListener)): message: 

2023-08-23 14:59:03 - [TEST_STEP][PASSED] - if (!(isSkipReport)): message: 

2023-08-23 14:59:03 - [TEST_STEP][PASSED] - driver = getWebDriver(): null

2023-08-23 14:59:03 - [TEST_STEP][PASSED] - endTimeTC = simpleDateFormat.format(new java.util.Date()): null

2023-08-23 14:59:03 - [TEST_STEP][PASSED] - projectId = projectID: null

2023-08-23 14:59:03 - [TEST_STEP][PASSED] - testCase = currentTestCaseId: null

2023-08-23 14:59:03 - [TEST_STEP][PASSED] - tc = findTestCase(testCase): null

2023-08-23 14:59:03 - [TEST_STEP][PASSED] - subject = name: null

2023-08-23 14:59:03 - [TEST_STEP][PASSED] - tag = tc.getTag(): null

2023-08-23 14:59:03 - [TEST_STEP][PASSED] - desc = tc.getDescription(): null

2023-08-23 14:59:03 - [TEST_STEP][PASSED] - status = testCaseContext.getTestCaseStatus(): null

2023-08-23 14:59:03 - [TEST_STEP][PASSED] - caps = driver.getCapabilities(): null

2023-08-23 14:59:03 - [TEST_STEP][PASSED] - platform = getBrowserName().capitalize(): null

2023-08-23 14:59:03 - [TEST_STEP][PASSED] - platformVersion = caps.getVersion(): null

2023-08-23 14:59:03 - [TEST_STEP][PASSED] - appVersion = appVersion: null

2023-08-23 14:59:03 - [TEST_STEP][PASSED] - profile = getExecutionProfile(): null

2023-08-23 14:59:03 - [TEST_STEP][PASSED] - startExecutionTime = startTimeTC: null

2023-08-23 14:59:03 - [TEST_STEP][PASSED] - endExecutionTime = endTimeTC: null

2023-08-23 14:59:03 - [TEST_STEP][PASSED] - addProperties = testCaseContext.getMessage(): null

2023-08-23 14:59:03 - [TEST_STEP][PASSED] - hostName = getHostName(): null

2023-08-23 14:59:03 - [TEST_STEP][PASSED] - os = getOS(): null

2023-08-23 14:59:03 - [TEST_STEP][PASSED] - hostAddress = getHostAddress(): null

2023-08-23 14:59:03 - [TEST_STEP][PASSED] - katalonVersion = getAppVersion(): null

2023-08-23 14:59:03 - [TEST_STEP][PASSED] - lstKeyOfAddValues = new java.util.ArrayList(): null

2023-08-23 14:59:03 - [TEST_STEP][PASSED] - lstKeyOfAddValues.add("Host Name"): null

2023-08-23 14:59:03 - [TEST_STEP][PASSED] - lstKeyOfAddValues.add("OS"): null

2023-08-23 14:59:03 - [TEST_STEP][PASSED] - lstKeyOfAddValues.add("Host Address"): null

2023-08-23 14:59:03 - [TEST_STEP][PASSED] - lstKeyOfAddValues.add("Katalon Version"): null

2023-08-23 14:59:03 - [TEST_STEP][PASSED] - lstValueOfAddValues = new java.util.ArrayList(): null

2023-08-23 14:59:03 - [TEST_STEP][PASSED] - lstValueOfAddValues.add(hostName): null

2023-08-23 14:59:03 - [TEST_STEP][PASSED] - lstValueOfAddValues.add(os): null

2023-08-23 14:59:03 - [TEST_STEP][PASSED] - lstValueOfAddValues.add(hostAddress): null

2023-08-23 14:59:03 - [TEST_STEP][PASSED] - lstValueOfAddValues.add(katalonVersion): null

2023-08-23 14:59:03 - [TEST_STEP][PASSED] - addValues = [lstKeyOfAddValues.toArray(), lstValueOfAddValues.toArray()]: null

2023-08-23 14:59:03 - [TEST_STEP][PASSED] - body = QMARequestResponseObject.convertToJSON(projectId, testCase, subject, tag, desc, status, platform, platformVersion, appVersion, profile, startExecutionTime, endExecutionTime, addProperties, addValues): null

2023-08-23 14:59:03 - [TEST_STEP][PASSED] - logInfo("Body: " + body): Body: {"project_id":13,"test_case":"Test Cases/Master Data/Data Customer/Data Customer - Edit","subject":"Data Customer - Edit","tag":"","description":"","status":"PASSED","platform":"Chrome","platform_version":"116.0.5845.97","app_version":"5.0.0","profile":"default","start_execution_time":"2023-08-23T14:56:40Z","end_execution_time":"2023-08-23T14:59:03Z","additional_properties":"","additional_values":[["Host Name","OS","Host Address","Katalon Version"],["NEXSOFT - DESKTOP-C56VD1H","Windows 11 64bit","10.10.18.38","8.6.6.208"]]}

2023-08-23 14:59:03 - [MESSAGE][INFO] - Body: {"project_id":13,"test_case":"Test Cases/Master Data/Data Customer/Data Customer - Edit","subject":"Data Customer - Edit","tag":"","description":"","status":"PASSED","platform":"Chrome","platform_version":"116.0.5845.97","app_version":"5.0.0","profile":"default","start_execution_time":"2023-08-23T14:56:40Z","end_execution_time":"2023-08-23T14:59:03Z","additional_properties":"","additional_values":[["Host Name","OS","Host Address","Katalon Version"],["NEXSOFT - DESKTOP-C56VD1H","Windows 11 64bit","10.10.18.38","8.6.6.208"]]}

2023-08-23 14:59:03 - [TEST_STEP][PASSED] - resp = QMARequestResponseObject.automationLogRequest(token, body): Send request successfully

2023-08-23 14:59:03 - [MESSAGE][INFO] - HAR: C:\Users\NEXSOFT\Documents\Nexsoft\Katalon\Katalon_nexcare\Reports\20230823_145113\Master Data\Data Distributor\Data Distributor\20230823_145113\requests\main\2.har

2023-08-23 14:59:03 - [MESSAGE][PASSED] - Send request successfully

2023-08-23 14:59:03 - [TEST_STEP][PASSED] - if (QMARequestResponseObject.getStatusCode(resp) != 201 || QMARequestResponseObject.getWaitingTime(resp) > 5000): null

2023-08-23 14:59:03 - [TEST_STEP][PASSED] - else: message: 

2023-08-23 14:59:03 - [TEST_STEP][PASSED] - resText = QMARequestResponseObject.getResponseText(resp): null

2023-08-23 14:59:03 - [TEST_STEP][PASSED] - logInfo("Text: " + resText): Text: {"code":200,"message":"","internalmessage":"Log Success"}

2023-08-23 14:59:03 - [MESSAGE][INFO] - Text: {"code":200,"message":"","internalmessage":"Log Success"}

2023-08-23 14:59:03 - [TEST_STEP][PASSED] - object = js.parseText(resText): null

2023-08-23 14:59:03 - [TEST_STEP][PASSED] - code = code: null

2023-08-23 14:59:03 - [TEST_STEP][PASSED] - message = message: null

2023-08-23 14:59:03 - [TEST_STEP][PASSED] - logInfo("code: " + code): code: 200

2023-08-23 14:59:03 - [MESSAGE][INFO] - code: 200

2023-08-23 14:59:03 - [TEST_STEP][PASSED] - logInfo("message: " + message): message: 

2023-08-23 14:59:03 - [MESSAGE][INFO] - message:]]></system-out>
         <system-err><![CDATA[]]></system-err>
      </testcase>
      <testcase name="Test Cases/Master Data/Data Customer/Data Customer - View" time="48.142" classname="Test Cases/Master Data/Data Customer/Data Customer - View" status="PASSED">
         <system-out><![CDATA[2023-08-23 14:59:03 - [TEST_CASE][PASSED] - Test Cases/Master Data/Data Customer/Data Customer - View: Test Cases/Master Data/Data Customer/Data Customer - View

2023-08-23 14:59:03 - [TEST_STEP][PASSED] - Start listener action : beforeTestCase: null

2023-08-23 14:59:03 - [TEST_STEP][PASSED] - if (!(isSkipTestListener)): null

2023-08-23 14:59:03 - [TEST_STEP][PASSED] - if (!(isSkipReport)): null

2023-08-23 14:59:03 - [TEST_STEP][PASSED] - startTimeTC = simpleDateFormat.format(new java.util.Date()): null

2023-08-23 14:59:03 - [TEST_STEP][PASSED] - currentTestCaseId = testCaseContext.getTestCaseId(): null

2023-08-23 14:59:03 - [TEST_STEP][PASSED] - handleWebDriver = new care.katalon.HandleWebDriver(): null

2023-08-23 14:59:03 - [TEST_STEP][PASSED] - handleWebDriver.startAndOpenWebBrowser(baseUrl): Wait for page load successfully

2023-08-23 14:59:03 - [MESSAGE][INFO] - URL ENV = https://staging-care.nexcloud.id/

2023-08-23 14:59:03 - [MESSAGE][INFO] - Starting 'Chrome' driver

2023-08-23 14:59:03 - [MESSAGE][INFO] - Action delay is set to 0 milliseconds

2023-08-23 14:59:05 - [MESSAGE][PASSED] - Browser is opened with url: ''

2023-08-23 14:59:05 - [MESSAGE][PASSED] - Wait for page load successfully

2023-08-23 14:59:05 - [MESSAGE][PASSED] - Current window maximized

2023-08-23 14:59:06 - [MESSAGE][PASSED] - Navigate to 'https://staging-care.nexcloud.id/' successfully

2023-08-23 14:59:06 - [MESSAGE][PASSED] - Wait for page load successfully

2023-08-23 14:59:06 - [TEST_STEP][PASSED] - generalAction = new care.katalon.GeneralAction(): null

2023-08-23 14:59:06 - [TEST_STEP][PASSED] - handleTestData = new care.katalon.HandleTestData(): null

2023-08-23 14:59:06 - [TEST_STEP][PASSED] - dataCustomer = new masterdata.care.DataCustomer(): null

2023-08-23 14:59:06 - [TEST_STEP][PASSED] - generalAction.login(""): Wait for page load successfully

2023-08-23 14:59:06 - [MESSAGE][PASSED] - Object 'Object Repository/Login/username' is clickable

2023-08-23 14:59:06 - [MESSAGE][INFO] - Click Element = Object Repository/Login/username

2023-08-23 14:59:07 - [MESSAGE][PASSED] - Object: 'Object Repository/Login/username' is clicked on

2023-08-23 14:59:07 - [MESSAGE][PASSED] - Attribute 'value' of object 'Object Repository/Login/username' is: ''

2023-08-23 14:59:08 - [MESSAGE][PASSED] - Text 'admin' is set on object 'Object Repository/Login/username'

2023-08-23 14:59:08 - [MESSAGE][PASSED] - Object 'Object Repository/Login/password' is clickable

2023-08-23 14:59:08 - [MESSAGE][INFO] - Click Element = Object Repository/Login/password

2023-08-23 14:59:09 - [MESSAGE][PASSED] - Object: 'Object Repository/Login/password' is clicked on

2023-08-23 14:59:09 - [MESSAGE][PASSED] - Attribute 'value' of object 'Object Repository/Login/password' is: ''

2023-08-23 14:59:10 - [MESSAGE][PASSED] - Text 'Auth_server_2020' is set on object 'Object Repository/Login/password'

2023-08-23 14:59:10 - [MESSAGE][PASSED] - Object 'Object Repository/Login/masuk' is clickable

2023-08-23 14:59:10 - [MESSAGE][INFO] - Click Element = Object Repository/Login/masuk

2023-08-23 14:59:10 - [MESSAGE][PASSED] - Object: 'Object Repository/Login/masuk' is clicked on

2023-08-23 14:59:11 - [MESSAGE][PASSED] - Object 'Object Repository/Login/button_Tidak' is present

2023-08-23 14:59:11 - [MESSAGE][PASSED] - Object 'Object Repository/Login/button_Tidak' is clickable

2023-08-23 14:59:11 - [MESSAGE][INFO] - Click Element = Object Repository/Login/button_Tidak

2023-08-23 14:59:12 - [MESSAGE][PASSED] - Object: 'Object Repository/Login/button_Tidak' is clicked on

2023-08-23 14:59:12 - [MESSAGE][PASSED] - Wait for page load successfully

2023-08-23 14:59:12 - [TEST_STEP][PASSED] - dataCustomer.menuDataCustomer(): Delayed 1 second(s)

2023-08-23 14:59:15 - [MESSAGE][PASSED] - Object 'Object Repository/Sidebar/Sidebar Master Data' is clickable

2023-08-23 14:59:15 - [MESSAGE][INFO] - Click Element = Object Repository/Sidebar/Sidebar Master Data

2023-08-23 14:59:16 - [MESSAGE][PASSED] - Object: 'Object Repository/Sidebar/Sidebar Master Data' is clicked on

2023-08-23 14:59:16 - [MESSAGE][PASSED] - Object 'Object Repository/Home Page(General)/btnDataDistributor' is clickable

2023-08-23 14:59:16 - [MESSAGE][INFO] - Click Element = Object Repository/Home Page(General)/btnDataDistributor

2023-08-23 14:59:17 - [MESSAGE][PASSED] - Object: 'Object Repository/Home Page(General)/btnDataDistributor' is clicked on

2023-08-23 14:59:17 - [MESSAGE][PASSED] - Refresh successfully

2023-08-23 14:59:18 - [MESSAGE][PASSED] - Delayed 1 second(s)

2023-08-23 14:59:18 - [TEST_STEP][PASSED] - excelLocation = "Master Data\Data Customer\dataCustomer - edit.xlsx": null

2023-08-23 14:59:18 - [TEST_STEP][PASSED] - sheetNameEditDataCustomer = "DataCustomer-Edit": null

2023-08-23 14:59:18 - [TEST_STEP][PASSED] - listHashMapEditDataCustomer = handleTestData.readTestData(excelLocation, sheetNameEditDataCustomer, true): listHashMap di Method readTestData class care.katalon.HandleTestData : [[TD:TDG220601, branchCode:1613724323333, msg:Berhasil mengupdate data customer!, Action:Edit, clientID:EditKatalon00001, branchCodeEdit:1613724323333, principalName:Nestle, distributorCode:EditDistCode01, nsCode:NS6143060002877, category:positive, customerName:Pt Rukun Mitra Sejati Yogyakarta, status:Kadaluwarsa], [TD:TDG220602, branchCode:1613724333334, msg:Berhasil mengupdate data customer!, Action:Edit, clientID:EditKatalon00002, branchCodeEdit:1613724333334, principalName:Nestle, distributorCode:EditDistCode02, nsCode:NS6143060002877, category:positive, customerName:Pt Rukun Mitra Sejati Yogyakarta, status:Aktif], [TD:TDG220603, branchCode:1613724323335, msg:Berhasil mengupdate data customer!, Action:Edit, clientID:EditKatalon00003, branchCodeEdit:1613724323335, principalName:Nestle, distributorCode:EditDistCode03, nsCode:NS6143060002877, category:positive, customerName:Pt Rukun Mitra Sejati Yogyakarta, status:Kadaluwarsa], [TD:TDG220604, branchCode:1613724323336, msg:Berhasil mengupdate data customer!, Action:Edit, clientID:EditKatalon00004, branchCodeEdit:1613724323336, principalName:Nestle, distributorCode:EditDistCode04, nsCode:NS6143060002877, category:positive, customerName:Pt Rukun Mitra Sejati Blitar, status:Aktif], [TD:TDG220605, branchCode:1613724333337, msg:Berhasil mengupdate data customer!, Action:Edit, clientID:EditKatalon00005, branchCodeEdit:1613724333337, principalName:Nestle, distributorCode:EditDistCode05, nsCode:NS6143060002877, category:positive, customerName:Pt Rukun Mitra Sejati Blitar, status:Kadaluwarsa], [TD:TDG220606, branchCode:1613724323338, msg:Berhasil mengupdate data customer!, Action:Edit, clientID:EditKatalon00006, branchCodeEdit:1613724323338, principalName:Nestle, distributorCode:EditDistCode06, nsCode:NS6143060002877, category:positive, customerName:Pt Rukun Mitra Sejati Blitar, status:Aktif]]

2023-08-23 14:59:18 - [MESSAGE][INFO] - listHashMap di Method readTestData class care.katalon.HandleTestData : [[TD:TDG220601, branchCode:1613724323333, msg:Berhasil mengupdate data customer!, Action:Edit, clientID:EditKatalon00001, branchCodeEdit:1613724323333, principalName:Nestle, distributorCode:EditDistCode01, nsCode:NS6143060002877, category:positive, customerName:Pt Rukun Mitra Sejati Yogyakarta, status:Kadaluwarsa], [TD:TDG220602, branchCode:1613724333334, msg:Berhasil mengupdate data customer!, Action:Edit, clientID:EditKatalon00002, branchCodeEdit:1613724333334, principalName:Nestle, distributorCode:EditDistCode02, nsCode:NS6143060002877, category:positive, customerName:Pt Rukun Mitra Sejati Yogyakarta, status:Aktif], [TD:TDG220603, branchCode:1613724323335, msg:Berhasil mengupdate data customer!, Action:Edit, clientID:EditKatalon00003, branchCodeEdit:1613724323335, principalName:Nestle, distributorCode:EditDistCode03, nsCode:NS6143060002877, category:positive, customerName:Pt Rukun Mitra Sejati Yogyakarta, status:Kadaluwarsa], [TD:TDG220604, branchCode:1613724323336, msg:Berhasil mengupdate data customer!, Action:Edit, clientID:EditKatalon00004, branchCodeEdit:1613724323336, principalName:Nestle, distributorCode:EditDistCode04, nsCode:NS6143060002877, category:positive, customerName:Pt Rukun Mitra Sejati Blitar, status:Aktif], [TD:TDG220605, branchCode:1613724333337, msg:Berhasil mengupdate data customer!, Action:Edit, clientID:EditKatalon00005, branchCodeEdit:1613724333337, principalName:Nestle, distributorCode:EditDistCode05, nsCode:NS6143060002877, category:positive, customerName:Pt Rukun Mitra Sejati Blitar, status:Kadaluwarsa], [TD:TDG220606, branchCode:1613724323338, msg:Berhasil mengupdate data customer!, Action:Edit, clientID:EditKatalon00006, branchCodeEdit:1613724323338, principalName:Nestle, distributorCode:EditDistCode06, nsCode:NS6143060002877, category:positive, customerName:Pt Rukun Mitra Sejati Blitar, status:Aktif]]

2023-08-23 14:59:18 - [TEST_STEP][PASSED] - namaCustomer = "": null

2023-08-23 14:59:18 - [TEST_STEP][PASSED] - dataEdit = new java.util.HashMap(): null

2023-08-23 14:59:18 - [TEST_STEP][PASSED] - dataWithSameCustomerName = new java.util.ArrayList(): null

2023-08-23 14:59:18 - [TEST_STEP][PASSED] - for ([i = 0, i < listHashMapEditDataCustomer.size(), (i++)]): null

2023-08-23 14:59:18 - [TEST_STEP][PASSED] - getHashMapEditDataCustomer = listHashMapEditDataCustomer.get(i): null

2023-08-23 14:59:18 - [TEST_STEP][PASSED] - customerName = getHashMapEditDataCustomer.get("customerName"): null

2023-08-23 14:59:18 - [TEST_STEP][PASSED] - if (namaCustomer.equals("") || namaCustomer.equals(customerName)): null

2023-08-23 14:59:18 - [TEST_STEP][PASSED] - namaCustomer = customerName: null

2023-08-23 14:59:18 - [TEST_STEP][PASSED] - dataWithSameCustomerName.add(getHashMapEditDataCustomer): null

2023-08-23 14:59:18 - [TEST_STEP][PASSED] - if (i == listHashMapEditDataCustomer.size() - 1): null

2023-08-23 14:59:18 - [TEST_STEP][PASSED] - getHashMapEditDataCustomer = listHashMapEditDataCustomer.get(i): null

2023-08-23 14:59:18 - [TEST_STEP][PASSED] - customerName = getHashMapEditDataCustomer.get("customerName"): null

2023-08-23 14:59:18 - [TEST_STEP][PASSED] - if (namaCustomer.equals("") || namaCustomer.equals(customerName)): null

2023-08-23 14:59:18 - [TEST_STEP][PASSED] - namaCustomer = customerName: null

2023-08-23 14:59:18 - [TEST_STEP][PASSED] - dataWithSameCustomerName.add(getHashMapEditDataCustomer): null

2023-08-23 14:59:18 - [TEST_STEP][PASSED] - if (i == listHashMapEditDataCustomer.size() - 1): null

2023-08-23 14:59:18 - [TEST_STEP][PASSED] - getHashMapEditDataCustomer = listHashMapEditDataCustomer.get(i): null

2023-08-23 14:59:18 - [TEST_STEP][PASSED] - customerName = getHashMapEditDataCustomer.get("customerName"): null

2023-08-23 14:59:18 - [TEST_STEP][PASSED] - if (namaCustomer.equals("") || namaCustomer.equals(customerName)): null

2023-08-23 14:59:18 - [TEST_STEP][PASSED] - namaCustomer = customerName: null

2023-08-23 14:59:18 - [TEST_STEP][PASSED] - dataWithSameCustomerName.add(getHashMapEditDataCustomer): null

2023-08-23 14:59:18 - [TEST_STEP][PASSED] - if (i == listHashMapEditDataCustomer.size() - 1): null

2023-08-23 14:59:18 - [TEST_STEP][PASSED] - getHashMapEditDataCustomer = listHashMapEditDataCustomer.get(i): null

2023-08-23 14:59:18 - [TEST_STEP][PASSED] - customerName = getHashMapEditDataCustomer.get("customerName"): null

2023-08-23 14:59:18 - [TEST_STEP][PASSED] - if (namaCustomer.equals("") || namaCustomer.equals(customerName)): null

2023-08-23 14:59:18 - [TEST_STEP][PASSED] - else: null

2023-08-23 14:59:18 - [TEST_STEP][PASSED] - dataEdit.put(namaCustomer, dataWithSameCustomerName): null

2023-08-23 14:59:18 - [TEST_STEP][PASSED] - dataWithSameCustomerName = new java.util.ArrayList(): null

2023-08-23 14:59:18 - [TEST_STEP][PASSED] - namaCustomer = customerName: null

2023-08-23 14:59:18 - [TEST_STEP][PASSED] - i -= 1: null

2023-08-23 14:59:18 - [TEST_STEP][PASSED] - getHashMapEditDataCustomer = listHashMapEditDataCustomer.get(i): null

2023-08-23 14:59:18 - [TEST_STEP][PASSED] - customerName = getHashMapEditDataCustomer.get("customerName"): null

2023-08-23 14:59:18 - [TEST_STEP][PASSED] - if (namaCustomer.equals("") || namaCustomer.equals(customerName)): null

2023-08-23 14:59:18 - [TEST_STEP][PASSED] - namaCustomer = customerName: null

2023-08-23 14:59:18 - [TEST_STEP][PASSED] - dataWithSameCustomerName.add(getHashMapEditDataCustomer): null

2023-08-23 14:59:18 - [TEST_STEP][PASSED] - if (i == listHashMapEditDataCustomer.size() - 1): null

2023-08-23 14:59:18 - [TEST_STEP][PASSED] - getHashMapEditDataCustomer = listHashMapEditDataCustomer.get(i): null

2023-08-23 14:59:18 - [TEST_STEP][PASSED] - customerName = getHashMapEditDataCustomer.get("customerName"): null

2023-08-23 14:59:18 - [TEST_STEP][PASSED] - if (namaCustomer.equals("") || namaCustomer.equals(customerName)): null

2023-08-23 14:59:18 - [TEST_STEP][PASSED] - namaCustomer = customerName: null

2023-08-23 14:59:18 - [TEST_STEP][PASSED] - dataWithSameCustomerName.add(getHashMapEditDataCustomer): null

2023-08-23 14:59:18 - [TEST_STEP][PASSED] - if (i == listHashMapEditDataCustomer.size() - 1): null

2023-08-23 14:59:18 - [TEST_STEP][PASSED] - getHashMapEditDataCustomer = listHashMapEditDataCustomer.get(i): null

2023-08-23 14:59:18 - [TEST_STEP][PASSED] - customerName = getHashMapEditDataCustomer.get("customerName"): null

2023-08-23 14:59:18 - [TEST_STEP][PASSED] - if (namaCustomer.equals("") || namaCustomer.equals(customerName)): null

2023-08-23 14:59:18 - [TEST_STEP][PASSED] - namaCustomer = customerName: null

2023-08-23 14:59:18 - [TEST_STEP][PASSED] - dataWithSameCustomerName.add(getHashMapEditDataCustomer): null

2023-08-23 14:59:18 - [TEST_STEP][PASSED] - if (i == listHashMapEditDataCustomer.size() - 1): null

2023-08-23 14:59:18 - [TEST_STEP][PASSED] - dataEdit.put(namaCustomer, dataWithSameCustomerName): null

2023-08-23 14:59:18 - [TEST_STEP][PASSED] - for (String i : dataEdit.keySet()): Actual text 'Aktif' and expected text 'Aktif' are matched 

2023-08-23 14:59:18 - [TEST_STEP][PASSED] - try: Actual text 'Kadaluwarsa' and expected text 'Kadaluwarsa' are matched 

2023-08-23 14:59:18 - [TEST_STEP][PASSED] - customerName = i: null

2023-08-23 14:59:18 - [TEST_STEP][PASSED] - hashMapEditDetail = dataEdit.get(customerName): null

2023-08-23 14:59:18 - [TEST_STEP][PASSED] - dataCustomer.viewData(customerName): Keys 'ENTER + ' sent to object: 'Object Repository/Master Data/Data Customer/SelectPelanggan'

2023-08-23 14:59:21 - [MESSAGE][PASSED] - Delayed 3 second(s)

2023-08-23 14:59:21 - [MESSAGE][PASSED] - Object 'Object Repository/Master Data/Data Customer/CariPelanggan' is clickable

2023-08-23 14:59:22 - [MESSAGE][PASSED] - Object 'Object Repository/Master Data/Data Customer/CariPelanggan' is clickable

2023-08-23 14:59:22 - [MESSAGE][INFO] - Click Element = Object Repository/Master Data/Data Customer/CariPelanggan

2023-08-23 14:59:22 - [MESSAGE][PASSED] - Object: 'Object Repository/Master Data/Data Customer/CariPelanggan' is clicked on

2023-08-23 14:59:23 - [MESSAGE][PASSED] - Keys 'Pt Rukun Mitra Sejati Yogyakarta' sent to object: 'Object Repository/Master Data/Data Customer/SelectPelanggan'

2023-08-23 14:59:23 - [MESSAGE][PASSED] - Object 'Object Repository/Master Data/Data Customer/SelectPelanggan' is present

2023-08-23 14:59:23 - [MESSAGE][PASSED] - Keys 'ENTER + ' sent to object: 'Object Repository/Master Data/Data Customer/SelectPelanggan'

2023-08-23 14:59:23 - [TEST_STEP][PASSED] - dataCustomer.verifyViewDataCustomer(hashMapEditDetail): Actual text 'Kadaluwarsa' and expected text 'Kadaluwarsa' are matched 

2023-08-23 14:59:23 - [MESSAGE][INFO] - Principal Name : Nestle

2023-08-23 14:59:23 - [MESSAGE][INFO] - branchCode : 1613724323333

2023-08-23 14:59:23 - [MESSAGE][INFO] - clientID : EditKatalon00001

2023-08-23 14:59:23 - [MESSAGE][INFO] - distributorCode : EditDistCode01

2023-08-23 14:59:23 - [MESSAGE][INFO] - status : Kadaluwarsa

2023-08-23 14:59:24 - [MESSAGE][PASSED] - Text of object 'Object Repository/Master Data/Data Customer/VerifyNamaPrincipal' is: 'Nestle'

2023-08-23 14:59:24 - [MESSAGE][PASSED] - Actual text 'Nestle' and expected text 'Nestle' are matched 

2023-08-23 14:59:24 - [MESSAGE][PASSED] - Text of object 'Object Repository/Master Data/Data Customer/VerifyNamaPrincipal' is: 'NS6143060002877'

2023-08-23 14:59:24 - [MESSAGE][PASSED] - Actual text 'NS6143060002877' and expected text 'NS6143060002877' are matched 

2023-08-23 14:59:25 - [MESSAGE][PASSED] - Text of object 'Object Repository/Master Data/Data Customer/VerifyNamaPrincipal' is: '1613724323333'

2023-08-23 14:59:25 - [MESSAGE][PASSED] - Actual text '1613724323333' and expected text '1613724323333' are matched 

2023-08-23 14:59:25 - [MESSAGE][PASSED] - Text of object 'Object Repository/Master Data/Data Customer/VerifyNamaPrincipal' is: 'EditKatalon00001'

2023-08-23 14:59:25 - [MESSAGE][PASSED] - Actual text 'EditKatalon00001' and expected text 'EditKatalon00001' are matched 

2023-08-23 14:59:25 - [MESSAGE][PASSED] - Text of object 'Object Repository/Master Data/Data Customer/VerifyNamaPrincipal' is: 'EditDistCode01'

2023-08-23 14:59:25 - [MESSAGE][PASSED] - Actual text 'EditDistCode01' and expected text 'EditDistCode01' are matched 

2023-08-23 14:59:26 - [MESSAGE][PASSED] - Text of object 'Object Repository/Master Data/Data Customer/VerifyNamaPrincipal' is: 'Kadaluwarsa'

2023-08-23 14:59:26 - [MESSAGE][PASSED] - Actual text 'Kadaluwarsa' and expected text 'Kadaluwarsa' are matched 

2023-08-23 14:59:26 - [MESSAGE][INFO] - Principal Name : Nestle

2023-08-23 14:59:26 - [MESSAGE][INFO] - branchCode : 1613724333334

2023-08-23 14:59:26 - [MESSAGE][INFO] - clientID : EditKatalon00002

2023-08-23 14:59:26 - [MESSAGE][INFO] - distributorCode : EditDistCode02

2023-08-23 14:59:26 - [MESSAGE][INFO] - status : Aktif

2023-08-23 14:59:26 - [MESSAGE][PASSED] - Text of object 'Object Repository/Master Data/Data Customer/VerifyNamaPrincipal' is: 'Nestle'

2023-08-23 14:59:26 - [MESSAGE][PASSED] - Actual text 'Nestle' and expected text 'Nestle' are matched 

2023-08-23 14:59:27 - [MESSAGE][PASSED] - Text of object 'Object Repository/Master Data/Data Customer/VerifyNamaPrincipal' is: 'NS6143060002877'

2023-08-23 14:59:27 - [MESSAGE][PASSED] - Actual text 'NS6143060002877' and expected text 'NS6143060002877' are matched 

2023-08-23 14:59:27 - [MESSAGE][PASSED] - Text of object 'Object Repository/Master Data/Data Customer/VerifyNamaPrincipal' is: '1613724333334'

2023-08-23 14:59:27 - [MESSAGE][PASSED] - Actual text '1613724333334' and expected text '1613724333334' are matched 

2023-08-23 14:59:27 - [MESSAGE][PASSED] - Text of object 'Object Repository/Master Data/Data Customer/VerifyNamaPrincipal' is: 'EditKatalon00002'

2023-08-23 14:59:27 - [MESSAGE][PASSED] - Actual text 'EditKatalon00002' and expected text 'EditKatalon00002' are matched 

2023-08-23 14:59:28 - [MESSAGE][PASSED] - Text of object 'Object Repository/Master Data/Data Customer/VerifyNamaPrincipal' is: 'EditDistCode02'

2023-08-23 14:59:28 - [MESSAGE][PASSED] - Actual text 'EditDistCode02' and expected text 'EditDistCode02' are matched 

2023-08-23 14:59:28 - [MESSAGE][PASSED] - Text of object 'Object Repository/Master Data/Data Customer/VerifyNamaPrincipal' is: 'Aktif'

2023-08-23 14:59:28 - [MESSAGE][PASSED] - Actual text 'Aktif' and expected text 'Aktif' are matched 

2023-08-23 14:59:28 - [MESSAGE][INFO] - Principal Name : Nestle

2023-08-23 14:59:28 - [MESSAGE][INFO] - branchCode : 1613724323335

2023-08-23 14:59:28 - [MESSAGE][INFO] - clientID : EditKatalon00003

2023-08-23 14:59:28 - [MESSAGE][INFO] - distributorCode : EditDistCode03

2023-08-23 14:59:28 - [MESSAGE][INFO] - status : Kadaluwarsa

2023-08-23 14:59:28 - [MESSAGE][PASSED] - Text of object 'Object Repository/Master Data/Data Customer/VerifyNamaPrincipal' is: 'Nestle'

2023-08-23 14:59:28 - [MESSAGE][PASSED] - Actual text 'Nestle' and expected text 'Nestle' are matched 

2023-08-23 14:59:29 - [MESSAGE][PASSED] - Text of object 'Object Repository/Master Data/Data Customer/VerifyNamaPrincipal' is: 'NS6143060002877'

2023-08-23 14:59:29 - [MESSAGE][PASSED] - Actual text 'NS6143060002877' and expected text 'NS6143060002877' are matched 

2023-08-23 14:59:29 - [MESSAGE][PASSED] - Text of object 'Object Repository/Master Data/Data Customer/VerifyNamaPrincipal' is: '1613724323335'

2023-08-23 14:59:29 - [MESSAGE][PASSED] - Actual text '1613724323335' and expected text '1613724323335' are matched 

2023-08-23 14:59:29 - [MESSAGE][PASSED] - Text of object 'Object Repository/Master Data/Data Customer/VerifyNamaPrincipal' is: 'EditKatalon00003'

2023-08-23 14:59:29 - [MESSAGE][PASSED] - Actual text 'EditKatalon00003' and expected text 'EditKatalon00003' are matched 

2023-08-23 14:59:30 - [MESSAGE][PASSED] - Text of object 'Object Repository/Master Data/Data Customer/VerifyNamaPrincipal' is: 'EditDistCode03'

2023-08-23 14:59:30 - [MESSAGE][PASSED] - Actual text 'EditDistCode03' and expected text 'EditDistCode03' are matched 

2023-08-23 14:59:30 - [MESSAGE][PASSED] - Text of object 'Object Repository/Master Data/Data Customer/VerifyNamaPrincipal' is: 'Kadaluwarsa'

2023-08-23 14:59:30 - [MESSAGE][PASSED] - Actual text 'Kadaluwarsa' and expected text 'Kadaluwarsa' are matched 

2023-08-23 14:59:30 - [TEST_STEP][PASSED] - try: Actual text 'Aktif' and expected text 'Aktif' are matched 

2023-08-23 14:59:30 - [TEST_STEP][PASSED] - customerName = i: null

2023-08-23 14:59:30 - [TEST_STEP][PASSED] - hashMapEditDetail = dataEdit.get(customerName): null

2023-08-23 14:59:30 - [TEST_STEP][PASSED] - dataCustomer.viewData(customerName): Keys 'ENTER + ' sent to object: 'Object Repository/Master Data/Data Customer/SelectPelanggan'

2023-08-23 14:59:33 - [MESSAGE][PASSED] - Delayed 3 second(s)

2023-08-23 14:59:33 - [MESSAGE][PASSED] - Object 'Object Repository/Master Data/Data Customer/CariPelanggan' is clickable

2023-08-23 14:59:34 - [MESSAGE][PASSED] - Object 'Object Repository/Master Data/Data Customer/CariPelanggan' is clickable

2023-08-23 14:59:34 - [MESSAGE][INFO] - Click Element = Object Repository/Master Data/Data Customer/CariPelanggan

2023-08-23 14:59:34 - [MESSAGE][PASSED] - Object: 'Object Repository/Master Data/Data Customer/CariPelanggan' is clicked on

2023-08-23 14:59:35 - [MESSAGE][PASSED] - Keys 'Pt Rukun Mitra Sejati Blitar' sent to object: 'Object Repository/Master Data/Data Customer/SelectPelanggan'

2023-08-23 14:59:35 - [MESSAGE][PASSED] - Object 'Object Repository/Master Data/Data Customer/SelectPelanggan' is present

2023-08-23 14:59:36 - [MESSAGE][PASSED] - Keys 'ENTER + ' sent to object: 'Object Repository/Master Data/Data Customer/SelectPelanggan'

2023-08-23 14:59:36 - [TEST_STEP][PASSED] - dataCustomer.verifyViewDataCustomer(hashMapEditDetail): Actual text 'Aktif' and expected text 'Aktif' are matched 

2023-08-23 14:59:36 - [MESSAGE][INFO] - Principal Name : Nestle

2023-08-23 14:59:36 - [MESSAGE][INFO] - branchCode : 1613724323336

2023-08-23 14:59:36 - [MESSAGE][INFO] - clientID : EditKatalon00004

2023-08-23 14:59:36 - [MESSAGE][INFO] - distributorCode : EditDistCode04

2023-08-23 14:59:36 - [MESSAGE][INFO] - status : Aktif

2023-08-23 14:59:36 - [MESSAGE][PASSED] - Text of object 'Object Repository/Master Data/Data Customer/VerifyNamaPrincipal' is: 'Nestle'

2023-08-23 14:59:36 - [MESSAGE][PASSED] - Actual text 'Nestle' and expected text 'Nestle' are matched 

2023-08-23 14:59:37 - [MESSAGE][PASSED] - Text of object 'Object Repository/Master Data/Data Customer/VerifyNamaPrincipal' is: 'NS6143060002877'

2023-08-23 14:59:37 - [MESSAGE][PASSED] - Actual text 'NS6143060002877' and expected text 'NS6143060002877' are matched 

2023-08-23 14:59:37 - [MESSAGE][PASSED] - Text of object 'Object Repository/Master Data/Data Customer/VerifyNamaPrincipal' is: '1613724323336'

2023-08-23 14:59:37 - [MESSAGE][PASSED] - Actual text '1613724323336' and expected text '1613724323336' are matched 

2023-08-23 14:59:37 - [MESSAGE][PASSED] - Text of object 'Object Repository/Master Data/Data Customer/VerifyNamaPrincipal' is: 'EditKatalon00004'

2023-08-23 14:59:37 - [MESSAGE][PASSED] - Actual text 'EditKatalon00004' and expected text 'EditKatalon00004' are matched 

2023-08-23 14:59:38 - [MESSAGE][PASSED] - Text of object 'Object Repository/Master Data/Data Customer/VerifyNamaPrincipal' is: 'EditDistCode04'

2023-08-23 14:59:38 - [MESSAGE][PASSED] - Actual text 'EditDistCode04' and expected text 'EditDistCode04' are matched 

2023-08-23 14:59:38 - [MESSAGE][PASSED] - Text of object 'Object Repository/Master Data/Data Customer/VerifyNamaPrincipal' is: 'Aktif'

2023-08-23 14:59:38 - [MESSAGE][PASSED] - Actual text 'Aktif' and expected text 'Aktif' are matched 

2023-08-23 14:59:38 - [MESSAGE][INFO] - Principal Name : Nestle

2023-08-23 14:59:38 - [MESSAGE][INFO] - branchCode : 1613724333337

2023-08-23 14:59:38 - [MESSAGE][INFO] - clientID : EditKatalon00005

2023-08-23 14:59:38 - [MESSAGE][INFO] - distributorCode : EditDistCode05

2023-08-23 14:59:38 - [MESSAGE][INFO] - status : Kadaluwarsa

2023-08-23 14:59:38 - [MESSAGE][PASSED] - Text of object 'Object Repository/Master Data/Data Customer/VerifyNamaPrincipal' is: 'Nestle'

2023-08-23 14:59:38 - [MESSAGE][PASSED] - Actual text 'Nestle' and expected text 'Nestle' are matched 

2023-08-23 14:59:39 - [MESSAGE][PASSED] - Text of object 'Object Repository/Master Data/Data Customer/VerifyNamaPrincipal' is: 'NS6143060002877'

2023-08-23 14:59:39 - [MESSAGE][PASSED] - Actual text 'NS6143060002877' and expected text 'NS6143060002877' are matched 

2023-08-23 14:59:39 - [MESSAGE][PASSED] - Text of object 'Object Repository/Master Data/Data Customer/VerifyNamaPrincipal' is: '1613724333337'

2023-08-23 14:59:39 - [MESSAGE][PASSED] - Actual text '1613724333337' and expected text '1613724333337' are matched 

2023-08-23 14:59:40 - [MESSAGE][PASSED] - Text of object 'Object Repository/Master Data/Data Customer/VerifyNamaPrincipal' is: 'EditKatalon00005'

2023-08-23 14:59:40 - [MESSAGE][PASSED] - Actual text 'EditKatalon00005' and expected text 'EditKatalon00005' are matched 

2023-08-23 14:59:40 - [MESSAGE][PASSED] - Text of object 'Object Repository/Master Data/Data Customer/VerifyNamaPrincipal' is: 'EditDistCode05'

2023-08-23 14:59:40 - [MESSAGE][PASSED] - Actual text 'EditDistCode05' and expected text 'EditDistCode05' are matched 

2023-08-23 14:59:40 - [MESSAGE][PASSED] - Text of object 'Object Repository/Master Data/Data Customer/VerifyNamaPrincipal' is: 'Kadaluwarsa'

2023-08-23 14:59:40 - [MESSAGE][PASSED] - Actual text 'Kadaluwarsa' and expected text 'Kadaluwarsa' are matched 

2023-08-23 14:59:40 - [MESSAGE][INFO] - Principal Name : Nestle

2023-08-23 14:59:40 - [MESSAGE][INFO] - branchCode : 1613724323338

2023-08-23 14:59:40 - [MESSAGE][INFO] - clientID : EditKatalon00006

2023-08-23 14:59:40 - [MESSAGE][INFO] - distributorCode : EditDistCode06

2023-08-23 14:59:40 - [MESSAGE][INFO] - status : Aktif

2023-08-23 14:59:41 - [MESSAGE][PASSED] - Text of object 'Object Repository/Master Data/Data Customer/VerifyNamaPrincipal' is: 'Nestle'

2023-08-23 14:59:41 - [MESSAGE][PASSED] - Actual text 'Nestle' and expected text 'Nestle' are matched 

2023-08-23 14:59:41 - [MESSAGE][PASSED] - Text of object 'Object Repository/Master Data/Data Customer/VerifyNamaPrincipal' is: 'NS6143060002877'

2023-08-23 14:59:41 - [MESSAGE][PASSED] - Actual text 'NS6143060002877' and expected text 'NS6143060002877' are matched 

2023-08-23 14:59:41 - [MESSAGE][PASSED] - Text of object 'Object Repository/Master Data/Data Customer/VerifyNamaPrincipal' is: '1613724323338'

2023-08-23 14:59:41 - [MESSAGE][PASSED] - Actual text '1613724323338' and expected text '1613724323338' are matched 

2023-08-23 14:59:42 - [MESSAGE][PASSED] - Text of object 'Object Repository/Master Data/Data Customer/VerifyNamaPrincipal' is: 'EditKatalon00006'

2023-08-23 14:59:42 - [MESSAGE][PASSED] - Actual text 'EditKatalon00006' and expected text 'EditKatalon00006' are matched 

2023-08-23 14:59:42 - [MESSAGE][PASSED] - Text of object 'Object Repository/Master Data/Data Customer/VerifyNamaPrincipal' is: 'EditDistCode06'

2023-08-23 14:59:42 - [MESSAGE][PASSED] - Actual text 'EditDistCode06' and expected text 'EditDistCode06' are matched 

2023-08-23 14:59:42 - [MESSAGE][PASSED] - Text of object 'Object Repository/Master Data/Data Customer/VerifyNamaPrincipal' is: 'Aktif'

2023-08-23 14:59:42 - [MESSAGE][PASSED] - Actual text 'Aktif' and expected text 'Aktif' are matched 

2023-08-23 14:59:42 - [TEST_STEP][PASSED] - generalAction.logoutAndCloseBrowser(): Browser is closed

2023-08-23 14:59:45 - [MESSAGE][PASSED] - Delayed 3 second(s)

2023-08-23 14:59:46 - [MESSAGE][PASSED] - Object 'Object Repository/Home Page(General)/Page_NexCARE/btnLogOut' is clickable

2023-08-23 14:59:46 - [MESSAGE][PASSED] - Object 'Object Repository/Home Page(General)/Page_NexCARE/btnLogOut' is clickable

2023-08-23 14:59:46 - [MESSAGE][INFO] - Click Element = Object Repository/Home Page(General)/Page_NexCARE/btnLogOut

2023-08-23 14:59:46 - [MESSAGE][PASSED] - Object: 'Object Repository/Home Page(General)/Page_NexCARE/btnLogOut' is clicked on

2023-08-23 14:59:47 - [MESSAGE][PASSED] - Object 'Object Repository/Home Page(General)/Konfrimasi Keluar' is clickable

2023-08-23 14:59:47 - [MESSAGE][INFO] - Click Element = Object Repository/Home Page(General)/Konfrimasi Keluar

2023-08-23 14:59:47 - [MESSAGE][PASSED] - Object: 'Object Repository/Home Page(General)/Konfrimasi Keluar' is clicked on

2023-08-23 14:59:50 - [MESSAGE][PASSED] - Delayed 3 second(s)

2023-08-23 14:59:51 - [MESSAGE][PASSED] - Browser is closed

2023-08-23 14:59:51 - [TEST_STEP][PASSED] - Start listener action : afterTestCase: message: 

2023-08-23 14:59:51 - [TEST_STEP][PASSED] - if (!(isSkipTestListener)): message: 

2023-08-23 14:59:51 - [TEST_STEP][PASSED] - if (!(isSkipReport)): message: 

2023-08-23 14:59:51 - [TEST_STEP][PASSED] - driver = getWebDriver(): null

2023-08-23 14:59:51 - [TEST_STEP][PASSED] - endTimeTC = simpleDateFormat.format(new java.util.Date()): null

2023-08-23 14:59:51 - [TEST_STEP][PASSED] - projectId = projectID: null

2023-08-23 14:59:51 - [TEST_STEP][PASSED] - testCase = currentTestCaseId: null

2023-08-23 14:59:51 - [TEST_STEP][PASSED] - tc = findTestCase(testCase): null

2023-08-23 14:59:51 - [TEST_STEP][PASSED] - subject = name: null

2023-08-23 14:59:51 - [TEST_STEP][PASSED] - tag = tc.getTag(): null

2023-08-23 14:59:51 - [TEST_STEP][PASSED] - desc = tc.getDescription(): null

2023-08-23 14:59:51 - [TEST_STEP][PASSED] - status = testCaseContext.getTestCaseStatus(): null

2023-08-23 14:59:51 - [TEST_STEP][PASSED] - caps = driver.getCapabilities(): null

2023-08-23 14:59:51 - [TEST_STEP][PASSED] - platform = getBrowserName().capitalize(): null

2023-08-23 14:59:51 - [TEST_STEP][PASSED] - platformVersion = caps.getVersion(): null

2023-08-23 14:59:51 - [TEST_STEP][PASSED] - appVersion = appVersion: null

2023-08-23 14:59:51 - [TEST_STEP][PASSED] - profile = getExecutionProfile(): null

2023-08-23 14:59:51 - [TEST_STEP][PASSED] - startExecutionTime = startTimeTC: null

2023-08-23 14:59:51 - [TEST_STEP][PASSED] - endExecutionTime = endTimeTC: null

2023-08-23 14:59:51 - [TEST_STEP][PASSED] - addProperties = testCaseContext.getMessage(): null

2023-08-23 14:59:51 - [TEST_STEP][PASSED] - hostName = getHostName(): null

2023-08-23 14:59:51 - [TEST_STEP][PASSED] - os = getOS(): null

2023-08-23 14:59:51 - [TEST_STEP][PASSED] - hostAddress = getHostAddress(): null

2023-08-23 14:59:51 - [TEST_STEP][PASSED] - katalonVersion = getAppVersion(): null

2023-08-23 14:59:51 - [TEST_STEP][PASSED] - lstKeyOfAddValues = new java.util.ArrayList(): null

2023-08-23 14:59:51 - [TEST_STEP][PASSED] - lstKeyOfAddValues.add("Host Name"): null

2023-08-23 14:59:51 - [TEST_STEP][PASSED] - lstKeyOfAddValues.add("OS"): null

2023-08-23 14:59:51 - [TEST_STEP][PASSED] - lstKeyOfAddValues.add("Host Address"): null

2023-08-23 14:59:51 - [TEST_STEP][PASSED] - lstKeyOfAddValues.add("Katalon Version"): null

2023-08-23 14:59:51 - [TEST_STEP][PASSED] - lstValueOfAddValues = new java.util.ArrayList(): null

2023-08-23 14:59:51 - [TEST_STEP][PASSED] - lstValueOfAddValues.add(hostName): null

2023-08-23 14:59:51 - [TEST_STEP][PASSED] - lstValueOfAddValues.add(os): null

2023-08-23 14:59:51 - [TEST_STEP][PASSED] - lstValueOfAddValues.add(hostAddress): null

2023-08-23 14:59:51 - [TEST_STEP][PASSED] - lstValueOfAddValues.add(katalonVersion): null

2023-08-23 14:59:51 - [TEST_STEP][PASSED] - addValues = [lstKeyOfAddValues.toArray(), lstValueOfAddValues.toArray()]: null

2023-08-23 14:59:51 - [TEST_STEP][PASSED] - body = QMARequestResponseObject.convertToJSON(projectId, testCase, subject, tag, desc, status, platform, platformVersion, appVersion, profile, startExecutionTime, endExecutionTime, addProperties, addValues): null

2023-08-23 14:59:51 - [TEST_STEP][PASSED] - logInfo("Body: " + body): Body: {"project_id":13,"test_case":"Test Cases/Master Data/Data Customer/Data Customer - View","subject":"Data Customer - View","tag":"","description":"","status":"PASSED","platform":"Chrome","platform_version":"116.0.5845.97","app_version":"5.0.0","profile":"default","start_execution_time":"2023-08-23T14:59:03Z","end_execution_time":"2023-08-23T14:59:51Z","additional_properties":"","additional_values":[["Host Name","OS","Host Address","Katalon Version"],["NEXSOFT - DESKTOP-C56VD1H","Windows 11 64bit","10.10.18.38","8.6.6.208"]]}

2023-08-23 14:59:51 - [MESSAGE][INFO] - Body: {"project_id":13,"test_case":"Test Cases/Master Data/Data Customer/Data Customer - View","subject":"Data Customer - View","tag":"","description":"","status":"PASSED","platform":"Chrome","platform_version":"116.0.5845.97","app_version":"5.0.0","profile":"default","start_execution_time":"2023-08-23T14:59:03Z","end_execution_time":"2023-08-23T14:59:51Z","additional_properties":"","additional_values":[["Host Name","OS","Host Address","Katalon Version"],["NEXSOFT - DESKTOP-C56VD1H","Windows 11 64bit","10.10.18.38","8.6.6.208"]]}

2023-08-23 14:59:51 - [TEST_STEP][PASSED] - resp = QMARequestResponseObject.automationLogRequest(token, body): Send request successfully

2023-08-23 14:59:51 - [MESSAGE][INFO] - HAR: C:\Users\NEXSOFT\Documents\Nexsoft\Katalon\Katalon_nexcare\Reports\20230823_145113\Master Data\Data Distributor\Data Distributor\20230823_145113\requests\main\3.har

2023-08-23 14:59:51 - [MESSAGE][PASSED] - Send request successfully

2023-08-23 14:59:51 - [TEST_STEP][PASSED] - if (QMARequestResponseObject.getStatusCode(resp) != 201 || QMARequestResponseObject.getWaitingTime(resp) > 5000): null

2023-08-23 14:59:51 - [TEST_STEP][PASSED] - else: message: 

2023-08-23 14:59:51 - [TEST_STEP][PASSED] - resText = QMARequestResponseObject.getResponseText(resp): null

2023-08-23 14:59:51 - [TEST_STEP][PASSED] - logInfo("Text: " + resText): Text: {"code":200,"message":"","internalmessage":"Log Success"}

2023-08-23 14:59:51 - [MESSAGE][INFO] - Text: {"code":200,"message":"","internalmessage":"Log Success"}

2023-08-23 14:59:51 - [TEST_STEP][PASSED] - object = js.parseText(resText): null

2023-08-23 14:59:51 - [TEST_STEP][PASSED] - code = code: null

2023-08-23 14:59:51 - [TEST_STEP][PASSED] - message = message: null

2023-08-23 14:59:51 - [TEST_STEP][PASSED] - logInfo("code: " + code): code: 200

2023-08-23 14:59:51 - [MESSAGE][INFO] - code: 200

2023-08-23 14:59:51 - [TEST_STEP][PASSED] - logInfo("message: " + message): message: 

2023-08-23 14:59:51 - [MESSAGE][INFO] - message:]]></system-out>
         <system-err><![CDATA[]]></system-err>
      </testcase>
      <system-out><![CDATA[2023-08-23 14:51:16 - [TEST_SUITE][PASSED] - Data Distributor: Test Cases/Master Data/Data Customer/Data Customer - View]]></system-out>
      <system-err><![CDATA[]]></system-err>
   </testsuite>
</testsuites>
